#
# A fatal error has been detected by the Java Runtime Environment:
#
#  EXCEPTION_ACCESS_VIOLATION (0xc0000005) at pc=0x00007ff97c0c6997, pid=14824, tid=4852
#
# JRE version: OpenJDK Runtime Environment (16.0.1+9) (build 16.0.1+9-24)
# Java VM: OpenJDK 64-Bit Server VM (16.0.1+9-24, mixed mode, sharing, tiered, compressed oops, compressed class ptrs, g1 gc, windows-amd64)
# Problematic frame:
# C  [glass.dll+0x26997]
#
# No core dump will be written. Minidumps are not enabled by default on client versions of Windows
#
# If you would like to submit a bug report, please visit:
#   https://bugreport.java.com/bugreport/crash.jsp
#

---------------  S U M M A R Y ------------

Command Line: -agentlib:jdwp=transport=dt_socket,address=127.0.0.1:50550,suspend=y,server=n -javaagent:C:\Users\kiril\AppData\Local\JetBrains\IdeaIC2021.3\captureAgent\debugger-agent.jar -Dfile.encoding=UTF-8 --module-path=C:\Users\kiril\.m2\repository\org\openjfx\javafx-graphics\16\javafx-graphics-16-win.jar;C:\Users\kiril\.m2\repository\org\openjfx\javafx-fxml\16\javafx-fxml-16-win.jar;C:\Users\kiril\.m2\repository\org\openjfx\javafx-controls\16\javafx-controls-16-win.jar;C:\Users\kiril\.m2\repository\org\openjfx\javafx-base\16\javafx-base-16-win.jar;C:\Users\kiril\Desktop\subd\target\classes -Djdk.module.main=com.example.subd com.example.subd/com.example.subd.MainApplication

Host: AMD Ryzen 7 3700X 8-Core Processor             , 16 cores, 15G,  Windows 10 , 64 bit Build 19041 (10.0.19041.1348)
Time: Sat Dec  4 20:21:09 2021 Russia TZ 2 Standard Time elapsed time: 101.182303 seconds (0d 0h 1m 41s)

---------------  T H R E A D  ---------------

Current thread (0x000002780cb35290):  VMThread "VM Thread" [stack: 0x000000d58d100000,0x000000d58d200000] [id=4852]

Stack: [0x000000d58d100000,0x000000d58d200000],  sp=0x000000d58d1fec10,  free space=1019k
Native frames: (J=compiled Java code, j=interpreted, Vv=VM code, C=native code)
C  [glass.dll+0x26997]


siginfo: EXCEPTION_ACCESS_VIOLATION (0xc0000005), reading address 0x0000000000000000


Register to memory mapping:

RIP=0x00007ff97c0c6997 glass.dll
RAX=0x0 is NULL
RBX=0x00000278101e97c0 is a global jni handle
RCX=0x000002780cb35290 points into unknown readable memory: 0x00007ff94893f638 | 38 f6 93 48 f9 7f 00 00
RDX=0x000000d58d1fec10 points into unknown readable memory: 0x0000000000000000 | 00 00 00 00 00 00 00 00
RSP=0x000000d58d1fec10 points into unknown readable memory: 0x0000000000000000 | 00 00 00 00 00 00 00 00
RBP=0x000002780f058808 points into unknown readable memory: 0x0000416793c3706c | 6c 70 c3 93 67 41 00 00
RSI=0x000002780f0587e0 points into unknown readable memory: 0xc3d48167943ce7ac | ac e7 3c 94 67 81 d4 c3
RDI=0x0000416793c3706c is an unknown value
R8 =0x0000000000010002 is an unknown value
R9 =0x0000416793c3706c is an unknown value
R10=0x0000000000008000 is an unknown value
R11=0x000000d58d1feba0 points into unknown readable memory: 0x000002780f0587e0 | e0 87 05 0f 78 02 00 00
R12=0x00007ff97c0c4234 glass.dll
R13=0x00000278692adcc0 points into unknown readable memory: 0x8000000900000001 | 01 00 00 00 09 00 00 80
R14=0x000000d58d1fed08 points into unknown readable memory: 0x000000d58d1fecf0 | f0 ec 1f 8d d5 00 00 00
R15=0x000002780f0587e0 points into unknown readable memory: 0xc3d48167943ce7ac | ac e7 3c 94 67 81 d4 c3


Registers:
RAX=0x0000000000000000, RBX=0x00000278101e97c0, RCX=0x000002780cb35290, RDX=0x000000d58d1fec10
RSP=0x000000d58d1fec10, RBP=0x000002780f058808, RSI=0x000002780f0587e0, RDI=0x0000416793c3706c
R8 =0x0000000000010002, R9 =0x0000416793c3706c, R10=0x0000000000008000, R11=0x000000d58d1feba0
R12=0x00007ff97c0c4234, R13=0x00000278692adcc0, R14=0x000000d58d1fed08, R15=0x000002780f0587e0
RIP=0x00007ff97c0c6997, EFLAGS=0x0000000000010202

Top of Stack: (sp=0x000000d58d1fec10)
0x000000d58d1fec10:   0000000000000000 000002780f0587e0
0x000000d58d1fec20:   00000278692adcc0 00007ff97c0c4234
0x000000d58d1fec30:   000002780f0587e8 00007ff994f642d6
0x000000d58d1fec40:   0000416793c3706c 0000027800000000
0x000000d58d1fec50:   000002780f058808 000002780f0587e0
0x000000d58d1fec60:   fffffffffffffffe 0000000000000000
0x000000d58d1fec70:   0000000000000001 00007ff97c0a0000
0x000000d58d1fec80:   000000d58d1fecf8 00007ff994f641fb
0x000000d58d1fec90:   0000000000000000 000000d58d1fed08
0x000000d58d1feca0:   000000d58d1fefd0 00007ff995040e40
0x000000d58d1fecb0:   0000000000000001 00007ff994f641b4
0x000000d58d1fecc0:   0000000000000000 0000000000000001
0x000000d58d1fecd0:   000002780f7369d8 000000d58d1fecf8
0x000000d58d1fece0:   000002780f7369e0 00007ff97c0c40c1
0x000000d58d1fecf0:   00007ff97c0da128 0000000100000002
0x000000d58d1fed00:   0000027800000002 000000d58d1fecf0 

Instructions: (pc=0x00007ff97c0c6997)
0x00007ff97c0c6897:   8b 4d 58 e8 d1 ce ff ff 48 8b 4d 60 e8 c8 ce ff
0x00007ff97c0c68a7:   ff 48 8b 95 80 00 00 00 48 8b 8d 18 01 00 00 e8
0x00007ff97c0c68b7:   96 c3 ff ff 33 d2 33 c9 e8 12 e1 ff ff 90 48 89
0x00007ff97c0c68c7:   54 24 10 55 48 83 ec 20 48 8b ea 48 b8 00 00 00
0x00007ff97c0c68d7:   00 00 00 00 00 48 83 c4 20 5d c3 cc 40 55 48 8b
0x00007ff97c0c68e7:   ea 48 8b 01 33 c9 81 38 05 00 00 c0 0f 94 c1 8b
0x00007ff97c0c68f7:   c1 5d c3 cc 40 55 48 83 ec 20 48 8b ea 8a 4d 40
0x00007ff97c0c6907:   48 83 c4 20 5d e9 c7 d2 ff ff cc 40 55 48 83 ec
0x00007ff97c0c6917:   20 48 8b ea 8a 4d 20 e8 b5 d2 ff ff 90 48 83 c4
0x00007ff97c0c6927:   20 5d c3 cc 40 55 48 83 ec 20 48 8b ea 48 83 c4
0x00007ff97c0c6937:   20 5d e9 16 d1 ff ff cc 40 55 48 83 ec 30 48 8b
0x00007ff97c0c6947:   ea 48 8b 01 8b 10 48 89 4c 24 28 89 54 24 20 4c
0x00007ff97c0c6957:   8d 0d b7 d5 ff ff 4c 8b 45 70 8b 55 68 48 8b 4d
0x00007ff97c0c6967:   60 e8 57 d0 ff ff 90 48 83 c4 30 5d c3 cc cc cc
0x00007ff97c0c6977:   cc cc cc cc cc cc cc cc cc 40 53 48 83 ec 20 48
0x00007ff97c0c6987:   8b 1d 93 31 01 00 48 85 db 74 16 e8 29 8b ff ff
0x00007ff97c0c6997:   4c 8b 00 48 8b d3 48 8b c8 41 ff 90 b0 00 00 00
0x00007ff97c0c69a7:   90 48 83 c4 20 5b c3 cc cc 40 53 48 83 ec 20 48
0x00007ff97c0c69b7:   8b 1d 0b 33 01 00 48 85 db 74 57 b8 ff ff ff ff
0x00007ff97c0c69c7:   f0 0f c1 43 10 83 f8 01 75 3d 48 85 db 74 38 48
0x00007ff97c0c69d7:   8b 0b 48 85 c9 74 0d ff 15 c4 08 00 00 48 c7 03
0x00007ff97c0c69e7:   00 00 00 00 48 8b 4b 08 48 85 c9 74 0d e8 77 cd
0x00007ff97c0c69f7:   ff ff 48 c7 43 08 00 00 00 00 ba 18 00 00 00 48
0x00007ff97c0c6a07:   8b cb e8 62 cd ff ff 48 c7 05 af 32 01 00 00 00
0x00007ff97c0c6a17:   00 00 48 83 c4 20 5b c3 cc 40 53 48 83 ec 20 48
0x00007ff97c0c6a27:   8b 1d 7b 32 01 00 48 85 db 74 57 b8 ff ff ff ff
0x00007ff97c0c6a37:   f0 0f c1 43 10 83 f8 01 75 3d 48 85 db 74 38 48
0x00007ff97c0c6a47:   8b 0b 48 85 c9 74 0d ff 15 54 08 00 00 48 c7 03
0x00007ff97c0c6a57:   00 00 00 00 48 8b 4b 08 48 85 c9 74 0d e8 07 cd
0x00007ff97c0c6a67:   ff ff 48 c7 43 08 00 00 00 00 ba 18 00 00 00 48
0x00007ff97c0c6a77:   8b cb e8 f2 cc ff ff 48 c7 05 1f 32 01 00 00 00
0x00007ff97c0c6a87:   00 00 48 83 c4 20 5b c3 cc 40 53 48 83 ec 20 48 


Stack slot to memory mapping:
stack at sp + 0 slots: 0x0 is NULL
stack at sp + 1 slots: 0x000002780f0587e0 points into unknown readable memory: 0xc3d48167943ce7ac | ac e7 3c 94 67 81 d4 c3
stack at sp + 2 slots: 0x00000278692adcc0 points into unknown readable memory: 0x8000000900000001 | 01 00 00 00 09 00 00 80
stack at sp + 3 slots: 0x00007ff97c0c4234 glass.dll
stack at sp + 4 slots: 0x000002780f0587e8 points into unknown readable memory: 0x0000416793c3706c | 6c 70 c3 93 67 41 00 00
stack at sp + 5 slots: 0x00007ff994f642d6 ucrtbase.dll
stack at sp + 6 slots: 0x0000416793c3706c is an unknown value
stack at sp + 7 slots: 0x0000027800000000 is an unknown value

VM_Operation (0x000000d58c8ff270): Exit, mode: safepoint, requested by thread 0x000002780e9cc3a0


---------------  P R O C E S S  ---------------

Threads class SMR info:
_java_thread_list=0x000002781016cb00, length=20, elements={
0x0000027869292360, 0x000002780cb38ee0, 0x000002780cb39da0, 0x000002780cb56110,
0x000002780cb58c20, 0x000002780cb5a050, 0x000002780cb5b5a0, 0x000002780cb5bbb0,
0x000002780d510060, 0x000002780cb1b3f0, 0x000002780e156580, 0x000002780e8c6a50,
0x000002780e8ed9b0, 0x000002780e1dbba0, 0x000002780e15ed30, 0x000002780e943190,
0x000002780e945350, 0x000002780e9cd390, 0x000002780e9cd8e0, 0x000002780e9cc3a0
}

Java Threads: ( => current thread )
  0x0000027869292360 JavaThread "main" [_thread_blocked, id=2572, stack(0x000000d58cb00000,0x000000d58cc00000)]
  0x000002780cb38ee0 JavaThread "Reference Handler" daemon [_thread_blocked, id=15740, stack(0x000000d58d200000,0x000000d58d300000)]
  0x000002780cb39da0 JavaThread "Finalizer" daemon [_thread_blocked, id=12052, stack(0x000000d58d300000,0x000000d58d400000)]
  0x000002780cb56110 JavaThread "Attach Listener" daemon [_thread_blocked, id=3288, stack(0x000000d58d500000,0x000000d58d600000)]
  0x000002780cb58c20 JavaThread "Service Thread" daemon [_thread_blocked, id=1764, stack(0x000000d58d600000,0x000000d58d700000)]
  0x000002780cb5a050 JavaThread "Monitor Deflation Thread" daemon [_thread_blocked, id=7496, stack(0x000000d58d700000,0x000000d58d800000)]
  0x000002780cb5b5a0 JavaThread "C2 CompilerThread0" daemon [_thread_blocked, id=6940, stack(0x000000d58d800000,0x000000d58d900000)]
  0x000002780cb5bbb0 JavaThread "C1 CompilerThread0" daemon [_thread_blocked, id=15780, stack(0x000000d58d900000,0x000000d58da00000)]
  0x000002780d510060 JavaThread "Sweeper thread" daemon [_thread_blocked, id=10916, stack(0x000000d58da00000,0x000000d58db00000)]
  0x000002780cb1b3f0 JavaThread "Common-Cleaner" daemon [_thread_blocked, id=4104, stack(0x000000d58db00000,0x000000d58dc00000)]
  0x000002780e156580 JavaThread "JDWP Event Helper Thread" daemon [_thread_blocked, id=10328, stack(0x000000d58e400000,0x000000d58e500000)]
  0x000002780e8c6a50 JavaThread "Notification Thread" daemon [_thread_blocked, id=15084, stack(0x000000d58e600000,0x000000d58e700000)]
  0x000002780e8ed9b0 JavaThread "QuantumRenderer-0" daemon [_thread_blocked, id=10112, stack(0x000000d58e800000,0x000000d58e900000)]
  0x000002780e1dbba0 JavaThread "InvokeLaterDispatcher" daemon [_thread_blocked, id=9480, stack(0x000000d58e200000,0x000000d58e300000)]
  0x000002780e15ed30 JavaThread "JavaFX Application Thread" [_thread_in_native, id=16276, stack(0x000000d58ea00000,0x000000d58eb00000)]
  0x000002780e943190 JavaThread "JavaFX-Launcher" [_thread_blocked, id=9776, stack(0x000000d58f500000,0x000000d58f600000)]
  0x000002780e945350 JavaThread "Thread-2" daemon [_thread_in_native, id=9452, stack(0x000000d58e000000,0x000000d58e100000)]
  0x000002780e9cd390 JavaThread "Prism Font Disposer" daemon [_thread_blocked, id=10624, stack(0x000000d58f600000,0x000000d58f700000)]
  0x000002780e9cd8e0 JavaThread "Cleaner-0" daemon [_thread_blocked, id=16228, stack(0x000000d58fa00000,0x000000d58fb00000)]
  0x000002780e9cc3a0 JavaThread "SIGINT handler" daemon [_thread_blocked, id=7060, stack(0x000000d58c800000,0x000000d58c900000)]

Other Threads:
=>0x000002780cb35290 VMThread "VM Thread" [stack: 0x000000d58d100000,0x000000d58d200000] [id=4852]
  0x00000278692e7060 GCTaskThread "GC Thread#0" [stack: 0x000000d58cc00000,0x000000d58cd00000] [id=12636]
  0x000002780e3330d0 GCTaskThread "GC Thread#1" [stack: 0x000000d58eb00000,0x000000d58ec00000] [id=1168]
  0x000002780e332ab0 GCTaskThread "GC Thread#2" [stack: 0x000000d58ec00000,0x000000d58ed00000] [id=10636]
  0x000002780e332dc0 GCTaskThread "GC Thread#3" [stack: 0x000000d58ed00000,0x000000d58ee00000] [id=7916]
  0x000002780e3333e0 GCTaskThread "GC Thread#4" [stack: 0x000000d58ee00000,0x000000d58ef00000] [id=648]
  0x000002780e3336f0 GCTaskThread "GC Thread#5" [stack: 0x000000d58ef00000,0x000000d58f000000] [id=15980]
  0x000002780e333a00 GCTaskThread "GC Thread#6" [stack: 0x000000d58f000000,0x000000d58f100000] [id=2576]
  0x000002780e333d10 GCTaskThread "GC Thread#7" [stack: 0x000000d58f100000,0x000000d58f200000] [id=5108]
  0x000002780e334020 GCTaskThread "GC Thread#8" [stack: 0x000000d58f200000,0x000000d58f300000] [id=10892]
  0x000002780e332490 GCTaskThread "GC Thread#9" [stack: 0x000000d58f300000,0x000000d58f400000] [id=15636]
  0x000002780e925570 GCTaskThread "GC Thread#10" [stack: 0x000000d58f400000,0x000000d58f500000] [id=16016]
  0x000002780e926ae0 GCTaskThread "GC Thread#11" [stack: 0x000000d58f700000,0x000000d58f800000] [id=16316]
  0x000002780e927d40 GCTaskThread "GC Thread#12" [stack: 0x000000d58f800000,0x000000d58f900000] [id=6008]
  0x00000278692f7fa0 ConcurrentGCThread "G1 Main Marker" terminated
  0x00000278692f91b0 ConcurrentGCThread "G1 Conc#0" [stack: 0x000000d58ce00000,0x000000d58cf00000] [id=5252]
  0x0000027869362840 ConcurrentGCThread "G1 Refine#0" terminated
  0x00000278693632c0 ConcurrentGCThread "G1 Service" terminated

Threads with active compile tasks:

VM state: at safepoint (shutting down)

VM Mutex/Monitor currently owned by a thread:  ([mutex/lock_event])
[0x000002786928f7b0] Threads_lock - owner thread: 0x000002780cb35290
[0x000002786928fd50] Heap_lock - owner thread: 0x000002780e9cc3a0

Heap address: 0x0000000701000000, size: 4080 MB, Compressed Oops mode: Zero based, Oop shift amount: 3

CDS archive(s) mapped at: [0x0000000800000000-0x0000000800bb0000-0x0000000800bb0000), size 12255232, SharedBaseAddress: 0x0000000800000000, ArchiveRelocationMode: 0.
Compressed class space mapped at: 0x0000000800c00000-0x0000000840c00000, reserved size: 1073741824
Narrow klass base: 0x0000000800000000, Narrow klass shift: 3, Narrow klass range: 0x100000000

GC Precious Log:
 CPUs: 16 total, 16 available
 Memory: 16315M
 Large Page Support: Disabled
 NUMA Support: Disabled
 Compressed Oops: Enabled (Zero based)
 Heap Region Size: 2M
 Heap Min Capacity: 8M
 Heap Initial Capacity: 256M
 Heap Max Capacity: 4080M
 Pre-touch: Disabled
 Parallel Workers: 13
 Concurrent Workers: 3
 Concurrent Refinement Workers: 13
 Periodic GC: Disabled

Heap:
 garbage-first heap   total 262144K, used 22643K [0x0000000701000000, 0x0000000800000000)
  region size 2048K, 11 young (22528K), 3 survivors (6144K)
 Metaspace       used 14900K, committed 15104K, reserved 1064960K
  class space    used 2079K, committed 2176K, reserved 1048576K

Heap Regions: E=young(eden), S=young(survivor), O=old, HS=humongous(starts), HC=humongous(continues), CS=collection set, F=free, OA=open archive, CA=closed archive, TAMS=top-at-mark-start (previous, next)
|   0|0x0000000701000000, 0x000000070101cc00, 0x0000000701200000|  5%| O|  |TAMS 0x0000000701000000, 0x0000000701000000| Untracked 
|   1|0x0000000701200000, 0x0000000701400000, 0x0000000701400000|100%|HS|  |TAMS 0x0000000701200000, 0x0000000701200000| Complete 
|   2|0x0000000701400000, 0x0000000701400000, 0x0000000701600000|  0%| F|  |TAMS 0x0000000701400000, 0x0000000701400000| Untracked 
|   3|0x0000000701600000, 0x0000000701600000, 0x0000000701800000|  0%| F|  |TAMS 0x0000000701600000, 0x0000000701600000| Untracked 
|   4|0x0000000701800000, 0x0000000701800000, 0x0000000701a00000|  0%| F|  |TAMS 0x0000000701800000, 0x0000000701800000| Untracked 
|   5|0x0000000701a00000, 0x0000000701a00000, 0x0000000701c00000|  0%| F|  |TAMS 0x0000000701a00000, 0x0000000701a00000| Untracked 
|   6|0x0000000701c00000, 0x0000000701c00000, 0x0000000701e00000|  0%| F|  |TAMS 0x0000000701c00000, 0x0000000701c00000| Untracked 
|   7|0x0000000701e00000, 0x0000000701e00000, 0x0000000702000000|  0%| F|  |TAMS 0x0000000701e00000, 0x0000000701e00000| Untracked 
|   8|0x0000000702000000, 0x0000000702000000, 0x0000000702200000|  0%| F|  |TAMS 0x0000000702000000, 0x0000000702000000| Untracked 
|   9|0x0000000702200000, 0x0000000702200000, 0x0000000702400000|  0%| F|  |TAMS 0x0000000702200000, 0x0000000702200000| Untracked 
|  10|0x0000000702400000, 0x0000000702400000, 0x0000000702600000|  0%| F|  |TAMS 0x0000000702400000, 0x0000000702400000| Untracked 
|  11|0x0000000702600000, 0x0000000702600000, 0x0000000702800000|  0%| F|  |TAMS 0x0000000702600000, 0x0000000702600000| Untracked 
|  12|0x0000000702800000, 0x0000000702800000, 0x0000000702a00000|  0%| F|  |TAMS 0x0000000702800000, 0x0000000702800000| Untracked 
|  13|0x0000000702a00000, 0x0000000702a00000, 0x0000000702c00000|  0%| F|  |TAMS 0x0000000702a00000, 0x0000000702a00000| Untracked 
|  14|0x0000000702c00000, 0x0000000702c00000, 0x0000000702e00000|  0%| F|  |TAMS 0x0000000702c00000, 0x0000000702c00000| Untracked 
|  15|0x0000000702e00000, 0x0000000702e00000, 0x0000000703000000|  0%| F|  |TAMS 0x0000000702e00000, 0x0000000702e00000| Untracked 
|  16|0x0000000703000000, 0x0000000703000000, 0x0000000703200000|  0%| F|  |TAMS 0x0000000703000000, 0x0000000703000000| Untracked 
|  17|0x0000000703200000, 0x0000000703200000, 0x0000000703400000|  0%| F|  |TAMS 0x0000000703200000, 0x0000000703200000| Untracked 
|  18|0x0000000703400000, 0x0000000703400000, 0x0000000703600000|  0%| F|  |TAMS 0x0000000703400000, 0x0000000703400000| Untracked 
|  19|0x0000000703600000, 0x0000000703600000, 0x0000000703800000|  0%| F|  |TAMS 0x0000000703600000, 0x0000000703600000| Untracked 
|  20|0x0000000703800000, 0x0000000703800000, 0x0000000703a00000|  0%| F|  |TAMS 0x0000000703800000, 0x0000000703800000| Untracked 
|  21|0x0000000703a00000, 0x0000000703a00000, 0x0000000703c00000|  0%| F|  |TAMS 0x0000000703a00000, 0x0000000703a00000| Untracked 
|  22|0x0000000703c00000, 0x0000000703c00000, 0x0000000703e00000|  0%| F|  |TAMS 0x0000000703c00000, 0x0000000703c00000| Untracked 
|  23|0x0000000703e00000, 0x0000000703e00000, 0x0000000704000000|  0%| F|  |TAMS 0x0000000703e00000, 0x0000000703e00000| Untracked 
|  24|0x0000000704000000, 0x0000000704000000, 0x0000000704200000|  0%| F|  |TAMS 0x0000000704000000, 0x0000000704000000| Untracked 
|  25|0x0000000704200000, 0x0000000704200000, 0x0000000704400000|  0%| F|  |TAMS 0x0000000704200000, 0x0000000704200000| Untracked 
|  26|0x0000000704400000, 0x0000000704400000, 0x0000000704600000|  0%| F|  |TAMS 0x0000000704400000, 0x0000000704400000| Untracked 
|  27|0x0000000704600000, 0x0000000704600000, 0x0000000704800000|  0%| F|  |TAMS 0x0000000704600000, 0x0000000704600000| Untracked 
|  28|0x0000000704800000, 0x0000000704800000, 0x0000000704a00000|  0%| F|  |TAMS 0x0000000704800000, 0x0000000704800000| Untracked 
|  29|0x0000000704a00000, 0x0000000704a00000, 0x0000000704c00000|  0%| F|  |TAMS 0x0000000704a00000, 0x0000000704a00000| Untracked 
|  30|0x0000000704c00000, 0x0000000704c00000, 0x0000000704e00000|  0%| F|  |TAMS 0x0000000704c00000, 0x0000000704c00000| Untracked 
|  31|0x0000000704e00000, 0x0000000704e00000, 0x0000000705000000|  0%| F|  |TAMS 0x0000000704e00000, 0x0000000704e00000| Untracked 
|  32|0x0000000705000000, 0x0000000705000000, 0x0000000705200000|  0%| F|  |TAMS 0x0000000705000000, 0x0000000705000000| Untracked 
|  33|0x0000000705200000, 0x0000000705200000, 0x0000000705400000|  0%| F|  |TAMS 0x0000000705200000, 0x0000000705200000| Untracked 
|  34|0x0000000705400000, 0x0000000705400000, 0x0000000705600000|  0%| F|  |TAMS 0x0000000705400000, 0x0000000705400000| Untracked 
|  35|0x0000000705600000, 0x0000000705600000, 0x0000000705800000|  0%| F|  |TAMS 0x0000000705600000, 0x0000000705600000| Untracked 
|  36|0x0000000705800000, 0x0000000705800000, 0x0000000705a00000|  0%| F|  |TAMS 0x0000000705800000, 0x0000000705800000| Untracked 
|  37|0x0000000705a00000, 0x0000000705a00000, 0x0000000705c00000|  0%| F|  |TAMS 0x0000000705a00000, 0x0000000705a00000| Untracked 
|  38|0x0000000705c00000, 0x0000000705c00000, 0x0000000705e00000|  0%| F|  |TAMS 0x0000000705c00000, 0x0000000705c00000| Untracked 
|  39|0x0000000705e00000, 0x0000000705e00000, 0x0000000706000000|  0%| F|  |TAMS 0x0000000705e00000, 0x0000000705e00000| Untracked 
|  40|0x0000000706000000, 0x0000000706000000, 0x0000000706200000|  0%| F|  |TAMS 0x0000000706000000, 0x0000000706000000| Untracked 
|  41|0x0000000706200000, 0x0000000706200000, 0x0000000706400000|  0%| F|  |TAMS 0x0000000706200000, 0x0000000706200000| Untracked 
|  42|0x0000000706400000, 0x0000000706400000, 0x0000000706600000|  0%| F|  |TAMS 0x0000000706400000, 0x0000000706400000| Untracked 
|  43|0x0000000706600000, 0x0000000706600000, 0x0000000706800000|  0%| F|  |TAMS 0x0000000706600000, 0x0000000706600000| Untracked 
|  44|0x0000000706800000, 0x0000000706800000, 0x0000000706a00000|  0%| F|  |TAMS 0x0000000706800000, 0x0000000706800000| Untracked 
|  45|0x0000000706a00000, 0x0000000706a00000, 0x0000000706c00000|  0%| F|  |TAMS 0x0000000706a00000, 0x0000000706a00000| Untracked 
|  46|0x0000000706c00000, 0x0000000706c00000, 0x0000000706e00000|  0%| F|  |TAMS 0x0000000706c00000, 0x0000000706c00000| Untracked 
|  47|0x0000000706e00000, 0x0000000706e00000, 0x0000000707000000|  0%| F|  |TAMS 0x0000000706e00000, 0x0000000706e00000| Untracked 
|  48|0x0000000707000000, 0x0000000707000000, 0x0000000707200000|  0%| F|  |TAMS 0x0000000707000000, 0x0000000707000000| Untracked 
|  49|0x0000000707200000, 0x0000000707200000, 0x0000000707400000|  0%| F|  |TAMS 0x0000000707200000, 0x0000000707200000| Untracked 
|  50|0x0000000707400000, 0x0000000707400000, 0x0000000707600000|  0%| F|  |TAMS 0x0000000707400000, 0x0000000707400000| Untracked 
|  51|0x0000000707600000, 0x0000000707600000, 0x0000000707800000|  0%| F|  |TAMS 0x0000000707600000, 0x0000000707600000| Untracked 
|  52|0x0000000707800000, 0x0000000707800000, 0x0000000707a00000|  0%| F|  |TAMS 0x0000000707800000, 0x0000000707800000| Untracked 
|  53|0x0000000707a00000, 0x0000000707a00000, 0x0000000707c00000|  0%| F|  |TAMS 0x0000000707a00000, 0x0000000707a00000| Untracked 
|  54|0x0000000707c00000, 0x0000000707c00000, 0x0000000707e00000|  0%| F|  |TAMS 0x0000000707c00000, 0x0000000707c00000| Untracked 
|  55|0x0000000707e00000, 0x0000000707e00000, 0x0000000708000000|  0%| F|  |TAMS 0x0000000707e00000, 0x0000000707e00000| Untracked 
|  56|0x0000000708000000, 0x0000000708000000, 0x0000000708200000|  0%| F|  |TAMS 0x0000000708000000, 0x0000000708000000| Untracked 
|  57|0x0000000708200000, 0x0000000708200000, 0x0000000708400000|  0%| F|  |TAMS 0x0000000708200000, 0x0000000708200000| Untracked 
|  58|0x0000000708400000, 0x0000000708400000, 0x0000000708600000|  0%| F|  |TAMS 0x0000000708400000, 0x0000000708400000| Untracked 
|  59|0x0000000708600000, 0x0000000708600000, 0x0000000708800000|  0%| F|  |TAMS 0x0000000708600000, 0x0000000708600000| Untracked 
|  60|0x0000000708800000, 0x0000000708800000, 0x0000000708a00000|  0%| F|  |TAMS 0x0000000708800000, 0x0000000708800000| Untracked 
|  61|0x0000000708a00000, 0x0000000708a00000, 0x0000000708c00000|  0%| F|  |TAMS 0x0000000708a00000, 0x0000000708a00000| Untracked 
|  62|0x0000000708c00000, 0x0000000708c00000, 0x0000000708e00000|  0%| F|  |TAMS 0x0000000708c00000, 0x0000000708c00000| Untracked 
|  63|0x0000000708e00000, 0x0000000708e00000, 0x0000000709000000|  0%| F|  |TAMS 0x0000000708e00000, 0x0000000708e00000| Untracked 
|  64|0x0000000709000000, 0x0000000709000000, 0x0000000709200000|  0%| F|  |TAMS 0x0000000709000000, 0x0000000709000000| Untracked 
|  65|0x0000000709200000, 0x0000000709200000, 0x0000000709400000|  0%| F|  |TAMS 0x0000000709200000, 0x0000000709200000| Untracked 
|  66|0x0000000709400000, 0x0000000709400000, 0x0000000709600000|  0%| F|  |TAMS 0x0000000709400000, 0x0000000709400000| Untracked 
|  67|0x0000000709600000, 0x0000000709600000, 0x0000000709800000|  0%| F|  |TAMS 0x0000000709600000, 0x0000000709600000| Untracked 
|  68|0x0000000709800000, 0x0000000709800000, 0x0000000709a00000|  0%| F|  |TAMS 0x0000000709800000, 0x0000000709800000| Untracked 
|  69|0x0000000709a00000, 0x0000000709a00000, 0x0000000709c00000|  0%| F|  |TAMS 0x0000000709a00000, 0x0000000709a00000| Untracked 
|  70|0x0000000709c00000, 0x0000000709c00000, 0x0000000709e00000|  0%| F|  |TAMS 0x0000000709c00000, 0x0000000709c00000| Untracked 
|  71|0x0000000709e00000, 0x0000000709e00000, 0x000000070a000000|  0%| F|  |TAMS 0x0000000709e00000, 0x0000000709e00000| Untracked 
|  72|0x000000070a000000, 0x000000070a000000, 0x000000070a200000|  0%| F|  |TAMS 0x000000070a000000, 0x000000070a000000| Untracked 
|  73|0x000000070a200000, 0x000000070a200000, 0x000000070a400000|  0%| F|  |TAMS 0x000000070a200000, 0x000000070a200000| Untracked 
|  74|0x000000070a400000, 0x000000070a400000, 0x000000070a600000|  0%| F|  |TAMS 0x000000070a400000, 0x000000070a400000| Untracked 
|  75|0x000000070a600000, 0x000000070a600000, 0x000000070a800000|  0%| F|  |TAMS 0x000000070a600000, 0x000000070a600000| Untracked 
|  76|0x000000070a800000, 0x000000070a800000, 0x000000070aa00000|  0%| F|  |TAMS 0x000000070a800000, 0x000000070a800000| Untracked 
|  77|0x000000070aa00000, 0x000000070aa00000, 0x000000070ac00000|  0%| F|  |TAMS 0x000000070aa00000, 0x000000070aa00000| Untracked 
|  78|0x000000070ac00000, 0x000000070ac00000, 0x000000070ae00000|  0%| F|  |TAMS 0x000000070ac00000, 0x000000070ac00000| Untracked 
|  79|0x000000070ae00000, 0x000000070ae00000, 0x000000070b000000|  0%| F|  |TAMS 0x000000070ae00000, 0x000000070ae00000| Untracked 
|  80|0x000000070b000000, 0x000000070b000000, 0x000000070b200000|  0%| F|  |TAMS 0x000000070b000000, 0x000000070b000000| Untracked 
|  81|0x000000070b200000, 0x000000070b200000, 0x000000070b400000|  0%| F|  |TAMS 0x000000070b200000, 0x000000070b200000| Untracked 
|  82|0x000000070b400000, 0x000000070b400000, 0x000000070b600000|  0%| F|  |TAMS 0x000000070b400000, 0x000000070b400000| Untracked 
|  83|0x000000070b600000, 0x000000070b600000, 0x000000070b800000|  0%| F|  |TAMS 0x000000070b600000, 0x000000070b600000| Untracked 
|  84|0x000000070b800000, 0x000000070b800000, 0x000000070ba00000|  0%| F|  |TAMS 0x000000070b800000, 0x000000070b800000| Untracked 
|  85|0x000000070ba00000, 0x000000070ba00000, 0x000000070bc00000|  0%| F|  |TAMS 0x000000070ba00000, 0x000000070ba00000| Untracked 
|  86|0x000000070bc00000, 0x000000070bc00000, 0x000000070be00000|  0%| F|  |TAMS 0x000000070bc00000, 0x000000070bc00000| Untracked 
|  87|0x000000070be00000, 0x000000070be00000, 0x000000070c000000|  0%| F|  |TAMS 0x000000070be00000, 0x000000070be00000| Untracked 
|  88|0x000000070c000000, 0x000000070c000000, 0x000000070c200000|  0%| F|  |TAMS 0x000000070c000000, 0x000000070c000000| Untracked 
|  89|0x000000070c200000, 0x000000070c200000, 0x000000070c400000|  0%| F|  |TAMS 0x000000070c200000, 0x000000070c200000| Untracked 
|  90|0x000000070c400000, 0x000000070c400000, 0x000000070c600000|  0%| F|  |TAMS 0x000000070c400000, 0x000000070c400000| Untracked 
|  91|0x000000070c600000, 0x000000070c600000, 0x000000070c800000|  0%| F|  |TAMS 0x000000070c600000, 0x000000070c600000| Untracked 
|  92|0x000000070c800000, 0x000000070c800000, 0x000000070ca00000|  0%| F|  |TAMS 0x000000070c800000, 0x000000070c800000| Untracked 
|  93|0x000000070ca00000, 0x000000070ca00000, 0x000000070cc00000|  0%| F|  |TAMS 0x000000070ca00000, 0x000000070ca00000| Untracked 
|  94|0x000000070cc00000, 0x000000070cc00000, 0x000000070ce00000|  0%| F|  |TAMS 0x000000070cc00000, 0x000000070cc00000| Untracked 
|  95|0x000000070ce00000, 0x000000070ce00000, 0x000000070d000000|  0%| F|  |TAMS 0x000000070ce00000, 0x000000070ce00000| Untracked 
|  96|0x000000070d000000, 0x000000070d000000, 0x000000070d200000|  0%| F|  |TAMS 0x000000070d000000, 0x000000070d000000| Untracked 
|  97|0x000000070d200000, 0x000000070d200000, 0x000000070d400000|  0%| F|  |TAMS 0x000000070d200000, 0x000000070d200000| Untracked 
|  98|0x000000070d400000, 0x000000070d400000, 0x000000070d600000|  0%| F|  |TAMS 0x000000070d400000, 0x000000070d400000| Untracked 
|  99|0x000000070d600000, 0x000000070d600000, 0x000000070d800000|  0%| F|  |TAMS 0x000000070d600000, 0x000000070d600000| Untracked 
| 100|0x000000070d800000, 0x000000070d800000, 0x000000070da00000|  0%| F|  |TAMS 0x000000070d800000, 0x000000070d800000| Untracked 
| 101|0x000000070da00000, 0x000000070da00000, 0x000000070dc00000|  0%| F|  |TAMS 0x000000070da00000, 0x000000070da00000| Untracked 
| 102|0x000000070dc00000, 0x000000070dc00000, 0x000000070de00000|  0%| F|  |TAMS 0x000000070dc00000, 0x000000070dc00000| Untracked 
| 103|0x000000070de00000, 0x000000070de00000, 0x000000070e000000|  0%| F|  |TAMS 0x000000070de00000, 0x000000070de00000| Untracked 
| 104|0x000000070e000000, 0x000000070e200000, 0x000000070e200000|100%| S|CS|TAMS 0x000000070e000000, 0x000000070e000000| Complete 
| 105|0x000000070e200000, 0x000000070e400000, 0x000000070e400000|100%| S|CS|TAMS 0x000000070e200000, 0x000000070e200000| Complete 
| 106|0x000000070e400000, 0x000000070e600000, 0x000000070e600000|100%| S|CS|TAMS 0x000000070e400000, 0x000000070e400000| Complete 
| 107|0x000000070e600000, 0x000000070e600000, 0x000000070e800000|  0%| F|  |TAMS 0x000000070e600000, 0x000000070e600000| Untracked 
| 108|0x000000070e800000, 0x000000070e800000, 0x000000070ea00000|  0%| F|  |TAMS 0x000000070e800000, 0x000000070e800000| Untracked 
| 109|0x000000070ea00000, 0x000000070ea00000, 0x000000070ec00000|  0%| F|  |TAMS 0x000000070ea00000, 0x000000070ea00000| Untracked 
| 110|0x000000070ec00000, 0x000000070ec00000, 0x000000070ee00000|  0%| F|  |TAMS 0x000000070ec00000, 0x000000070ec00000| Untracked 
| 111|0x000000070ee00000, 0x000000070ee00000, 0x000000070f000000|  0%| F|  |TAMS 0x000000070ee00000, 0x000000070ee00000| Untracked 
| 112|0x000000070f000000, 0x000000070f000000, 0x000000070f200000|  0%| F|  |TAMS 0x000000070f000000, 0x000000070f000000| Untracked 
| 113|0x000000070f200000, 0x000000070f200000, 0x000000070f400000|  0%| F|  |TAMS 0x000000070f200000, 0x000000070f200000| Untracked 
| 114|0x000000070f400000, 0x000000070f400000, 0x000000070f600000|  0%| F|  |TAMS 0x000000070f400000, 0x000000070f400000| Untracked 
| 115|0x000000070f600000, 0x000000070f600000, 0x000000070f800000|  0%| F|  |TAMS 0x000000070f600000, 0x000000070f600000| Untracked 
| 116|0x000000070f800000, 0x000000070f800000, 0x000000070fa00000|  0%| F|  |TAMS 0x000000070f800000, 0x000000070f800000| Untracked 
| 117|0x000000070fa00000, 0x000000070fa00000, 0x000000070fc00000|  0%| F|  |TAMS 0x000000070fa00000, 0x000000070fa00000| Untracked 
| 118|0x000000070fc00000, 0x000000070fc00000, 0x000000070fe00000|  0%| F|  |TAMS 0x000000070fc00000, 0x000000070fc00000| Untracked 
| 119|0x000000070fe00000, 0x000000070fe00000, 0x0000000710000000|  0%| F|  |TAMS 0x000000070fe00000, 0x000000070fe00000| Untracked 
| 120|0x0000000710000000, 0x0000000710200000, 0x0000000710200000|100%| E|  |TAMS 0x0000000710000000, 0x0000000710000000| Complete 
| 121|0x0000000710200000, 0x0000000710400000, 0x0000000710400000|100%| E|CS|TAMS 0x0000000710200000, 0x0000000710200000| Complete 
| 122|0x0000000710400000, 0x0000000710600000, 0x0000000710600000|100%| E|CS|TAMS 0x0000000710400000, 0x0000000710400000| Complete 
| 123|0x0000000710600000, 0x0000000710800000, 0x0000000710800000|100%| E|CS|TAMS 0x0000000710600000, 0x0000000710600000| Complete 
| 124|0x0000000710800000, 0x0000000710a00000, 0x0000000710a00000|100%| E|CS|TAMS 0x0000000710800000, 0x0000000710800000| Complete 
| 125|0x0000000710a00000, 0x0000000710c00000, 0x0000000710c00000|100%| E|CS|TAMS 0x0000000710a00000, 0x0000000710a00000| Complete 
| 126|0x0000000710c00000, 0x0000000710e00000, 0x0000000710e00000|100%| E|CS|TAMS 0x0000000710c00000, 0x0000000710c00000| Complete 
| 127|0x0000000710e00000, 0x0000000711000000, 0x0000000711000000|100%| E|CS|TAMS 0x0000000710e00000, 0x0000000710e00000| Complete 

Card table byte_map: [0x0000027800b40000,0x0000027801340000] _byte_map_base: 0x00000277fd338000

Marking Bits (Prev, Next): (CMBitMap*) 0x00000278692e76d0, (CMBitMap*) 0x00000278692e7710
 Prev Bits: [0x0000027801b40000, 0x0000027805b00000)
 Next Bits: [0x0000027805b00000, 0x0000027809ac0000)

Polling page: 0x0000027867090000

Metaspace:

Usage:
  Non-class:     12.52 MB used.
      Class:      2.03 MB used.
       Both:     14.55 MB used.

Virtual space:
  Non-class space:       16.00 MB reserved,      12.62 MB ( 79%) committed,  2 nodes.
      Class space:        1.00 GB reserved,       2.12 MB ( <1%) committed,  1 nodes.
              Both:        1.02 GB reserved,      14.75 MB (  1%) committed. 

Chunk freelists:
   Non-Class:  3.34 MB
       Class:  1.82 MB
        Both:  5.16 MB

MaxMetaspaceSize: 17179869184.00 GB
CompressedClassSpaceSize: 1.00 GB
 - commit_granule_bytes: 65536.
 - commit_granule_words: 8192.
 - virtual_space_node_default_size: 1048576.
 - enlarge_chunks_in_place: 1.
 - new_chunks_are_fully_committed: 0.
 - uncommit_free_chunks: 1.
 - use_allocation_guard: 0.
 - handle_deallocations: 1.


Internal statistics:

num_allocs_failed_limit: 0.
num_arena_births: 208.
num_arena_deaths: 0.
num_vsnodes_births: 3.
num_vsnodes_deaths: 0.
num_space_committed: 236.
num_space_uncommitted: 0.
num_chunks_returned_to_freelist: 0.
num_chunks_taken_from_freelist: 668.
num_chunk_merges: 0.
num_chunk_splits: 451.
num_chunks_enlarged: 345.
num_purges: 0.

CodeHeap 'non-profiled nmethods': size=119168Kb used=912Kb max_used=912Kb free=118255Kb
 bounds [0x00000278785a0000, 0x0000027878810000, 0x000002787fa00000]
CodeHeap 'profiled nmethods': size=119104Kb used=3935Kb max_used=3935Kb free=115168Kb
 bounds [0x0000027871150000, 0x0000027871530000, 0x00000278785a0000]
CodeHeap 'non-nmethods': size=7488Kb used=1504Kb max_used=3111Kb free=5983Kb
 bounds [0x0000027870a00000, 0x0000027870d20000, 0x0000027871150000]
 total_blobs=2950 nmethods=2157 adapters=705
 compilation: enabled
              stopped_count=0, restarted_count=0
 full_count=0

Compilation events (20 events):
Event: 68.571 Thread 0x000002780efbf410 2152       1       com.sun.javafx.geom.transform.BaseTransform::getMzy (2 bytes)
Event: 68.571 Thread 0x000002780efbf410 nmethod 2152 0x0000027878681490 code [0x0000027878681620, 0x00000278786816f8]
Event: 68.571 Thread 0x00000278670b6d20 nmethod 2150 0x0000027878681790 code [0x0000027878681920, 0x00000278786819f8]
Event: 68.571 Thread 0x000002780efbf410 2153       1       com.sun.javafx.geom.transform.BaseTransform::getMzz (2 bytes)
Event: 68.571 Thread 0x00000278670b6d20 2154       1       com.sun.javafx.sg.prism.NGNode::isDepthTest (5 bytes)
Event: 68.571 Thread 0x000002780efbf410 nmethod 2153 0x0000027878681a90 code [0x0000027878681c40, 0x0000027878681d18]
Event: 68.571 Thread 0x000002780efbf410 2155       1       com.sun.javafx.sg.prism.NGNode::getCacheFilter (5 bytes)
Event: 68.571 Thread 0x00000278670b6d20 nmethod 2154 0x0000027878681d90 code [0x0000027878681f20, 0x0000027878681ff8]
Event: 68.571 Thread 0x000002780efbf410 nmethod 2155 0x0000027878682090 code [0x0000027878682220, 0x00000278786822f8]
Event: 68.571 Thread 0x00000278670b6d20 2156       1       com.sun.javafx.sg.prism.NGNode::getEffectFilter (5 bytes)
Event: 68.571 Thread 0x000002780efbf410 2157       1       com.sun.javafx.geom.transform.BaseTransform::getMxt (2 bytes)
Event: 68.571 Thread 0x000002780efbf410 nmethod 2157 0x0000027878682390 code [0x0000027878682520, 0x00000278786825f8]
Event: 68.571 Thread 0x000002780efbf410 2158       1       com.sun.javafx.geom.transform.BaseTransform::getMyt (2 bytes)
Event: 68.571 Thread 0x00000278670b6d20 nmethod 2156 0x0000027878682690 code [0x0000027878682820, 0x00000278786828f8]
Event: 68.571 Thread 0x000002780efbf410 nmethod 2158 0x0000027878682990 code [0x0000027878682b20, 0x0000027878682bf8]
Event: 68.572 Thread 0x000002780cb5bbb0 nmethod 2144 0x0000027871526a10 code [0x0000027871526c60, 0x0000027871527b08]
Event: 86.162 Thread 0x000002780cb5b5a0 2159       4       com.sun.javafx.tk.quantum.QuantumToolkit::postPulse (133 bytes)
Event: 86.165 Thread 0x000002780cb5b5a0 nmethod 2159 0x0000027878682c90 code [0x0000027878682e60, 0x0000027878683268]
Event: 86.754 Thread 0x000002780cb5b5a0 2160       4       com.sun.javafx.tk.quantum.QuantumToolkit$$Lambda$79/0x0000000800c31000::run (8 bytes)
Event: 86.757 Thread 0x000002780cb5b5a0 nmethod 2160 0x0000027878683690 code [0x0000027878683880, 0x0000027878683dd0]

GC Heap History (4 events):
Event: 0.473 GC heap before
{Heap before GC invocations=0 (full 0):
 garbage-first heap   total 262144K, used 20480K [0x0000000701000000, 0x0000000800000000)
  region size 2048K, 11 young (22528K), 0 survivors (0K)
 Metaspace       used 4397K, committed 4608K, reserved 1056768K
  class space    used 448K, committed 576K, reserved 1048576K
}
Event: 0.476 GC heap after
{Heap after GC invocations=1 (full 0):
 garbage-first heap   total 262144K, used 2471K [0x0000000701000000, 0x0000000800000000)
  region size 2048K, 2 young (4096K), 2 survivors (4096K)
 Metaspace       used 4397K, committed 4608K, reserved 1056768K
  class space    used 448K, committed 576K, reserved 1048576K
}
Event: 3.431 GC heap before
{Heap before GC invocations=1 (full 0):
 garbage-first heap   total 262144K, used 41383K [0x0000000701000000, 0x0000000800000000)
  region size 2048K, 21 young (43008K), 2 survivors (4096K)
 Metaspace       used 12992K, committed 13248K, reserved 1064960K
  class space    used 1868K, committed 1984K, reserved 1048576K
}
Event: 3.435 GC heap after
{Heap after GC invocations=2 (full 0):
 garbage-first heap   total 262144K, used 6259K [0x0000000701000000, 0x0000000800000000)
  region size 2048K, 3 young (6144K), 3 survivors (6144K)
 Metaspace       used 12992K, committed 13248K, reserved 1064960K
  class space    used 1868K, committed 1984K, reserved 1048576K
}

Deoptimization events (20 events):
Event: 3.490 Thread 0x000002780e945350 Uncommon trap: trap_request=0xffffffde fr.pc=0x000002787860c838 relative=0x0000000000001098
Event: 3.490 Thread 0x000002780e945350 Uncommon trap: reason=class_check action=maybe_recompile pc=0x000002787860c838 method=java.util.concurrent.ConcurrentHashMap.putVal(Ljava/lang/Object;Ljava/lang/Object;Z)Ljava/lang/Object; @ 242 c2
Event: 3.490 Thread 0x000002780e945350 DEOPT PACKING pc=0x000002787860c838 sp=0x000000d58e0fecf0
Event: 3.490 Thread 0x000002780e945350 DEOPT UNPACKING pc=0x0000027870a4d72e sp=0x000000d58e0fec90 mode 2
Event: 3.570 Thread 0x000002780e945350 Uncommon trap: trap_request=0xffffffde fr.pc=0x000002787860c838 relative=0x0000000000001098
Event: 3.570 Thread 0x000002780e945350 Uncommon trap: reason=class_check action=maybe_recompile pc=0x000002787860c838 method=java.util.concurrent.ConcurrentHashMap.putVal(Ljava/lang/Object;Ljava/lang/Object;Z)Ljava/lang/Object; @ 242 c2
Event: 3.570 Thread 0x000002780e945350 DEOPT PACKING pc=0x000002787860c838 sp=0x000000d58e0fecf0
Event: 3.570 Thread 0x000002780e945350 DEOPT UNPACKING pc=0x0000027870a4d72e sp=0x000000d58e0fec90 mode 2
Event: 3.580 Thread 0x000002780e8ed9b0 Uncommon trap: trap_request=0xffffffde fr.pc=0x000002787860c838 relative=0x0000000000001098
Event: 3.580 Thread 0x000002780e8ed9b0 Uncommon trap: reason=class_check action=maybe_recompile pc=0x000002787860c838 method=java.util.concurrent.ConcurrentHashMap.putVal(Ljava/lang/Object;Ljava/lang/Object;Z)Ljava/lang/Object; @ 242 c2
Event: 3.580 Thread 0x000002780e8ed9b0 DEOPT PACKING pc=0x000002787860c838 sp=0x000000d58e8fe930
Event: 3.580 Thread 0x000002780e8ed9b0 DEOPT UNPACKING pc=0x0000027870a4d72e sp=0x000000d58e8fe8d0 mode 2
Event: 3.586 Thread 0x000002780e945350 Uncommon trap: trap_request=0xffffffde fr.pc=0x000002787860c838 relative=0x0000000000001098
Event: 3.586 Thread 0x000002780e945350 Uncommon trap: reason=class_check action=maybe_recompile pc=0x000002787860c838 method=java.util.concurrent.ConcurrentHashMap.putVal(Ljava/lang/Object;Ljava/lang/Object;Z)Ljava/lang/Object; @ 242 c2
Event: 3.586 Thread 0x000002780e945350 DEOPT PACKING pc=0x000002787860c838 sp=0x000000d58e0fecf0
Event: 3.586 Thread 0x000002780e945350 DEOPT UNPACKING pc=0x0000027870a4d72e sp=0x000000d58e0fec90 mode 2
Event: 100.857 Thread 0x000002780e8ed9b0 DEOPT PACKING pc=0x000002787151a0e4 sp=0x000000d58e8febd0
Event: 100.857 Thread 0x000002780e8ed9b0 DEOPT UNPACKING pc=0x0000027870a4dece sp=0x000000d58e8fe0f0 mode 1
Event: 100.857 Thread 0x000002780dbad560 DEOPT PACKING pc=0x00000278712e3354 sp=0x000000d58c9fef40
Event: 100.857 Thread 0x000002780dbad560 DEOPT UNPACKING pc=0x0000027870a4dece sp=0x000000d58c9fe3a0 mode 1

Classes unloaded (0 events):
No events

Classes redefined (0 events):
No events

Internal exceptions (20 events):
Event: 0.651 Thread 0x000002780e15ed30 Exception <a 'java/lang/ClassNotFoundException'{0x000000071030f390}: sun/util/logging/resources/spi/loggingProvider> (0x000000071030f390) 
thrown [t:\workspace\open\src\hotspot\share\classfile\systemDictionary.cpp, line 256]
Event: 0.770 Thread 0x000002780e15ed30 Exception <a 'java/lang/NoSuchMethodError'{0x000000070fb80f40}: 'void java.lang.invoke.DirectMethodHandle$Holder.invokeStaticInit(java.lang.Object, java.lang.Object)'> (0x000000070fb80f40) 
thrown [t:\workspace\open\src\hotspot\share\interpreter\linkResolver.cpp, line 790]
Event: 3.158 Thread 0x000002780e15ed30 Implicit null exception at 0x000002787861f43a to 0x000002787861fa38
Event: 3.162 Thread 0x000002780e15ed30 Implicit null exception at 0x000002787861bb96 to 0x000002787861c27c
Event: 3.162 Thread 0x000002780e15ed30 Implicit null exception at 0x00000278785ba1af to 0x00000278785ba22d
Event: 3.269 Thread 0x000002780e15ed30 Exception <a 'java/lang/ClassNotFoundException'{0x000000070ed4b5e0}: com/sun/javafx/scene/control/skin/resources/controls> (0x000000070ed4b5e0) 
thrown [t:\workspace\open\src\hotspot\share\prims\jni.cpp, line 600]
Event: 3.269 Thread 0x000002780e15ed30 Exception <a 'java/lang/ClassNotFoundException'{0x000000070ed590e0}: com/sun/javafx/scene/control/skin/resources/controls_en> (0x000000070ed590e0) 
thrown [t:\workspace\open\src\hotspot\share\prims\jni.cpp, line 600]
Event: 3.269 Thread 0x000002780e15ed30 Exception <a 'java/lang/ClassNotFoundException'{0x000000070ed5a078}: com/sun/javafx/scene/control/skin/resources/controls_en_US> (0x000000070ed5a078) 
thrown [t:\workspace\open\src\hotspot\share\prims\jni.cpp, line 600]
Event: 3.338 Thread 0x000002780e15ed30 Exception <a 'java/lang/NoSuchMethodError'{0x000000070eb37270}: 'void java.lang.invoke.DirectMethodHandle$Holder.invokeSpecial(java.lang.Object, java.lang.Object, java.lang.Object, java.lang.Object, java.lang.Object, java.lang.Object)'> (0x000000070eb37270) 
thrown [t:\workspace\open\src\hotspot\share\interpreter\linkResolver.cpp, line 790]
Event: 3.398 Thread 0x000002780e15ed30 Exception <a 'java/lang/NoSuchMethodError'{0x000000070e6f9450}: 'java.lang.Object java.lang.invoke.DirectMethodHandle$Holder.invokeInterface(java.lang.Object, java.lang.Object, java.lang.Object)'> (0x000000070e6f9450) 
thrown [t:\workspace\open\src\hotspot\share\interpreter\linkResolver.cpp, line 790]
Event: 3.398 Thread 0x000002780e15ed30 Exception <a 'java/lang/IncompatibleClassChangeError'{0x000000070e6fcfd0}: Found class java.lang.Object, but interface was expected> (0x000000070e6fcfd0) 
thrown [t:\workspace\open\src\hotspot\share\interpreter\linkResolver.cpp, line 857]
Event: 3.474 Thread 0x000002780e15ed30 Exception <a 'java/lang/NoSuchMethodError'{0x0000000710ef89e8}: 'java.lang.Object java.lang.invoke.DirectMethodHandle$Holder.newInvokeSpecial(java.lang.Object, java.lang.Object, int)'> (0x0000000710ef89e8) 
thrown [t:\workspace\open\src\hotspot\share\interpreter\linkResolver.cpp, line 790]
Event: 3.491 Thread 0x000002780e8ed9b0 Exception <a 'java/lang/NoSuchMethodError'{0x0000000710a1f090}: 'int java.lang.invoke.DirectMethodHandle$Holder.invokeStaticInit(java.lang.Object, java.lang.Object)'> (0x0000000710a1f090) 
thrown [t:\workspace\open\src\hotspot\share\interpreter\linkResolver.cpp, line 790]
Event: 3.492 Thread 0x000002780e15ed30 Exception <a 'java/lang/NoSuchMethodError'{0x0000000710c5cc00}: 'long java.lang.invoke.DirectMethodHandle$Holder.invokeStatic(java.lang.Object, java.lang.Object, java.lang.Object)'> (0x0000000710c5cc00) 
thrown [t:\workspace\open\src\hotspot\share\interpreter\linkResolver.cpp, line 790]
Event: 3.493 Thread 0x000002780e15ed30 Exception <a 'java/lang/NoSuchMethodError'{0x0000000710c605b0}: 'long java.lang.invoke.DirectMethodHandle$Holder.invokeStaticInit(java.lang.Object, java.lang.Object, java.lang.Object)'> (0x0000000710c605b0) 
thrown [t:\workspace\open\src\hotspot\share\interpreter\linkResolver.cpp, line 790]
Event: 3.496 Thread 0x000002780e15ed30 Exception <a 'java/lang/NoSuchMethodError'{0x0000000710c784d0}: 'java.lang.Object java.lang.invoke.DirectMethodHandle$Holder.newInvokeSpecial(java.lang.Object, java.lang.Object, long)'> (0x0000000710c784d0) 
thrown [t:\workspace\open\src\hotspot\share\interpreter\linkResolver.cpp, line 790]
Event: 3.496 Thread 0x000002780e15ed30 Exception <a 'java/lang/NoSuchMethodError'{0x0000000710c7c240}: 'java.lang.Object java.lang.invoke.Invokers$Holder.linkToTargetMethod(java.lang.Object, long, java.lang.Object)'> (0x0000000710c7c240) 
thrown [t:\workspace\open\src\hotspot\share\interpreter\linkResolver.cpp, line 790]
Event: 4.463 Thread 0x000002780e15ed30 Exception <a 'java/lang/NoSuchMethodError'{0x0000000710725f08}: 'java.lang.Object java.lang.invoke.DirectMethodHandle$Holder.newInvokeSpecial(java.lang.Object, java.lang.Object, int, int, int, int, int, java.lang.Object)'> (0x0000000710725f08) 
thrown [t:\workspace\open\src\hotspot\share\interpreter\linkResolver.cpp, line 790]
Event: 4.464 Thread 0x000002780e15ed30 Exception <a 'java/lang/NoSuchMethodError'{0x00000007107398c8}: 'java.lang.Object java.lang.invoke.DirectMethodHandle$Holder.newInvokeSpecial(java.lang.Object, java.lang.Object, java.lang.Object, int, int, int, int, int)'> (0x00000007107398c8) 
thrown [t:\workspace\open\src\hotspot\share\interpreter\linkResolver.cpp, line 790]
Event: 4.465 Thread 0x000002780e15ed30 Exception <a 'java/lang/NoSuchMethodError'{0x0000000710741438}: 'java.lang.Object java.lang.invoke.Invokers$Holder.linkToTargetMethod(java.lang.Object, java.lang.Object, int, int, int, int, int, java.lang.Object)'> (0x0000000710741438) 
thrown [t:\workspace\open\src\hotspot\share\interpreter\linkResolver.cpp, line 790]

Events (20 events):
Event: 100.840 Executing  VM operation: ChangeBreakpoints
Event: 100.840 Executing  VM operation: ChangeBreakpoints done
Event: 100.840 Executing  VM operation: ChangeBreakpoints
Event: 100.840 Executing  VM operation: ChangeBreakpoints done
Event: 100.840 Executing  VM operation: ChangeBreakpoints
Event: 100.840 Executing  VM operation: ChangeBreakpoints done
Event: 100.841 Thread 0x000002780e156040 Thread exited: 0x000002780e156040
Event: 100.856 loading class jdk/internal/misc/Signal$1
Event: 100.856 loading class jdk/internal/misc/Signal$1 done
Event: 100.856 Thread 0x000002780e9cc3a0 Thread added: 0x000002780e9cc3a0
Event: 100.857 Thread 0x000002780dbad560 Thread added: 0x000002780dbad560
Event: 100.857 Thread 0x000002780dbae550 Thread added: 0x000002780dbae550
Event: 100.857 loading class com/sun/javafx/tk/quantum/QuantumRenderer
Event: 100.857 loading class com/sun/javafx/tk/quantum/QuantumRenderer done
Event: 100.857 Thread 0x000002780dbae550 Thread exited: 0x000002780dbae550
Event: 100.857 loading class com/sun/javafx/tk/quantum/QuantumToolkit
Event: 100.857 loading class com/sun/javafx/tk/quantum/QuantumToolkit done
Event: 100.857 Thread 0x000002780dbad560 Thread exited: 0x000002780dbad560
Event: 100.858 Executing  VM operation: Exit
Event: 100.858 Thread 0x000002780cb55510 Thread exited: 0x000002780cb55510


Dynamic libraries:
0x00007ff7fa6c0000 - 0x00007ff7fa6ce000 	C:\Users\kiril\.jdks\openjdk-16.0.1\bin\java.exe
0x00007ff997670000 - 0x00007ff997865000 	C:\WINDOWS\SYSTEM32\ntdll.dll
0x00007ff996ff0000 - 0x00007ff9970ae000 	C:\WINDOWS\System32\KERNEL32.DLL
0x00007ff995210000 - 0x00007ff9954d8000 	C:\WINDOWS\System32\KERNELBASE.dll
0x00007ff994f50000 - 0x00007ff995050000 	C:\WINDOWS\System32\ucrtbase.dll
0x00007ff976510000 - 0x00007ff976529000 	C:\Users\kiril\.jdks\openjdk-16.0.1\bin\VCRUNTIME140.dll
0x00007ff975c00000 - 0x00007ff975c18000 	C:\Users\kiril\.jdks\openjdk-16.0.1\bin\jli.dll
0x00007ff997370000 - 0x00007ff997511000 	C:\WINDOWS\System32\USER32.dll
0x00007ff983010000 - 0x00007ff9832aa000 	C:\WINDOWS\WinSxS\amd64_microsoft.windows.common-controls_6595b64144ccf1df_6.0.19041.1110_none_60b5254171f9507e\COMCTL32.dll
0x00007ff995640000 - 0x00007ff995662000 	C:\WINDOWS\System32\win32u.dll
0x00007ff9965c0000 - 0x00007ff99665e000 	C:\WINDOWS\System32\msvcrt.dll
0x00007ff996d00000 - 0x00007ff996d2b000 	C:\WINDOWS\System32\GDI32.dll
0x00007ff994d90000 - 0x00007ff994e9b000 	C:\WINDOWS\System32\gdi32full.dll
0x00007ff9955a0000 - 0x00007ff99563d000 	C:\WINDOWS\System32\msvcp_win.dll
0x00007ff997600000 - 0x00007ff997630000 	C:\WINDOWS\System32\IMM32.DLL
0x00007ff988d10000 - 0x00007ff988d1c000 	C:\Users\kiril\.jdks\openjdk-16.0.1\bin\vcruntime140_1.dll
0x00007ff95a8a0000 - 0x00007ff95a931000 	C:\Users\kiril\.jdks\openjdk-16.0.1\bin\msvcp140.dll
0x00007ff947fd0000 - 0x00007ff948b7b000 	C:\Users\kiril\.jdks\openjdk-16.0.1\bin\server\jvm.dll
0x00007ff996440000 - 0x00007ff9964ec000 	C:\WINDOWS\System32\ADVAPI32.dll
0x00007ff996dc0000 - 0x00007ff996e5b000 	C:\WINDOWS\System32\sechost.dll
0x00007ff997240000 - 0x00007ff99736a000 	C:\WINDOWS\System32\RPCRT4.dll
0x00007ff996660000 - 0x00007ff996668000 	C:\WINDOWS\System32\PSAPI.DLL
0x00007ff98b580000 - 0x00007ff98b5a7000 	C:\WINDOWS\SYSTEM32\WINMM.dll
0x00007ff9735c0000 - 0x00007ff9735c9000 	C:\WINDOWS\SYSTEM32\WSOCK32.dll
0x00007ff996e60000 - 0x00007ff996ecb000 	C:\WINDOWS\System32\WS2_32.dll
0x00007ff98e470000 - 0x00007ff98e47a000 	C:\WINDOWS\SYSTEM32\VERSION.dll
0x00007ff992cb0000 - 0x00007ff992cc2000 	C:\WINDOWS\SYSTEM32\kernel.appcore.dll
0x00007ff981300000 - 0x00007ff98130a000 	C:\Users\kiril\.jdks\openjdk-16.0.1\bin\jimage.dll
0x00007ff989a20000 - 0x00007ff989c04000 	C:\WINDOWS\SYSTEM32\DBGHELP.DLL
0x00007ff972150000 - 0x00007ff97217c000 	C:\WINDOWS\SYSTEM32\dbgcore.DLL
0x00007ff9954e0000 - 0x00007ff995563000 	C:\WINDOWS\System32\bcryptPrimitives.dll
0x00007ff980380000 - 0x00007ff9803bb000 	C:\Users\kiril\.jdks\openjdk-16.0.1\bin\jdwp.dll
0x00007ff9908b0000 - 0x00007ff9908be000 	C:\Users\kiril\.jdks\openjdk-16.0.1\bin\instrument.dll
0x00007ff95de30000 - 0x00007ff95de55000 	C:\Users\kiril\.jdks\openjdk-16.0.1\bin\java.dll
0x00007ff95c380000 - 0x00007ff95c398000 	C:\Users\kiril\.jdks\openjdk-16.0.1\bin\zip.dll
0x00007ff995d00000 - 0x00007ff99643f000 	C:\WINDOWS\System32\SHELL32.dll
0x00007ff992eb0000 - 0x00007ff993640000 	C:\WINDOWS\SYSTEM32\windows.storage.dll
0x00007ff9957d0000 - 0x00007ff995b25000 	C:\WINDOWS\System32\combase.dll
0x00007ff9947e0000 - 0x00007ff99480e000 	C:\WINDOWS\SYSTEM32\Wldp.dll
0x00007ff995720000 - 0x00007ff9957cd000 	C:\WINDOWS\System32\SHCORE.dll
0x00007ff9970b0000 - 0x00007ff997105000 	C:\WINDOWS\System32\shlwapi.dll
0x00007ff994cd0000 - 0x00007ff994cef000 	C:\WINDOWS\SYSTEM32\profapi.dll
0x00007ff95cc80000 - 0x00007ff95cc99000 	C:\Users\kiril\.jdks\openjdk-16.0.1\bin\net.dll
0x00007ff98c770000 - 0x00007ff98c87c000 	C:\WINDOWS\SYSTEM32\WINHTTP.dll
0x00007ff994540000 - 0x00007ff9945aa000 	C:\WINDOWS\system32\mswsock.dll
0x00007ff95c3a0000 - 0x00007ff95c3b3000 	C:\Users\kiril\.jdks\openjdk-16.0.1\bin\nio.dll
0x00007ff9908a0000 - 0x00007ff9908ac000 	C:\Users\kiril\.jdks\openjdk-16.0.1\bin\dt_socket.dll
0x00007ff9941e0000 - 0x00007ff99421b000 	C:\WINDOWS\SYSTEM32\IPHLPAPI.DLL
0x000002780cba0000 - 0x000002780cba3000 	C:\Users\kiril\.openjfx\cache\16\api-ms-win-core-console-l1-1-0.dll
0x000002780cbb0000 - 0x000002780cbb3000 	C:\Users\kiril\.openjfx\cache\16\api-ms-win-core-console-l1-2-0.dll
0x000002780cbc0000 - 0x000002780cbc3000 	C:\Users\kiril\.openjfx\cache\16\api-ms-win-core-datetime-l1-1-0.dll
0x000002780cbd0000 - 0x000002780cbd3000 	C:\Users\kiril\.openjfx\cache\16\api-ms-win-core-debug-l1-1-0.dll
0x000002780cbe0000 - 0x000002780cbe3000 	C:\Users\kiril\.openjfx\cache\16\api-ms-win-core-errorhandling-l1-1-0.dll
0x000002780cbf0000 - 0x000002780cbf4000 	C:\Users\kiril\.openjfx\cache\16\api-ms-win-core-file-l1-1-0.dll
0x000002780f590000 - 0x000002780f593000 	C:\Users\kiril\.openjfx\cache\16\api-ms-win-core-file-l1-2-0.dll
0x000002780f5a0000 - 0x000002780f5a3000 	C:\Users\kiril\.openjfx\cache\16\api-ms-win-core-file-l2-1-0.dll
0x000002780f5b0000 - 0x000002780f5b3000 	C:\Users\kiril\.openjfx\cache\16\api-ms-win-core-handle-l1-1-0.dll
0x000002780f5c0000 - 0x000002780f5c3000 	C:\Users\kiril\.openjfx\cache\16\api-ms-win-core-heap-l1-1-0.dll
0x000002780f5d0000 - 0x000002780f5d3000 	C:\Users\kiril\.openjfx\cache\16\api-ms-win-core-interlocked-l1-1-0.dll
0x000002780f5e0000 - 0x000002780f5e3000 	C:\Users\kiril\.openjfx\cache\16\api-ms-win-core-libraryloader-l1-1-0.dll
0x000002780f5f0000 - 0x000002780f5f3000 	C:\Users\kiril\.openjfx\cache\16\api-ms-win-core-localization-l1-2-0.dll
0x000002780f600000 - 0x000002780f603000 	C:\Users\kiril\.openjfx\cache\16\api-ms-win-core-memory-l1-1-0.dll
0x000002780f410000 - 0x000002780f413000 	C:\Users\kiril\.openjfx\cache\16\api-ms-win-core-namedpipe-l1-1-0.dll
0x000002780f420000 - 0x000002780f423000 	C:\Users\kiril\.openjfx\cache\16\api-ms-win-core-processenvironment-l1-1-0.dll
0x000002780f430000 - 0x000002780f433000 	C:\Users\kiril\.openjfx\cache\16\api-ms-win-core-processthreads-l1-1-0.dll
0x000002780f440000 - 0x000002780f443000 	C:\Users\kiril\.openjfx\cache\16\api-ms-win-core-processthreads-l1-1-1.dll
0x000002780f450000 - 0x000002780f453000 	C:\Users\kiril\.openjfx\cache\16\api-ms-win-core-profile-l1-1-0.dll
0x000002780f460000 - 0x000002780f463000 	C:\Users\kiril\.openjfx\cache\16\api-ms-win-core-rtlsupport-l1-1-0.dll
0x000002780f470000 - 0x000002780f473000 	C:\Users\kiril\.openjfx\cache\16\api-ms-win-core-string-l1-1-0.dll
0x000002780f480000 - 0x000002780f483000 	C:\Users\kiril\.openjfx\cache\16\api-ms-win-core-synch-l1-1-0.dll
0x000002780f490000 - 0x000002780f493000 	C:\Users\kiril\.openjfx\cache\16\api-ms-win-core-synch-l1-2-0.dll
0x000002780f4a0000 - 0x000002780f4a3000 	C:\Users\kiril\.openjfx\cache\16\api-ms-win-core-sysinfo-l1-1-0.dll
0x000002780f4b0000 - 0x000002780f4b3000 	C:\Users\kiril\.openjfx\cache\16\api-ms-win-core-timezone-l1-1-0.dll
0x000002780f4c0000 - 0x000002780f4c3000 	C:\Users\kiril\.openjfx\cache\16\api-ms-win-core-util-l1-1-0.dll
0x000002780f4d0000 - 0x000002780f4d3000 	C:\Users\kiril\.openjfx\cache\16\api-ms-win-crt-conio-l1-1-0.dll
0x000002780f4e0000 - 0x000002780f4e4000 	C:\Users\kiril\.openjfx\cache\16\api-ms-win-crt-convert-l1-1-0.dll
0x000002780f4f0000 - 0x000002780f4f3000 	C:\Users\kiril\.openjfx\cache\16\api-ms-win-crt-environment-l1-1-0.dll
0x000002780f500000 - 0x000002780f503000 	C:\Users\kiril\.openjfx\cache\16\api-ms-win-crt-filesystem-l1-1-0.dll
0x000002780f510000 - 0x000002780f513000 	C:\Users\kiril\.openjfx\cache\16\api-ms-win-crt-heap-l1-1-0.dll
0x000002780f520000 - 0x000002780f523000 	C:\Users\kiril\.openjfx\cache\16\api-ms-win-crt-locale-l1-1-0.dll
0x000002780f530000 - 0x000002780f535000 	C:\Users\kiril\.openjfx\cache\16\api-ms-win-crt-math-l1-1-0.dll
0x000002780f540000 - 0x000002780f545000 	C:\Users\kiril\.openjfx\cache\16\api-ms-win-crt-multibyte-l1-1-0.dll
0x000002780f550000 - 0x000002780f560000 	C:\Users\kiril\.openjfx\cache\16\api-ms-win-crt-private-l1-1-0.dll
0x000002780f560000 - 0x000002780f563000 	C:\Users\kiril\.openjfx\cache\16\api-ms-win-crt-process-l1-1-0.dll
0x000002780f570000 - 0x000002780f574000 	C:\Users\kiril\.openjfx\cache\16\api-ms-win-crt-runtime-l1-1-0.dll
0x000002780f580000 - 0x000002780f584000 	C:\Users\kiril\.openjfx\cache\16\api-ms-win-crt-stdio-l1-1-0.dll
0x0000027810850000 - 0x0000027810854000 	C:\Users\kiril\.openjfx\cache\16\api-ms-win-crt-string-l1-1-0.dll
0x0000027810860000 - 0x0000027810863000 	C:\Users\kiril\.openjfx\cache\16\api-ms-win-crt-time-l1-1-0.dll
0x0000027810870000 - 0x0000027810873000 	C:\Users\kiril\.openjfx\cache\16\api-ms-win-crt-utility-l1-1-0.dll
0x00007ff979a60000 - 0x00007ff979b5c000 	C:\Users\kiril\.openjfx\cache\16\ucrtbase.dll
0x00007ff97c130000 - 0x00007ff97c149000 	C:\Users\kiril\.openjfx\cache\16\vcruntime140.dll
0x00007ff97c120000 - 0x00007ff97c12c000 	C:\Users\kiril\.openjfx\cache\16\vcruntime140_1.dll
0x00007ff97be70000 - 0x00007ff97bf01000 	C:\Users\kiril\.openjfx\cache\16\msvcp140.dll
0x00007ff97c0f0000 - 0x00007ff97c117000 	C:\Users\kiril\.openjfx\cache\16\prism_d3d.dll
0x00007ff988a30000 - 0x00007ff988bfe000 	C:\WINDOWS\system32\d3d9.dll
0x00007ff9929c0000 - 0x00007ff9929ef000 	C:\WINDOWS\SYSTEM32\dwmapi.dll
0x00007ff9927d0000 - 0x00007ff99286e000 	C:\WINDOWS\system32\uxtheme.dll
0x00007ff98c1d0000 - 0x00007ff98c2d6000 	C:\WINDOWS\System32\DriverStore\FileRepository\nv_dispi.inf_amd64_44dc4eefedc0d082\nvldumdx.dll
0x00007ff994970000 - 0x00007ff994982000 	C:\WINDOWS\SYSTEM32\msasn1.dll
0x00007ff98e050000 - 0x00007ff98e081000 	C:\WINDOWS\SYSTEM32\cryptnet.dll
0x00007ff995050000 - 0x00007ff9951a6000 	C:\WINDOWS\System32\CRYPT32.dll
0x00007ff98d040000 - 0x00007ff98d18a000 	C:\WINDOWS\SYSTEM32\drvstore.dll
0x00007ff994b30000 - 0x00007ff994b64000 	C:\WINDOWS\SYSTEM32\devobj.dll
0x00007ff995670000 - 0x00007ff9956be000 	C:\WINDOWS\System32\cfgmgr32.dll
0x00007ff994750000 - 0x00007ff99475c000 	C:\WINDOWS\SYSTEM32\cryptbase.dll
0x00007ff9951b0000 - 0x00007ff995210000 	C:\WINDOWS\System32\WINTRUST.DLL
0x00007ff996ed0000 - 0x00007ff996eed000 	C:\WINDOWS\System32\imagehlp.dll
0x00007ff994730000 - 0x00007ff994748000 	C:\WINDOWS\SYSTEM32\CRYPTSP.dll
0x00007ff993e50000 - 0x00007ff993e84000 	C:\WINDOWS\system32\rsaenh.dll
0x00007ff995570000 - 0x00007ff995597000 	C:\WINDOWS\System32\bcrypt.dll
0x00007ff92c4b0000 - 0x00007ff92dc45000 	C:\WINDOWS\System32\DriverStore\FileRepository\nv_dispi.inf_amd64_44dc4eefedc0d082\nvd3dumx.dll
0x00007ff97c0a0000 - 0x00007ff97c0e2000 	C:\Users\kiril\.openjfx\cache\16\glass.dll
0x00007ff997520000 - 0x00007ff9975fa000 	C:\WINDOWS\System32\COMDLG32.dll
0x00007ff997110000 - 0x00007ff99723a000 	C:\WINDOWS\System32\ole32.dll
0x00007ff9964f0000 - 0x00007ff9965bd000 	C:\WINDOWS\System32\OLEAUT32.dll
0x0000000180000000 - 0x00000001803cc000 	C:\Programs\RivaTuner Statistics Server\RTSSHooks64.dll
0x00007ff996820000 - 0x00007ff996c92000 	C:\WINDOWS\System32\SETUPAPI.dll
0x00007ff995b30000 - 0x00007ff995c45000 	C:\WINDOWS\System32\MSCTF.dll
0x00007ff940940000 - 0x00007ff940c03000 	C:\WINDOWS\system32\nvspcap64.dll
0x00007ff993a80000 - 0x00007ff993ab3000 	C:\WINDOWS\SYSTEM32\ntmarta.dll
0x00007ff993650000 - 0x00007ff993673000 	C:\WINDOWS\SYSTEM32\gpapi.dll
0x00007ff990190000 - 0x00007ff9901cb000 	C:\WINDOWS\SYSTEM32\dxcore.dll
0x00007ff97bf30000 - 0x00007ff97bf44000 	C:\Users\kiril\.openjfx\cache\16\javafx_font.dll
0x00007ff989790000 - 0x00007ff989a13000 	C:\WINDOWS\SYSTEM32\dwrite.dll
0x00007ff995c50000 - 0x00007ff995cf9000 	C:\WINDOWS\System32\clbcatq.dll
0x00007ff98e730000 - 0x00007ff98e8e4000 	C:\WINDOWS\SYSTEM32\WindowsCodecs.dll
0x00007ff953a70000 - 0x00007ff953aae000 	C:\WINDOWS\system32\dataexchange.dll
0x00007ff9911d0000 - 0x00007ff991434000 	C:\WINDOWS\system32\d3d11.dll

dbghelp: loaded successfully - version: 4.0.5 - missing functions: none
symbol engine: initialized successfully - sym options: 0x614 - pdb path: .;C:\Users\kiril\.jdks\openjdk-16.0.1\bin;C:\WINDOWS\SYSTEM32;C:\WINDOWS\WinSxS\amd64_microsoft.windows.common-controls_6595b64144ccf1df_6.0.19041.1110_none_60b5254171f9507e;C:\Users\kiril\.jdks\openjdk-16.0.1\bin\server;C:\Users\kiril\.openjfx\cache\16;C:\WINDOWS\System32\DriverStore\FileRepository\nv_dispi.inf_amd64_44dc4eefedc0d082;C:\Programs\RivaTuner Statistics Server;C:\Program Files\Common Files\Microsoft Shared\Ink

VM Arguments:
jvm_args: -agentlib:jdwp=transport=dt_socket,address=127.0.0.1:50550,suspend=y,server=n -javaagent:C:\Users\kiril\AppData\Local\JetBrains\IdeaIC2021.3\captureAgent\debugger-agent.jar -Dfile.encoding=UTF-8 --module-path=C:\Users\kiril\.m2\repository\org\openjfx\javafx-graphics\16\javafx-graphics-16-win.jar;C:\Users\kiril\.m2\repository\org\openjfx\javafx-fxml\16\javafx-fxml-16-win.jar;C:\Users\kiril\.m2\repository\org\openjfx\javafx-controls\16\javafx-controls-16-win.jar;C:\Users\kiril\.m2\repository\org\openjfx\javafx-base\16\javafx-base-16-win.jar;C:\Users\kiril\Desktop\subd\target\classes -Djdk.module.main=com.example.subd 
java_command: com.example.subd/com.example.subd.MainApplication
java_class_path (initial): C:\Users\kiril\.m2\repository\org\openjfx\javafx-controls\16\javafx-controls-16.jar;C:\Users\kiril\.m2\repository\org\openjfx\javafx-graphics\16\javafx-graphics-16.jar;C:\Users\kiril\.m2\repository\org\openjfx\javafx-base\16\javafx-base-16.jar;C:\Users\kiril\.m2\repository\org\openjfx\javafx-fxml\16\javafx-fxml-16.jar;C:\Programs\JetBrains\IntelliJ IDEA Community Edition 2021.3\lib\idea_rt.jar
Launcher Type: SUN_STANDARD

[Global flags]
     intx CICompilerCount                          = 12                                        {product} {ergonomic}
     uint ConcGCThreads                            = 3                                         {product} {ergonomic}
     uint G1ConcRefinementThreads                  = 13                                        {product} {ergonomic}
   size_t G1HeapRegionSize                         = 2097152                                   {product} {ergonomic}
    uintx GCDrainStackTargetSize                   = 64                                        {product} {ergonomic}
   size_t InitialHeapSize                          = 268435456                                 {product} {ergonomic}
   size_t MarkStackSize                            = 4194304                                   {product} {ergonomic}
   size_t MaxHeapSize                              = 4278190080                                {product} {ergonomic}
   size_t MaxNewSize                               = 2566914048                                {product} {ergonomic}
   size_t MinHeapDeltaBytes                        = 2097152                                   {product} {ergonomic}
   size_t MinHeapSize                              = 8388608                                   {product} {ergonomic}
    uintx NonNMethodCodeHeapSize                   = 7602480                                {pd product} {ergonomic}
    uintx NonProfiledCodeHeapSize                  = 122027880                              {pd product} {ergonomic}
    uintx ProfiledCodeHeapSize                     = 122027880                              {pd product} {ergonomic}
    uintx ReservedCodeCacheSize                    = 251658240                              {pd product} {ergonomic}
     bool SegmentedCodeCache                       = true                                      {product} {ergonomic}
   size_t SoftMaxHeapSize                          = 4278190080                             {manageable} {ergonomic}
     bool UseCompressedClassPointers               = true                           {product lp64_product} {ergonomic}
     bool UseCompressedOops                        = true                           {product lp64_product} {ergonomic}
     bool UseG1GC                                  = true                                      {product} {ergonomic}
     bool UseLargePagesIndividualAllocation        = false                                  {pd product} {ergonomic}

Logging:
Log output configuration:
 #0: stdout all=off uptime,level,tags
 #1: stderr all=off uptime,level,tags

Environment Variables:
PATH=C:\Program Files (x86)\Embarcadero\Studio\20.0\bin;C:\Users\Public\Documents\Embarcadero\Studio\20.0\Bpl;C:\Program Files (x86)\Embarcadero\Studio\20.0\bin64;C:\Users\Public\Documents\Embarcadero\Studio\20.0\Bpl\Win64;C:\Program Files (x86)\Common Files\Oracle\Java\javapath;C:\ProgramData\Oracle\Java\javapath;C:\Windows\system32;C:\Windows;C:\Windows\System32\Wbem;C:\Windows\System32\WindowsPowerShell\v1.0\;C:\Windows\System32\OpenSSH\;C:\Program Files\NVIDIA Corporation\NVIDIA NvDLISR;C:\Program Files (x86)\Windows Kits\10\Windows Performance Toolkit\;C:\Program Files\Microsoft SQL Server\130\Tools\Binn\;C:\Program Files (x86)\NVIDIA Corporation\PhysX\Common;C:\Program Files\dotnet\;C:\Program Files\Microsoft SQL Server\Client SDK\ODBC\170\Tools\Binn\;C:\Program Files (x86)\Microsoft SQL Server\150\Tools\Binn\;C:\Program Files\Microsoft SQL Server\150\Tools\Binn\;C:\Program Files\Microsoft SQL Server\150\DTS\Binn\;C:\Program Files (x86)\Microsoft SQL Server\150\DTS\Binn\;C:\Program Files\Azure Data Studio\bin;C:\Program Files\Microsoft SQL Server\Client SDK\ODBC\130\Tools\Binn\;C:\Program Files (x86)\Microsoft SQL Server\140\Tools\Binn\;C:\Program Files\Microsoft SQL Server\140\Tools\Binn\;C:\Program Files\Microsoft SQL Server\140\DTS\Binn\;C:\Programs\Git\cmd;C:\WINDOWS\system32;C:\WINDOWS;C:\WINDOWS\System32\Wbem;C:\WINDOWS\System32\WindowsPowerShell\v1.0\;C:\WINDOWS\System32\OpenSSH\;C:\Program Files\MySQL\MySQL Shell 8.0\bin\;C:\Users\kiril\AppData\Local\Programs\Python\Python38-32\Scripts\;C:\Users\kiril\AppData\Local\Programs\Python\Python38-32\;C:\Users\kiril\AppData\Local\Microsoft\WindowsApps;C:\Users\kiril\.dotnet\tools;C:\Program Files\Azure Data Studio\bin;C:\Programs\JetBrains\IntelliJ IDEA Community Edition 2020.3.2\bin;;C:\Programs\JetBrains\PyCharm Community Edition 2020.3.3\bin;;C:\Users\kiril\AppData\Local\Programs\MiKTeX\miktex\bin\x64\;C:\Users\kiril\AppData\Local\Programs\Microsoft VS Code\bin;C:\Program Files\mingw-w64\x86_64-8.1.0-win32-seh
USERNAME=kiril
OS=Windows_NT
PROCESSOR_IDENTIFIER=AMD64 Family 23 Model 113 Stepping 0, AuthenticAMD



---------------  S Y S T E M  ---------------

OS:
 Windows 10 , 64 bit Build 19041 (10.0.19041.1348)
OS uptime: 0 days 1:58 hours

CPU: total 16 (initial active 16) (16 cores per cpu, 2 threads per core) family 23 model 113 stepping 0 microcode 0x0, cx8, cmov, fxsr, ht, mmx, 3dnowpref, sse, sse2, sse3, ssse3, sse4a, sse4.1, sse4.2, popcnt, lzcnt, tsc, tscinvbit, avx, avx2, aes, clmul, bmi1, bmi2, adx, sha, fma, vzeroupper, clflush, clflushopt

Memory: 4k page, system-wide physical 16315M (8355M free)
TotalPageFile size 21691M (AvailPageFile size 8457M)
current process WorkingSet (physical memory assigned to process): 136M, peak: 164M
current process commit charge ("private bytes"): 428M, peak: 455M

vm_info: OpenJDK 64-Bit Server VM (16.0.1+9-24) for windows-amd64 JRE (16.0.1+9-24), built on Mar 26 2021 19:30:07 by "mach5one" with MS VC++ 16.7 (VS2019)

END.
