#
# A fatal error has been detected by the Java Runtime Environment:
#
#  EXCEPTION_ACCESS_VIOLATION (0xc0000005) at pc=0x00007ff979936997, pid=4068, tid=12972
#
# JRE version: OpenJDK Runtime Environment (16.0.1+9) (build 16.0.1+9-24)
# Java VM: OpenJDK 64-Bit Server VM (16.0.1+9-24, mixed mode, sharing, tiered, compressed oops, compressed class ptrs, g1 gc, windows-amd64)
# Problematic frame:
# C  [glass.dll+0x26997]
#
# No core dump will be written. Minidumps are not enabled by default on client versions of Windows
#
# If you would like to submit a bug report, please visit:
#   https://bugreport.java.com/bugreport/crash.jsp
#

---------------  S U M M A R Y ------------

Command Line: -agentlib:jdwp=transport=dt_socket,address=127.0.0.1:50528,suspend=y,server=n -javaagent:C:\Users\kiril\AppData\Local\JetBrains\IdeaIC2021.3\captureAgent\debugger-agent.jar -Dfile.encoding=UTF-8 --module-path=C:\Users\kiril\.m2\repository\org\openjfx\javafx-graphics\16\javafx-graphics-16-win.jar;C:\Users\kiril\.m2\repository\org\openjfx\javafx-fxml\16\javafx-fxml-16-win.jar;C:\Users\kiril\.m2\repository\org\openjfx\javafx-controls\16\javafx-controls-16-win.jar;C:\Users\kiril\.m2\repository\org\openjfx\javafx-base\16\javafx-base-16-win.jar;C:\Users\kiril\Desktop\subd\target\classes -Djdk.module.main=com.example.subd com.example.subd/com.example.subd.MainApplication

Host: AMD Ryzen 7 3700X 8-Core Processor             , 16 cores, 15G,  Windows 10 , 64 bit Build 19041 (10.0.19041.1348)
Time: Sat Dec  4 20:16:42 2021 Russia TZ 2 Standard Time elapsed time: 26.467892 seconds (0d 0h 0m 26s)

---------------  T H R E A D  ---------------

Current thread (0x0000016878933a50):  VMThread "VM Thread" [stack: 0x0000001a98100000,0x0000001a98200000] [id=12972]

Stack: [0x0000001a98100000,0x0000001a98200000],  sp=0x0000001a981fefd0,  free space=1019k
Native frames: (J=compiled Java code, j=interpreted, Vv=VM code, C=native code)
C  [glass.dll+0x26997]


siginfo: EXCEPTION_ACCESS_VIOLATION (0xc0000005), reading address 0x0000000000000000


Register to memory mapping:

RIP=0x00007ff979936997 glass.dll
RAX=0x0 is NULL
RBX=0x000001687a883fa8 is a global jni handle
RCX=0x0000016878933a50 points into unknown readable memory: 0x00007ff94893f638 | 38 f6 93 48 f9 7f 00 00
RDX=0x0000001a981fefd0 points into unknown readable memory: 0x0000000000000000 | 00 00 00 00 00 00 00 00
RSP=0x0000001a981fefd0 points into unknown readable memory: 0x0000000000000000 | 00 00 00 00 00 00 00 00
RBP=0x000001687a534e78 points into unknown readable memory: 0x0000ceee0508ed14 | 14 ed 08 05 ee ce 00 00
RSI=0x000001687a534e50 points into unknown readable memory: 0xff9757ddd1c8ed13 | 13 ed c8 d1 dd 57 97 ff
RDI=0x0000ceee0508ed14 is an unknown value
R8 =0x0000000000010002 is an unknown value
R9 =0x0000ceee0508ed14 is an unknown value
R10=0x0000000000008000 is an unknown value
R11=0x0000001a981fef60 points into unknown readable memory: 0x000001687a534e50 | 50 4e 53 7a 68 01 00 00
R12=0x00007ff979934234 glass.dll
R13=0x0000016853247790 points into unknown readable memory: 0x8000000900000001 | 01 00 00 00 09 00 00 80
R14=0x0000001a981ff0c8 points into unknown readable memory: 0x0000001a981ff0b0 | b0 f0 1f 98 1a 00 00 00
R15=0x000001687a534e50 points into unknown readable memory: 0xff9757ddd1c8ed13 | 13 ed c8 d1 dd 57 97 ff


Registers:
RAX=0x0000000000000000, RBX=0x000001687a883fa8, RCX=0x0000016878933a50, RDX=0x0000001a981fefd0
RSP=0x0000001a981fefd0, RBP=0x000001687a534e78, RSI=0x000001687a534e50, RDI=0x0000ceee0508ed14
R8 =0x0000000000010002, R9 =0x0000ceee0508ed14, R10=0x0000000000008000, R11=0x0000001a981fef60
R12=0x00007ff979934234, R13=0x0000016853247790, R14=0x0000001a981ff0c8, R15=0x000001687a534e50
RIP=0x00007ff979936997, EFLAGS=0x0000000000010202

Top of Stack: (sp=0x0000001a981fefd0)
0x0000001a981fefd0:   0000000000000000 000001687a534e50
0x0000001a981fefe0:   0000016853247790 00007ff979934234
0x0000001a981feff0:   000001687a534e58 00007ff994f642d6
0x0000001a981ff000:   0000ceee0508ed14 0000016800000000
0x0000001a981ff010:   000001687a534e78 000001687a534e50
0x0000001a981ff020:   fffffffffffffffe 0000000000000000
0x0000001a981ff030:   0000000000000001 00007ff979910000
0x0000001a981ff040:   0000001a981ff0b8 00007ff994f641fb
0x0000001a981ff050:   0000000000000000 0000001a981ff0c8
0x0000001a981ff060:   0000001a981ff390 00007ff995040e40
0x0000001a981ff070:   0000000000000001 00007ff994f641b4
0x0000001a981ff080:   0000000000000000 0000000000000001
0x0000001a981ff090:   000001687c8669d8 0000001a981ff0b8
0x0000001a981ff0a0:   000001687c8669e0 00007ff9799340c1
0x0000001a981ff0b0:   00007ff97994a128 0000000100000002
0x0000001a981ff0c0:   0000016800000002 0000001a981ff0b0 

Instructions: (pc=0x00007ff979936997)
0x00007ff979936897:   8b 4d 58 e8 d1 ce ff ff 48 8b 4d 60 e8 c8 ce ff
0x00007ff9799368a7:   ff 48 8b 95 80 00 00 00 48 8b 8d 18 01 00 00 e8
0x00007ff9799368b7:   96 c3 ff ff 33 d2 33 c9 e8 12 e1 ff ff 90 48 89
0x00007ff9799368c7:   54 24 10 55 48 83 ec 20 48 8b ea 48 b8 00 00 00
0x00007ff9799368d7:   00 00 00 00 00 48 83 c4 20 5d c3 cc 40 55 48 8b
0x00007ff9799368e7:   ea 48 8b 01 33 c9 81 38 05 00 00 c0 0f 94 c1 8b
0x00007ff9799368f7:   c1 5d c3 cc 40 55 48 83 ec 20 48 8b ea 8a 4d 40
0x00007ff979936907:   48 83 c4 20 5d e9 c7 d2 ff ff cc 40 55 48 83 ec
0x00007ff979936917:   20 48 8b ea 8a 4d 20 e8 b5 d2 ff ff 90 48 83 c4
0x00007ff979936927:   20 5d c3 cc 40 55 48 83 ec 20 48 8b ea 48 83 c4
0x00007ff979936937:   20 5d e9 16 d1 ff ff cc 40 55 48 83 ec 30 48 8b
0x00007ff979936947:   ea 48 8b 01 8b 10 48 89 4c 24 28 89 54 24 20 4c
0x00007ff979936957:   8d 0d b7 d5 ff ff 4c 8b 45 70 8b 55 68 48 8b 4d
0x00007ff979936967:   60 e8 57 d0 ff ff 90 48 83 c4 30 5d c3 cc cc cc
0x00007ff979936977:   cc cc cc cc cc cc cc cc cc 40 53 48 83 ec 20 48
0x00007ff979936987:   8b 1d 93 31 01 00 48 85 db 74 16 e8 29 8b ff ff
0x00007ff979936997:   4c 8b 00 48 8b d3 48 8b c8 41 ff 90 b0 00 00 00
0x00007ff9799369a7:   90 48 83 c4 20 5b c3 cc cc 40 53 48 83 ec 20 48
0x00007ff9799369b7:   8b 1d 0b 33 01 00 48 85 db 74 57 b8 ff ff ff ff
0x00007ff9799369c7:   f0 0f c1 43 10 83 f8 01 75 3d 48 85 db 74 38 48
0x00007ff9799369d7:   8b 0b 48 85 c9 74 0d ff 15 c4 08 00 00 48 c7 03
0x00007ff9799369e7:   00 00 00 00 48 8b 4b 08 48 85 c9 74 0d e8 77 cd
0x00007ff9799369f7:   ff ff 48 c7 43 08 00 00 00 00 ba 18 00 00 00 48
0x00007ff979936a07:   8b cb e8 62 cd ff ff 48 c7 05 af 32 01 00 00 00
0x00007ff979936a17:   00 00 48 83 c4 20 5b c3 cc 40 53 48 83 ec 20 48
0x00007ff979936a27:   8b 1d 7b 32 01 00 48 85 db 74 57 b8 ff ff ff ff
0x00007ff979936a37:   f0 0f c1 43 10 83 f8 01 75 3d 48 85 db 74 38 48
0x00007ff979936a47:   8b 0b 48 85 c9 74 0d ff 15 54 08 00 00 48 c7 03
0x00007ff979936a57:   00 00 00 00 48 8b 4b 08 48 85 c9 74 0d e8 07 cd
0x00007ff979936a67:   ff ff 48 c7 43 08 00 00 00 00 ba 18 00 00 00 48
0x00007ff979936a77:   8b cb e8 f2 cc ff ff 48 c7 05 1f 32 01 00 00 00
0x00007ff979936a87:   00 00 48 83 c4 20 5b c3 cc 40 53 48 83 ec 20 48 


Stack slot to memory mapping:
stack at sp + 0 slots: 0x0 is NULL
stack at sp + 1 slots: 0x000001687a534e50 points into unknown readable memory: 0xff9757ddd1c8ed13 | 13 ed c8 d1 dd 57 97 ff
stack at sp + 2 slots: 0x0000016853247790 points into unknown readable memory: 0x8000000900000001 | 01 00 00 00 09 00 00 80
stack at sp + 3 slots: 0x00007ff979934234 glass.dll
stack at sp + 4 slots: 0x000001687a534e58 points into unknown readable memory: 0x0000ceee0508ed14 | 14 ed 08 05 ee ce 00 00
stack at sp + 5 slots: 0x00007ff994f642d6 ucrtbase.dll
stack at sp + 6 slots: 0x0000ceee0508ed14 is an unknown value
stack at sp + 7 slots: 0x0000016800000000 points into unknown readable memory: 0x0000000000000000 | 00 00 00 00 00 00 00 00

VM_Operation (0x0000001a995feee0): Exit, mode: safepoint, requested by thread 0x000001687a385fb0


---------------  P R O C E S S  ---------------

Threads class SMR info:
_java_thread_list=0x000001687953f110, length=21, elements={
0x00000168532316d0, 0x00000168789396b0, 0x000001687893a570, 0x0000016878951720,
0x0000016878954230, 0x0000016878954c30, 0x0000016878955a10, 0x0000016878959a00,
0x0000016879400080, 0x00000168789175a0, 0x0000016879c27c00, 0x000001687a8b4c30,
0x000001687a9c3ef0, 0x000001687a5edd10, 0x000001687a5f2330, 0x000001687b80c4b0,
0x000001687b80e640, 0x000001687a0e6cc0, 0x000001687a386fa0, 0x000001687a15fb80,
0x000001687a385fb0
}

Java Threads: ( => current thread )
  0x00000168532316d0 JavaThread "main" [_thread_blocked, id=15876, stack(0x0000001a97b00000,0x0000001a97c00000)]
  0x00000168789396b0 JavaThread "Reference Handler" daemon [_thread_blocked, id=16000, stack(0x0000001a98200000,0x0000001a98300000)]
  0x000001687893a570 JavaThread "Finalizer" daemon [_thread_blocked, id=7492, stack(0x0000001a98300000,0x0000001a98400000)]
  0x0000016878951720 JavaThread "Attach Listener" daemon [_thread_blocked, id=15236, stack(0x0000001a98500000,0x0000001a98600000)]
  0x0000016878954230 JavaThread "Service Thread" daemon [_thread_blocked, id=7928, stack(0x0000001a98600000,0x0000001a98700000)]
  0x0000016878954c30 JavaThread "Monitor Deflation Thread" daemon [_thread_blocked, id=3584, stack(0x0000001a98700000,0x0000001a98800000)]
  0x0000016878955a10 JavaThread "C2 CompilerThread0" daemon [_thread_blocked, id=3088, stack(0x0000001a98800000,0x0000001a98900000)]
  0x0000016878959a00 JavaThread "C1 CompilerThread0" daemon [_thread_blocked, id=9308, stack(0x0000001a98900000,0x0000001a98a00000)]
  0x0000016879400080 JavaThread "Sweeper thread" daemon [_thread_blocked, id=14460, stack(0x0000001a98a00000,0x0000001a98b00000)]
  0x00000168789175a0 JavaThread "Common-Cleaner" daemon [_thread_blocked, id=5984, stack(0x0000001a98b00000,0x0000001a98c00000)]
  0x0000016879c27c00 JavaThread "JDWP Event Helper Thread" daemon [_thread_blocked, id=9660, stack(0x0000001a99400000,0x0000001a99500000)]
  0x000001687a8b4c30 JavaThread "Notification Thread" daemon [_thread_blocked, id=15012, stack(0x0000001a99200000,0x0000001a99300000)]
  0x000001687a9c3ef0 JavaThread "QuantumRenderer-0" daemon [_thread_blocked, id=4816, stack(0x0000001a99700000,0x0000001a99800000)]
  0x000001687a5edd10 JavaThread "InvokeLaterDispatcher" daemon [_thread_blocked, id=15940, stack(0x0000001a99900000,0x0000001a99a00000)]
  0x000001687a5f2330 JavaThread "JavaFX Application Thread" [_thread_blocked, id=11268, stack(0x0000001a99a00000,0x0000001a99b00000)]
  0x000001687b80c4b0 JavaThread "JavaFX-Launcher" [_thread_blocked, id=7652, stack(0x0000001a9a500000,0x0000001a9a600000)]
  0x000001687b80e640 JavaThread "Thread-2" daemon [_thread_in_native, id=5060, stack(0x0000001a99000000,0x0000001a99100000)]
  0x000001687a0e6cc0 JavaThread "Prism Font Disposer" daemon [_thread_blocked, id=16044, stack(0x0000001a98f00000,0x0000001a99000000)]
  0x000001687a386fa0 JavaThread "Cleaner-0" daemon [_thread_blocked, id=5412, stack(0x0000001a9aa00000,0x0000001a9ab00000)]
  0x000001687a15fb80 JavaThread "C1 CompilerThread1" daemon [_thread_blocked, id=11172, stack(0x0000001a99300000,0x0000001a99400000)]
  0x000001687a385fb0 JavaThread "SIGINT handler" daemon [_thread_blocked, id=9544, stack(0x0000001a99500000,0x0000001a99600000)]

Other Threads:
=>0x0000016878933a50 VMThread "VM Thread" [stack: 0x0000001a98100000,0x0000001a98200000] [id=12972]
  0x0000016853285ed0 GCTaskThread "GC Thread#0" [stack: 0x0000001a97c00000,0x0000001a97d00000] [id=14324]
  0x00000168795176c0 GCTaskThread "GC Thread#1" [stack: 0x0000001a99100000,0x0000001a99200000] [id=2432]
  0x000001687b7a3680 GCTaskThread "GC Thread#2" [stack: 0x0000001a99c00000,0x0000001a99d00000] [id=10488]
  0x000001687b7a3990 GCTaskThread "GC Thread#3" [stack: 0x0000001a99d00000,0x0000001a99e00000] [id=12384]
  0x000001687b7d4110 GCTaskThread "GC Thread#4" [stack: 0x0000001a99e00000,0x0000001a99f00000] [id=14812]
  0x000001687b7d4420 GCTaskThread "GC Thread#5" [stack: 0x0000001a99f00000,0x0000001a9a000000] [id=14940]
  0x000001687b7da750 GCTaskThread "GC Thread#6" [stack: 0x0000001a9a000000,0x0000001a9a100000] [id=9288]
  0x000001687b7daa60 GCTaskThread "GC Thread#7" [stack: 0x0000001a9a100000,0x0000001a9a200000] [id=15948]
  0x000001687b7db9a0 GCTaskThread "GC Thread#8" [stack: 0x0000001a9a200000,0x0000001a9a300000] [id=4080]
  0x000001687b7ddcc0 GCTaskThread "GC Thread#9" [stack: 0x0000001a9a300000,0x0000001a9a400000] [id=8628]
  0x000001687b7defe0 GCTaskThread "GC Thread#10" [stack: 0x0000001a9a400000,0x0000001a9a500000] [id=2424]
  0x000001687a151c50 GCTaskThread "GC Thread#11" [stack: 0x0000001a9a600000,0x0000001a9a700000] [id=4872]
  0x000001687a151320 GCTaskThread "GC Thread#12" [stack: 0x0000001a9a700000,0x0000001a9a800000] [id=8504]
  0x0000016853296e10 ConcurrentGCThread "G1 Main Marker" terminated
  0x0000016853298020 ConcurrentGCThread "G1 Conc#0" [stack: 0x0000001a97e00000,0x0000001a97f00000] [id=7836]
  0x00000168533016b0 ConcurrentGCThread "G1 Refine#0" terminated
  0x0000016853302130 ConcurrentGCThread "G1 Service" terminated

Threads with active compile tasks:
C2 CompilerThread0  
[error occurred during error reporting (printing all threads), id 0xc0000005, EXCEPTION_ACCESS_VIOLATION (0xc0000005) at pc=0x00007ff94875bb63]

VM state: at safepoint (shutting down)

VM Mutex/Monitor currently owned by a thread:  ([mutex/lock_event])
[0x000001685322f170] Threads_lock - owner thread: 0x0000016878933a50
[0x000001685322f290] Heap_lock - owner thread: 0x000001687a385fb0

Heap address: 0x0000000701000000, size: 4080 MB, Compressed Oops mode: Zero based, Oop shift amount: 3

CDS archive(s) mapped at: [0x0000000800000000-0x0000000800bb0000-0x0000000800bb0000), size 12255232, SharedBaseAddress: 0x0000000800000000, ArchiveRelocationMode: 0.
Compressed class space mapped at: 0x0000000800c00000-0x0000000840c00000, reserved size: 1073741824
Narrow klass base: 0x0000000800000000, Narrow klass shift: 3, Narrow klass range: 0x100000000

GC Precious Log:
 CPUs: 16 total, 16 available
 Memory: 16315M
 Large Page Support: Disabled
 NUMA Support: Disabled
 Compressed Oops: Enabled (Zero based)
 Heap Region Size: 2M
 Heap Min Capacity: 8M
 Heap Initial Capacity: 256M
 Heap Max Capacity: 4080M
 Pre-touch: Disabled
 Parallel Workers: 13
 Concurrent Workers: 3
 Concurrent Refinement Workers: 13
 Periodic GC: Disabled

Heap:
 garbage-first heap   total 262144K, used 20725K [0x0000000701000000, 0x0000000800000000)
  region size 2048K, 10 young (20480K), 3 survivors (6144K)
 Metaspace       used 15133K, committed 15360K, reserved 1064960K
  class space    used 2071K, committed 2176K, reserved 1048576K

Heap Regions: E=young(eden), S=young(survivor), O=old, HS=humongous(starts), HC=humongous(continues), CS=collection set, F=free, OA=open archive, CA=closed archive, TAMS=top-at-mark-start (previous, next)
|   0|0x0000000701000000, 0x000000070103d400, 0x0000000701200000| 11%| O|  |TAMS 0x0000000701000000, 0x0000000701000000| Untracked 
|   1|0x0000000701200000, 0x0000000701400000, 0x0000000701400000|100%|HS|  |TAMS 0x0000000701200000, 0x0000000701200000| Complete 
|   2|0x0000000701400000, 0x0000000701400000, 0x0000000701600000|  0%| F|  |TAMS 0x0000000701400000, 0x0000000701400000| Untracked 
|   3|0x0000000701600000, 0x0000000701600000, 0x0000000701800000|  0%| F|  |TAMS 0x0000000701600000, 0x0000000701600000| Untracked 
|   4|0x0000000701800000, 0x0000000701800000, 0x0000000701a00000|  0%| F|  |TAMS 0x0000000701800000, 0x0000000701800000| Untracked 
|   5|0x0000000701a00000, 0x0000000701a00000, 0x0000000701c00000|  0%| F|  |TAMS 0x0000000701a00000, 0x0000000701a00000| Untracked 
|   6|0x0000000701c00000, 0x0000000701c00000, 0x0000000701e00000|  0%| F|  |TAMS 0x0000000701c00000, 0x0000000701c00000| Untracked 
|   7|0x0000000701e00000, 0x0000000701e00000, 0x0000000702000000|  0%| F|  |TAMS 0x0000000701e00000, 0x0000000701e00000| Untracked 
|   8|0x0000000702000000, 0x0000000702000000, 0x0000000702200000|  0%| F|  |TAMS 0x0000000702000000, 0x0000000702000000| Untracked 
|   9|0x0000000702200000, 0x0000000702200000, 0x0000000702400000|  0%| F|  |TAMS 0x0000000702200000, 0x0000000702200000| Untracked 
|  10|0x0000000702400000, 0x0000000702400000, 0x0000000702600000|  0%| F|  |TAMS 0x0000000702400000, 0x0000000702400000| Untracked 
|  11|0x0000000702600000, 0x0000000702600000, 0x0000000702800000|  0%| F|  |TAMS 0x0000000702600000, 0x0000000702600000| Untracked 
|  12|0x0000000702800000, 0x0000000702800000, 0x0000000702a00000|  0%| F|  |TAMS 0x0000000702800000, 0x0000000702800000| Untracked 
|  13|0x0000000702a00000, 0x0000000702a00000, 0x0000000702c00000|  0%| F|  |TAMS 0x0000000702a00000, 0x0000000702a00000| Untracked 
|  14|0x0000000702c00000, 0x0000000702c00000, 0x0000000702e00000|  0%| F|  |TAMS 0x0000000702c00000, 0x0000000702c00000| Untracked 
|  15|0x0000000702e00000, 0x0000000702e00000, 0x0000000703000000|  0%| F|  |TAMS 0x0000000702e00000, 0x0000000702e00000| Untracked 
|  16|0x0000000703000000, 0x0000000703000000, 0x0000000703200000|  0%| F|  |TAMS 0x0000000703000000, 0x0000000703000000| Untracked 
|  17|0x0000000703200000, 0x0000000703200000, 0x0000000703400000|  0%| F|  |TAMS 0x0000000703200000, 0x0000000703200000| Untracked 
|  18|0x0000000703400000, 0x0000000703400000, 0x0000000703600000|  0%| F|  |TAMS 0x0000000703400000, 0x0000000703400000| Untracked 
|  19|0x0000000703600000, 0x0000000703600000, 0x0000000703800000|  0%| F|  |TAMS 0x0000000703600000, 0x0000000703600000| Untracked 
|  20|0x0000000703800000, 0x0000000703800000, 0x0000000703a00000|  0%| F|  |TAMS 0x0000000703800000, 0x0000000703800000| Untracked 
|  21|0x0000000703a00000, 0x0000000703a00000, 0x0000000703c00000|  0%| F|  |TAMS 0x0000000703a00000, 0x0000000703a00000| Untracked 
|  22|0x0000000703c00000, 0x0000000703c00000, 0x0000000703e00000|  0%| F|  |TAMS 0x0000000703c00000, 0x0000000703c00000| Untracked 
|  23|0x0000000703e00000, 0x0000000703e00000, 0x0000000704000000|  0%| F|  |TAMS 0x0000000703e00000, 0x0000000703e00000| Untracked 
|  24|0x0000000704000000, 0x0000000704000000, 0x0000000704200000|  0%| F|  |TAMS 0x0000000704000000, 0x0000000704000000| Untracked 
|  25|0x0000000704200000, 0x0000000704200000, 0x0000000704400000|  0%| F|  |TAMS 0x0000000704200000, 0x0000000704200000| Untracked 
|  26|0x0000000704400000, 0x0000000704400000, 0x0000000704600000|  0%| F|  |TAMS 0x0000000704400000, 0x0000000704400000| Untracked 
|  27|0x0000000704600000, 0x0000000704600000, 0x0000000704800000|  0%| F|  |TAMS 0x0000000704600000, 0x0000000704600000| Untracked 
|  28|0x0000000704800000, 0x0000000704800000, 0x0000000704a00000|  0%| F|  |TAMS 0x0000000704800000, 0x0000000704800000| Untracked 
|  29|0x0000000704a00000, 0x0000000704a00000, 0x0000000704c00000|  0%| F|  |TAMS 0x0000000704a00000, 0x0000000704a00000| Untracked 
|  30|0x0000000704c00000, 0x0000000704c00000, 0x0000000704e00000|  0%| F|  |TAMS 0x0000000704c00000, 0x0000000704c00000| Untracked 
|  31|0x0000000704e00000, 0x0000000704e00000, 0x0000000705000000|  0%| F|  |TAMS 0x0000000704e00000, 0x0000000704e00000| Untracked 
|  32|0x0000000705000000, 0x0000000705000000, 0x0000000705200000|  0%| F|  |TAMS 0x0000000705000000, 0x0000000705000000| Untracked 
|  33|0x0000000705200000, 0x0000000705200000, 0x0000000705400000|  0%| F|  |TAMS 0x0000000705200000, 0x0000000705200000| Untracked 
|  34|0x0000000705400000, 0x0000000705400000, 0x0000000705600000|  0%| F|  |TAMS 0x0000000705400000, 0x0000000705400000| Untracked 
|  35|0x0000000705600000, 0x0000000705600000, 0x0000000705800000|  0%| F|  |TAMS 0x0000000705600000, 0x0000000705600000| Untracked 
|  36|0x0000000705800000, 0x0000000705800000, 0x0000000705a00000|  0%| F|  |TAMS 0x0000000705800000, 0x0000000705800000| Untracked 
|  37|0x0000000705a00000, 0x0000000705a00000, 0x0000000705c00000|  0%| F|  |TAMS 0x0000000705a00000, 0x0000000705a00000| Untracked 
|  38|0x0000000705c00000, 0x0000000705c00000, 0x0000000705e00000|  0%| F|  |TAMS 0x0000000705c00000, 0x0000000705c00000| Untracked 
|  39|0x0000000705e00000, 0x0000000705e00000, 0x0000000706000000|  0%| F|  |TAMS 0x0000000705e00000, 0x0000000705e00000| Untracked 
|  40|0x0000000706000000, 0x0000000706000000, 0x0000000706200000|  0%| F|  |TAMS 0x0000000706000000, 0x0000000706000000| Untracked 
|  41|0x0000000706200000, 0x0000000706200000, 0x0000000706400000|  0%| F|  |TAMS 0x0000000706200000, 0x0000000706200000| Untracked 
|  42|0x0000000706400000, 0x0000000706400000, 0x0000000706600000|  0%| F|  |TAMS 0x0000000706400000, 0x0000000706400000| Untracked 
|  43|0x0000000706600000, 0x0000000706600000, 0x0000000706800000|  0%| F|  |TAMS 0x0000000706600000, 0x0000000706600000| Untracked 
|  44|0x0000000706800000, 0x0000000706800000, 0x0000000706a00000|  0%| F|  |TAMS 0x0000000706800000, 0x0000000706800000| Untracked 
|  45|0x0000000706a00000, 0x0000000706a00000, 0x0000000706c00000|  0%| F|  |TAMS 0x0000000706a00000, 0x0000000706a00000| Untracked 
|  46|0x0000000706c00000, 0x0000000706c00000, 0x0000000706e00000|  0%| F|  |TAMS 0x0000000706c00000, 0x0000000706c00000| Untracked 
|  47|0x0000000706e00000, 0x0000000706e00000, 0x0000000707000000|  0%| F|  |TAMS 0x0000000706e00000, 0x0000000706e00000| Untracked 
|  48|0x0000000707000000, 0x0000000707000000, 0x0000000707200000|  0%| F|  |TAMS 0x0000000707000000, 0x0000000707000000| Untracked 
|  49|0x0000000707200000, 0x0000000707200000, 0x0000000707400000|  0%| F|  |TAMS 0x0000000707200000, 0x0000000707200000| Untracked 
|  50|0x0000000707400000, 0x0000000707400000, 0x0000000707600000|  0%| F|  |TAMS 0x0000000707400000, 0x0000000707400000| Untracked 
|  51|0x0000000707600000, 0x0000000707600000, 0x0000000707800000|  0%| F|  |TAMS 0x0000000707600000, 0x0000000707600000| Untracked 
|  52|0x0000000707800000, 0x0000000707800000, 0x0000000707a00000|  0%| F|  |TAMS 0x0000000707800000, 0x0000000707800000| Untracked 
|  53|0x0000000707a00000, 0x0000000707a00000, 0x0000000707c00000|  0%| F|  |TAMS 0x0000000707a00000, 0x0000000707a00000| Untracked 
|  54|0x0000000707c00000, 0x0000000707c00000, 0x0000000707e00000|  0%| F|  |TAMS 0x0000000707c00000, 0x0000000707c00000| Untracked 
|  55|0x0000000707e00000, 0x0000000707e00000, 0x0000000708000000|  0%| F|  |TAMS 0x0000000707e00000, 0x0000000707e00000| Untracked 
|  56|0x0000000708000000, 0x0000000708000000, 0x0000000708200000|  0%| F|  |TAMS 0x0000000708000000, 0x0000000708000000| Untracked 
|  57|0x0000000708200000, 0x0000000708200000, 0x0000000708400000|  0%| F|  |TAMS 0x0000000708200000, 0x0000000708200000| Untracked 
|  58|0x0000000708400000, 0x0000000708400000, 0x0000000708600000|  0%| F|  |TAMS 0x0000000708400000, 0x0000000708400000| Untracked 
|  59|0x0000000708600000, 0x0000000708600000, 0x0000000708800000|  0%| F|  |TAMS 0x0000000708600000, 0x0000000708600000| Untracked 
|  60|0x0000000708800000, 0x0000000708800000, 0x0000000708a00000|  0%| F|  |TAMS 0x0000000708800000, 0x0000000708800000| Untracked 
|  61|0x0000000708a00000, 0x0000000708a00000, 0x0000000708c00000|  0%| F|  |TAMS 0x0000000708a00000, 0x0000000708a00000| Untracked 
|  62|0x0000000708c00000, 0x0000000708c00000, 0x0000000708e00000|  0%| F|  |TAMS 0x0000000708c00000, 0x0000000708c00000| Untracked 
|  63|0x0000000708e00000, 0x0000000708e00000, 0x0000000709000000|  0%| F|  |TAMS 0x0000000708e00000, 0x0000000708e00000| Untracked 
|  64|0x0000000709000000, 0x0000000709000000, 0x0000000709200000|  0%| F|  |TAMS 0x0000000709000000, 0x0000000709000000| Untracked 
|  65|0x0000000709200000, 0x0000000709200000, 0x0000000709400000|  0%| F|  |TAMS 0x0000000709200000, 0x0000000709200000| Untracked 
|  66|0x0000000709400000, 0x0000000709400000, 0x0000000709600000|  0%| F|  |TAMS 0x0000000709400000, 0x0000000709400000| Untracked 
|  67|0x0000000709600000, 0x0000000709600000, 0x0000000709800000|  0%| F|  |TAMS 0x0000000709600000, 0x0000000709600000| Untracked 
|  68|0x0000000709800000, 0x0000000709800000, 0x0000000709a00000|  0%| F|  |TAMS 0x0000000709800000, 0x0000000709800000| Untracked 
|  69|0x0000000709a00000, 0x0000000709a00000, 0x0000000709c00000|  0%| F|  |TAMS 0x0000000709a00000, 0x0000000709a00000| Untracked 
|  70|0x0000000709c00000, 0x0000000709c00000, 0x0000000709e00000|  0%| F|  |TAMS 0x0000000709c00000, 0x0000000709c00000| Untracked 
|  71|0x0000000709e00000, 0x0000000709e00000, 0x000000070a000000|  0%| F|  |TAMS 0x0000000709e00000, 0x0000000709e00000| Untracked 
|  72|0x000000070a000000, 0x000000070a000000, 0x000000070a200000|  0%| F|  |TAMS 0x000000070a000000, 0x000000070a000000| Untracked 
|  73|0x000000070a200000, 0x000000070a200000, 0x000000070a400000|  0%| F|  |TAMS 0x000000070a200000, 0x000000070a200000| Untracked 
|  74|0x000000070a400000, 0x000000070a400000, 0x000000070a600000|  0%| F|  |TAMS 0x000000070a400000, 0x000000070a400000| Untracked 
|  75|0x000000070a600000, 0x000000070a600000, 0x000000070a800000|  0%| F|  |TAMS 0x000000070a600000, 0x000000070a600000| Untracked 
|  76|0x000000070a800000, 0x000000070a800000, 0x000000070aa00000|  0%| F|  |TAMS 0x000000070a800000, 0x000000070a800000| Untracked 
|  77|0x000000070aa00000, 0x000000070aa00000, 0x000000070ac00000|  0%| F|  |TAMS 0x000000070aa00000, 0x000000070aa00000| Untracked 
|  78|0x000000070ac00000, 0x000000070ac00000, 0x000000070ae00000|  0%| F|  |TAMS 0x000000070ac00000, 0x000000070ac00000| Untracked 
|  79|0x000000070ae00000, 0x000000070ae00000, 0x000000070b000000|  0%| F|  |TAMS 0x000000070ae00000, 0x000000070ae00000| Untracked 
|  80|0x000000070b000000, 0x000000070b000000, 0x000000070b200000|  0%| F|  |TAMS 0x000000070b000000, 0x000000070b000000| Untracked 
|  81|0x000000070b200000, 0x000000070b200000, 0x000000070b400000|  0%| F|  |TAMS 0x000000070b200000, 0x000000070b200000| Untracked 
|  82|0x000000070b400000, 0x000000070b400000, 0x000000070b600000|  0%| F|  |TAMS 0x000000070b400000, 0x000000070b400000| Untracked 
|  83|0x000000070b600000, 0x000000070b600000, 0x000000070b800000|  0%| F|  |TAMS 0x000000070b600000, 0x000000070b600000| Untracked 
|  84|0x000000070b800000, 0x000000070b800000, 0x000000070ba00000|  0%| F|  |TAMS 0x000000070b800000, 0x000000070b800000| Untracked 
|  85|0x000000070ba00000, 0x000000070ba00000, 0x000000070bc00000|  0%| F|  |TAMS 0x000000070ba00000, 0x000000070ba00000| Untracked 
|  86|0x000000070bc00000, 0x000000070bc00000, 0x000000070be00000|  0%| F|  |TAMS 0x000000070bc00000, 0x000000070bc00000| Untracked 
|  87|0x000000070be00000, 0x000000070be00000, 0x000000070c000000|  0%| F|  |TAMS 0x000000070be00000, 0x000000070be00000| Untracked 
|  88|0x000000070c000000, 0x000000070c000000, 0x000000070c200000|  0%| F|  |TAMS 0x000000070c000000, 0x000000070c000000| Untracked 
|  89|0x000000070c200000, 0x000000070c200000, 0x000000070c400000|  0%| F|  |TAMS 0x000000070c200000, 0x000000070c200000| Untracked 
|  90|0x000000070c400000, 0x000000070c400000, 0x000000070c600000|  0%| F|  |TAMS 0x000000070c400000, 0x000000070c400000| Untracked 
|  91|0x000000070c600000, 0x000000070c600000, 0x000000070c800000|  0%| F|  |TAMS 0x000000070c600000, 0x000000070c600000| Untracked 
|  92|0x000000070c800000, 0x000000070c800000, 0x000000070ca00000|  0%| F|  |TAMS 0x000000070c800000, 0x000000070c800000| Untracked 
|  93|0x000000070ca00000, 0x000000070ca00000, 0x000000070cc00000|  0%| F|  |TAMS 0x000000070ca00000, 0x000000070ca00000| Untracked 
|  94|0x000000070cc00000, 0x000000070cc00000, 0x000000070ce00000|  0%| F|  |TAMS 0x000000070cc00000, 0x000000070cc00000| Untracked 
|  95|0x000000070ce00000, 0x000000070ce00000, 0x000000070d000000|  0%| F|  |TAMS 0x000000070ce00000, 0x000000070ce00000| Untracked 
|  96|0x000000070d000000, 0x000000070d000000, 0x000000070d200000|  0%| F|  |TAMS 0x000000070d000000, 0x000000070d000000| Untracked 
|  97|0x000000070d200000, 0x000000070d200000, 0x000000070d400000|  0%| F|  |TAMS 0x000000070d200000, 0x000000070d200000| Untracked 
|  98|0x000000070d400000, 0x000000070d400000, 0x000000070d600000|  0%| F|  |TAMS 0x000000070d400000, 0x000000070d400000| Untracked 
|  99|0x000000070d600000, 0x000000070d600000, 0x000000070d800000|  0%| F|  |TAMS 0x000000070d600000, 0x000000070d600000| Untracked 
| 100|0x000000070d800000, 0x000000070d800000, 0x000000070da00000|  0%| F|  |TAMS 0x000000070d800000, 0x000000070d800000| Untracked 
| 101|0x000000070da00000, 0x000000070da00000, 0x000000070dc00000|  0%| F|  |TAMS 0x000000070da00000, 0x000000070da00000| Untracked 
| 102|0x000000070dc00000, 0x000000070dc00000, 0x000000070de00000|  0%| F|  |TAMS 0x000000070dc00000, 0x000000070dc00000| Untracked 
| 103|0x000000070de00000, 0x000000070de00000, 0x000000070e000000|  0%| F|  |TAMS 0x000000070de00000, 0x000000070de00000| Untracked 
| 104|0x000000070e000000, 0x000000070e200000, 0x000000070e200000|100%| S|CS|TAMS 0x000000070e000000, 0x000000070e000000| Complete 
| 105|0x000000070e200000, 0x000000070e400000, 0x000000070e400000|100%| S|CS|TAMS 0x000000070e200000, 0x000000070e200000| Complete 
| 106|0x000000070e400000, 0x000000070e600000, 0x000000070e600000|100%| S|CS|TAMS 0x000000070e400000, 0x000000070e400000| Complete 
| 107|0x000000070e600000, 0x000000070e600000, 0x000000070e800000|  0%| F|  |TAMS 0x000000070e600000, 0x000000070e600000| Untracked 
| 108|0x000000070e800000, 0x000000070e800000, 0x000000070ea00000|  0%| F|  |TAMS 0x000000070e800000, 0x000000070e800000| Untracked 
| 109|0x000000070ea00000, 0x000000070ea00000, 0x000000070ec00000|  0%| F|  |TAMS 0x000000070ea00000, 0x000000070ea00000| Untracked 
| 110|0x000000070ec00000, 0x000000070ec00000, 0x000000070ee00000|  0%| F|  |TAMS 0x000000070ec00000, 0x000000070ec00000| Untracked 
| 111|0x000000070ee00000, 0x000000070ee00000, 0x000000070f000000|  0%| F|  |TAMS 0x000000070ee00000, 0x000000070ee00000| Untracked 
| 112|0x000000070f000000, 0x000000070f000000, 0x000000070f200000|  0%| F|  |TAMS 0x000000070f000000, 0x000000070f000000| Untracked 
| 113|0x000000070f200000, 0x000000070f200000, 0x000000070f400000|  0%| F|  |TAMS 0x000000070f200000, 0x000000070f200000| Untracked 
| 114|0x000000070f400000, 0x000000070f400000, 0x000000070f600000|  0%| F|  |TAMS 0x000000070f400000, 0x000000070f400000| Untracked 
| 115|0x000000070f600000, 0x000000070f600000, 0x000000070f800000|  0%| F|  |TAMS 0x000000070f600000, 0x000000070f600000| Untracked 
| 116|0x000000070f800000, 0x000000070f800000, 0x000000070fa00000|  0%| F|  |TAMS 0x000000070f800000, 0x000000070f800000| Untracked 
| 117|0x000000070fa00000, 0x000000070fa00000, 0x000000070fc00000|  0%| F|  |TAMS 0x000000070fa00000, 0x000000070fa00000| Untracked 
| 118|0x000000070fc00000, 0x000000070fc00000, 0x000000070fe00000|  0%| F|  |TAMS 0x000000070fc00000, 0x000000070fc00000| Untracked 
| 119|0x000000070fe00000, 0x000000070fe00000, 0x0000000710000000|  0%| F|  |TAMS 0x000000070fe00000, 0x000000070fe00000| Untracked 
| 120|0x0000000710000000, 0x0000000710000000, 0x0000000710200000|  0%| F|  |TAMS 0x0000000710000000, 0x0000000710000000| Untracked 
| 121|0x0000000710200000, 0x0000000710400000, 0x0000000710400000|100%| E|  |TAMS 0x0000000710200000, 0x0000000710200000| Complete 
| 122|0x0000000710400000, 0x0000000710600000, 0x0000000710600000|100%| E|CS|TAMS 0x0000000710400000, 0x0000000710400000| Complete 
| 123|0x0000000710600000, 0x0000000710800000, 0x0000000710800000|100%| E|CS|TAMS 0x0000000710600000, 0x0000000710600000| Complete 
| 124|0x0000000710800000, 0x0000000710a00000, 0x0000000710a00000|100%| E|CS|TAMS 0x0000000710800000, 0x0000000710800000| Complete 
| 125|0x0000000710a00000, 0x0000000710c00000, 0x0000000710c00000|100%| E|CS|TAMS 0x0000000710a00000, 0x0000000710a00000| Complete 
| 126|0x0000000710c00000, 0x0000000710e00000, 0x0000000710e00000|100%| E|CS|TAMS 0x0000000710c00000, 0x0000000710c00000| Complete 
| 127|0x0000000710e00000, 0x0000000711000000, 0x0000000711000000|100%| E|CS|TAMS 0x0000000710e00000, 0x0000000710e00000| Complete 

Card table byte_map: [0x000001686c940000,0x000001686d140000] _byte_map_base: 0x0000016869138000

Marking Bits (Prev, Next): (CMBitMap*) 0x0000016853286540, (CMBitMap*) 0x0000016853286580
 Prev Bits: [0x000001686d940000, 0x0000016871900000)
 Next Bits: [0x0000016871900000, 0x00000168758c0000)

Polling page: 0x0000016853310000

Metaspace:

Usage:
  Non-class:     12.76 MB used.
      Class:      2.02 MB used.
       Both:     14.78 MB used.

Virtual space:
  Non-class space:       16.00 MB reserved,      12.88 MB ( 80%) committed,  2 nodes.
      Class space:        1.00 GB reserved,       2.12 MB ( <1%) committed,  1 nodes.
              Both:        1.02 GB reserved,      15.00 MB (  1%) committed. 

Chunk freelists:
   Non-Class:  3.14 MB
       Class:  1.83 MB
        Both:  4.97 MB

MaxMetaspaceSize: 17179869184.00 GB
CompressedClassSpaceSize: 1.00 GB
 - commit_granule_bytes: 65536.
 - commit_granule_words: 8192.
 - virtual_space_node_default_size: 1048576.
 - enlarge_chunks_in_place: 1.
 - new_chunks_are_fully_committed: 0.
 - uncommit_free_chunks: 1.
 - use_allocation_guard: 0.
 - handle_deallocations: 1.


Internal statistics:

num_allocs_failed_limit: 0.
num_arena_births: 184.
num_arena_deaths: 0.
num_vsnodes_births: 3.
num_vsnodes_deaths: 0.
num_space_committed: 240.
num_space_uncommitted: 0.
num_chunks_returned_to_freelist: 0.
num_chunks_taken_from_freelist: 653.
num_chunk_merges: 0.
num_chunk_splits: 445.
num_chunks_enlarged: 344.
num_purges: 0.

CodeHeap 'non-profiled nmethods': size=119168Kb used=949Kb max_used=949Kb free=118218Kb
 bounds [0x0000016863d30000, 0x0000016863fa0000, 0x000001686b190000]
CodeHeap 'profiled nmethods': size=119104Kb used=4643Kb max_used=4643Kb free=114460Kb
 bounds [0x000001685c8e0000, 0x000001685cd70000, 0x0000016863d30000]
CodeHeap 'non-nmethods': size=7488Kb used=2066Kb max_used=3111Kb free=5421Kb
 bounds [0x000001685c190000, 0x000001685c4b0000, 0x000001685c8e0000]
 total_blobs=3258 nmethods=2468 adapters=701
 compilation: enabled
              stopped_count=0, restarted_count=0
 full_count=0

Compilation events (20 events):
Event: 26.088 Thread 0x000001687a15fb80 nmethod 2461 0x0000016863e1c390 code [0x0000016863e1c520, 0x0000016863e1c5f8]
Event: 26.088 Thread 0x0000016878959a00 nmethod 2462 0x000001685cd66810 code [0x000001685cd669c0, 0x000001685cd66d08]
Event: 26.088 Thread 0x0000016878959a00 2464       3       javafx.scene.Node::getAutomaticOrientation (5 bytes)
Event: 26.088 Thread 0x0000016878959a00 nmethod 2464 0x000001685cd66e10 code [0x000001685cd66fa0, 0x000001685cd67098]
Event: 26.088 Thread 0x0000016878959a00 2466       3       javafx.scene.Node::getPeer (57 bytes)
Event: 26.088 Thread 0x000001687a15fb80 2467       1       com.sun.javafx.sg.prism.NGNode::hasVisuals (2 bytes)
Event: 26.088 Thread 0x000001687a15fb80 nmethod 2467 0x0000016863e1ca90 code [0x0000016863e1cc20, 0x0000016863e1ccf8]
Event: 26.088 Thread 0x000001687a15fb80 2468       1       com.sun.javafx.geom.transform.Translate2D::isTranslateOrIdentity (2 bytes)
Event: 26.088 Thread 0x000001687a15fb80 nmethod 2468 0x0000016863e1cd90 code [0x0000016863e1cf20, 0x0000016863e1cff8]
Event: 26.088 Thread 0x0000016878959a00 nmethod 2466 0x000001685cd67110 code [0x000001685cd672e0, 0x000001685cd67678]
Event: 26.088 Thread 0x000001687a15fb80 2469       3       javafx.scene.shape.Shape::getFill (24 bytes)
Event: 26.088 Thread 0x0000016878959a00 2470       3       javafx.scene.layout.Region::getWidth (22 bytes)
Event: 26.088 Thread 0x000001687a15fb80 nmethod 2469 0x000001685cd67790 code [0x000001685cd67940, 0x000001685cd67c88]
Event: 26.088 Thread 0x0000016878959a00 nmethod 2470 0x000001685cd67d90 code [0x000001685cd67f60, 0x000001685cd68348]
Event: 26.090 Thread 0x0000016878959a00 2471       1       com.sun.prism.impl.BaseGraphics::getCompositeMode (5 bytes)
Event: 26.090 Thread 0x000001687a15fb80 2472       3       com.sun.javafx.text.TextRun::getPosX (132 bytes)
Event: 26.090 Thread 0x0000016878959a00 nmethod 2471 0x0000016863e1d090 code [0x0000016863e1d220, 0x0000016863e1d2f8]
Event: 26.090 Thread 0x0000016878959a00 2473       1       com.sun.javafx.font.PrismFontStrike::getAAMode (5 bytes)
Event: 26.090 Thread 0x0000016878959a00 nmethod 2473 0x0000016863e1d390 code [0x0000016863e1d520, 0x0000016863e1d5f8]
Event: 26.090 Thread 0x000001687a15fb80 nmethod 2472 0x000001685cd68490 code [0x000001685cd68680, 0x000001685cd68b88]

GC Heap History (4 events):
Event: 0.719 GC heap before
{Heap before GC invocations=0 (full 0):
 garbage-first heap   total 262144K, used 20480K [0x0000000701000000, 0x0000000800000000)
  region size 2048K, 11 young (22528K), 0 survivors (0K)
 Metaspace       used 4397K, committed 4608K, reserved 1056768K
  class space    used 448K, committed 576K, reserved 1048576K
}
Event: 0.721 GC heap after
{Heap after GC invocations=1 (full 0):
 garbage-first heap   total 262144K, used 2462K [0x0000000701000000, 0x0000000800000000)
  region size 2048K, 2 young (4096K), 2 survivors (4096K)
 Metaspace       used 4397K, committed 4608K, reserved 1056768K
  class space    used 448K, committed 576K, reserved 1048576K
}
Event: 13.548 GC heap before
{Heap before GC invocations=1 (full 0):
 garbage-first heap   total 262144K, used 41374K [0x0000000701000000, 0x0000000800000000)
  region size 2048K, 21 young (43008K), 2 survivors (4096K)
 Metaspace       used 13001K, committed 13248K, reserved 1064960K
  class space    used 1869K, committed 1984K, reserved 1048576K
}
Event: 13.552 GC heap after
{Heap after GC invocations=2 (full 0):
 garbage-first heap   total 262144K, used 6389K [0x0000000701000000, 0x0000000800000000)
  region size 2048K, 3 young (6144K), 3 survivors (6144K)
 Metaspace       used 13001K, committed 13248K, reserved 1064960K
  class space    used 1869K, committed 1984K, reserved 1048576K
}

Deoptimization events (20 events):
Event: 13.608 Thread 0x000001687b80e640 Uncommon trap: trap_request=0xffffffde fr.pc=0x0000016863d9b838 relative=0x0000000000001098
Event: 13.608 Thread 0x000001687b80e640 Uncommon trap: reason=class_check action=maybe_recompile pc=0x0000016863d9b838 method=java.util.concurrent.ConcurrentHashMap.putVal(Ljava/lang/Object;Ljava/lang/Object;Z)Ljava/lang/Object; @ 242 c2
Event: 13.608 Thread 0x000001687b80e640 DEOPT PACKING pc=0x0000016863d9b838 sp=0x0000001a990feb20
Event: 13.608 Thread 0x000001687b80e640 DEOPT UNPACKING pc=0x000001685c1dd72e sp=0x0000001a990feac0 mode 2
Event: 13.688 Thread 0x000001687b80e640 Uncommon trap: trap_request=0xffffffde fr.pc=0x0000016863d9b838 relative=0x0000000000001098
Event: 13.688 Thread 0x000001687b80e640 Uncommon trap: reason=class_check action=maybe_recompile pc=0x0000016863d9b838 method=java.util.concurrent.ConcurrentHashMap.putVal(Ljava/lang/Object;Ljava/lang/Object;Z)Ljava/lang/Object; @ 242 c2
Event: 13.688 Thread 0x000001687b80e640 DEOPT PACKING pc=0x0000016863d9b838 sp=0x0000001a990feb20
Event: 13.688 Thread 0x000001687b80e640 DEOPT UNPACKING pc=0x000001685c1dd72e sp=0x0000001a990feac0 mode 2
Event: 13.694 Thread 0x000001687a9c3ef0 Uncommon trap: trap_request=0xffffffde fr.pc=0x0000016863d9b838 relative=0x0000000000001098
Event: 13.694 Thread 0x000001687a9c3ef0 Uncommon trap: reason=class_check action=maybe_recompile pc=0x0000016863d9b838 method=java.util.concurrent.ConcurrentHashMap.putVal(Ljava/lang/Object;Ljava/lang/Object;Z)Ljava/lang/Object; @ 242 c2
Event: 13.694 Thread 0x000001687a9c3ef0 DEOPT PACKING pc=0x0000016863d9b838 sp=0x0000001a997feac0
Event: 13.694 Thread 0x000001687a9c3ef0 DEOPT UNPACKING pc=0x000001685c1dd72e sp=0x0000001a997fea60 mode 2
Event: 13.704 Thread 0x000001687b80e640 Uncommon trap: trap_request=0xffffffde fr.pc=0x0000016863d9b838 relative=0x0000000000001098
Event: 13.704 Thread 0x000001687b80e640 Uncommon trap: reason=class_check action=maybe_recompile pc=0x0000016863d9b838 method=java.util.concurrent.ConcurrentHashMap.putVal(Ljava/lang/Object;Ljava/lang/Object;Z)Ljava/lang/Object; @ 242 c2
Event: 13.704 Thread 0x000001687b80e640 DEOPT PACKING pc=0x0000016863d9b838 sp=0x0000001a990feb20
Event: 13.704 Thread 0x000001687b80e640 DEOPT UNPACKING pc=0x000001685c1dd72e sp=0x0000001a990feac0 mode 2
Event: 24.910 Thread 0x000001687a5f2330 DEOPT PACKING pc=0x000001685cd40464 sp=0x0000001a99afa1d0
Event: 24.910 Thread 0x000001687a5f2330 DEOPT UNPACKING pc=0x000001685c1ddece sp=0x0000001a99af96a0 mode 1
Event: 26.147 Thread 0x000001687a386a50 DEOPT PACKING pc=0x000001685ca779d4 sp=0x0000001a9a8ff0c0
Event: 26.147 Thread 0x000001687a386a50 DEOPT UNPACKING pc=0x000001685c1ddece sp=0x0000001a9a8fe520 mode 1

Classes unloaded (0 events):
No events

Classes redefined (0 events):
No events

Internal exceptions (20 events):
Event: 0.852 Thread 0x000001687a5f2330 Exception <a 'java/lang/NoSuchMethodError'{0x0000000710545d90}: 'void java.lang.invoke.DirectMethodHandle$Holder.invokeSpecial(java.lang.Object, java.lang.Object, java.lang.Object, java.lang.Object, java.lang.Object)'> (0x0000000710545d90) 
thrown [t:\workspace\open\src\hotspot\share\interpreter\linkResolver.cpp, line 790]
Event: 0.869 Thread 0x000001687a5f2330 Exception <a 'sun/nio/fs/WindowsException'{0x00000007105afec8}> (0x00000007105afec8) 
thrown [t:\workspace\open\src\hotspot\share\prims\jni.cpp, line 579]
Event: 0.899 Thread 0x000001687a5f2330 Exception <a 'sun/nio/fs/WindowsException'{0x0000000710299e90}> (0x0000000710299e90) 
thrown [t:\workspace\open\src\hotspot\share\prims\jni.cpp, line 579]
Event: 0.916 Thread 0x000001687a5f2330 Exception <a 'java/lang/ClassNotFoundException'{0x000000071030e3c8}: sun/util/logging/resources/spi/loggingProvider> (0x000000071030e3c8) 
thrown [t:\workspace\open\src\hotspot\share\classfile\systemDictionary.cpp, line 256]
Event: 1.044 Thread 0x000001687a5f2330 Exception <a 'java/lang/NoSuchMethodError'{0x000000070fb80f40}: 'void java.lang.invoke.DirectMethodHandle$Holder.invokeStaticInit(java.lang.Object, java.lang.Object)'> (0x000000070fb80f40) 
thrown [t:\workspace\open\src\hotspot\share\interpreter\linkResolver.cpp, line 790]
Event: 13.309 Thread 0x000001687a5f2330 Implicit null exception at 0x0000016863dadb3a to 0x0000016863dae138
Event: 13.314 Thread 0x000001687a5f2330 Implicit null exception at 0x0000016863daa296 to 0x0000016863daa968
Event: 13.314 Thread 0x000001687a5f2330 Implicit null exception at 0x0000016863d4b3af to 0x0000016863d4b42d
Event: 13.421 Thread 0x000001687a5f2330 Exception <a 'java/lang/ClassNotFoundException'{0x000000070ed4a9e0}: com/sun/javafx/scene/control/skin/resources/controls> (0x000000070ed4a9e0) 
thrown [t:\workspace\open\src\hotspot\share\prims\jni.cpp, line 600]
Event: 13.422 Thread 0x000001687a5f2330 Exception <a 'java/lang/ClassNotFoundException'{0x000000070ed584e0}: com/sun/javafx/scene/control/skin/resources/controls_en> (0x000000070ed584e0) 
thrown [t:\workspace\open\src\hotspot\share\prims\jni.cpp, line 600]
Event: 13.422 Thread 0x000001687a5f2330 Exception <a 'java/lang/ClassNotFoundException'{0x000000070ed59478}: com/sun/javafx/scene/control/skin/resources/controls_en_US> (0x000000070ed59478) 
thrown [t:\workspace\open\src\hotspot\share\prims\jni.cpp, line 600]
Event: 13.468 Thread 0x000001687a5f2330 Exception <a 'java/lang/NoSuchMethodError'{0x000000070eb36ca8}: 'void java.lang.invoke.DirectMethodHandle$Holder.invokeSpecial(java.lang.Object, java.lang.Object, java.lang.Object, java.lang.Object, java.lang.Object, java.lang.Object)'> (0x000000070eb36ca8) 
thrown [t:\workspace\open\src\hotspot\share\interpreter\linkResolver.cpp, line 790]
Event: 13.521 Thread 0x000001687a5f2330 Exception <a 'java/lang/NoSuchMethodError'{0x000000070e6f7190}: 'java.lang.Object java.lang.invoke.DirectMethodHandle$Holder.invokeInterface(java.lang.Object, java.lang.Object, java.lang.Object)'> (0x000000070e6f7190) 
thrown [t:\workspace\open\src\hotspot\share\interpreter\linkResolver.cpp, line 790]
Event: 13.521 Thread 0x000001687a5f2330 Exception <a 'java/lang/IncompatibleClassChangeError'{0x000000070e6fad10}: Found class java.lang.Object, but interface was expected> (0x000000070e6fad10) 
thrown [t:\workspace\open\src\hotspot\share\interpreter\linkResolver.cpp, line 857]
Event: 13.585 Thread 0x000001687a5f2330 Exception <a 'java/lang/NoSuchMethodError'{0x0000000710fe7ca8}: 'java.lang.Object java.lang.invoke.DirectMethodHandle$Holder.newInvokeSpecial(java.lang.Object, java.lang.Object, int)'> (0x0000000710fe7ca8) 
thrown [t:\workspace\open\src\hotspot\share\interpreter\linkResolver.cpp, line 790]
Event: 13.601 Thread 0x000001687a9c3ef0 Exception <a 'java/lang/NoSuchMethodError'{0x0000000710a1f090}: 'int java.lang.invoke.DirectMethodHandle$Holder.invokeStaticInit(java.lang.Object, java.lang.Object)'> (0x0000000710a1f090) 
thrown [t:\workspace\open\src\hotspot\share\interpreter\linkResolver.cpp, line 790]
Event: 13.610 Thread 0x000001687a5f2330 Exception <a 'java/lang/NoSuchMethodError'{0x0000000710c59e10}: 'long java.lang.invoke.DirectMethodHandle$Holder.invokeStatic(java.lang.Object, java.lang.Object, java.lang.Object)'> (0x0000000710c59e10) 
thrown [t:\workspace\open\src\hotspot\share\interpreter\linkResolver.cpp, line 790]
Event: 13.611 Thread 0x000001687a5f2330 Exception <a 'java/lang/NoSuchMethodError'{0x0000000710c5d7c0}: 'long java.lang.invoke.DirectMethodHandle$Holder.invokeStaticInit(java.lang.Object, java.lang.Object, java.lang.Object)'> (0x0000000710c5d7c0) 
thrown [t:\workspace\open\src\hotspot\share\interpreter\linkResolver.cpp, line 790]
Event: 13.614 Thread 0x000001687a5f2330 Exception <a 'java/lang/NoSuchMethodError'{0x0000000710c756e0}: 'java.lang.Object java.lang.invoke.DirectMethodHandle$Holder.newInvokeSpecial(java.lang.Object, java.lang.Object, long)'> (0x0000000710c756e0) 
thrown [t:\workspace\open\src\hotspot\share\interpreter\linkResolver.cpp, line 790]
Event: 13.614 Thread 0x000001687a5f2330 Exception <a 'java/lang/NoSuchMethodError'{0x0000000710c79450}: 'java.lang.Object java.lang.invoke.Invokers$Holder.linkToTargetMethod(java.lang.Object, long, java.lang.Object)'> (0x0000000710c79450) 
thrown [t:\workspace\open\src\hotspot\share\interpreter\linkResolver.cpp, line 790]

Events (20 events):
Event: 26.071 Executing  VM operation: ChangeBreakpoints done
Event: 26.071 Executing  VM operation: ChangeBreakpoints
Event: 26.071 Executing  VM operation: ChangeBreakpoints done
Event: 26.071 Executing  VM operation: ChangeBreakpoints
Event: 26.071 Executing  VM operation: ChangeBreakpoints done
Event: 26.072 Thread 0x0000016879ec5e10 Thread exited: 0x0000016879ec5e10
Event: 26.076 Thread 0x000001687a15fb80 Thread added: 0x000001687a15fb80
Event: 26.146 loading class jdk/internal/misc/Signal$1
Event: 26.146 loading class jdk/internal/misc/Signal$1 done
Event: 26.146 Thread 0x000001687a385fb0 Thread added: 0x000001687a385fb0
Event: 26.146 Thread 0x000001687a386a50 Thread added: 0x000001687a386a50
Event: 26.146 Thread 0x000001687a385a60 Thread added: 0x000001687a385a60
Event: 26.146 loading class com/sun/javafx/tk/quantum/QuantumRenderer
Event: 26.146 loading class com/sun/javafx/tk/quantum/QuantumRenderer done
Event: 26.146 Thread 0x000001687a385a60 Thread exited: 0x000001687a385a60
Event: 26.147 loading class com/sun/javafx/tk/quantum/QuantumToolkit
Event: 26.147 loading class com/sun/javafx/tk/quantum/QuantumToolkit done
Event: 26.147 Thread 0x000001687a386a50 Thread exited: 0x000001687a386a50
Event: 26.147 Thread 0x0000016878950b20 Thread exited: 0x0000016878950b20
Event: 26.147 Executing  VM operation: Exit


Dynamic libraries:
0x00007ff7fa6c0000 - 0x00007ff7fa6ce000 	C:\Users\kiril\.jdks\openjdk-16.0.1\bin\java.exe
0x00007ff997670000 - 0x00007ff997865000 	C:\WINDOWS\SYSTEM32\ntdll.dll
0x00007ff996ff0000 - 0x00007ff9970ae000 	C:\WINDOWS\System32\KERNEL32.DLL
0x00007ff995210000 - 0x00007ff9954d8000 	C:\WINDOWS\System32\KERNELBASE.dll
0x00007ff994f50000 - 0x00007ff995050000 	C:\WINDOWS\System32\ucrtbase.dll
0x00007ff975c00000 - 0x00007ff975c18000 	C:\Users\kiril\.jdks\openjdk-16.0.1\bin\jli.dll
0x00007ff976510000 - 0x00007ff976529000 	C:\Users\kiril\.jdks\openjdk-16.0.1\bin\VCRUNTIME140.dll
0x00007ff997370000 - 0x00007ff997511000 	C:\WINDOWS\System32\USER32.dll
0x00007ff983010000 - 0x00007ff9832aa000 	C:\WINDOWS\WinSxS\amd64_microsoft.windows.common-controls_6595b64144ccf1df_6.0.19041.1110_none_60b5254171f9507e\COMCTL32.dll
0x00007ff995640000 - 0x00007ff995662000 	C:\WINDOWS\System32\win32u.dll
0x00007ff9965c0000 - 0x00007ff99665e000 	C:\WINDOWS\System32\msvcrt.dll
0x00007ff996d00000 - 0x00007ff996d2b000 	C:\WINDOWS\System32\GDI32.dll
0x00007ff994d90000 - 0x00007ff994e9b000 	C:\WINDOWS\System32\gdi32full.dll
0x00007ff9955a0000 - 0x00007ff99563d000 	C:\WINDOWS\System32\msvcp_win.dll
0x00007ff997600000 - 0x00007ff997630000 	C:\WINDOWS\System32\IMM32.DLL
0x00007ff988d10000 - 0x00007ff988d1c000 	C:\Users\kiril\.jdks\openjdk-16.0.1\bin\vcruntime140_1.dll
0x00007ff95a8a0000 - 0x00007ff95a931000 	C:\Users\kiril\.jdks\openjdk-16.0.1\bin\msvcp140.dll
0x00007ff947fd0000 - 0x00007ff948b7b000 	C:\Users\kiril\.jdks\openjdk-16.0.1\bin\server\jvm.dll
0x00007ff996440000 - 0x00007ff9964ec000 	C:\WINDOWS\System32\ADVAPI32.dll
0x00007ff996dc0000 - 0x00007ff996e5b000 	C:\WINDOWS\System32\sechost.dll
0x00007ff997240000 - 0x00007ff99736a000 	C:\WINDOWS\System32\RPCRT4.dll
0x00007ff996660000 - 0x00007ff996668000 	C:\WINDOWS\System32\PSAPI.DLL
0x00007ff98b580000 - 0x00007ff98b5a7000 	C:\WINDOWS\SYSTEM32\WINMM.dll
0x00007ff98e470000 - 0x00007ff98e47a000 	C:\WINDOWS\SYSTEM32\VERSION.dll
0x00007ff9735c0000 - 0x00007ff9735c9000 	C:\WINDOWS\SYSTEM32\WSOCK32.dll
0x00007ff996e60000 - 0x00007ff996ecb000 	C:\WINDOWS\System32\WS2_32.dll
0x00007ff992cb0000 - 0x00007ff992cc2000 	C:\WINDOWS\SYSTEM32\kernel.appcore.dll
0x00007ff981300000 - 0x00007ff98130a000 	C:\Users\kiril\.jdks\openjdk-16.0.1\bin\jimage.dll
0x00007ff989a20000 - 0x00007ff989c04000 	C:\WINDOWS\SYSTEM32\DBGHELP.DLL
0x00007ff972150000 - 0x00007ff97217c000 	C:\WINDOWS\SYSTEM32\dbgcore.DLL
0x00007ff9954e0000 - 0x00007ff995563000 	C:\WINDOWS\System32\bcryptPrimitives.dll
0x00007ff980380000 - 0x00007ff9803bb000 	C:\Users\kiril\.jdks\openjdk-16.0.1\bin\jdwp.dll
0x00007ff990890000 - 0x00007ff99089e000 	C:\Users\kiril\.jdks\openjdk-16.0.1\bin\instrument.dll
0x00007ff95de30000 - 0x00007ff95de55000 	C:\Users\kiril\.jdks\openjdk-16.0.1\bin\java.dll
0x00007ff95c380000 - 0x00007ff95c398000 	C:\Users\kiril\.jdks\openjdk-16.0.1\bin\zip.dll
0x00007ff995d00000 - 0x00007ff99643f000 	C:\WINDOWS\System32\SHELL32.dll
0x00007ff992eb0000 - 0x00007ff993640000 	C:\WINDOWS\SYSTEM32\windows.storage.dll
0x00007ff9957d0000 - 0x00007ff995b25000 	C:\WINDOWS\System32\combase.dll
0x00007ff9947e0000 - 0x00007ff99480e000 	C:\WINDOWS\SYSTEM32\Wldp.dll
0x00007ff995720000 - 0x00007ff9957cd000 	C:\WINDOWS\System32\SHCORE.dll
0x00007ff9970b0000 - 0x00007ff997105000 	C:\WINDOWS\System32\shlwapi.dll
0x00007ff994cd0000 - 0x00007ff994cef000 	C:\WINDOWS\SYSTEM32\profapi.dll
0x00007ff95cc80000 - 0x00007ff95cc99000 	C:\Users\kiril\.jdks\openjdk-16.0.1\bin\net.dll
0x00007ff98c770000 - 0x00007ff98c87c000 	C:\WINDOWS\SYSTEM32\WINHTTP.dll
0x00007ff994540000 - 0x00007ff9945aa000 	C:\WINDOWS\system32\mswsock.dll
0x00007ff95c3a0000 - 0x00007ff95c3b3000 	C:\Users\kiril\.jdks\openjdk-16.0.1\bin\nio.dll
0x00007ff97c0a0000 - 0x00007ff97c0ac000 	C:\Users\kiril\.jdks\openjdk-16.0.1\bin\dt_socket.dll
0x00007ff9941e0000 - 0x00007ff99421b000 	C:\WINDOWS\SYSTEM32\IPHLPAPI.DLL
0x0000016878b90000 - 0x0000016878b93000 	C:\Users\kiril\.openjfx\cache\16\api-ms-win-core-console-l1-1-0.dll
0x0000016878ba0000 - 0x0000016878ba3000 	C:\Users\kiril\.openjfx\cache\16\api-ms-win-core-console-l1-2-0.dll
0x0000016878bb0000 - 0x0000016878bb3000 	C:\Users\kiril\.openjfx\cache\16\api-ms-win-core-datetime-l1-1-0.dll
0x0000016878bc0000 - 0x0000016878bc3000 	C:\Users\kiril\.openjfx\cache\16\api-ms-win-core-debug-l1-1-0.dll
0x0000016878bd0000 - 0x0000016878bd3000 	C:\Users\kiril\.openjfx\cache\16\api-ms-win-core-errorhandling-l1-1-0.dll
0x0000016878be0000 - 0x0000016878be4000 	C:\Users\kiril\.openjfx\cache\16\api-ms-win-core-file-l1-1-0.dll
0x0000016878bf0000 - 0x0000016878bf3000 	C:\Users\kiril\.openjfx\cache\16\api-ms-win-core-file-l1-2-0.dll
0x000001687afd0000 - 0x000001687afd3000 	C:\Users\kiril\.openjfx\cache\16\api-ms-win-core-file-l2-1-0.dll
0x000001687afe0000 - 0x000001687afe3000 	C:\Users\kiril\.openjfx\cache\16\api-ms-win-core-handle-l1-1-0.dll
0x000001687aff0000 - 0x000001687aff3000 	C:\Users\kiril\.openjfx\cache\16\api-ms-win-core-heap-l1-1-0.dll
0x000001687b000000 - 0x000001687b003000 	C:\Users\kiril\.openjfx\cache\16\api-ms-win-core-interlocked-l1-1-0.dll
0x000001687b010000 - 0x000001687b013000 	C:\Users\kiril\.openjfx\cache\16\api-ms-win-core-libraryloader-l1-1-0.dll
0x000001687b020000 - 0x000001687b023000 	C:\Users\kiril\.openjfx\cache\16\api-ms-win-core-localization-l1-2-0.dll
0x000001687b030000 - 0x000001687b033000 	C:\Users\kiril\.openjfx\cache\16\api-ms-win-core-memory-l1-1-0.dll
0x000001687b040000 - 0x000001687b043000 	C:\Users\kiril\.openjfx\cache\16\api-ms-win-core-namedpipe-l1-1-0.dll
0x000001687b050000 - 0x000001687b053000 	C:\Users\kiril\.openjfx\cache\16\api-ms-win-core-processenvironment-l1-1-0.dll
0x000001687b060000 - 0x000001687b063000 	C:\Users\kiril\.openjfx\cache\16\api-ms-win-core-processthreads-l1-1-0.dll
0x000001687b070000 - 0x000001687b073000 	C:\Users\kiril\.openjfx\cache\16\api-ms-win-core-processthreads-l1-1-1.dll
0x000001687b080000 - 0x000001687b083000 	C:\Users\kiril\.openjfx\cache\16\api-ms-win-core-profile-l1-1-0.dll
0x000001687b090000 - 0x000001687b093000 	C:\Users\kiril\.openjfx\cache\16\api-ms-win-core-rtlsupport-l1-1-0.dll
0x000001687b0a0000 - 0x000001687b0a3000 	C:\Users\kiril\.openjfx\cache\16\api-ms-win-core-string-l1-1-0.dll
0x000001687b0b0000 - 0x000001687b0b3000 	C:\Users\kiril\.openjfx\cache\16\api-ms-win-core-synch-l1-1-0.dll
0x000001687b0c0000 - 0x000001687b0c3000 	C:\Users\kiril\.openjfx\cache\16\api-ms-win-core-synch-l1-2-0.dll
0x000001687b0d0000 - 0x000001687b0d3000 	C:\Users\kiril\.openjfx\cache\16\api-ms-win-core-sysinfo-l1-1-0.dll
0x000001687b0e0000 - 0x000001687b0e3000 	C:\Users\kiril\.openjfx\cache\16\api-ms-win-core-timezone-l1-1-0.dll
0x000001687b0f0000 - 0x000001687b0f3000 	C:\Users\kiril\.openjfx\cache\16\api-ms-win-core-util-l1-1-0.dll
0x000001687b100000 - 0x000001687b103000 	C:\Users\kiril\.openjfx\cache\16\api-ms-win-crt-conio-l1-1-0.dll
0x000001687b110000 - 0x000001687b114000 	C:\Users\kiril\.openjfx\cache\16\api-ms-win-crt-convert-l1-1-0.dll
0x000001687b120000 - 0x000001687b123000 	C:\Users\kiril\.openjfx\cache\16\api-ms-win-crt-environment-l1-1-0.dll
0x000001687b130000 - 0x000001687b133000 	C:\Users\kiril\.openjfx\cache\16\api-ms-win-crt-filesystem-l1-1-0.dll
0x000001687b140000 - 0x000001687b143000 	C:\Users\kiril\.openjfx\cache\16\api-ms-win-crt-heap-l1-1-0.dll
0x000001687b150000 - 0x000001687b153000 	C:\Users\kiril\.openjfx\cache\16\api-ms-win-crt-locale-l1-1-0.dll
0x000001687b160000 - 0x000001687b165000 	C:\Users\kiril\.openjfx\cache\16\api-ms-win-crt-math-l1-1-0.dll
0x000001687b170000 - 0x000001687b175000 	C:\Users\kiril\.openjfx\cache\16\api-ms-win-crt-multibyte-l1-1-0.dll
0x000001687b180000 - 0x000001687b190000 	C:\Users\kiril\.openjfx\cache\16\api-ms-win-crt-private-l1-1-0.dll
0x000001687b190000 - 0x000001687b193000 	C:\Users\kiril\.openjfx\cache\16\api-ms-win-crt-process-l1-1-0.dll
0x000001687b1a0000 - 0x000001687b1a4000 	C:\Users\kiril\.openjfx\cache\16\api-ms-win-crt-runtime-l1-1-0.dll
0x000001687b1b0000 - 0x000001687b1b4000 	C:\Users\kiril\.openjfx\cache\16\api-ms-win-crt-stdio-l1-1-0.dll
0x000001687b1c0000 - 0x000001687b1c4000 	C:\Users\kiril\.openjfx\cache\16\api-ms-win-crt-string-l1-1-0.dll
0x000001687b1d0000 - 0x000001687b1d3000 	C:\Users\kiril\.openjfx\cache\16\api-ms-win-crt-time-l1-1-0.dll
0x000001687b1e0000 - 0x000001687b1e3000 	C:\Users\kiril\.openjfx\cache\16\api-ms-win-crt-utility-l1-1-0.dll
0x00007ff979a60000 - 0x00007ff979b5c000 	C:\Users\kiril\.openjfx\cache\16\ucrtbase.dll
0x00007ff97bf30000 - 0x00007ff97bf49000 	C:\Users\kiril\.openjfx\cache\16\vcruntime140.dll
0x00007ff97bf00000 - 0x00007ff97bf0c000 	C:\Users\kiril\.openjfx\cache\16\vcruntime140_1.dll
0x00007ff979960000 - 0x00007ff9799f1000 	C:\Users\kiril\.openjfx\cache\16\msvcp140.dll
0x00007ff979c90000 - 0x00007ff979cb7000 	C:\Users\kiril\.openjfx\cache\16\prism_d3d.dll
0x00007ff988a30000 - 0x00007ff988bfe000 	C:\WINDOWS\system32\d3d9.dll
0x00007ff9929c0000 - 0x00007ff9929ef000 	C:\WINDOWS\SYSTEM32\dwmapi.dll
0x00007ff9927d0000 - 0x00007ff99286e000 	C:\WINDOWS\system32\uxtheme.dll
0x00007ff98c1d0000 - 0x00007ff98c2d6000 	C:\WINDOWS\System32\DriverStore\FileRepository\nv_dispi.inf_amd64_44dc4eefedc0d082\nvldumdx.dll
0x00007ff994970000 - 0x00007ff994982000 	C:\WINDOWS\SYSTEM32\msasn1.dll
0x00007ff98e050000 - 0x00007ff98e081000 	C:\WINDOWS\SYSTEM32\cryptnet.dll
0x00007ff995050000 - 0x00007ff9951a6000 	C:\WINDOWS\System32\CRYPT32.dll
0x00007ff98d040000 - 0x00007ff98d18a000 	C:\WINDOWS\SYSTEM32\drvstore.dll
0x00007ff994b30000 - 0x00007ff994b64000 	C:\WINDOWS\SYSTEM32\devobj.dll
0x00007ff995670000 - 0x00007ff9956be000 	C:\WINDOWS\System32\cfgmgr32.dll
0x00007ff994750000 - 0x00007ff99475c000 	C:\WINDOWS\SYSTEM32\cryptbase.dll
0x00007ff9951b0000 - 0x00007ff995210000 	C:\WINDOWS\System32\WINTRUST.DLL
0x00007ff996ed0000 - 0x00007ff996eed000 	C:\WINDOWS\System32\imagehlp.dll
0x00007ff994730000 - 0x00007ff994748000 	C:\WINDOWS\SYSTEM32\CRYPTSP.dll
0x00007ff993e50000 - 0x00007ff993e84000 	C:\WINDOWS\system32\rsaenh.dll
0x00007ff995570000 - 0x00007ff995597000 	C:\WINDOWS\System32\bcrypt.dll
0x00007ff92c4b0000 - 0x00007ff92dc45000 	C:\WINDOWS\System32\DriverStore\FileRepository\nv_dispi.inf_amd64_44dc4eefedc0d082\nvd3dumx.dll
0x00007ff979910000 - 0x00007ff979952000 	C:\Users\kiril\.openjfx\cache\16\glass.dll
0x00007ff997520000 - 0x00007ff9975fa000 	C:\WINDOWS\System32\COMDLG32.dll
0x00007ff997110000 - 0x00007ff99723a000 	C:\WINDOWS\System32\ole32.dll
0x00007ff9964f0000 - 0x00007ff9965bd000 	C:\WINDOWS\System32\OLEAUT32.dll
0x0000000180000000 - 0x00000001803cc000 	C:\Programs\RivaTuner Statistics Server\RTSSHooks64.dll
0x00007ff996820000 - 0x00007ff996c92000 	C:\WINDOWS\System32\SETUPAPI.dll
0x00007ff995b30000 - 0x00007ff995c45000 	C:\WINDOWS\System32\MSCTF.dll
0x00007ff940940000 - 0x00007ff940c03000 	C:\WINDOWS\system32\nvspcap64.dll
0x00007ff993a80000 - 0x00007ff993ab3000 	C:\WINDOWS\SYSTEM32\ntmarta.dll
0x00007ff993650000 - 0x00007ff993673000 	C:\WINDOWS\SYSTEM32\gpapi.dll
0x00007ff990190000 - 0x00007ff9901cb000 	C:\WINDOWS\SYSTEM32\dxcore.dll
0x00007ff979c70000 - 0x00007ff979c84000 	C:\Users\kiril\.openjfx\cache\16\javafx_font.dll
0x00007ff989790000 - 0x00007ff989a13000 	C:\WINDOWS\SYSTEM32\dwrite.dll
0x00007ff995c50000 - 0x00007ff995cf9000 	C:\WINDOWS\System32\clbcatq.dll
0x00007ff98e730000 - 0x00007ff98e8e4000 	C:\WINDOWS\SYSTEM32\WindowsCodecs.dll
0x00007ff953a70000 - 0x00007ff953aae000 	C:\WINDOWS\system32\dataexchange.dll
0x00007ff991a00000 - 0x00007ff991be5000 	C:\WINDOWS\system32\dcomp.dll

dbghelp: loaded successfully - version: 4.0.5 - missing functions: none
symbol engine: initialized successfully - sym options: 0x614 - pdb path: .;C:\Users\kiril\.jdks\openjdk-16.0.1\bin;C:\WINDOWS\SYSTEM32;C:\WINDOWS\WinSxS\amd64_microsoft.windows.common-controls_6595b64144ccf1df_6.0.19041.1110_none_60b5254171f9507e;C:\Users\kiril\.jdks\openjdk-16.0.1\bin\server;C:\Users\kiril\.openjfx\cache\16;C:\WINDOWS\System32\DriverStore\FileRepository\nv_dispi.inf_amd64_44dc4eefedc0d082;C:\Programs\RivaTuner Statistics Server;C:\Program Files\Common Files\Microsoft Shared\Ink

VM Arguments:
jvm_args: -agentlib:jdwp=transport=dt_socket,address=127.0.0.1:50528,suspend=y,server=n -javaagent:C:\Users\kiril\AppData\Local\JetBrains\IdeaIC2021.3\captureAgent\debugger-agent.jar -Dfile.encoding=UTF-8 --module-path=C:\Users\kiril\.m2\repository\org\openjfx\javafx-graphics\16\javafx-graphics-16-win.jar;C:\Users\kiril\.m2\repository\org\openjfx\javafx-fxml\16\javafx-fxml-16-win.jar;C:\Users\kiril\.m2\repository\org\openjfx\javafx-controls\16\javafx-controls-16-win.jar;C:\Users\kiril\.m2\repository\org\openjfx\javafx-base\16\javafx-base-16-win.jar;C:\Users\kiril\Desktop\subd\target\classes -Djdk.module.main=com.example.subd 
java_command: com.example.subd/com.example.subd.MainApplication
java_class_path (initial): C:\Users\kiril\.m2\repository\org\openjfx\javafx-controls\16\javafx-controls-16.jar;C:\Users\kiril\.m2\repository\org\openjfx\javafx-graphics\16\javafx-graphics-16.jar;C:\Users\kiril\.m2\repository\org\openjfx\javafx-base\16\javafx-base-16.jar;C:\Users\kiril\.m2\repository\org\openjfx\javafx-fxml\16\javafx-fxml-16.jar;C:\Programs\JetBrains\IntelliJ IDEA Community Edition 2021.3\lib\idea_rt.jar
Launcher Type: SUN_STANDARD

[Global flags]
     intx CICompilerCount                          = 12                                        {product} {ergonomic}
     uint ConcGCThreads                            = 3                                         {product} {ergonomic}
     uint G1ConcRefinementThreads                  = 13                                        {product} {ergonomic}
   size_t G1HeapRegionSize                         = 2097152                                   {product} {ergonomic}
    uintx GCDrainStackTargetSize                   = 64                                        {product} {ergonomic}
   size_t InitialHeapSize                          = 268435456                                 {product} {ergonomic}
   size_t MarkStackSize                            = 4194304                                   {product} {ergonomic}
   size_t MaxHeapSize                              = 4278190080                                {product} {ergonomic}
   size_t MaxNewSize                               = 2566914048                                {product} {ergonomic}
   size_t MinHeapDeltaBytes                        = 2097152                                   {product} {ergonomic}
   size_t MinHeapSize                              = 8388608                                   {product} {ergonomic}
    uintx NonNMethodCodeHeapSize                   = 7602480                                {pd product} {ergonomic}
    uintx NonProfiledCodeHeapSize                  = 122027880                              {pd product} {ergonomic}
    uintx ProfiledCodeHeapSize                     = 122027880                              {pd product} {ergonomic}
    uintx ReservedCodeCacheSize                    = 251658240                              {pd product} {ergonomic}
     bool SegmentedCodeCache                       = true                                      {product} {ergonomic}
   size_t SoftMaxHeapSize                          = 4278190080                             {manageable} {ergonomic}
     bool UseCompressedClassPointers               = true                           {product lp64_product} {ergonomic}
     bool UseCompressedOops                        = true                           {product lp64_product} {ergonomic}
     bool UseG1GC                                  = true                                      {product} {ergonomic}
     bool UseLargePagesIndividualAllocation        = false                                  {pd product} {ergonomic}

Logging:
Log output configuration:
 #0: stdout all=off uptime,level,tags
 #1: stderr all=off uptime,level,tags

Environment Variables:
PATH=C:\Program Files (x86)\Embarcadero\Studio\20.0\bin;C:\Users\Public\Documents\Embarcadero\Studio\20.0\Bpl;C:\Program Files (x86)\Embarcadero\Studio\20.0\bin64;C:\Users\Public\Documents\Embarcadero\Studio\20.0\Bpl\Win64;C:\Program Files (x86)\Common Files\Oracle\Java\javapath;C:\ProgramData\Oracle\Java\javapath;C:\Windows\system32;C:\Windows;C:\Windows\System32\Wbem;C:\Windows\System32\WindowsPowerShell\v1.0\;C:\Windows\System32\OpenSSH\;C:\Program Files\NVIDIA Corporation\NVIDIA NvDLISR;C:\Program Files (x86)\Windows Kits\10\Windows Performance Toolkit\;C:\Program Files\Microsoft SQL Server\130\Tools\Binn\;C:\Program Files (x86)\NVIDIA Corporation\PhysX\Common;C:\Program Files\dotnet\;C:\Program Files\Microsoft SQL Server\Client SDK\ODBC\170\Tools\Binn\;C:\Program Files (x86)\Microsoft SQL Server\150\Tools\Binn\;C:\Program Files\Microsoft SQL Server\150\Tools\Binn\;C:\Program Files\Microsoft SQL Server\150\DTS\Binn\;C:\Program Files (x86)\Microsoft SQL Server\150\DTS\Binn\;C:\Program Files\Azure Data Studio\bin;C:\Program Files\Microsoft SQL Server\Client SDK\ODBC\130\Tools\Binn\;C:\Program Files (x86)\Microsoft SQL Server\140\Tools\Binn\;C:\Program Files\Microsoft SQL Server\140\Tools\Binn\;C:\Program Files\Microsoft SQL Server\140\DTS\Binn\;C:\Programs\Git\cmd;C:\WINDOWS\system32;C:\WINDOWS;C:\WINDOWS\System32\Wbem;C:\WINDOWS\System32\WindowsPowerShell\v1.0\;C:\WINDOWS\System32\OpenSSH\;C:\Program Files\MySQL\MySQL Shell 8.0\bin\;C:\Users\kiril\AppData\Local\Programs\Python\Python38-32\Scripts\;C:\Users\kiril\AppData\Local\Programs\Python\Python38-32\;C:\Users\kiril\AppData\Local\Microsoft\WindowsApps;C:\Users\kiril\.dotnet\tools;C:\Program Files\Azure Data Studio\bin;C:\Programs\JetBrains\IntelliJ IDEA Community Edition 2020.3.2\bin;;C:\Programs\JetBrains\PyCharm Community Edition 2020.3.3\bin;;C:\Users\kiril\AppData\Local\Programs\MiKTeX\miktex\bin\x64\;C:\Users\kiril\AppData\Local\Programs\Microsoft VS Code\bin;C:\Program Files\mingw-w64\x86_64-8.1.0-win32-seh
USERNAME=kiril
OS=Windows_NT
PROCESSOR_IDENTIFIER=AMD64 Family 23 Model 113 Stepping 0, AuthenticAMD



---------------  S Y S T E M  ---------------

OS:
 Windows 10 , 64 bit Build 19041 (10.0.19041.1348)
OS uptime: 0 days 1:54 hours

CPU: total 16 (initial active 16) (16 cores per cpu, 2 threads per core) family 23 model 113 stepping 0 microcode 0x0, cx8, cmov, fxsr, ht, mmx, 3dnowpref, sse, sse2, sse3, ssse3, sse4a, sse4.1, sse4.2, popcnt, lzcnt, tsc, tscinvbit, avx, avx2, aes, clmul, bmi1, bmi2, adx, sha, fma, vzeroupper, clflush, clflushopt

Memory: 4k page, system-wide physical 16315M (8371M free)
TotalPageFile size 21691M (AvailPageFile size 8462M)
current process WorkingSet (physical memory assigned to process): 150M, peak: 152M
current process commit charge ("private bytes"): 443M, peak: 446M

vm_info: OpenJDK 64-Bit Server VM (16.0.1+9-24) for windows-amd64 JRE (16.0.1+9-24), built on Mar 26 2021 19:30:07 by "mach5one" with MS VC++ 16.7 (VS2019)

END.
