#
# A fatal error has been detected by the Java Runtime Environment:
#
#  EXCEPTION_ACCESS_VIOLATION (0xc0000005) at pc=0x00007ff97beb6997, pid=15252, tid=15740
#
# JRE version: OpenJDK Runtime Environment (16.0.1+9) (build 16.0.1+9-24)
# Java VM: OpenJDK 64-Bit Server VM (16.0.1+9-24, mixed mode, sharing, tiered, compressed oops, compressed class ptrs, g1 gc, windows-amd64)
# Problematic frame:
# C  [glass.dll+0x26997]
#
# No core dump will be written. Minidumps are not enabled by default on client versions of Windows
#
# If you would like to submit a bug report, please visit:
#   https://bugreport.java.com/bugreport/crash.jsp
#

---------------  S U M M A R Y ------------

Command Line: -javaagent:C:\Programs\JetBrains\IntelliJ IDEA Community Edition 2021.3\lib\idea_rt.jar=50537:C:\Programs\JetBrains\IntelliJ IDEA Community Edition 2021.3\bin -Dfile.encoding=UTF-8 --module-path=C:\Users\kiril\.m2\repository\org\openjfx\javafx-graphics\16\javafx-graphics-16-win.jar;C:\Users\kiril\.m2\repository\org\openjfx\javafx-fxml\16\javafx-fxml-16-win.jar;C:\Users\kiril\.m2\repository\org\openjfx\javafx-controls\16\javafx-controls-16-win.jar;C:\Users\kiril\.m2\repository\org\openjfx\javafx-base\16\javafx-base-16-win.jar;C:\Users\kiril\Desktop\subd\target\classes -Djdk.module.main=com.example.subd com.example.subd/com.example.subd.MainApplication

Host: AMD Ryzen 7 3700X 8-Core Processor             , 16 cores, 15G,  Windows 10 , 64 bit Build 19041 (10.0.19041.1348)
Time: Sat Dec  4 20:18:18 2021 Russia TZ 2 Standard Time elapsed time: 7.383421 seconds (0d 0h 0m 7s)

---------------  T H R E A D  ---------------

Current thread (0x0000021e0cc7ff90):  VMThread "VM Thread" [stack: 0x000000e6b3c00000,0x000000e6b3d00000] [id=15740]

Stack: [0x000000e6b3c00000,0x000000e6b3d00000],  sp=0x000000e6b3cff080,  free space=1020k
Native frames: (J=compiled Java code, j=interpreted, Vv=VM code, C=native code)
C  [glass.dll+0x26997]


siginfo: EXCEPTION_ACCESS_VIOLATION (0xc0000005), reading address 0x0000000000000000


Register to memory mapping:

RIP=0x00007ff97beb6997 glass.dll
RAX=0x0 is NULL
RBX=0x0000021e0cc89168 is a global jni handle
RCX=0x0000021e0cc7ff90 points into unknown readable memory: 0x00007ff94893f638 | 38 f6 93 48 f9 7f 00 00
RDX=0x000000e6b3cff080 points into unknown readable memory: 0x0000000000000000 | 00 00 00 00 00 00 00 00
RSP=0x000000e6b3cff080 points into unknown readable memory: 0x0000000000000000 | 00 00 00 00 00 00 00 00
RBP=0x0000021e0dda70c8 points into unknown readable memory: 0x0000ac1a757c7115 | 15 71 7c 75 1a ac 00 00
RSI=0x0000021e0dda70a0 points into unknown readable memory: 0xff2fd17ddcfc711a | 1a 71 fc dc 7d d1 2f ff
RDI=0x0000ac1a757c7115 is an unknown value
R8 =0x0000000000010002 is an unknown value
R9 =0x0000ac1a757c7115 is an unknown value
R10=0x0000000000008000 is an unknown value
R11=0x000000e6b3cff010 points into unknown readable memory: 0x0000021e0dda70a0 | a0 70 da 0d 1e 02 00 00
R12=0x00007ff97beb4234 glass.dll
R13=0x0000021e69552c20 points into unknown readable memory: 0x8000000900000001 | 01 00 00 00 09 00 00 80
R14=0x000000e6b3cff178 points into unknown readable memory: 0x000000e6b3cff160 | 60 f1 cf b3 e6 00 00 00
R15=0x0000021e0dda70a0 points into unknown readable memory: 0xff2fd17ddcfc711a | 1a 71 fc dc 7d d1 2f ff


Registers:
RAX=0x0000000000000000, RBX=0x0000021e0cc89168, RCX=0x0000021e0cc7ff90, RDX=0x000000e6b3cff080
RSP=0x000000e6b3cff080, RBP=0x0000021e0dda70c8, RSI=0x0000021e0dda70a0, RDI=0x0000ac1a757c7115
R8 =0x0000000000010002, R9 =0x0000ac1a757c7115, R10=0x0000000000008000, R11=0x000000e6b3cff010
R12=0x00007ff97beb4234, R13=0x0000021e69552c20, R14=0x000000e6b3cff178, R15=0x0000021e0dda70a0
RIP=0x00007ff97beb6997, EFLAGS=0x0000000000010206

Top of Stack: (sp=0x000000e6b3cff080)
0x000000e6b3cff080:   0000000000000000 0000021e0dda70a0
0x000000e6b3cff090:   0000021e69552c20 00007ff97beb4234
0x000000e6b3cff0a0:   0000021e0dda70a8 00007ff994f642d6
0x000000e6b3cff0b0:   0000ac1a757c7115 0000021e00000000
0x000000e6b3cff0c0:   0000021e0dda70c8 0000021e0dda70a0
0x000000e6b3cff0d0:   fffffffffffffffe 0000000000000000
0x000000e6b3cff0e0:   0000000000000001 00007ff97be90000
0x000000e6b3cff0f0:   000000e6b3cff168 00007ff994f641fb
0x000000e6b3cff100:   0000000000000000 000000e6b3cff178
0x000000e6b3cff110:   000000e6b3cff440 00007ff995040e40
0x000000e6b3cff120:   0000000000000001 00007ff994f641b4
0x000000e6b3cff130:   0000000000000000 0000000000000001
0x000000e6b3cff140:   0000021e0f786978 000000e6b3cff168
0x000000e6b3cff150:   0000021e0f786980 00007ff97beb40c1
0x000000e6b3cff160:   00007ff97beca128 0000000100000002
0x000000e6b3cff170:   0000021e00000002 000000e6b3cff160 

Instructions: (pc=0x00007ff97beb6997)
0x00007ff97beb6897:   8b 4d 58 e8 d1 ce ff ff 48 8b 4d 60 e8 c8 ce ff
0x00007ff97beb68a7:   ff 48 8b 95 80 00 00 00 48 8b 8d 18 01 00 00 e8
0x00007ff97beb68b7:   96 c3 ff ff 33 d2 33 c9 e8 12 e1 ff ff 90 48 89
0x00007ff97beb68c7:   54 24 10 55 48 83 ec 20 48 8b ea 48 b8 00 00 00
0x00007ff97beb68d7:   00 00 00 00 00 48 83 c4 20 5d c3 cc 40 55 48 8b
0x00007ff97beb68e7:   ea 48 8b 01 33 c9 81 38 05 00 00 c0 0f 94 c1 8b
0x00007ff97beb68f7:   c1 5d c3 cc 40 55 48 83 ec 20 48 8b ea 8a 4d 40
0x00007ff97beb6907:   48 83 c4 20 5d e9 c7 d2 ff ff cc 40 55 48 83 ec
0x00007ff97beb6917:   20 48 8b ea 8a 4d 20 e8 b5 d2 ff ff 90 48 83 c4
0x00007ff97beb6927:   20 5d c3 cc 40 55 48 83 ec 20 48 8b ea 48 83 c4
0x00007ff97beb6937:   20 5d e9 16 d1 ff ff cc 40 55 48 83 ec 30 48 8b
0x00007ff97beb6947:   ea 48 8b 01 8b 10 48 89 4c 24 28 89 54 24 20 4c
0x00007ff97beb6957:   8d 0d b7 d5 ff ff 4c 8b 45 70 8b 55 68 48 8b 4d
0x00007ff97beb6967:   60 e8 57 d0 ff ff 90 48 83 c4 30 5d c3 cc cc cc
0x00007ff97beb6977:   cc cc cc cc cc cc cc cc cc 40 53 48 83 ec 20 48
0x00007ff97beb6987:   8b 1d 93 31 01 00 48 85 db 74 16 e8 29 8b ff ff
0x00007ff97beb6997:   4c 8b 00 48 8b d3 48 8b c8 41 ff 90 b0 00 00 00
0x00007ff97beb69a7:   90 48 83 c4 20 5b c3 cc cc 40 53 48 83 ec 20 48
0x00007ff97beb69b7:   8b 1d 0b 33 01 00 48 85 db 74 57 b8 ff ff ff ff
0x00007ff97beb69c7:   f0 0f c1 43 10 83 f8 01 75 3d 48 85 db 74 38 48
0x00007ff97beb69d7:   8b 0b 48 85 c9 74 0d ff 15 c4 08 00 00 48 c7 03
0x00007ff97beb69e7:   00 00 00 00 48 8b 4b 08 48 85 c9 74 0d e8 77 cd
0x00007ff97beb69f7:   ff ff 48 c7 43 08 00 00 00 00 ba 18 00 00 00 48
0x00007ff97beb6a07:   8b cb e8 62 cd ff ff 48 c7 05 af 32 01 00 00 00
0x00007ff97beb6a17:   00 00 48 83 c4 20 5b c3 cc 40 53 48 83 ec 20 48
0x00007ff97beb6a27:   8b 1d 7b 32 01 00 48 85 db 74 57 b8 ff ff ff ff
0x00007ff97beb6a37:   f0 0f c1 43 10 83 f8 01 75 3d 48 85 db 74 38 48
0x00007ff97beb6a47:   8b 0b 48 85 c9 74 0d ff 15 54 08 00 00 48 c7 03
0x00007ff97beb6a57:   00 00 00 00 48 8b 4b 08 48 85 c9 74 0d e8 07 cd
0x00007ff97beb6a67:   ff ff 48 c7 43 08 00 00 00 00 ba 18 00 00 00 48
0x00007ff97beb6a77:   8b cb e8 f2 cc ff ff 48 c7 05 1f 32 01 00 00 00
0x00007ff97beb6a87:   00 00 48 83 c4 20 5b c3 cc 40 53 48 83 ec 20 48 


Stack slot to memory mapping:
stack at sp + 0 slots: 0x0 is NULL
stack at sp + 1 slots: 0x0000021e0dda70a0 points into unknown readable memory: 0xff2fd17ddcfc711a | 1a 71 fc dc 7d d1 2f ff
stack at sp + 2 slots: 0x0000021e69552c20 points into unknown readable memory: 0x8000000900000001 | 01 00 00 00 09 00 00 80
stack at sp + 3 slots: 0x00007ff97beb4234 glass.dll
stack at sp + 4 slots: 0x0000021e0dda70a8 points into unknown readable memory: 0x0000ac1a757c7115 | 15 71 7c 75 1a ac 00 00
stack at sp + 5 slots: 0x00007ff994f642d6 ucrtbase.dll
stack at sp + 6 slots: 0x0000ac1a757c7115 is an unknown value
stack at sp + 7 slots: 0x0000021e00000000 is an unknown value

VM_Operation (0x000000e6b47ff2f0): Exit, mode: safepoint, requested by thread 0x0000021e0f100da0


---------------  P R O C E S S  ---------------

Threads class SMR info:
_java_thread_list=0x0000021e16625990, length=20, elements={
0x0000021e694efb10, 0x0000021e0cc83370, 0x0000021e0cc849d0, 0x0000021e0cc994c0,
0x0000021e0cca0790, 0x0000021e0cca1190, 0x0000021e0cca2c00, 0x0000021e0ccaa6d0,
0x0000021e0d828470, 0x0000021e0cc64980, 0x0000021e0ea24990, 0x0000021e0ea61c40,
0x0000021e0ea616f0, 0x0000021e0ea62190, 0x0000021e0ea60700, 0x0000021e0ea62c30,
0x0000021e0ea63180, 0x0000021e0ea636d0, 0x0000021e0ea63c20, 0x0000021e0f100da0
}

Java Threads: ( => current thread )
  0x0000021e694efb10 JavaThread "main" [_thread_blocked, id=4176, stack(0x000000e6b3600000,0x000000e6b3700000)]
  0x0000021e0cc83370 JavaThread "Reference Handler" daemon [_thread_blocked, id=12996, stack(0x000000e6b3d00000,0x000000e6b3e00000)]
  0x0000021e0cc849d0 JavaThread "Finalizer" daemon [_thread_blocked, id=14484, stack(0x000000e6b3e00000,0x000000e6b3f00000)]
  0x0000021e0cc994c0 JavaThread "Attach Listener" daemon [_thread_blocked, id=4608, stack(0x000000e6b4000000,0x000000e6b4100000)]
  0x0000021e0cca0790 JavaThread "Service Thread" daemon [_thread_blocked, id=11732, stack(0x000000e6b4100000,0x000000e6b4200000)]
  0x0000021e0cca1190 JavaThread "Monitor Deflation Thread" daemon [_thread_blocked, id=16328, stack(0x000000e6b4200000,0x000000e6b4300000)]
  0x0000021e0cca2c00 JavaThread "C2 CompilerThread0" daemon [_thread_blocked, id=11328, stack(0x000000e6b4300000,0x000000e6b4400000)]
  0x0000021e0ccaa6d0 JavaThread "C1 CompilerThread0" daemon [_thread_blocked, id=7940, stack(0x000000e6b4400000,0x000000e6b4500000)]
  0x0000021e0d828470 JavaThread "Sweeper thread" daemon [_thread_blocked, id=15044, stack(0x000000e6b4500000,0x000000e6b4600000)]
  0x0000021e0cc64980 JavaThread "Common-Cleaner" daemon [_thread_blocked, id=9192, stack(0x000000e6b4600000,0x000000e6b4700000)]
  0x0000021e0ea24990 JavaThread "Monitor Ctrl-Break" daemon [_thread_in_native, id=4088, stack(0x000000e6b4e00000,0x000000e6b4f00000)]
  0x0000021e0ea61c40 JavaThread "Notification Thread" daemon [_thread_blocked, id=9384, stack(0x000000e6b4f00000,0x000000e6b5000000)]
  0x0000021e0ea616f0 JavaThread "QuantumRenderer-0" daemon [_thread_blocked, id=5500, stack(0x000000e6b5100000,0x000000e6b5200000)]
  0x0000021e0ea62190 JavaThread "InvokeLaterDispatcher" daemon [_thread_blocked, id=13948, stack(0x000000e6b5300000,0x000000e6b5400000)]
  0x0000021e0ea60700 JavaThread "JavaFX Application Thread" [_thread_in_native, id=1428, stack(0x000000e6b5400000,0x000000e6b5500000)]
  0x0000021e0ea62c30 JavaThread "JavaFX-Launcher" [_thread_blocked, id=14328, stack(0x000000e6b4b00000,0x000000e6b4c00000)]
  0x0000021e0ea63180 JavaThread "Thread-2" daemon [_thread_in_native, id=12032, stack(0x000000e6b4a00000,0x000000e6b4b00000)]
  0x0000021e0ea636d0 JavaThread "Prism Font Disposer" daemon [_thread_blocked, id=1888, stack(0x000000e6b5e00000,0x000000e6b5f00000)]
  0x0000021e0ea63c20 JavaThread "Cleaner-0" daemon [_thread_blocked, id=13148, stack(0x000000e6b5f00000,0x000000e6b6000000)]
  0x0000021e0f100da0 JavaThread "SIGINT handler" daemon [_thread_blocked, id=6352, stack(0x000000e6b4700000,0x000000e6b4800000)]

Other Threads:
=>0x0000021e0cc7ff90 VMThread "VM Thread" [stack: 0x000000e6b3c00000,0x000000e6b3d00000] [id=15740]
  0x0000021e6953f8c0 GCTaskThread "GC Thread#0" [stack: 0x000000e6b3700000,0x000000e6b3800000] [id=15660]
  0x0000021e0efc39e0 GCTaskThread "GC Thread#1" [stack: 0x000000e6b4c00000,0x000000e6b4d00000] [id=1772]
  0x0000021e0ef61740 GCTaskThread "GC Thread#2" [stack: 0x000000e6b4d00000,0x000000e6b4e00000] [id=14824]
  0x0000021e0eff3780 GCTaskThread "GC Thread#3" [stack: 0x000000e6b5600000,0x000000e6b5700000] [id=12236]
  0x0000021e0eff5980 GCTaskThread "GC Thread#4" [stack: 0x000000e6b5700000,0x000000e6b5800000] [id=7556]
  0x0000021e0eff60a0 GCTaskThread "GC Thread#5" [stack: 0x000000e6b5800000,0x000000e6b5900000] [id=10960]
  0x0000021e170b0c20 GCTaskThread "GC Thread#6" [stack: 0x000000e6b4800000,0x000000e6b4900000] [id=3212]
  0x0000021e169a64e0 GCTaskThread "GC Thread#7" [stack: 0x000000e6b5900000,0x000000e6b5a00000] [id=14508]
  0x0000021e0f32c690 GCTaskThread "GC Thread#8" [stack: 0x000000e6b5a00000,0x000000e6b5b00000] [id=15232]
  0x0000021e169a4f90 GCTaskThread "GC Thread#9" [stack: 0x000000e6b6000000,0x000000e6b6100000] [id=2572]
  0x0000021e0d90d600 GCTaskThread "GC Thread#10" [stack: 0x000000e6b6100000,0x000000e6b6200000] [id=15412]
  0x0000021e0d9576e0 GCTaskThread "GC Thread#11" [stack: 0x000000e6b6200000,0x000000e6b6300000] [id=12636]
  0x0000021e0ee5b4b0 GCTaskThread "GC Thread#12" [stack: 0x000000e6b6300000,0x000000e6b6400000] [id=14392]
  0x0000021e69550800 ConcurrentGCThread "G1 Main Marker" terminated
  0x0000021e69551a10 ConcurrentGCThread "G1 Conc#0" [stack: 0x000000e6b3900000,0x000000e6b3a00000] [id=8548]
  0x0000021e0cb444e0 ConcurrentGCThread "G1 Refine#0" terminated
  0x0000021e695bc0e0 ConcurrentGCThread "G1 Service" terminated

Threads with active compile tasks:
C1 CompilerThread0  
[error occurred during error reporting (printing all threads), id 0xc0000005, EXCEPTION_ACCESS_VIOLATION (0xc0000005) at pc=0x00007ff94875bb63]

VM state: at safepoint (shutting down)

VM Mutex/Monitor currently owned by a thread:  ([mutex/lock_event])
[0x0000021e694ea8c0] Threads_lock - owner thread: 0x0000021e0cc7ff90
[0x0000021e694ea3b0] Heap_lock - owner thread: 0x0000021e0f100da0

Heap address: 0x0000000701000000, size: 4080 MB, Compressed Oops mode: Zero based, Oop shift amount: 3

CDS archive(s) mapped at: [0x0000000800000000-0x0000000800bb0000-0x0000000800bb0000), size 12255232, SharedBaseAddress: 0x0000000800000000, ArchiveRelocationMode: 0.
Compressed class space mapped at: 0x0000000800c00000-0x0000000840c00000, reserved size: 1073741824
Narrow klass base: 0x0000000800000000, Narrow klass shift: 3, Narrow klass range: 0x100000000

GC Precious Log:
 CPUs: 16 total, 16 available
 Memory: 16315M
 Large Page Support: Disabled
 NUMA Support: Disabled
 Compressed Oops: Enabled (Zero based)
 Heap Region Size: 2M
 Heap Min Capacity: 8M
 Heap Initial Capacity: 256M
 Heap Max Capacity: 4080M
 Pre-touch: Disabled
 Parallel Workers: 13
 Concurrent Workers: 3
 Concurrent Refinement Workers: 13
 Periodic GC: Disabled

Heap:
 garbage-first heap   total 262144K, used 9625K [0x0000000701000000, 0x0000000800000000)
  region size 2048K, 4 young (8192K), 3 survivors (6144K)
 Metaspace       used 14971K, committed 15168K, reserved 1064960K
  class space    used 2084K, committed 2176K, reserved 1048576K

Heap Regions: E=young(eden), S=young(survivor), O=old, HS=humongous(starts), HC=humongous(continues), CS=collection set, F=free, OA=open archive, CA=closed archive, TAMS=top-at-mark-start (previous, next)
|   0|0x0000000701000000, 0x0000000701200000, 0x0000000701200000|100%|HS|  |TAMS 0x0000000701000000, 0x0000000701000000| Complete 
|   1|0x0000000701200000, 0x0000000701366400, 0x0000000701400000| 69%| O|  |TAMS 0x0000000701200000, 0x0000000701200000| Untracked 
|   2|0x0000000701400000, 0x0000000701400000, 0x0000000701600000|  0%| F|  |TAMS 0x0000000701400000, 0x0000000701400000| Untracked 
|   3|0x0000000701600000, 0x0000000701600000, 0x0000000701800000|  0%| F|  |TAMS 0x0000000701600000, 0x0000000701600000| Untracked 
|   4|0x0000000701800000, 0x0000000701800000, 0x0000000701a00000|  0%| F|  |TAMS 0x0000000701800000, 0x0000000701800000| Untracked 
|   5|0x0000000701a00000, 0x0000000701a00000, 0x0000000701c00000|  0%| F|  |TAMS 0x0000000701a00000, 0x0000000701a00000| Untracked 
|   6|0x0000000701c00000, 0x0000000701c00000, 0x0000000701e00000|  0%| F|  |TAMS 0x0000000701c00000, 0x0000000701c00000| Untracked 
|   7|0x0000000701e00000, 0x0000000701e00000, 0x0000000702000000|  0%| F|  |TAMS 0x0000000701e00000, 0x0000000701e00000| Untracked 
|   8|0x0000000702000000, 0x0000000702000000, 0x0000000702200000|  0%| F|  |TAMS 0x0000000702000000, 0x0000000702000000| Untracked 
|   9|0x0000000702200000, 0x0000000702200000, 0x0000000702400000|  0%| F|  |TAMS 0x0000000702200000, 0x0000000702200000| Untracked 
|  10|0x0000000702400000, 0x0000000702400000, 0x0000000702600000|  0%| F|  |TAMS 0x0000000702400000, 0x0000000702400000| Untracked 
|  11|0x0000000702600000, 0x0000000702600000, 0x0000000702800000|  0%| F|  |TAMS 0x0000000702600000, 0x0000000702600000| Untracked 
|  12|0x0000000702800000, 0x0000000702800000, 0x0000000702a00000|  0%| F|  |TAMS 0x0000000702800000, 0x0000000702800000| Untracked 
|  13|0x0000000702a00000, 0x0000000702a00000, 0x0000000702c00000|  0%| F|  |TAMS 0x0000000702a00000, 0x0000000702a00000| Untracked 
|  14|0x0000000702c00000, 0x0000000702c00000, 0x0000000702e00000|  0%| F|  |TAMS 0x0000000702c00000, 0x0000000702c00000| Untracked 
|  15|0x0000000702e00000, 0x0000000702e00000, 0x0000000703000000|  0%| F|  |TAMS 0x0000000702e00000, 0x0000000702e00000| Untracked 
|  16|0x0000000703000000, 0x0000000703000000, 0x0000000703200000|  0%| F|  |TAMS 0x0000000703000000, 0x0000000703000000| Untracked 
|  17|0x0000000703200000, 0x0000000703200000, 0x0000000703400000|  0%| F|  |TAMS 0x0000000703200000, 0x0000000703200000| Untracked 
|  18|0x0000000703400000, 0x0000000703400000, 0x0000000703600000|  0%| F|  |TAMS 0x0000000703400000, 0x0000000703400000| Untracked 
|  19|0x0000000703600000, 0x0000000703600000, 0x0000000703800000|  0%| F|  |TAMS 0x0000000703600000, 0x0000000703600000| Untracked 
|  20|0x0000000703800000, 0x0000000703800000, 0x0000000703a00000|  0%| F|  |TAMS 0x0000000703800000, 0x0000000703800000| Untracked 
|  21|0x0000000703a00000, 0x0000000703a00000, 0x0000000703c00000|  0%| F|  |TAMS 0x0000000703a00000, 0x0000000703a00000| Untracked 
|  22|0x0000000703c00000, 0x0000000703c00000, 0x0000000703e00000|  0%| F|  |TAMS 0x0000000703c00000, 0x0000000703c00000| Untracked 
|  23|0x0000000703e00000, 0x0000000703e00000, 0x0000000704000000|  0%| F|  |TAMS 0x0000000703e00000, 0x0000000703e00000| Untracked 
|  24|0x0000000704000000, 0x0000000704000000, 0x0000000704200000|  0%| F|  |TAMS 0x0000000704000000, 0x0000000704000000| Untracked 
|  25|0x0000000704200000, 0x0000000704200000, 0x0000000704400000|  0%| F|  |TAMS 0x0000000704200000, 0x0000000704200000| Untracked 
|  26|0x0000000704400000, 0x0000000704400000, 0x0000000704600000|  0%| F|  |TAMS 0x0000000704400000, 0x0000000704400000| Untracked 
|  27|0x0000000704600000, 0x0000000704600000, 0x0000000704800000|  0%| F|  |TAMS 0x0000000704600000, 0x0000000704600000| Untracked 
|  28|0x0000000704800000, 0x0000000704800000, 0x0000000704a00000|  0%| F|  |TAMS 0x0000000704800000, 0x0000000704800000| Untracked 
|  29|0x0000000704a00000, 0x0000000704a00000, 0x0000000704c00000|  0%| F|  |TAMS 0x0000000704a00000, 0x0000000704a00000| Untracked 
|  30|0x0000000704c00000, 0x0000000704c00000, 0x0000000704e00000|  0%| F|  |TAMS 0x0000000704c00000, 0x0000000704c00000| Untracked 
|  31|0x0000000704e00000, 0x0000000704e00000, 0x0000000705000000|  0%| F|  |TAMS 0x0000000704e00000, 0x0000000704e00000| Untracked 
|  32|0x0000000705000000, 0x0000000705000000, 0x0000000705200000|  0%| F|  |TAMS 0x0000000705000000, 0x0000000705000000| Untracked 
|  33|0x0000000705200000, 0x0000000705200000, 0x0000000705400000|  0%| F|  |TAMS 0x0000000705200000, 0x0000000705200000| Untracked 
|  34|0x0000000705400000, 0x0000000705400000, 0x0000000705600000|  0%| F|  |TAMS 0x0000000705400000, 0x0000000705400000| Untracked 
|  35|0x0000000705600000, 0x0000000705600000, 0x0000000705800000|  0%| F|  |TAMS 0x0000000705600000, 0x0000000705600000| Untracked 
|  36|0x0000000705800000, 0x0000000705800000, 0x0000000705a00000|  0%| F|  |TAMS 0x0000000705800000, 0x0000000705800000| Untracked 
|  37|0x0000000705a00000, 0x0000000705a00000, 0x0000000705c00000|  0%| F|  |TAMS 0x0000000705a00000, 0x0000000705a00000| Untracked 
|  38|0x0000000705c00000, 0x0000000705c00000, 0x0000000705e00000|  0%| F|  |TAMS 0x0000000705c00000, 0x0000000705c00000| Untracked 
|  39|0x0000000705e00000, 0x0000000705e00000, 0x0000000706000000|  0%| F|  |TAMS 0x0000000705e00000, 0x0000000705e00000| Untracked 
|  40|0x0000000706000000, 0x0000000706000000, 0x0000000706200000|  0%| F|  |TAMS 0x0000000706000000, 0x0000000706000000| Untracked 
|  41|0x0000000706200000, 0x0000000706200000, 0x0000000706400000|  0%| F|  |TAMS 0x0000000706200000, 0x0000000706200000| Untracked 
|  42|0x0000000706400000, 0x0000000706400000, 0x0000000706600000|  0%| F|  |TAMS 0x0000000706400000, 0x0000000706400000| Untracked 
|  43|0x0000000706600000, 0x0000000706600000, 0x0000000706800000|  0%| F|  |TAMS 0x0000000706600000, 0x0000000706600000| Untracked 
|  44|0x0000000706800000, 0x0000000706800000, 0x0000000706a00000|  0%| F|  |TAMS 0x0000000706800000, 0x0000000706800000| Untracked 
|  45|0x0000000706a00000, 0x0000000706a00000, 0x0000000706c00000|  0%| F|  |TAMS 0x0000000706a00000, 0x0000000706a00000| Untracked 
|  46|0x0000000706c00000, 0x0000000706c00000, 0x0000000706e00000|  0%| F|  |TAMS 0x0000000706c00000, 0x0000000706c00000| Untracked 
|  47|0x0000000706e00000, 0x0000000706e00000, 0x0000000707000000|  0%| F|  |TAMS 0x0000000706e00000, 0x0000000706e00000| Untracked 
|  48|0x0000000707000000, 0x0000000707000000, 0x0000000707200000|  0%| F|  |TAMS 0x0000000707000000, 0x0000000707000000| Untracked 
|  49|0x0000000707200000, 0x0000000707200000, 0x0000000707400000|  0%| F|  |TAMS 0x0000000707200000, 0x0000000707200000| Untracked 
|  50|0x0000000707400000, 0x0000000707400000, 0x0000000707600000|  0%| F|  |TAMS 0x0000000707400000, 0x0000000707400000| Untracked 
|  51|0x0000000707600000, 0x0000000707600000, 0x0000000707800000|  0%| F|  |TAMS 0x0000000707600000, 0x0000000707600000| Untracked 
|  52|0x0000000707800000, 0x0000000707800000, 0x0000000707a00000|  0%| F|  |TAMS 0x0000000707800000, 0x0000000707800000| Untracked 
|  53|0x0000000707a00000, 0x0000000707a00000, 0x0000000707c00000|  0%| F|  |TAMS 0x0000000707a00000, 0x0000000707a00000| Untracked 
|  54|0x0000000707c00000, 0x0000000707c00000, 0x0000000707e00000|  0%| F|  |TAMS 0x0000000707c00000, 0x0000000707c00000| Untracked 
|  55|0x0000000707e00000, 0x0000000707e00000, 0x0000000708000000|  0%| F|  |TAMS 0x0000000707e00000, 0x0000000707e00000| Untracked 
|  56|0x0000000708000000, 0x0000000708000000, 0x0000000708200000|  0%| F|  |TAMS 0x0000000708000000, 0x0000000708000000| Untracked 
|  57|0x0000000708200000, 0x0000000708200000, 0x0000000708400000|  0%| F|  |TAMS 0x0000000708200000, 0x0000000708200000| Untracked 
|  58|0x0000000708400000, 0x0000000708400000, 0x0000000708600000|  0%| F|  |TAMS 0x0000000708400000, 0x0000000708400000| Untracked 
|  59|0x0000000708600000, 0x0000000708600000, 0x0000000708800000|  0%| F|  |TAMS 0x0000000708600000, 0x0000000708600000| Untracked 
|  60|0x0000000708800000, 0x0000000708800000, 0x0000000708a00000|  0%| F|  |TAMS 0x0000000708800000, 0x0000000708800000| Untracked 
|  61|0x0000000708a00000, 0x0000000708a00000, 0x0000000708c00000|  0%| F|  |TAMS 0x0000000708a00000, 0x0000000708a00000| Untracked 
|  62|0x0000000708c00000, 0x0000000708c00000, 0x0000000708e00000|  0%| F|  |TAMS 0x0000000708c00000, 0x0000000708c00000| Untracked 
|  63|0x0000000708e00000, 0x0000000708e00000, 0x0000000709000000|  0%| F|  |TAMS 0x0000000708e00000, 0x0000000708e00000| Untracked 
|  64|0x0000000709000000, 0x0000000709000000, 0x0000000709200000|  0%| F|  |TAMS 0x0000000709000000, 0x0000000709000000| Untracked 
|  65|0x0000000709200000, 0x0000000709200000, 0x0000000709400000|  0%| F|  |TAMS 0x0000000709200000, 0x0000000709200000| Untracked 
|  66|0x0000000709400000, 0x0000000709400000, 0x0000000709600000|  0%| F|  |TAMS 0x0000000709400000, 0x0000000709400000| Untracked 
|  67|0x0000000709600000, 0x0000000709600000, 0x0000000709800000|  0%| F|  |TAMS 0x0000000709600000, 0x0000000709600000| Untracked 
|  68|0x0000000709800000, 0x0000000709800000, 0x0000000709a00000|  0%| F|  |TAMS 0x0000000709800000, 0x0000000709800000| Untracked 
|  69|0x0000000709a00000, 0x0000000709a00000, 0x0000000709c00000|  0%| F|  |TAMS 0x0000000709a00000, 0x0000000709a00000| Untracked 
|  70|0x0000000709c00000, 0x0000000709c00000, 0x0000000709e00000|  0%| F|  |TAMS 0x0000000709c00000, 0x0000000709c00000| Untracked 
|  71|0x0000000709e00000, 0x0000000709e00000, 0x000000070a000000|  0%| F|  |TAMS 0x0000000709e00000, 0x0000000709e00000| Untracked 
|  72|0x000000070a000000, 0x000000070a000000, 0x000000070a200000|  0%| F|  |TAMS 0x000000070a000000, 0x000000070a000000| Untracked 
|  73|0x000000070a200000, 0x000000070a200000, 0x000000070a400000|  0%| F|  |TAMS 0x000000070a200000, 0x000000070a200000| Untracked 
|  74|0x000000070a400000, 0x000000070a400000, 0x000000070a600000|  0%| F|  |TAMS 0x000000070a400000, 0x000000070a400000| Untracked 
|  75|0x000000070a600000, 0x000000070a600000, 0x000000070a800000|  0%| F|  |TAMS 0x000000070a600000, 0x000000070a600000| Untracked 
|  76|0x000000070a800000, 0x000000070a800000, 0x000000070aa00000|  0%| F|  |TAMS 0x000000070a800000, 0x000000070a800000| Untracked 
|  77|0x000000070aa00000, 0x000000070aa00000, 0x000000070ac00000|  0%| F|  |TAMS 0x000000070aa00000, 0x000000070aa00000| Untracked 
|  78|0x000000070ac00000, 0x000000070ac00000, 0x000000070ae00000|  0%| F|  |TAMS 0x000000070ac00000, 0x000000070ac00000| Untracked 
|  79|0x000000070ae00000, 0x000000070ae00000, 0x000000070b000000|  0%| F|  |TAMS 0x000000070ae00000, 0x000000070ae00000| Untracked 
|  80|0x000000070b000000, 0x000000070b000000, 0x000000070b200000|  0%| F|  |TAMS 0x000000070b000000, 0x000000070b000000| Untracked 
|  81|0x000000070b200000, 0x000000070b200000, 0x000000070b400000|  0%| F|  |TAMS 0x000000070b200000, 0x000000070b200000| Untracked 
|  82|0x000000070b400000, 0x000000070b400000, 0x000000070b600000|  0%| F|  |TAMS 0x000000070b400000, 0x000000070b400000| Untracked 
|  83|0x000000070b600000, 0x000000070b600000, 0x000000070b800000|  0%| F|  |TAMS 0x000000070b600000, 0x000000070b600000| Untracked 
|  84|0x000000070b800000, 0x000000070b800000, 0x000000070ba00000|  0%| F|  |TAMS 0x000000070b800000, 0x000000070b800000| Untracked 
|  85|0x000000070ba00000, 0x000000070ba00000, 0x000000070bc00000|  0%| F|  |TAMS 0x000000070ba00000, 0x000000070ba00000| Untracked 
|  86|0x000000070bc00000, 0x000000070bc00000, 0x000000070be00000|  0%| F|  |TAMS 0x000000070bc00000, 0x000000070bc00000| Untracked 
|  87|0x000000070be00000, 0x000000070be00000, 0x000000070c000000|  0%| F|  |TAMS 0x000000070be00000, 0x000000070be00000| Untracked 
|  88|0x000000070c000000, 0x000000070c000000, 0x000000070c200000|  0%| F|  |TAMS 0x000000070c000000, 0x000000070c000000| Untracked 
|  89|0x000000070c200000, 0x000000070c200000, 0x000000070c400000|  0%| F|  |TAMS 0x000000070c200000, 0x000000070c200000| Untracked 
|  90|0x000000070c400000, 0x000000070c400000, 0x000000070c600000|  0%| F|  |TAMS 0x000000070c400000, 0x000000070c400000| Untracked 
|  91|0x000000070c600000, 0x000000070c600000, 0x000000070c800000|  0%| F|  |TAMS 0x000000070c600000, 0x000000070c600000| Untracked 
|  92|0x000000070c800000, 0x000000070c800000, 0x000000070ca00000|  0%| F|  |TAMS 0x000000070c800000, 0x000000070c800000| Untracked 
|  93|0x000000070ca00000, 0x000000070ca00000, 0x000000070cc00000|  0%| F|  |TAMS 0x000000070ca00000, 0x000000070ca00000| Untracked 
|  94|0x000000070cc00000, 0x000000070cc00000, 0x000000070ce00000|  0%| F|  |TAMS 0x000000070cc00000, 0x000000070cc00000| Untracked 
|  95|0x000000070ce00000, 0x000000070ce00000, 0x000000070d000000|  0%| F|  |TAMS 0x000000070ce00000, 0x000000070ce00000| Untracked 
|  96|0x000000070d000000, 0x000000070d000000, 0x000000070d200000|  0%| F|  |TAMS 0x000000070d000000, 0x000000070d000000| Untracked 
|  97|0x000000070d200000, 0x000000070d200000, 0x000000070d400000|  0%| F|  |TAMS 0x000000070d200000, 0x000000070d200000| Untracked 
|  98|0x000000070d400000, 0x000000070d400000, 0x000000070d600000|  0%| F|  |TAMS 0x000000070d400000, 0x000000070d400000| Untracked 
|  99|0x000000070d600000, 0x000000070d600000, 0x000000070d800000|  0%| F|  |TAMS 0x000000070d600000, 0x000000070d600000| Untracked 
| 100|0x000000070d800000, 0x000000070d800000, 0x000000070da00000|  0%| F|  |TAMS 0x000000070d800000, 0x000000070d800000| Untracked 
| 101|0x000000070da00000, 0x000000070da00000, 0x000000070dc00000|  0%| F|  |TAMS 0x000000070da00000, 0x000000070da00000| Untracked 
| 102|0x000000070dc00000, 0x000000070dc00000, 0x000000070de00000|  0%| F|  |TAMS 0x000000070dc00000, 0x000000070dc00000| Untracked 
| 103|0x000000070de00000, 0x000000070de00000, 0x000000070e000000|  0%| F|  |TAMS 0x000000070de00000, 0x000000070de00000| Untracked 
| 104|0x000000070e000000, 0x000000070e200000, 0x000000070e200000|100%| S|CS|TAMS 0x000000070e000000, 0x000000070e000000| Complete 
| 105|0x000000070e200000, 0x000000070e400000, 0x000000070e400000|100%| S|CS|TAMS 0x000000070e200000, 0x000000070e200000| Complete 
| 106|0x000000070e400000, 0x000000070e600000, 0x000000070e600000|100%| S|CS|TAMS 0x000000070e400000, 0x000000070e400000| Complete 
| 107|0x000000070e600000, 0x000000070e600000, 0x000000070e800000|  0%| F|  |TAMS 0x000000070e600000, 0x000000070e600000| Untracked 
| 108|0x000000070e800000, 0x000000070e800000, 0x000000070ea00000|  0%| F|  |TAMS 0x000000070e800000, 0x000000070e800000| Untracked 
| 109|0x000000070ea00000, 0x000000070ea00000, 0x000000070ec00000|  0%| F|  |TAMS 0x000000070ea00000, 0x000000070ea00000| Untracked 
| 110|0x000000070ec00000, 0x000000070ec00000, 0x000000070ee00000|  0%| F|  |TAMS 0x000000070ec00000, 0x000000070ec00000| Untracked 
| 111|0x000000070ee00000, 0x000000070ee00000, 0x000000070f000000|  0%| F|  |TAMS 0x000000070ee00000, 0x000000070ee00000| Untracked 
| 112|0x000000070f000000, 0x000000070f000000, 0x000000070f200000|  0%| F|  |TAMS 0x000000070f000000, 0x000000070f000000| Untracked 
| 113|0x000000070f200000, 0x000000070f200000, 0x000000070f400000|  0%| F|  |TAMS 0x000000070f200000, 0x000000070f200000| Untracked 
| 114|0x000000070f400000, 0x000000070f400000, 0x000000070f600000|  0%| F|  |TAMS 0x000000070f400000, 0x000000070f400000| Untracked 
| 115|0x000000070f600000, 0x000000070f600000, 0x000000070f800000|  0%| F|  |TAMS 0x000000070f600000, 0x000000070f600000| Untracked 
| 116|0x000000070f800000, 0x000000070f800000, 0x000000070fa00000|  0%| F|  |TAMS 0x000000070f800000, 0x000000070f800000| Untracked 
| 117|0x000000070fa00000, 0x000000070fa00000, 0x000000070fc00000|  0%| F|  |TAMS 0x000000070fa00000, 0x000000070fa00000| Untracked 
| 118|0x000000070fc00000, 0x000000070fc00000, 0x000000070fe00000|  0%| F|  |TAMS 0x000000070fc00000, 0x000000070fc00000| Untracked 
| 119|0x000000070fe00000, 0x000000070fe00000, 0x0000000710000000|  0%| F|  |TAMS 0x000000070fe00000, 0x000000070fe00000| Untracked 
| 120|0x0000000710000000, 0x0000000710000000, 0x0000000710200000|  0%| F|  |TAMS 0x0000000710000000, 0x0000000710000000| Untracked 
| 121|0x0000000710200000, 0x0000000710200000, 0x0000000710400000|  0%| F|  |TAMS 0x0000000710200000, 0x0000000710200000| Untracked 
| 122|0x0000000710400000, 0x0000000710400000, 0x0000000710600000|  0%| F|  |TAMS 0x0000000710400000, 0x0000000710400000| Untracked 
| 123|0x0000000710600000, 0x0000000710600000, 0x0000000710800000|  0%| F|  |TAMS 0x0000000710600000, 0x0000000710600000| Untracked 
| 124|0x0000000710800000, 0x0000000710800000, 0x0000000710a00000|  0%| F|  |TAMS 0x0000000710800000, 0x0000000710800000| Untracked 
| 125|0x0000000710a00000, 0x0000000710a00000, 0x0000000710c00000|  0%| F|  |TAMS 0x0000000710a00000, 0x0000000710a00000| Untracked 
| 126|0x0000000710c00000, 0x0000000710c00000, 0x0000000710e00000|  0%| F|  |TAMS 0x0000000710c00000, 0x0000000710c00000| Untracked 
| 127|0x0000000710e00000, 0x0000000711000000, 0x0000000711000000|100%| E|  |TAMS 0x0000000710e00000, 0x0000000710e00000| Complete 

Card table byte_map: [0x0000021e00d70000,0x0000021e01570000] _byte_map_base: 0x0000021dfd568000

Marking Bits (Prev, Next): (CMBitMap*) 0x0000021e6953ff30, (CMBitMap*) 0x0000021e6953ff70
 Prev Bits: [0x0000021e01d70000, 0x0000021e05d30000)
 Next Bits: [0x0000021e05d30000, 0x0000021e09cf0000)

Polling page: 0x0000021e67380000

Metaspace:

Usage:
  Non-class:     12.59 MB used.
      Class:      2.04 MB used.
       Both:     14.62 MB used.

Virtual space:
  Non-class space:       16.00 MB reserved,      12.69 MB ( 79%) committed,  2 nodes.
      Class space:        1.00 GB reserved,       2.12 MB ( <1%) committed,  1 nodes.
              Both:        1.02 GB reserved,      14.81 MB (  1%) committed. 

Chunk freelists:
   Non-Class:  3.25 MB
       Class:  1.83 MB
        Both:  5.08 MB

MaxMetaspaceSize: 17179869184.00 GB
CompressedClassSpaceSize: 1.00 GB
 - commit_granule_bytes: 65536.
 - commit_granule_words: 8192.
 - virtual_space_node_default_size: 1048576.
 - enlarge_chunks_in_place: 1.
 - new_chunks_are_fully_committed: 0.
 - uncommit_free_chunks: 1.
 - use_allocation_guard: 0.
 - handle_deallocations: 1.


Internal statistics:

num_allocs_failed_limit: 0.
num_arena_births: 184.
num_arena_deaths: 0.
num_vsnodes_births: 3.
num_vsnodes_deaths: 0.
num_space_committed: 237.
num_space_uncommitted: 0.
num_chunks_returned_to_freelist: 0.
num_chunks_taken_from_freelist: 654.
num_chunk_merges: 0.
num_chunk_splits: 441.
num_chunks_enlarged: 340.
num_purges: 0.

CodeHeap 'non-profiled nmethods': size=119168Kb used=883Kb max_used=883Kb free=118284Kb
 bounds [0x0000021e78800000, 0x0000021e78a70000, 0x0000021e7fc60000]
CodeHeap 'profiled nmethods': size=119104Kb used=4399Kb max_used=4399Kb free=114704Kb
 bounds [0x0000021e713b0000, 0x0000021e71800000, 0x0000021e78800000]
CodeHeap 'non-nmethods': size=7488Kb used=1438Kb max_used=3155Kb free=6049Kb
 bounds [0x0000021e70c60000, 0x0000021e70f80000, 0x0000021e713b0000]
 total_blobs=3198 nmethods=2406 adapters=704
 compilation: enabled
              stopped_count=0, restarted_count=0
 full_count=0

Compilation events (20 events):
Event: 5.865 Thread 0x0000021e0ccaa6d0 nmethod 2399 0x0000021e717f6a10 code [0x0000021e717f6bc0, 0x0000021e717f6e78]
Event: 5.872 Thread 0x0000021e0ccaa6d0 2400       3       java.util.AbstractList::iterator (9 bytes)
Event: 5.872 Thread 0x0000021e0ccaa6d0 nmethod 2400 0x0000021e717f6f90 code [0x0000021e717f7140, 0x0000021e717f73d8]
Event: 5.874 Thread 0x0000021e0ccaa6d0 2401       3       com.sun.javafx.collections.VetoableListDecorator$VetoableIteratorDecorator::hasNext (14 bytes)
Event: 5.874 Thread 0x0000021e0ccaa6d0 nmethod 2401 0x0000021e717f7510 code [0x0000021e717f76e0, 0x0000021e717f7af8]
Event: 5.914 Thread 0x0000021e0ccaa6d0 2402       3       com.sun.javafx.collections.VetoableListDecorator$VetoableIteratorDecorator::next (31 bytes)
Event: 5.914 Thread 0x0000021e0ccaa6d0 nmethod 2402 0x0000021e717f7d10 code [0x0000021e717f7ee0, 0x0000021e717f8318]
Event: 5.922 Thread 0x0000021e0ccaa6d0 2403       3       javafx.scene.Scene::getEffectiveCamera (80 bytes)
Event: 5.923 Thread 0x0000021e0ccaa6d0 nmethod 2403 0x0000021e717f8510 code [0x0000021e717f8820, 0x0000021e717f9e18]
Event: 5.924 Thread 0x0000021e0ccaa6d0 2404       3       com.sun.javafx.event.CompositeEventHandler::find (44 bytes)
Event: 5.925 Thread 0x0000021e0ccaa6d0 nmethod 2404 0x0000021e717fa410 code [0x0000021e717fa600, 0x0000021e717faa68]
Event: 5.938 Thread 0x0000021e0ccaa6d0 2405       3       com.sun.javafx.event.EventDispatchChainImpl::insertFirst (42 bytes)
Event: 5.938 Thread 0x0000021e0ccaa6d0 nmethod 2405 0x0000021e717fab90 code [0x0000021e717fad40, 0x0000021e717fb038]
Event: 5.946 Thread 0x0000021e0ccaa6d0 2406       1       com.sun.javafx.scene.NodeEventDispatcher::getFirstDispatcher (5 bytes)
Event: 5.946 Thread 0x0000021e0ccaa6d0 nmethod 2406 0x0000021e788dc510 code [0x0000021e788dc6a0, 0x0000021e788dc778]
Event: 5.946 Thread 0x0000021e0ccaa6d0 2407       1       com.sun.javafx.scene.NodeEventDispatcher::getLastDispatcher (5 bytes)
Event: 5.946 Thread 0x0000021e0ccaa6d0 nmethod 2407 0x0000021e788dc810 code [0x0000021e788dc9a0, 0x0000021e788dca78]
Event: 7.058 Thread 0x0000021e0ccaa6d0 2408   !   3       java.lang.ref.ReferenceQueue::remove (125 bytes)
Event: 7.058 Thread 0x0000021e0ccaa6d0 nmethod 2408 0x0000021e717fb190 code [0x0000021e717fb3c0, 0x0000021e717fbb78]
Event: 7.058 Thread 0x0000021e0ccaa6d0 2413   !   3       java.util.concurrent.ConcurrentHashMap::replaceNode (437 bytes)

GC Heap History (4 events):
Event: 0.424 GC heap before
{Heap before GC invocations=0 (full 0):
 garbage-first heap   total 262144K, used 20480K [0x0000000701000000, 0x0000000800000000)
  region size 2048K, 11 young (22528K), 0 survivors (0K)
 Metaspace       used 4971K, committed 5184K, reserved 1056768K
  class space    used 570K, committed 640K, reserved 1048576K
}
Event: 0.427 GC heap after
{Heap after GC invocations=1 (full 0):
 garbage-first heap   total 262144K, used 2558K [0x0000000701000000, 0x0000000800000000)
  region size 2048K, 2 young (4096K), 2 survivors (4096K)
 Metaspace       used 4971K, committed 5184K, reserved 1056768K
  class space    used 570K, committed 640K, reserved 1048576K
}
Event: 7.053 GC heap before
{Heap before GC invocations=1 (full 0):
 garbage-first heap   total 262144K, used 43518K [0x0000000701000000, 0x0000000800000000)
  region size 2048K, 21 young (43008K), 2 survivors (4096K)
 Metaspace       used 14960K, committed 15168K, reserved 1064960K
  class space    used 2082K, committed 2176K, reserved 1048576K
}
Event: 7.057 GC heap after
{Heap after GC invocations=2 (full 0):
 garbage-first heap   total 262144K, used 9625K [0x0000000701000000, 0x0000000800000000)
  region size 2048K, 3 young (6144K), 3 survivors (6144K)
 Metaspace       used 14960K, committed 15168K, reserved 1064960K
  class space    used 2082K, committed 2176K, reserved 1048576K
}

Deoptimization events (20 events):
Event: 0.692 Thread 0x0000021e0ea60700 Uncommon trap: trap_request=0xffffffde fr.pc=0x0000021e7888a3b0 relative=0x0000000000000110
Event: 0.692 Thread 0x0000021e0ea60700 Uncommon trap: reason=class_check action=maybe_recompile pc=0x0000021e7888a3b0 method=jdk.internal.misc.Unsafe.allocateUninitializedArray(Ljava/lang/Class;I)Ljava/lang/Object; @ 51 c2
Event: 0.692 Thread 0x0000021e0ea60700 DEOPT PACKING pc=0x0000021e7888a3b0 sp=0x000000e6b54f96e0
Event: 0.692 Thread 0x0000021e0ea60700 DEOPT UNPACKING pc=0x0000021e70cad72e sp=0x000000e6b54f9668 mode 2
Event: 0.693 Thread 0x0000021e0ea60700 Uncommon trap: trap_request=0xffffffde fr.pc=0x0000021e7888a3b0 relative=0x0000000000000110
Event: 0.693 Thread 0x0000021e0ea60700 Uncommon trap: reason=class_check action=maybe_recompile pc=0x0000021e7888a3b0 method=jdk.internal.misc.Unsafe.allocateUninitializedArray(Ljava/lang/Class;I)Ljava/lang/Object; @ 51 c2
Event: 0.693 Thread 0x0000021e0ea60700 DEOPT PACKING pc=0x0000021e7888a3b0 sp=0x000000e6b54f96e0
Event: 0.693 Thread 0x0000021e0ea60700 DEOPT UNPACKING pc=0x0000021e70cad72e sp=0x000000e6b54f9668 mode 2
Event: 0.693 Thread 0x0000021e0ea60700 Uncommon trap: trap_request=0xffffffde fr.pc=0x0000021e7888a3b0 relative=0x0000000000000110
Event: 0.693 Thread 0x0000021e0ea60700 Uncommon trap: reason=class_check action=maybe_recompile pc=0x0000021e7888a3b0 method=jdk.internal.misc.Unsafe.allocateUninitializedArray(Ljava/lang/Class;I)Ljava/lang/Object; @ 51 c2
Event: 0.693 Thread 0x0000021e0ea60700 DEOPT PACKING pc=0x0000021e7888a3b0 sp=0x000000e6b54f96e0
Event: 0.693 Thread 0x0000021e0ea60700 DEOPT UNPACKING pc=0x0000021e70cad72e sp=0x000000e6b54f9668 mode 2
Event: 0.725 Thread 0x0000021e0ea60700 Uncommon trap: trap_request=0xffffff45 fr.pc=0x0000021e788693d0 relative=0x00000000000001b0
Event: 0.725 Thread 0x0000021e0ea60700 Uncommon trap: reason=unstable_if action=reinterpret pc=0x0000021e788693d0 method=java.io.ByteArrayInputStream.read()I @ 8 c2
Event: 0.725 Thread 0x0000021e0ea60700 DEOPT PACKING pc=0x0000021e788693d0 sp=0x000000e6b54fc780
Event: 0.725 Thread 0x0000021e0ea60700 DEOPT UNPACKING pc=0x0000021e70cad72e sp=0x000000e6b54fc738 mode 2
Event: 1.011 Thread 0x0000021e0cc994c0 Uncommon trap: trap_request=0xffffff45 fr.pc=0x0000021e7887971c relative=0x0000000000000f7c
Event: 1.011 Thread 0x0000021e0cc994c0 Uncommon trap: reason=unstable_if action=reinterpret pc=0x0000021e7887971c method=java.util.concurrent.ConcurrentHashMap.putVal(Ljava/lang/Object;Ljava/lang/Object;Z)Ljava/lang/Object; @ 148 c2
Event: 1.011 Thread 0x0000021e0cc994c0 DEOPT PACKING pc=0x0000021e7887971c sp=0x000000e6b40fe020
Event: 1.011 Thread 0x0000021e0cc994c0 DEOPT UNPACKING pc=0x0000021e70cad72e sp=0x000000e6b40fdfa0 mode 2

Classes unloaded (0 events):
No events

Classes redefined (0 events):
No events

Internal exceptions (20 events):
Event: 0.470 Thread 0x0000021e0ea60700 Exception <a 'sun/nio/fs/WindowsException'{0x000000071088ab70}> (0x000000071088ab70) 
thrown [t:\workspace\open\src\hotspot\share\prims\jni.cpp, line 579]
Event: 0.479 Thread 0x0000021e0ea60700 Exception <a 'sun/nio/fs/WindowsException'{0x0000000710912d00}> (0x0000000710912d00) 
thrown [t:\workspace\open\src\hotspot\share\prims\jni.cpp, line 579]
Event: 0.482 Thread 0x0000021e0ea60700 Exception <a 'java/lang/ClassNotFoundException'{0x000000071092bb00}: sun/util/logging/resources/spi/loggingProvider> (0x000000071092bb00) 
thrown [t:\workspace\open\src\hotspot\share\classfile\systemDictionary.cpp, line 256]
Event: 0.545 Thread 0x0000021e0ea60700 Exception <a 'java/lang/NoSuchMethodError'{0x000000071005d4b8}: 'void java.lang.invoke.DirectMethodHandle$Holder.invokeStaticInit(java.lang.Object, java.lang.Object)'> (0x000000071005d4b8) 
thrown [t:\workspace\open\src\hotspot\share\interpreter\linkResolver.cpp, line 790]
Event: 0.579 Thread 0x0000021e0ea60700 Implicit null exception at 0x0000021e7886d32d to 0x0000021e7886db24
Event: 0.581 Thread 0x0000021e0ea60700 Implicit null exception at 0x0000021e7886bf2c to 0x0000021e7886c594
Event: 0.581 Thread 0x0000021e0ea60700 Implicit null exception at 0x0000021e7881e5ac to 0x0000021e7881e7d1
Event: 0.649 Thread 0x0000021e0ea60700 Exception <a 'java/lang/ClassNotFoundException'{0x000000070f4a4a80}: com/sun/javafx/scene/control/skin/resources/controls> (0x000000070f4a4a80) 
thrown [t:\workspace\open\src\hotspot\share\prims\jni.cpp, line 600]
Event: 0.649 Thread 0x0000021e0ea60700 Exception <a 'java/lang/ClassNotFoundException'{0x000000070f4b2580}: com/sun/javafx/scene/control/skin/resources/controls_en> (0x000000070f4b2580) 
thrown [t:\workspace\open\src\hotspot\share\prims\jni.cpp, line 600]
Event: 0.650 Thread 0x0000021e0ea60700 Exception <a 'java/lang/ClassNotFoundException'{0x000000070f4b3518}: com/sun/javafx/scene/control/skin/resources/controls_en_US> (0x000000070f4b3518) 
thrown [t:\workspace\open\src\hotspot\share\prims\jni.cpp, line 600]
Event: 0.671 Thread 0x0000021e0ea60700 Implicit null exception at 0x0000021e78874c1e to 0x0000021e78875d5c
Event: 0.673 Thread 0x0000021e0ea60700 Exception <a 'java/lang/NoSuchMethodError'{0x000000070f27ad80}: 'void java.lang.invoke.DirectMethodHandle$Holder.invokeSpecial(java.lang.Object, java.lang.Object, java.lang.Object, java.lang.Object, java.lang.Object, java.lang.Object)'> (0x000000070f27ad80) 
thrown [t:\workspace\open\src\hotspot\share\interpreter\linkResolver.cpp, line 790]
Event: 0.700 Thread 0x0000021e0ea60700 Exception <a 'java/lang/NoSuchMethodError'{0x000000070f1d0d28}: 'java.lang.Object java.lang.invoke.DirectMethodHandle$Holder.invokeInterface(java.lang.Object, java.lang.Object, java.lang.Object)'> (0x000000070f1d0d28) 
thrown [t:\workspace\open\src\hotspot\share\interpreter\linkResolver.cpp, line 790]
Event: 0.700 Thread 0x0000021e0ea60700 Exception <a 'java/lang/IncompatibleClassChangeError'{0x000000070f1d48a8}: Found class java.lang.Object, but interface was expected> (0x000000070f1d48a8) 
thrown [t:\workspace\open\src\hotspot\share\interpreter\linkResolver.cpp, line 857]
Event: 0.732 Thread 0x0000021e0ea60700 Exception <a 'java/lang/NoSuchMethodError'{0x000000070ef999c0}: 'java.lang.Object java.lang.invoke.DirectMethodHandle$Holder.newInvokeSpecial(java.lang.Object, java.lang.Object, int)'> (0x000000070ef999c0) 
thrown [t:\workspace\open\src\hotspot\share\interpreter\linkResolver.cpp, line 790]
Event: 0.742 Thread 0x0000021e0ea616f0 Exception <a 'java/lang/NoSuchMethodError'{0x000000070ec87920}: 'int java.lang.invoke.DirectMethodHandle$Holder.invokeStaticInit(java.lang.Object, java.lang.Object)'> (0x000000070ec87920) 
thrown [t:\workspace\open\src\hotspot\share\interpreter\linkResolver.cpp, line 790]
Event: 3.168 Thread 0x0000021e0ea60700 Exception <a 'java/lang/NoSuchMethodError'{0x000000070ec2eb28}: 'long java.lang.invoke.DirectMethodHandle$Holder.invokeStatic(java.lang.Object, java.lang.Object, java.lang.Object)'> (0x000000070ec2eb28) 
thrown [t:\workspace\open\src\hotspot\share\interpreter\linkResolver.cpp, line 790]
Event: 3.168 Thread 0x0000021e0ea60700 Exception <a 'java/lang/NoSuchMethodError'{0x000000070ec324d8}: 'long java.lang.invoke.DirectMethodHandle$Holder.invokeStaticInit(java.lang.Object, java.lang.Object, java.lang.Object)'> (0x000000070ec324d8) 
thrown [t:\workspace\open\src\hotspot\share\interpreter\linkResolver.cpp, line 790]
Event: 3.169 Thread 0x0000021e0ea60700 Exception <a 'java/lang/NoSuchMethodError'{0x000000070ec4a3f8}: 'java.lang.Object java.lang.invoke.DirectMethodHandle$Holder.newInvokeSpecial(java.lang.Object, java.lang.Object, long)'> (0x000000070ec4a3f8) 
thrown [t:\workspace\open\src\hotspot\share\interpreter\linkResolver.cpp, line 790]
Event: 3.169 Thread 0x0000021e0ea60700 Exception <a 'java/lang/NoSuchMethodError'{0x000000070ec4e168}: 'java.lang.Object java.lang.invoke.Invokers$Holder.linkToTargetMethod(java.lang.Object, long, java.lang.Object)'> (0x000000070ec4e168) 
thrown [t:\workspace\open\src\hotspot\share\interpreter\linkResolver.cpp, line 790]

Events (20 events):
Event: 3.921 loading class java/io/UnsupportedEncodingException done
Event: 4.615 Executing  VM operation: ICBufferFull
Event: 4.616 Executing  VM operation: ICBufferFull done
Event: 5.616 Executing  VM operation: Cleanup
Event: 5.616 Executing  VM operation: Cleanup done
Event: 5.776 Thread 0x0000021e0d9935c0 Thread exited: 0x0000021e0d9935c0
Event: 5.794 Thread 0x0000021e0d90d600 Thread exited: 0x0000021e0d90d600
Event: 6.616 Executing  VM operation: Cleanup
Event: 6.616 Executing  VM operation: Cleanup done
Event: 7.053 loading class jdk/internal/misc/Signal$1
Event: 7.053 loading class jdk/internal/misc/Signal$1 done
Event: 7.053 Thread 0x0000021e0f100da0 Thread added: 0x0000021e0f100da0
Event: 7.053 Executing  VM operation: G1CollectForAllocation
Event: 7.057 Executing  VM operation: G1CollectForAllocation done
Event: 7.058 Thread 0x0000021e0f101840 Thread added: 0x0000021e0f101840
Event: 7.058 Thread 0x0000021e0f101d90 Thread added: 0x0000021e0f101d90
Event: 7.058 Thread 0x0000021e0f101d90 Thread exited: 0x0000021e0f101d90
Event: 7.058 Thread 0x0000021e0f101840 Thread exited: 0x0000021e0f101840
Event: 7.058 Executing  VM operation: Exit
Event: 7.058 Thread 0x0000021e0cc988c0 Thread exited: 0x0000021e0cc988c0


Dynamic libraries:
0x00007ff7fa6c0000 - 0x00007ff7fa6ce000 	C:\Users\kiril\.jdks\openjdk-16.0.1\bin\java.exe
0x00007ff997670000 - 0x00007ff997865000 	C:\WINDOWS\SYSTEM32\ntdll.dll
0x00007ff996ff0000 - 0x00007ff9970ae000 	C:\WINDOWS\System32\KERNEL32.DLL
0x00007ff995210000 - 0x00007ff9954d8000 	C:\WINDOWS\System32\KERNELBASE.dll
0x00007ff994f50000 - 0x00007ff995050000 	C:\WINDOWS\System32\ucrtbase.dll
0x00007ff975c00000 - 0x00007ff975c18000 	C:\Users\kiril\.jdks\openjdk-16.0.1\bin\jli.dll
0x00007ff976510000 - 0x00007ff976529000 	C:\Users\kiril\.jdks\openjdk-16.0.1\bin\VCRUNTIME140.dll
0x00007ff997370000 - 0x00007ff997511000 	C:\WINDOWS\System32\USER32.dll
0x00007ff983010000 - 0x00007ff9832aa000 	C:\WINDOWS\WinSxS\amd64_microsoft.windows.common-controls_6595b64144ccf1df_6.0.19041.1110_none_60b5254171f9507e\COMCTL32.dll
0x00007ff995640000 - 0x00007ff995662000 	C:\WINDOWS\System32\win32u.dll
0x00007ff996d00000 - 0x00007ff996d2b000 	C:\WINDOWS\System32\GDI32.dll
0x00007ff9965c0000 - 0x00007ff99665e000 	C:\WINDOWS\System32\msvcrt.dll
0x00007ff994d90000 - 0x00007ff994e9b000 	C:\WINDOWS\System32\gdi32full.dll
0x00007ff9955a0000 - 0x00007ff99563d000 	C:\WINDOWS\System32\msvcp_win.dll
0x00007ff997600000 - 0x00007ff997630000 	C:\WINDOWS\System32\IMM32.DLL
0x00007ff988d10000 - 0x00007ff988d1c000 	C:\Users\kiril\.jdks\openjdk-16.0.1\bin\vcruntime140_1.dll
0x00007ff95a8a0000 - 0x00007ff95a931000 	C:\Users\kiril\.jdks\openjdk-16.0.1\bin\msvcp140.dll
0x00007ff947fd0000 - 0x00007ff948b7b000 	C:\Users\kiril\.jdks\openjdk-16.0.1\bin\server\jvm.dll
0x00007ff996440000 - 0x00007ff9964ec000 	C:\WINDOWS\System32\ADVAPI32.dll
0x00007ff996dc0000 - 0x00007ff996e5b000 	C:\WINDOWS\System32\sechost.dll
0x00007ff997240000 - 0x00007ff99736a000 	C:\WINDOWS\System32\RPCRT4.dll
0x00007ff996660000 - 0x00007ff996668000 	C:\WINDOWS\System32\PSAPI.DLL
0x00007ff9735c0000 - 0x00007ff9735c9000 	C:\WINDOWS\SYSTEM32\WSOCK32.dll
0x00007ff98e470000 - 0x00007ff98e47a000 	C:\WINDOWS\SYSTEM32\VERSION.dll
0x00007ff996e60000 - 0x00007ff996ecb000 	C:\WINDOWS\System32\WS2_32.dll
0x00007ff98b580000 - 0x00007ff98b5a7000 	C:\WINDOWS\SYSTEM32\WINMM.dll
0x00007ff992cb0000 - 0x00007ff992cc2000 	C:\WINDOWS\SYSTEM32\kernel.appcore.dll
0x00007ff981300000 - 0x00007ff98130a000 	C:\Users\kiril\.jdks\openjdk-16.0.1\bin\jimage.dll
0x00007ff989a20000 - 0x00007ff989c04000 	C:\WINDOWS\SYSTEM32\DBGHELP.DLL
0x00007ff972150000 - 0x00007ff97217c000 	C:\WINDOWS\SYSTEM32\dbgcore.DLL
0x00007ff9954e0000 - 0x00007ff995563000 	C:\WINDOWS\System32\bcryptPrimitives.dll
0x00007ff9908b0000 - 0x00007ff9908be000 	C:\Users\kiril\.jdks\openjdk-16.0.1\bin\instrument.dll
0x00007ff95de30000 - 0x00007ff95de55000 	C:\Users\kiril\.jdks\openjdk-16.0.1\bin\java.dll
0x00007ff995d00000 - 0x00007ff99643f000 	C:\WINDOWS\System32\SHELL32.dll
0x00007ff992eb0000 - 0x00007ff993640000 	C:\WINDOWS\SYSTEM32\windows.storage.dll
0x00007ff9957d0000 - 0x00007ff995b25000 	C:\WINDOWS\System32\combase.dll
0x00007ff9947e0000 - 0x00007ff99480e000 	C:\WINDOWS\SYSTEM32\Wldp.dll
0x00007ff995720000 - 0x00007ff9957cd000 	C:\WINDOWS\System32\SHCORE.dll
0x00007ff9970b0000 - 0x00007ff997105000 	C:\WINDOWS\System32\shlwapi.dll
0x00007ff994cd0000 - 0x00007ff994cef000 	C:\WINDOWS\SYSTEM32\profapi.dll
0x00007ff95cc80000 - 0x00007ff95cc99000 	C:\Users\kiril\.jdks\openjdk-16.0.1\bin\net.dll
0x00007ff98c770000 - 0x00007ff98c87c000 	C:\WINDOWS\SYSTEM32\WINHTTP.dll
0x00007ff994540000 - 0x00007ff9945aa000 	C:\WINDOWS\system32\mswsock.dll
0x00007ff95c3a0000 - 0x00007ff95c3b3000 	C:\Users\kiril\.jdks\openjdk-16.0.1\bin\nio.dll
0x00007ff95c380000 - 0x00007ff95c398000 	C:\Users\kiril\.jdks\openjdk-16.0.1\bin\zip.dll
0x00007ff990890000 - 0x00007ff9908aa000 	C:\Programs\JetBrains\IntelliJ IDEA Community Edition 2021.3\bin\breakgen64.dll
0x0000021e0ce00000 - 0x0000021e0ce03000 	C:\Users\kiril\.openjfx\cache\16\api-ms-win-core-console-l1-1-0.dll
0x0000021e0ce10000 - 0x0000021e0ce13000 	C:\Users\kiril\.openjfx\cache\16\api-ms-win-core-console-l1-2-0.dll
0x0000021e0ce20000 - 0x0000021e0ce23000 	C:\Users\kiril\.openjfx\cache\16\api-ms-win-core-datetime-l1-1-0.dll
0x0000021e0ce30000 - 0x0000021e0ce33000 	C:\Users\kiril\.openjfx\cache\16\api-ms-win-core-debug-l1-1-0.dll
0x0000021e0ce40000 - 0x0000021e0ce43000 	C:\Users\kiril\.openjfx\cache\16\api-ms-win-core-errorhandling-l1-1-0.dll
0x0000021e0ce50000 - 0x0000021e0ce54000 	C:\Users\kiril\.openjfx\cache\16\api-ms-win-core-file-l1-1-0.dll
0x0000021e0ce60000 - 0x0000021e0ce63000 	C:\Users\kiril\.openjfx\cache\16\api-ms-win-core-file-l1-2-0.dll
0x0000021e0ce70000 - 0x0000021e0ce73000 	C:\Users\kiril\.openjfx\cache\16\api-ms-win-core-file-l2-1-0.dll
0x0000021e0ce80000 - 0x0000021e0ce83000 	C:\Users\kiril\.openjfx\cache\16\api-ms-win-core-handle-l1-1-0.dll
0x0000021e0ce90000 - 0x0000021e0ce93000 	C:\Users\kiril\.openjfx\cache\16\api-ms-win-core-heap-l1-1-0.dll
0x0000021e0cea0000 - 0x0000021e0cea3000 	C:\Users\kiril\.openjfx\cache\16\api-ms-win-core-interlocked-l1-1-0.dll
0x0000021e0ceb0000 - 0x0000021e0ceb3000 	C:\Users\kiril\.openjfx\cache\16\api-ms-win-core-libraryloader-l1-1-0.dll
0x0000021e0cec0000 - 0x0000021e0cec3000 	C:\Users\kiril\.openjfx\cache\16\api-ms-win-core-localization-l1-2-0.dll
0x0000021e0ced0000 - 0x0000021e0ced3000 	C:\Users\kiril\.openjfx\cache\16\api-ms-win-core-memory-l1-1-0.dll
0x0000021e0cee0000 - 0x0000021e0cee3000 	C:\Users\kiril\.openjfx\cache\16\api-ms-win-core-namedpipe-l1-1-0.dll
0x0000021e0cef0000 - 0x0000021e0cef3000 	C:\Users\kiril\.openjfx\cache\16\api-ms-win-core-processenvironment-l1-1-0.dll
0x0000021e0cf00000 - 0x0000021e0cf03000 	C:\Users\kiril\.openjfx\cache\16\api-ms-win-core-processthreads-l1-1-0.dll
0x0000021e0cf10000 - 0x0000021e0cf13000 	C:\Users\kiril\.openjfx\cache\16\api-ms-win-core-processthreads-l1-1-1.dll
0x0000021e0cf20000 - 0x0000021e0cf23000 	C:\Users\kiril\.openjfx\cache\16\api-ms-win-core-profile-l1-1-0.dll
0x0000021e0cf30000 - 0x0000021e0cf33000 	C:\Users\kiril\.openjfx\cache\16\api-ms-win-core-rtlsupport-l1-1-0.dll
0x0000021e0cf40000 - 0x0000021e0cf43000 	C:\Users\kiril\.openjfx\cache\16\api-ms-win-core-string-l1-1-0.dll
0x0000021e0cf50000 - 0x0000021e0cf53000 	C:\Users\kiril\.openjfx\cache\16\api-ms-win-core-synch-l1-1-0.dll
0x0000021e0cf60000 - 0x0000021e0cf63000 	C:\Users\kiril\.openjfx\cache\16\api-ms-win-core-synch-l1-2-0.dll
0x0000021e0cf70000 - 0x0000021e0cf73000 	C:\Users\kiril\.openjfx\cache\16\api-ms-win-core-sysinfo-l1-1-0.dll
0x0000021e0cf80000 - 0x0000021e0cf83000 	C:\Users\kiril\.openjfx\cache\16\api-ms-win-core-timezone-l1-1-0.dll
0x0000021e0cf90000 - 0x0000021e0cf93000 	C:\Users\kiril\.openjfx\cache\16\api-ms-win-core-util-l1-1-0.dll
0x0000021e0cfa0000 - 0x0000021e0cfa3000 	C:\Users\kiril\.openjfx\cache\16\api-ms-win-crt-conio-l1-1-0.dll
0x0000021e0cfb0000 - 0x0000021e0cfb4000 	C:\Users\kiril\.openjfx\cache\16\api-ms-win-crt-convert-l1-1-0.dll
0x0000021e0cfc0000 - 0x0000021e0cfc3000 	C:\Users\kiril\.openjfx\cache\16\api-ms-win-crt-environment-l1-1-0.dll
0x0000021e0cfd0000 - 0x0000021e0cfd3000 	C:\Users\kiril\.openjfx\cache\16\api-ms-win-crt-filesystem-l1-1-0.dll
0x0000021e0cfe0000 - 0x0000021e0cfe3000 	C:\Users\kiril\.openjfx\cache\16\api-ms-win-crt-heap-l1-1-0.dll
0x0000021e0cff0000 - 0x0000021e0cff3000 	C:\Users\kiril\.openjfx\cache\16\api-ms-win-crt-locale-l1-1-0.dll
0x0000021e0f630000 - 0x0000021e0f635000 	C:\Users\kiril\.openjfx\cache\16\api-ms-win-crt-math-l1-1-0.dll
0x0000021e0f640000 - 0x0000021e0f645000 	C:\Users\kiril\.openjfx\cache\16\api-ms-win-crt-multibyte-l1-1-0.dll
0x0000021e0f650000 - 0x0000021e0f660000 	C:\Users\kiril\.openjfx\cache\16\api-ms-win-crt-private-l1-1-0.dll
0x0000021e0f660000 - 0x0000021e0f663000 	C:\Users\kiril\.openjfx\cache\16\api-ms-win-crt-process-l1-1-0.dll
0x0000021e0f670000 - 0x0000021e0f674000 	C:\Users\kiril\.openjfx\cache\16\api-ms-win-crt-runtime-l1-1-0.dll
0x0000021e0f680000 - 0x0000021e0f684000 	C:\Users\kiril\.openjfx\cache\16\api-ms-win-crt-stdio-l1-1-0.dll
0x0000021e0f690000 - 0x0000021e0f694000 	C:\Users\kiril\.openjfx\cache\16\api-ms-win-crt-string-l1-1-0.dll
0x0000021e0f510000 - 0x0000021e0f513000 	C:\Users\kiril\.openjfx\cache\16\api-ms-win-crt-time-l1-1-0.dll
0x0000021e0f520000 - 0x0000021e0f523000 	C:\Users\kiril\.openjfx\cache\16\api-ms-win-crt-utility-l1-1-0.dll
0x00007ff979a60000 - 0x00007ff979b5c000 	C:\Users\kiril\.openjfx\cache\16\ucrtbase.dll
0x00007ff97c150000 - 0x00007ff97c169000 	C:\Users\kiril\.openjfx\cache\16\vcruntime140.dll
0x00007ff980380000 - 0x00007ff98038c000 	C:\Users\kiril\.openjfx\cache\16\vcruntime140_1.dll
0x00007ff97c0b0000 - 0x00007ff97c141000 	C:\Users\kiril\.openjfx\cache\16\msvcp140.dll
0x00007ff97bee0000 - 0x00007ff97bf07000 	C:\Users\kiril\.openjfx\cache\16\prism_d3d.dll
0x00007ff988a30000 - 0x00007ff988bfe000 	C:\WINDOWS\system32\d3d9.dll
0x00007ff9929c0000 - 0x00007ff9929ef000 	C:\WINDOWS\SYSTEM32\dwmapi.dll
0x00007ff9927d0000 - 0x00007ff99286e000 	C:\WINDOWS\system32\uxtheme.dll
0x00007ff98c1d0000 - 0x00007ff98c2d6000 	C:\WINDOWS\System32\DriverStore\FileRepository\nv_dispi.inf_amd64_44dc4eefedc0d082\nvldumdx.dll
0x00007ff994970000 - 0x00007ff994982000 	C:\WINDOWS\SYSTEM32\msasn1.dll
0x00007ff98e050000 - 0x00007ff98e081000 	C:\WINDOWS\SYSTEM32\cryptnet.dll
0x00007ff995050000 - 0x00007ff9951a6000 	C:\WINDOWS\System32\CRYPT32.dll
0x00007ff98d040000 - 0x00007ff98d18a000 	C:\WINDOWS\SYSTEM32\drvstore.dll
0x00007ff994b30000 - 0x00007ff994b64000 	C:\WINDOWS\SYSTEM32\devobj.dll
0x00007ff995670000 - 0x00007ff9956be000 	C:\WINDOWS\System32\cfgmgr32.dll
0x00007ff994750000 - 0x00007ff99475c000 	C:\WINDOWS\SYSTEM32\cryptbase.dll
0x00007ff9951b0000 - 0x00007ff995210000 	C:\WINDOWS\System32\WINTRUST.DLL
0x00007ff996ed0000 - 0x00007ff996eed000 	C:\WINDOWS\System32\imagehlp.dll
0x00007ff994730000 - 0x00007ff994748000 	C:\WINDOWS\SYSTEM32\CRYPTSP.dll
0x00007ff993e50000 - 0x00007ff993e84000 	C:\WINDOWS\system32\rsaenh.dll
0x00007ff995570000 - 0x00007ff995597000 	C:\WINDOWS\System32\bcrypt.dll
0x00007ff92c4b0000 - 0x00007ff92dc45000 	C:\WINDOWS\System32\DriverStore\FileRepository\nv_dispi.inf_amd64_44dc4eefedc0d082\nvd3dumx.dll
0x00007ff97be90000 - 0x00007ff97bed2000 	C:\Users\kiril\.openjfx\cache\16\glass.dll
0x00007ff997520000 - 0x00007ff9975fa000 	C:\WINDOWS\System32\COMDLG32.dll
0x00007ff997110000 - 0x00007ff99723a000 	C:\WINDOWS\System32\ole32.dll
0x00007ff9964f0000 - 0x00007ff9965bd000 	C:\WINDOWS\System32\OLEAUT32.dll
0x0000000180000000 - 0x00000001803cc000 	C:\Programs\RivaTuner Statistics Server\RTSSHooks64.dll
0x00007ff996820000 - 0x00007ff996c92000 	C:\WINDOWS\System32\SETUPAPI.dll
0x00007ff995b30000 - 0x00007ff995c45000 	C:\WINDOWS\System32\MSCTF.dll
0x00007ff940940000 - 0x00007ff940c03000 	C:\WINDOWS\system32\nvspcap64.dll
0x00007ff993a80000 - 0x00007ff993ab3000 	C:\WINDOWS\SYSTEM32\ntmarta.dll
0x00007ff993650000 - 0x00007ff993673000 	C:\WINDOWS\SYSTEM32\gpapi.dll
0x00007ff990190000 - 0x00007ff9901cb000 	C:\WINDOWS\SYSTEM32\dxcore.dll
0x00007ff97bf30000 - 0x00007ff97bf44000 	C:\Users\kiril\.openjfx\cache\16\javafx_font.dll
0x00007ff989790000 - 0x00007ff989a13000 	C:\WINDOWS\SYSTEM32\dwrite.dll
0x00007ff995c50000 - 0x00007ff995cf9000 	C:\WINDOWS\System32\clbcatq.dll
0x00007ff98e730000 - 0x00007ff98e8e4000 	C:\WINDOWS\SYSTEM32\WindowsCodecs.dll
0x00007ff953a70000 - 0x00007ff953aae000 	C:\WINDOWS\system32\dataexchange.dll
0x00007ff991a00000 - 0x00007ff991be5000 	C:\WINDOWS\system32\dcomp.dll
0x00007ff9911d0000 - 0x00007ff991434000 	C:\WINDOWS\system32\d3d11.dll
0x00007ff993680000 - 0x00007ff993774000 	C:\WINDOWS\system32\dxgi.dll

dbghelp: loaded successfully - version: 4.0.5 - missing functions: none
symbol engine: initialized successfully - sym options: 0x614 - pdb path: .;C:\Users\kiril\.jdks\openjdk-16.0.1\bin;C:\WINDOWS\SYSTEM32;C:\WINDOWS\WinSxS\amd64_microsoft.windows.common-controls_6595b64144ccf1df_6.0.19041.1110_none_60b5254171f9507e;C:\Users\kiril\.jdks\openjdk-16.0.1\bin\server;C:\Programs\JetBrains\IntelliJ IDEA Community Edition 2021.3\bin;C:\Users\kiril\.openjfx\cache\16;C:\WINDOWS\System32\DriverStore\FileRepository\nv_dispi.inf_amd64_44dc4eefedc0d082;C:\Programs\RivaTuner Statistics Server;C:\Program Files\Common Files\Microsoft Shared\Ink

VM Arguments:
jvm_args: -javaagent:C:\Programs\JetBrains\IntelliJ IDEA Community Edition 2021.3\lib\idea_rt.jar=50537:C:\Programs\JetBrains\IntelliJ IDEA Community Edition 2021.3\bin -Dfile.encoding=UTF-8 --module-path=C:\Users\kiril\.m2\repository\org\openjfx\javafx-graphics\16\javafx-graphics-16-win.jar;C:\Users\kiril\.m2\repository\org\openjfx\javafx-fxml\16\javafx-fxml-16-win.jar;C:\Users\kiril\.m2\repository\org\openjfx\javafx-controls\16\javafx-controls-16-win.jar;C:\Users\kiril\.m2\repository\org\openjfx\javafx-base\16\javafx-base-16-win.jar;C:\Users\kiril\Desktop\subd\target\classes -Djdk.module.main=com.example.subd 
java_command: com.example.subd/com.example.subd.MainApplication
java_class_path (initial): C:\Users\kiril\.m2\repository\org\openjfx\javafx-controls\16\javafx-controls-16.jar;C:\Users\kiril\.m2\repository\org\openjfx\javafx-graphics\16\javafx-graphics-16.jar;C:\Users\kiril\.m2\repository\org\openjfx\javafx-base\16\javafx-base-16.jar;C:\Users\kiril\.m2\repository\org\openjfx\javafx-fxml\16\javafx-fxml-16.jar
Launcher Type: SUN_STANDARD

[Global flags]
     intx CICompilerCount                          = 12                                        {product} {ergonomic}
     uint ConcGCThreads                            = 3                                         {product} {ergonomic}
     uint G1ConcRefinementThreads                  = 13                                        {product} {ergonomic}
   size_t G1HeapRegionSize                         = 2097152                                   {product} {ergonomic}
    uintx GCDrainStackTargetSize                   = 64                                        {product} {ergonomic}
   size_t InitialHeapSize                          = 268435456                                 {product} {ergonomic}
   size_t MarkStackSize                            = 4194304                                   {product} {ergonomic}
   size_t MaxHeapSize                              = 4278190080                                {product} {ergonomic}
   size_t MaxNewSize                               = 2566914048                                {product} {ergonomic}
   size_t MinHeapDeltaBytes                        = 2097152                                   {product} {ergonomic}
   size_t MinHeapSize                              = 8388608                                   {product} {ergonomic}
    uintx NonNMethodCodeHeapSize                   = 7602480                                {pd product} {ergonomic}
    uintx NonProfiledCodeHeapSize                  = 122027880                              {pd product} {ergonomic}
    uintx ProfiledCodeHeapSize                     = 122027880                              {pd product} {ergonomic}
    uintx ReservedCodeCacheSize                    = 251658240                              {pd product} {ergonomic}
     bool SegmentedCodeCache                       = true                                      {product} {ergonomic}
   size_t SoftMaxHeapSize                          = 4278190080                             {manageable} {ergonomic}
     bool UseCompressedClassPointers               = true                           {product lp64_product} {ergonomic}
     bool UseCompressedOops                        = true                           {product lp64_product} {ergonomic}
     bool UseG1GC                                  = true                                      {product} {ergonomic}
     bool UseLargePagesIndividualAllocation        = false                                  {pd product} {ergonomic}

Logging:
Log output configuration:
 #0: stdout all=off uptime,level,tags
 #1: stderr all=off uptime,level,tags

Environment Variables:
PATH=C:\Program Files (x86)\Embarcadero\Studio\20.0\bin;C:\Users\Public\Documents\Embarcadero\Studio\20.0\Bpl;C:\Program Files (x86)\Embarcadero\Studio\20.0\bin64;C:\Users\Public\Documents\Embarcadero\Studio\20.0\Bpl\Win64;C:\Program Files (x86)\Common Files\Oracle\Java\javapath;C:\ProgramData\Oracle\Java\javapath;C:\Windows\system32;C:\Windows;C:\Windows\System32\Wbem;C:\Windows\System32\WindowsPowerShell\v1.0\;C:\Windows\System32\OpenSSH\;C:\Program Files\NVIDIA Corporation\NVIDIA NvDLISR;C:\Program Files (x86)\Windows Kits\10\Windows Performance Toolkit\;C:\Program Files\Microsoft SQL Server\130\Tools\Binn\;C:\Program Files (x86)\NVIDIA Corporation\PhysX\Common;C:\Program Files\dotnet\;C:\Program Files\Microsoft SQL Server\Client SDK\ODBC\170\Tools\Binn\;C:\Program Files (x86)\Microsoft SQL Server\150\Tools\Binn\;C:\Program Files\Microsoft SQL Server\150\Tools\Binn\;C:\Program Files\Microsoft SQL Server\150\DTS\Binn\;C:\Program Files (x86)\Microsoft SQL Server\150\DTS\Binn\;C:\Program Files\Azure Data Studio\bin;C:\Program Files\Microsoft SQL Server\Client SDK\ODBC\130\Tools\Binn\;C:\Program Files (x86)\Microsoft SQL Server\140\Tools\Binn\;C:\Program Files\Microsoft SQL Server\140\Tools\Binn\;C:\Program Files\Microsoft SQL Server\140\DTS\Binn\;C:\Programs\Git\cmd;C:\WINDOWS\system32;C:\WINDOWS;C:\WINDOWS\System32\Wbem;C:\WINDOWS\System32\WindowsPowerShell\v1.0\;C:\WINDOWS\System32\OpenSSH\;C:\Program Files\MySQL\MySQL Shell 8.0\bin\;C:\Users\kiril\AppData\Local\Programs\Python\Python38-32\Scripts\;C:\Users\kiril\AppData\Local\Programs\Python\Python38-32\;C:\Users\kiril\AppData\Local\Microsoft\WindowsApps;C:\Users\kiril\.dotnet\tools;C:\Program Files\Azure Data Studio\bin;C:\Programs\JetBrains\IntelliJ IDEA Community Edition 2020.3.2\bin;;C:\Programs\JetBrains\PyCharm Community Edition 2020.3.3\bin;;C:\Users\kiril\AppData\Local\Programs\MiKTeX\miktex\bin\x64\;C:\Users\kiril\AppData\Local\Programs\Microsoft VS Code\bin;C:\Program Files\mingw-w64\x86_64-8.1.0-win32-seh
USERNAME=kiril
OS=Windows_NT
PROCESSOR_IDENTIFIER=AMD64 Family 23 Model 113 Stepping 0, AuthenticAMD



---------------  S Y S T E M  ---------------

OS:
 Windows 10 , 64 bit Build 19041 (10.0.19041.1348)
OS uptime: 0 days 1:55 hours

CPU: total 16 (initial active 16) (16 cores per cpu, 2 threads per core) family 23 model 113 stepping 0 microcode 0x0, cx8, cmov, fxsr, ht, mmx, 3dnowpref, sse, sse2, sse3, ssse3, sse4a, sse4.1, sse4.2, popcnt, lzcnt, tsc, tscinvbit, avx, avx2, aes, clmul, bmi1, bmi2, adx, sha, fma, vzeroupper, clflush, clflushopt

Memory: 4k page, system-wide physical 16315M (8344M free)
TotalPageFile size 21691M (AvailPageFile size 8465M)
current process WorkingSet (physical memory assigned to process): 137M, peak: 151M
current process commit charge ("private bytes"): 432M, peak: 450M

vm_info: OpenJDK 64-Bit Server VM (16.0.1+9-24) for windows-amd64 JRE (16.0.1+9-24), built on Mar 26 2021 19:30:07 by "mach5one" with MS VC++ 16.7 (VS2019)

END.
