#
# A fatal error has been detected by the Java Runtime Environment:
#
#  EXCEPTION_ACCESS_VIOLATION (0xc0000005) at pc=0x00007ff97beb6997, pid=14780, tid=15744
#
# JRE version: OpenJDK Runtime Environment (16.0.1+9) (build 16.0.1+9-24)
# Java VM: OpenJDK 64-Bit Server VM (16.0.1+9-24, mixed mode, sharing, tiered, compressed oops, compressed class ptrs, g1 gc, windows-amd64)
# Problematic frame:
# C  [glass.dll+0x26997]
#
# No core dump will be written. Minidumps are not enabled by default on client versions of Windows
#
# If you would like to submit a bug report, please visit:
#   https://bugreport.java.com/bugreport/crash.jsp
#

---------------  S U M M A R Y ------------

Command Line: -javaagent:C:\Programs\JetBrains\IntelliJ IDEA Community Edition 2021.3\lib\idea_rt.jar=50540:C:\Programs\JetBrains\IntelliJ IDEA Community Edition 2021.3\bin -Dfile.encoding=UTF-8 --module-path=C:\Users\kiril\.m2\repository\org\openjfx\javafx-graphics\16\javafx-graphics-16-win.jar;C:\Users\kiril\.m2\repository\org\openjfx\javafx-fxml\16\javafx-fxml-16-win.jar;C:\Users\kiril\.m2\repository\org\openjfx\javafx-controls\16\javafx-controls-16-win.jar;C:\Users\kiril\.m2\repository\org\openjfx\javafx-base\16\javafx-base-16-win.jar;C:\Users\kiril\Desktop\subd\target\classes -Djdk.module.main=com.example.subd com.example.subd/com.example.subd.MainApplication

Host: AMD Ryzen 7 3700X 8-Core Processor             , 16 cores, 15G,  Windows 10 , 64 bit Build 19041 (10.0.19041.1348)
Time: Sat Dec  4 20:18:34 2021 Russia TZ 2 Standard Time elapsed time: 13.735695 seconds (0d 0h 0m 13s)

---------------  T H R E A D  ---------------

Current thread (0x00000298df94d940):  VMThread "VM Thread" [stack: 0x000000ec16c00000,0x000000ec16d00000] [id=15744]

Stack: [0x000000ec16c00000,0x000000ec16d00000],  sp=0x000000ec16cfeeb0,  free space=1019k
Native frames: (J=compiled Java code, j=interpreted, Vv=VM code, C=native code)
C  [glass.dll+0x26997]


siginfo: EXCEPTION_ACCESS_VIOLATION (0xc0000005), reading address 0x0000000000000000


Register to memory mapping:

RIP=0x00007ff97beb6997 glass.dll
RAX=0x0 is NULL
RBX=0x00000298df957820 is a global jni handle
RCX=0x00000298df94d940 points into unknown readable memory: 0x00007ff94893f638 | 38 f6 93 48 f9 7f 00 00
RDX=0x000000ec16cfeeb0 points into unknown readable memory: 0x0000000000000000 | 00 00 00 00 00 00 00 00
RSP=0x000000ec16cfeeb0 points into unknown readable memory: 0x0000000000000000 | 00 00 00 00 00 00 00 00
RBP=0x00000298e1869818 points into unknown readable memory: 0x00006d9d8c889eeb | eb 9e 88 8c 9d 6d 00 00
RSI=0x00000298e18697f0 points into unknown readable memory: 0x59ea0d9d8f775534 | 34 55 77 8f 9d 0d ea 59
RDI=0x00006d9d8c889eeb is an unknown value
R8 =0x0000000000010002 is an unknown value
R9 =0x00006d9d8c889eeb is an unknown value
R10=0x0000000000008000 is an unknown value
R11=0x000000ec16cfee40 points into unknown readable memory: 0x00000298e18697f0 | f0 97 86 e1 98 02 00 00
R12=0x00007ff97beb4234 glass.dll
R13=0x00000298bc293e80 points into unknown readable memory: 0x8000000900000001 | 01 00 00 00 09 00 00 80
R14=0x000000ec16cfefa8 points into unknown readable memory: 0x000000ec16cfef90 | 90 ef cf 16 ec 00 00 00
R15=0x00000298e18697f0 points into unknown readable memory: 0x59ea0d9d8f775534 | 34 55 77 8f 9d 0d ea 59


Registers:
RAX=0x0000000000000000, RBX=0x00000298df957820, RCX=0x00000298df94d940, RDX=0x000000ec16cfeeb0
RSP=0x000000ec16cfeeb0, RBP=0x00000298e1869818, RSI=0x00000298e18697f0, RDI=0x00006d9d8c889eeb
R8 =0x0000000000010002, R9 =0x00006d9d8c889eeb, R10=0x0000000000008000, R11=0x000000ec16cfee40
R12=0x00007ff97beb4234, R13=0x00000298bc293e80, R14=0x000000ec16cfefa8, R15=0x00000298e18697f0
RIP=0x00007ff97beb6997, EFLAGS=0x0000000000010202

Top of Stack: (sp=0x000000ec16cfeeb0)
0x000000ec16cfeeb0:   0000000000000000 00000298e18697f0
0x000000ec16cfeec0:   00000298bc293e80 00007ff97beb4234
0x000000ec16cfeed0:   00000298e18697f8 00007ff994f642d6
0x000000ec16cfeee0:   00006d9d8c889eeb 0000029800000000
0x000000ec16cfeef0:   00000298e1869818 00000298e18697f0
0x000000ec16cfef00:   fffffffffffffffe 0000000000000000
0x000000ec16cfef10:   0000000000000001 00007ff97be90000
0x000000ec16cfef20:   000000ec16cfef98 00007ff994f641fb
0x000000ec16cfef30:   0000000000000000 000000ec16cfefa8
0x000000ec16cfef40:   000000ec16cff270 00007ff995040e40
0x000000ec16cfef50:   0000000000000001 00007ff994f641b4
0x000000ec16cfef60:   0000000000000000 0000000000000001
0x000000ec16cfef70:   00000298e2496978 000000ec16cfef98
0x000000ec16cfef80:   00000298e2496980 00007ff97beb40c1
0x000000ec16cfef90:   00007ff97beca128 0000000100000002
0x000000ec16cfefa0:   0000029800000002 000000ec16cfef90 

Instructions: (pc=0x00007ff97beb6997)
0x00007ff97beb6897:   8b 4d 58 e8 d1 ce ff ff 48 8b 4d 60 e8 c8 ce ff
0x00007ff97beb68a7:   ff 48 8b 95 80 00 00 00 48 8b 8d 18 01 00 00 e8
0x00007ff97beb68b7:   96 c3 ff ff 33 d2 33 c9 e8 12 e1 ff ff 90 48 89
0x00007ff97beb68c7:   54 24 10 55 48 83 ec 20 48 8b ea 48 b8 00 00 00
0x00007ff97beb68d7:   00 00 00 00 00 48 83 c4 20 5d c3 cc 40 55 48 8b
0x00007ff97beb68e7:   ea 48 8b 01 33 c9 81 38 05 00 00 c0 0f 94 c1 8b
0x00007ff97beb68f7:   c1 5d c3 cc 40 55 48 83 ec 20 48 8b ea 8a 4d 40
0x00007ff97beb6907:   48 83 c4 20 5d e9 c7 d2 ff ff cc 40 55 48 83 ec
0x00007ff97beb6917:   20 48 8b ea 8a 4d 20 e8 b5 d2 ff ff 90 48 83 c4
0x00007ff97beb6927:   20 5d c3 cc 40 55 48 83 ec 20 48 8b ea 48 83 c4
0x00007ff97beb6937:   20 5d e9 16 d1 ff ff cc 40 55 48 83 ec 30 48 8b
0x00007ff97beb6947:   ea 48 8b 01 8b 10 48 89 4c 24 28 89 54 24 20 4c
0x00007ff97beb6957:   8d 0d b7 d5 ff ff 4c 8b 45 70 8b 55 68 48 8b 4d
0x00007ff97beb6967:   60 e8 57 d0 ff ff 90 48 83 c4 30 5d c3 cc cc cc
0x00007ff97beb6977:   cc cc cc cc cc cc cc cc cc 40 53 48 83 ec 20 48
0x00007ff97beb6987:   8b 1d 93 31 01 00 48 85 db 74 16 e8 29 8b ff ff
0x00007ff97beb6997:   4c 8b 00 48 8b d3 48 8b c8 41 ff 90 b0 00 00 00
0x00007ff97beb69a7:   90 48 83 c4 20 5b c3 cc cc 40 53 48 83 ec 20 48
0x00007ff97beb69b7:   8b 1d 0b 33 01 00 48 85 db 74 57 b8 ff ff ff ff
0x00007ff97beb69c7:   f0 0f c1 43 10 83 f8 01 75 3d 48 85 db 74 38 48
0x00007ff97beb69d7:   8b 0b 48 85 c9 74 0d ff 15 c4 08 00 00 48 c7 03
0x00007ff97beb69e7:   00 00 00 00 48 8b 4b 08 48 85 c9 74 0d e8 77 cd
0x00007ff97beb69f7:   ff ff 48 c7 43 08 00 00 00 00 ba 18 00 00 00 48
0x00007ff97beb6a07:   8b cb e8 62 cd ff ff 48 c7 05 af 32 01 00 00 00
0x00007ff97beb6a17:   00 00 48 83 c4 20 5b c3 cc 40 53 48 83 ec 20 48
0x00007ff97beb6a27:   8b 1d 7b 32 01 00 48 85 db 74 57 b8 ff ff ff ff
0x00007ff97beb6a37:   f0 0f c1 43 10 83 f8 01 75 3d 48 85 db 74 38 48
0x00007ff97beb6a47:   8b 0b 48 85 c9 74 0d ff 15 54 08 00 00 48 c7 03
0x00007ff97beb6a57:   00 00 00 00 48 8b 4b 08 48 85 c9 74 0d e8 07 cd
0x00007ff97beb6a67:   ff ff 48 c7 43 08 00 00 00 00 ba 18 00 00 00 48
0x00007ff97beb6a77:   8b cb e8 f2 cc ff ff 48 c7 05 1f 32 01 00 00 00
0x00007ff97beb6a87:   00 00 48 83 c4 20 5b c3 cc 40 53 48 83 ec 20 48 


Stack slot to memory mapping:
stack at sp + 0 slots: 0x0 is NULL
stack at sp + 1 slots: 0x00000298e18697f0 points into unknown readable memory: 0x59ea0d9d8f775534 | 34 55 77 8f 9d 0d ea 59
stack at sp + 2 slots: 0x00000298bc293e80 points into unknown readable memory: 0x8000000900000001 | 01 00 00 00 09 00 00 80
stack at sp + 3 slots: 0x00007ff97beb4234 glass.dll
stack at sp + 4 slots: 0x00000298e18697f8 points into unknown readable memory: 0x00006d9d8c889eeb | eb 9e 88 8c 9d 6d 00 00
stack at sp + 5 slots: 0x00007ff994f642d6 ucrtbase.dll
stack at sp + 6 slots: 0x00006d9d8c889eeb is an unknown value
stack at sp + 7 slots: 0x0000029800000000 is an unknown value

VM_Operation (0x000000ec177ff030): Exit, mode: safepoint, requested by thread 0x00000298e0f2be10


---------------  P R O C E S S  ---------------

Threads class SMR info:
_java_thread_list=0x00000298e1de42b0, length=20, elements={
0x00000298bc230a40, 0x00000298df952da0, 0x00000298df954680, 0x00000298df968390,
0x00000298df96ceb0, 0x00000298df96d8b0, 0x00000298e04082a0, 0x00000298e0408ca0,
0x00000298e04096e0, 0x00000298df930130, 0x00000298e0c33200, 0x00000298e0f26670,
0x00000298e12f5450, 0x00000298e0994c80, 0x00000298e07f7040, 0x00000298e0f2d8a0,
0x00000298e0f2d350, 0x00000298e0f2ddf0, 0x00000298e0f2ce00, 0x00000298e0f2be10
}

Java Threads: ( => current thread )
  0x00000298bc230a40 JavaThread "main" [_thread_blocked, id=15832, stack(0x000000ec16600000,0x000000ec16700000)]
  0x00000298df952da0 JavaThread "Reference Handler" daemon [_thread_blocked, id=15620, stack(0x000000ec16d00000,0x000000ec16e00000)]
  0x00000298df954680 JavaThread "Finalizer" daemon [_thread_blocked, id=5204, stack(0x000000ec16e00000,0x000000ec16f00000)]
  0x00000298df968390 JavaThread "Attach Listener" daemon [_thread_blocked, id=7864, stack(0x000000ec17000000,0x000000ec17100000)]
  0x00000298df96ceb0 JavaThread "Service Thread" daemon [_thread_blocked, id=6124, stack(0x000000ec17100000,0x000000ec17200000)]
  0x00000298df96d8b0 JavaThread "Monitor Deflation Thread" daemon [_thread_blocked, id=15464, stack(0x000000ec17200000,0x000000ec17300000)]
  0x00000298e04082a0 JavaThread "C2 CompilerThread0" daemon [_thread_blocked, id=15060, stack(0x000000ec17300000,0x000000ec17400000)]
  0x00000298e0408ca0 JavaThread "C1 CompilerThread0" daemon [_thread_blocked, id=10716, stack(0x000000ec17400000,0x000000ec17500000)]
  0x00000298e04096e0 JavaThread "Sweeper thread" daemon [_thread_blocked, id=15648, stack(0x000000ec17500000,0x000000ec17600000)]
  0x00000298df930130 JavaThread "Common-Cleaner" daemon [_thread_blocked, id=3328, stack(0x000000ec17600000,0x000000ec17700000)]
  0x00000298e0c33200 JavaThread "Monitor Ctrl-Break" daemon [_thread_in_native, id=1280, stack(0x000000ec17e00000,0x000000ec17f00000)]
  0x00000298e0f26670 JavaThread "Notification Thread" daemon [_thread_blocked, id=5036, stack(0x000000ec17f00000,0x000000ec18000000)]
  0x00000298e12f5450 JavaThread "QuantumRenderer-0" daemon [_thread_blocked, id=5912, stack(0x000000ec18100000,0x000000ec18200000)]
  0x00000298e0994c80 JavaThread "InvokeLaterDispatcher" daemon [_thread_blocked, id=10420, stack(0x000000ec18300000,0x000000ec18400000)]
  0x00000298e07f7040 JavaThread "JavaFX Application Thread" [_thread_in_native, id=10712, stack(0x000000ec18400000,0x000000ec18500000)]
  0x00000298e0f2d8a0 JavaThread "JavaFX-Launcher" [_thread_blocked, id=5244, stack(0x000000ec17b00000,0x000000ec17c00000)]
  0x00000298e0f2d350 JavaThread "Thread-2" daemon [_thread_in_native, id=11776, stack(0x000000ec17a00000,0x000000ec17b00000)]
  0x00000298e0f2ddf0 JavaThread "Prism Font Disposer" daemon [_thread_blocked, id=15432, stack(0x000000ec18f00000,0x000000ec19000000)]
  0x00000298e0f2ce00 JavaThread "Cleaner-0" daemon [_thread_blocked, id=9376, stack(0x000000ec19000000,0x000000ec19100000)]
  0x00000298e0f2be10 JavaThread "SIGINT handler" daemon [_thread_blocked, id=11220, stack(0x000000ec17700000,0x000000ec17800000)]

Other Threads:
=>0x00000298df94d940 VMThread "VM Thread" [stack: 0x000000ec16c00000,0x000000ec16d00000] [id=15744]
  0x00000298bc280a00 GCTaskThread "GC Thread#0" [stack: 0x000000ec16700000,0x000000ec16800000] [id=6284]
  0x00000298e15a9970 GCTaskThread "GC Thread#1" [stack: 0x000000ec17c00000,0x000000ec17d00000] [id=10688]
  0x00000298e15aa2a0 GCTaskThread "GC Thread#2" [stack: 0x000000ec18600000,0x000000ec18700000] [id=15944]
  0x00000298e15b2ae0 GCTaskThread "GC Thread#3" [stack: 0x000000ec18700000,0x000000ec18800000] [id=6496]
  0x00000298e15b77e0 GCTaskThread "GC Thread#4" [stack: 0x000000ec18800000,0x000000ec18900000] [id=12692]
  0x00000298e15eee60 GCTaskThread "GC Thread#5" [stack: 0x000000ec18900000,0x000000ec18a00000] [id=1112]
  0x00000298ea202040 GCTaskThread "GC Thread#6" [stack: 0x000000ec18a00000,0x000000ec18b00000] [id=10616]
  0x00000298e9d0fcc0 GCTaskThread "GC Thread#7" [stack: 0x000000ec18b00000,0x000000ec18c00000] [id=12348]
  0x00000298e169e990 GCTaskThread "GC Thread#8" [stack: 0x000000ec19100000,0x000000ec19200000] [id=12980]
  0x00000298e169e060 GCTaskThread "GC Thread#9" [stack: 0x000000ec19200000,0x000000ec19300000] [id=2256]
  0x00000298e169e680 GCTaskThread "GC Thread#10" [stack: 0x000000ec19300000,0x000000ec19400000] [id=8832]
  0x00000298e169eca0 GCTaskThread "GC Thread#11" [stack: 0x000000ec19400000,0x000000ec19500000] [id=1964]
  0x00000298e169e370 GCTaskThread "GC Thread#12" [stack: 0x000000ec19500000,0x000000ec19600000] [id=15512]
  0x00000298bc291940 ConcurrentGCThread "G1 Main Marker" terminated
  0x00000298bc292b50 ConcurrentGCThread "G1 Conc#0" [stack: 0x000000ec16900000,0x000000ec16a00000] [id=14588]
  0x00000298df8044f0 ConcurrentGCThread "G1 Refine#0" terminated
  0x00000298df804f70 ConcurrentGCThread "G1 Service" terminated

Threads with active compile tasks:
C2 CompilerThread0  
[error occurred during error reporting (printing all threads), id 0xc0000005, EXCEPTION_ACCESS_VIOLATION (0xc0000005) at pc=0x00007ff94875bb63]

VM state: at safepoint (shutting down)

VM Mutex/Monitor currently owned by a thread:  ([mutex/lock_event])
[0x00000298bc22c710] Threads_lock - owner thread: 0x00000298df94d940
[0x00000298bc22cef0] Heap_lock - owner thread: 0x00000298e0f2be10

Heap address: 0x0000000701000000, size: 4080 MB, Compressed Oops mode: Zero based, Oop shift amount: 3

CDS archive(s) mapped at: [0x0000000800000000-0x0000000800bb0000-0x0000000800bb0000), size 12255232, SharedBaseAddress: 0x0000000800000000, ArchiveRelocationMode: 0.
Compressed class space mapped at: 0x0000000800c00000-0x0000000840c00000, reserved size: 1073741824
Narrow klass base: 0x0000000800000000, Narrow klass shift: 3, Narrow klass range: 0x100000000

GC Precious Log:
 CPUs: 16 total, 16 available
 Memory: 16315M
 Large Page Support: Disabled
 NUMA Support: Disabled
 Compressed Oops: Enabled (Zero based)
 Heap Region Size: 2M
 Heap Min Capacity: 8M
 Heap Initial Capacity: 256M
 Heap Max Capacity: 4080M
 Pre-touch: Disabled
 Parallel Workers: 13
 Concurrent Workers: 3
 Concurrent Refinement Workers: 13
 Periodic GC: Disabled

Heap:
 garbage-first heap   total 262144K, used 11724K [0x0000000701000000, 0x0000000800000000)
  region size 2048K, 5 young (10240K), 3 survivors (6144K)
 Metaspace       used 15106K, committed 15296K, reserved 1064960K
  class space    used 2089K, committed 2176K, reserved 1048576K

Heap Regions: E=young(eden), S=young(survivor), O=old, HS=humongous(starts), HC=humongous(continues), CS=collection set, F=free, OA=open archive, CA=closed archive, TAMS=top-at-mark-start (previous, next)
|   0|0x0000000701000000, 0x0000000701200000, 0x0000000701200000|100%|HS|  |TAMS 0x0000000701000000, 0x0000000701000000| Complete 
|   1|0x0000000701200000, 0x0000000701373000, 0x0000000701400000| 72%| O|  |TAMS 0x0000000701200000, 0x0000000701200000| Untracked 
|   2|0x0000000701400000, 0x0000000701400000, 0x0000000701600000|  0%| F|  |TAMS 0x0000000701400000, 0x0000000701400000| Untracked 
|   3|0x0000000701600000, 0x0000000701600000, 0x0000000701800000|  0%| F|  |TAMS 0x0000000701600000, 0x0000000701600000| Untracked 
|   4|0x0000000701800000, 0x0000000701800000, 0x0000000701a00000|  0%| F|  |TAMS 0x0000000701800000, 0x0000000701800000| Untracked 
|   5|0x0000000701a00000, 0x0000000701a00000, 0x0000000701c00000|  0%| F|  |TAMS 0x0000000701a00000, 0x0000000701a00000| Untracked 
|   6|0x0000000701c00000, 0x0000000701c00000, 0x0000000701e00000|  0%| F|  |TAMS 0x0000000701c00000, 0x0000000701c00000| Untracked 
|   7|0x0000000701e00000, 0x0000000701e00000, 0x0000000702000000|  0%| F|  |TAMS 0x0000000701e00000, 0x0000000701e00000| Untracked 
|   8|0x0000000702000000, 0x0000000702000000, 0x0000000702200000|  0%| F|  |TAMS 0x0000000702000000, 0x0000000702000000| Untracked 
|   9|0x0000000702200000, 0x0000000702200000, 0x0000000702400000|  0%| F|  |TAMS 0x0000000702200000, 0x0000000702200000| Untracked 
|  10|0x0000000702400000, 0x0000000702400000, 0x0000000702600000|  0%| F|  |TAMS 0x0000000702400000, 0x0000000702400000| Untracked 
|  11|0x0000000702600000, 0x0000000702600000, 0x0000000702800000|  0%| F|  |TAMS 0x0000000702600000, 0x0000000702600000| Untracked 
|  12|0x0000000702800000, 0x0000000702800000, 0x0000000702a00000|  0%| F|  |TAMS 0x0000000702800000, 0x0000000702800000| Untracked 
|  13|0x0000000702a00000, 0x0000000702a00000, 0x0000000702c00000|  0%| F|  |TAMS 0x0000000702a00000, 0x0000000702a00000| Untracked 
|  14|0x0000000702c00000, 0x0000000702c00000, 0x0000000702e00000|  0%| F|  |TAMS 0x0000000702c00000, 0x0000000702c00000| Untracked 
|  15|0x0000000702e00000, 0x0000000702e00000, 0x0000000703000000|  0%| F|  |TAMS 0x0000000702e00000, 0x0000000702e00000| Untracked 
|  16|0x0000000703000000, 0x0000000703000000, 0x0000000703200000|  0%| F|  |TAMS 0x0000000703000000, 0x0000000703000000| Untracked 
|  17|0x0000000703200000, 0x0000000703200000, 0x0000000703400000|  0%| F|  |TAMS 0x0000000703200000, 0x0000000703200000| Untracked 
|  18|0x0000000703400000, 0x0000000703400000, 0x0000000703600000|  0%| F|  |TAMS 0x0000000703400000, 0x0000000703400000| Untracked 
|  19|0x0000000703600000, 0x0000000703600000, 0x0000000703800000|  0%| F|  |TAMS 0x0000000703600000, 0x0000000703600000| Untracked 
|  20|0x0000000703800000, 0x0000000703800000, 0x0000000703a00000|  0%| F|  |TAMS 0x0000000703800000, 0x0000000703800000| Untracked 
|  21|0x0000000703a00000, 0x0000000703a00000, 0x0000000703c00000|  0%| F|  |TAMS 0x0000000703a00000, 0x0000000703a00000| Untracked 
|  22|0x0000000703c00000, 0x0000000703c00000, 0x0000000703e00000|  0%| F|  |TAMS 0x0000000703c00000, 0x0000000703c00000| Untracked 
|  23|0x0000000703e00000, 0x0000000703e00000, 0x0000000704000000|  0%| F|  |TAMS 0x0000000703e00000, 0x0000000703e00000| Untracked 
|  24|0x0000000704000000, 0x0000000704000000, 0x0000000704200000|  0%| F|  |TAMS 0x0000000704000000, 0x0000000704000000| Untracked 
|  25|0x0000000704200000, 0x0000000704200000, 0x0000000704400000|  0%| F|  |TAMS 0x0000000704200000, 0x0000000704200000| Untracked 
|  26|0x0000000704400000, 0x0000000704400000, 0x0000000704600000|  0%| F|  |TAMS 0x0000000704400000, 0x0000000704400000| Untracked 
|  27|0x0000000704600000, 0x0000000704600000, 0x0000000704800000|  0%| F|  |TAMS 0x0000000704600000, 0x0000000704600000| Untracked 
|  28|0x0000000704800000, 0x0000000704800000, 0x0000000704a00000|  0%| F|  |TAMS 0x0000000704800000, 0x0000000704800000| Untracked 
|  29|0x0000000704a00000, 0x0000000704a00000, 0x0000000704c00000|  0%| F|  |TAMS 0x0000000704a00000, 0x0000000704a00000| Untracked 
|  30|0x0000000704c00000, 0x0000000704c00000, 0x0000000704e00000|  0%| F|  |TAMS 0x0000000704c00000, 0x0000000704c00000| Untracked 
|  31|0x0000000704e00000, 0x0000000704e00000, 0x0000000705000000|  0%| F|  |TAMS 0x0000000704e00000, 0x0000000704e00000| Untracked 
|  32|0x0000000705000000, 0x0000000705000000, 0x0000000705200000|  0%| F|  |TAMS 0x0000000705000000, 0x0000000705000000| Untracked 
|  33|0x0000000705200000, 0x0000000705200000, 0x0000000705400000|  0%| F|  |TAMS 0x0000000705200000, 0x0000000705200000| Untracked 
|  34|0x0000000705400000, 0x0000000705400000, 0x0000000705600000|  0%| F|  |TAMS 0x0000000705400000, 0x0000000705400000| Untracked 
|  35|0x0000000705600000, 0x0000000705600000, 0x0000000705800000|  0%| F|  |TAMS 0x0000000705600000, 0x0000000705600000| Untracked 
|  36|0x0000000705800000, 0x0000000705800000, 0x0000000705a00000|  0%| F|  |TAMS 0x0000000705800000, 0x0000000705800000| Untracked 
|  37|0x0000000705a00000, 0x0000000705a00000, 0x0000000705c00000|  0%| F|  |TAMS 0x0000000705a00000, 0x0000000705a00000| Untracked 
|  38|0x0000000705c00000, 0x0000000705c00000, 0x0000000705e00000|  0%| F|  |TAMS 0x0000000705c00000, 0x0000000705c00000| Untracked 
|  39|0x0000000705e00000, 0x0000000705e00000, 0x0000000706000000|  0%| F|  |TAMS 0x0000000705e00000, 0x0000000705e00000| Untracked 
|  40|0x0000000706000000, 0x0000000706000000, 0x0000000706200000|  0%| F|  |TAMS 0x0000000706000000, 0x0000000706000000| Untracked 
|  41|0x0000000706200000, 0x0000000706200000, 0x0000000706400000|  0%| F|  |TAMS 0x0000000706200000, 0x0000000706200000| Untracked 
|  42|0x0000000706400000, 0x0000000706400000, 0x0000000706600000|  0%| F|  |TAMS 0x0000000706400000, 0x0000000706400000| Untracked 
|  43|0x0000000706600000, 0x0000000706600000, 0x0000000706800000|  0%| F|  |TAMS 0x0000000706600000, 0x0000000706600000| Untracked 
|  44|0x0000000706800000, 0x0000000706800000, 0x0000000706a00000|  0%| F|  |TAMS 0x0000000706800000, 0x0000000706800000| Untracked 
|  45|0x0000000706a00000, 0x0000000706a00000, 0x0000000706c00000|  0%| F|  |TAMS 0x0000000706a00000, 0x0000000706a00000| Untracked 
|  46|0x0000000706c00000, 0x0000000706c00000, 0x0000000706e00000|  0%| F|  |TAMS 0x0000000706c00000, 0x0000000706c00000| Untracked 
|  47|0x0000000706e00000, 0x0000000706e00000, 0x0000000707000000|  0%| F|  |TAMS 0x0000000706e00000, 0x0000000706e00000| Untracked 
|  48|0x0000000707000000, 0x0000000707000000, 0x0000000707200000|  0%| F|  |TAMS 0x0000000707000000, 0x0000000707000000| Untracked 
|  49|0x0000000707200000, 0x0000000707200000, 0x0000000707400000|  0%| F|  |TAMS 0x0000000707200000, 0x0000000707200000| Untracked 
|  50|0x0000000707400000, 0x0000000707400000, 0x0000000707600000|  0%| F|  |TAMS 0x0000000707400000, 0x0000000707400000| Untracked 
|  51|0x0000000707600000, 0x0000000707600000, 0x0000000707800000|  0%| F|  |TAMS 0x0000000707600000, 0x0000000707600000| Untracked 
|  52|0x0000000707800000, 0x0000000707800000, 0x0000000707a00000|  0%| F|  |TAMS 0x0000000707800000, 0x0000000707800000| Untracked 
|  53|0x0000000707a00000, 0x0000000707a00000, 0x0000000707c00000|  0%| F|  |TAMS 0x0000000707a00000, 0x0000000707a00000| Untracked 
|  54|0x0000000707c00000, 0x0000000707c00000, 0x0000000707e00000|  0%| F|  |TAMS 0x0000000707c00000, 0x0000000707c00000| Untracked 
|  55|0x0000000707e00000, 0x0000000707e00000, 0x0000000708000000|  0%| F|  |TAMS 0x0000000707e00000, 0x0000000707e00000| Untracked 
|  56|0x0000000708000000, 0x0000000708000000, 0x0000000708200000|  0%| F|  |TAMS 0x0000000708000000, 0x0000000708000000| Untracked 
|  57|0x0000000708200000, 0x0000000708200000, 0x0000000708400000|  0%| F|  |TAMS 0x0000000708200000, 0x0000000708200000| Untracked 
|  58|0x0000000708400000, 0x0000000708400000, 0x0000000708600000|  0%| F|  |TAMS 0x0000000708400000, 0x0000000708400000| Untracked 
|  59|0x0000000708600000, 0x0000000708600000, 0x0000000708800000|  0%| F|  |TAMS 0x0000000708600000, 0x0000000708600000| Untracked 
|  60|0x0000000708800000, 0x0000000708800000, 0x0000000708a00000|  0%| F|  |TAMS 0x0000000708800000, 0x0000000708800000| Untracked 
|  61|0x0000000708a00000, 0x0000000708a00000, 0x0000000708c00000|  0%| F|  |TAMS 0x0000000708a00000, 0x0000000708a00000| Untracked 
|  62|0x0000000708c00000, 0x0000000708c00000, 0x0000000708e00000|  0%| F|  |TAMS 0x0000000708c00000, 0x0000000708c00000| Untracked 
|  63|0x0000000708e00000, 0x0000000708e00000, 0x0000000709000000|  0%| F|  |TAMS 0x0000000708e00000, 0x0000000708e00000| Untracked 
|  64|0x0000000709000000, 0x0000000709000000, 0x0000000709200000|  0%| F|  |TAMS 0x0000000709000000, 0x0000000709000000| Untracked 
|  65|0x0000000709200000, 0x0000000709200000, 0x0000000709400000|  0%| F|  |TAMS 0x0000000709200000, 0x0000000709200000| Untracked 
|  66|0x0000000709400000, 0x0000000709400000, 0x0000000709600000|  0%| F|  |TAMS 0x0000000709400000, 0x0000000709400000| Untracked 
|  67|0x0000000709600000, 0x0000000709600000, 0x0000000709800000|  0%| F|  |TAMS 0x0000000709600000, 0x0000000709600000| Untracked 
|  68|0x0000000709800000, 0x0000000709800000, 0x0000000709a00000|  0%| F|  |TAMS 0x0000000709800000, 0x0000000709800000| Untracked 
|  69|0x0000000709a00000, 0x0000000709a00000, 0x0000000709c00000|  0%| F|  |TAMS 0x0000000709a00000, 0x0000000709a00000| Untracked 
|  70|0x0000000709c00000, 0x0000000709c00000, 0x0000000709e00000|  0%| F|  |TAMS 0x0000000709c00000, 0x0000000709c00000| Untracked 
|  71|0x0000000709e00000, 0x0000000709e00000, 0x000000070a000000|  0%| F|  |TAMS 0x0000000709e00000, 0x0000000709e00000| Untracked 
|  72|0x000000070a000000, 0x000000070a000000, 0x000000070a200000|  0%| F|  |TAMS 0x000000070a000000, 0x000000070a000000| Untracked 
|  73|0x000000070a200000, 0x000000070a200000, 0x000000070a400000|  0%| F|  |TAMS 0x000000070a200000, 0x000000070a200000| Untracked 
|  74|0x000000070a400000, 0x000000070a400000, 0x000000070a600000|  0%| F|  |TAMS 0x000000070a400000, 0x000000070a400000| Untracked 
|  75|0x000000070a600000, 0x000000070a600000, 0x000000070a800000|  0%| F|  |TAMS 0x000000070a600000, 0x000000070a600000| Untracked 
|  76|0x000000070a800000, 0x000000070a800000, 0x000000070aa00000|  0%| F|  |TAMS 0x000000070a800000, 0x000000070a800000| Untracked 
|  77|0x000000070aa00000, 0x000000070aa00000, 0x000000070ac00000|  0%| F|  |TAMS 0x000000070aa00000, 0x000000070aa00000| Untracked 
|  78|0x000000070ac00000, 0x000000070ac00000, 0x000000070ae00000|  0%| F|  |TAMS 0x000000070ac00000, 0x000000070ac00000| Untracked 
|  79|0x000000070ae00000, 0x000000070ae00000, 0x000000070b000000|  0%| F|  |TAMS 0x000000070ae00000, 0x000000070ae00000| Untracked 
|  80|0x000000070b000000, 0x000000070b000000, 0x000000070b200000|  0%| F|  |TAMS 0x000000070b000000, 0x000000070b000000| Untracked 
|  81|0x000000070b200000, 0x000000070b200000, 0x000000070b400000|  0%| F|  |TAMS 0x000000070b200000, 0x000000070b200000| Untracked 
|  82|0x000000070b400000, 0x000000070b400000, 0x000000070b600000|  0%| F|  |TAMS 0x000000070b400000, 0x000000070b400000| Untracked 
|  83|0x000000070b600000, 0x000000070b600000, 0x000000070b800000|  0%| F|  |TAMS 0x000000070b600000, 0x000000070b600000| Untracked 
|  84|0x000000070b800000, 0x000000070b800000, 0x000000070ba00000|  0%| F|  |TAMS 0x000000070b800000, 0x000000070b800000| Untracked 
|  85|0x000000070ba00000, 0x000000070ba00000, 0x000000070bc00000|  0%| F|  |TAMS 0x000000070ba00000, 0x000000070ba00000| Untracked 
|  86|0x000000070bc00000, 0x000000070bc00000, 0x000000070be00000|  0%| F|  |TAMS 0x000000070bc00000, 0x000000070bc00000| Untracked 
|  87|0x000000070be00000, 0x000000070be00000, 0x000000070c000000|  0%| F|  |TAMS 0x000000070be00000, 0x000000070be00000| Untracked 
|  88|0x000000070c000000, 0x000000070c000000, 0x000000070c200000|  0%| F|  |TAMS 0x000000070c000000, 0x000000070c000000| Untracked 
|  89|0x000000070c200000, 0x000000070c200000, 0x000000070c400000|  0%| F|  |TAMS 0x000000070c200000, 0x000000070c200000| Untracked 
|  90|0x000000070c400000, 0x000000070c400000, 0x000000070c600000|  0%| F|  |TAMS 0x000000070c400000, 0x000000070c400000| Untracked 
|  91|0x000000070c600000, 0x000000070c600000, 0x000000070c800000|  0%| F|  |TAMS 0x000000070c600000, 0x000000070c600000| Untracked 
|  92|0x000000070c800000, 0x000000070c800000, 0x000000070ca00000|  0%| F|  |TAMS 0x000000070c800000, 0x000000070c800000| Untracked 
|  93|0x000000070ca00000, 0x000000070ca00000, 0x000000070cc00000|  0%| F|  |TAMS 0x000000070ca00000, 0x000000070ca00000| Untracked 
|  94|0x000000070cc00000, 0x000000070cc00000, 0x000000070ce00000|  0%| F|  |TAMS 0x000000070cc00000, 0x000000070cc00000| Untracked 
|  95|0x000000070ce00000, 0x000000070ce00000, 0x000000070d000000|  0%| F|  |TAMS 0x000000070ce00000, 0x000000070ce00000| Untracked 
|  96|0x000000070d000000, 0x000000070d000000, 0x000000070d200000|  0%| F|  |TAMS 0x000000070d000000, 0x000000070d000000| Untracked 
|  97|0x000000070d200000, 0x000000070d200000, 0x000000070d400000|  0%| F|  |TAMS 0x000000070d200000, 0x000000070d200000| Untracked 
|  98|0x000000070d400000, 0x000000070d400000, 0x000000070d600000|  0%| F|  |TAMS 0x000000070d400000, 0x000000070d400000| Untracked 
|  99|0x000000070d600000, 0x000000070d600000, 0x000000070d800000|  0%| F|  |TAMS 0x000000070d600000, 0x000000070d600000| Untracked 
| 100|0x000000070d800000, 0x000000070d800000, 0x000000070da00000|  0%| F|  |TAMS 0x000000070d800000, 0x000000070d800000| Untracked 
| 101|0x000000070da00000, 0x000000070da00000, 0x000000070dc00000|  0%| F|  |TAMS 0x000000070da00000, 0x000000070da00000| Untracked 
| 102|0x000000070dc00000, 0x000000070dc00000, 0x000000070de00000|  0%| F|  |TAMS 0x000000070dc00000, 0x000000070dc00000| Untracked 
| 103|0x000000070de00000, 0x000000070de00000, 0x000000070e000000|  0%| F|  |TAMS 0x000000070de00000, 0x000000070de00000| Untracked 
| 104|0x000000070e000000, 0x000000070e200000, 0x000000070e200000|100%| S|CS|TAMS 0x000000070e000000, 0x000000070e000000| Complete 
| 105|0x000000070e200000, 0x000000070e400000, 0x000000070e400000|100%| S|CS|TAMS 0x000000070e200000, 0x000000070e200000| Complete 
| 106|0x000000070e400000, 0x000000070e600000, 0x000000070e600000|100%| S|CS|TAMS 0x000000070e400000, 0x000000070e400000| Complete 
| 107|0x000000070e600000, 0x000000070e600000, 0x000000070e800000|  0%| F|  |TAMS 0x000000070e600000, 0x000000070e600000| Untracked 
| 108|0x000000070e800000, 0x000000070e800000, 0x000000070ea00000|  0%| F|  |TAMS 0x000000070e800000, 0x000000070e800000| Untracked 
| 109|0x000000070ea00000, 0x000000070ea00000, 0x000000070ec00000|  0%| F|  |TAMS 0x000000070ea00000, 0x000000070ea00000| Untracked 
| 110|0x000000070ec00000, 0x000000070ec00000, 0x000000070ee00000|  0%| F|  |TAMS 0x000000070ec00000, 0x000000070ec00000| Untracked 
| 111|0x000000070ee00000, 0x000000070ee00000, 0x000000070f000000|  0%| F|  |TAMS 0x000000070ee00000, 0x000000070ee00000| Untracked 
| 112|0x000000070f000000, 0x000000070f000000, 0x000000070f200000|  0%| F|  |TAMS 0x000000070f000000, 0x000000070f000000| Untracked 
| 113|0x000000070f200000, 0x000000070f200000, 0x000000070f400000|  0%| F|  |TAMS 0x000000070f200000, 0x000000070f200000| Untracked 
| 114|0x000000070f400000, 0x000000070f400000, 0x000000070f600000|  0%| F|  |TAMS 0x000000070f400000, 0x000000070f400000| Untracked 
| 115|0x000000070f600000, 0x000000070f600000, 0x000000070f800000|  0%| F|  |TAMS 0x000000070f600000, 0x000000070f600000| Untracked 
| 116|0x000000070f800000, 0x000000070f800000, 0x000000070fa00000|  0%| F|  |TAMS 0x000000070f800000, 0x000000070f800000| Untracked 
| 117|0x000000070fa00000, 0x000000070fa00000, 0x000000070fc00000|  0%| F|  |TAMS 0x000000070fa00000, 0x000000070fa00000| Untracked 
| 118|0x000000070fc00000, 0x000000070fc00000, 0x000000070fe00000|  0%| F|  |TAMS 0x000000070fc00000, 0x000000070fc00000| Untracked 
| 119|0x000000070fe00000, 0x000000070fe00000, 0x0000000710000000|  0%| F|  |TAMS 0x000000070fe00000, 0x000000070fe00000| Untracked 
| 120|0x0000000710000000, 0x0000000710000000, 0x0000000710200000|  0%| F|  |TAMS 0x0000000710000000, 0x0000000710000000| Untracked 
| 121|0x0000000710200000, 0x0000000710200000, 0x0000000710400000|  0%| F|  |TAMS 0x0000000710200000, 0x0000000710200000| Untracked 
| 122|0x0000000710400000, 0x0000000710400000, 0x0000000710600000|  0%| F|  |TAMS 0x0000000710400000, 0x0000000710400000| Untracked 
| 123|0x0000000710600000, 0x0000000710600000, 0x0000000710800000|  0%| F|  |TAMS 0x0000000710600000, 0x0000000710600000| Untracked 
| 124|0x0000000710800000, 0x0000000710800000, 0x0000000710a00000|  0%| F|  |TAMS 0x0000000710800000, 0x0000000710800000| Untracked 
| 125|0x0000000710a00000, 0x0000000710a00000, 0x0000000710c00000|  0%| F|  |TAMS 0x0000000710a00000, 0x0000000710a00000| Untracked 
| 126|0x0000000710c00000, 0x0000000710dbb660, 0x0000000710e00000| 86%| E|  |TAMS 0x0000000710c00000, 0x0000000710c00000| Complete 
| 127|0x0000000710e00000, 0x0000000711000000, 0x0000000711000000|100%| E|CS|TAMS 0x0000000710e00000, 0x0000000710e00000| Complete 

Card table byte_map: [0x00000298d3a20000,0x00000298d4220000] _byte_map_base: 0x00000298d0218000

Marking Bits (Prev, Next): (CMBitMap*) 0x00000298bc281070, (CMBitMap*) 0x00000298bc2810b0
 Prev Bits: [0x00000298d4a20000, 0x00000298d89e0000)
 Next Bits: [0x00000298d89e0000, 0x00000298dc9a0000)

Polling page: 0x00000298ba200000

Metaspace:

Usage:
  Non-class:     12.71 MB used.
      Class:      2.04 MB used.
       Both:     14.75 MB used.

Virtual space:
  Non-class space:       16.00 MB reserved,      12.81 MB ( 80%) committed,  2 nodes.
      Class space:        1.00 GB reserved,       2.12 MB ( <1%) committed,  1 nodes.
              Both:        1.02 GB reserved,      14.94 MB (  1%) committed. 

Chunk freelists:
   Non-Class:  3.14 MB
       Class:  1.82 MB
        Both:  4.96 MB

MaxMetaspaceSize: 17179869184.00 GB
CompressedClassSpaceSize: 1.00 GB
 - commit_granule_bytes: 65536.
 - commit_granule_words: 8192.
 - virtual_space_node_default_size: 1048576.
 - enlarge_chunks_in_place: 1.
 - new_chunks_are_fully_committed: 0.
 - uncommit_free_chunks: 1.
 - use_allocation_guard: 0.
 - handle_deallocations: 1.


Internal statistics:

num_allocs_failed_limit: 0.
num_arena_births: 208.
num_arena_deaths: 0.
num_vsnodes_births: 3.
num_vsnodes_deaths: 0.
num_space_committed: 239.
num_space_uncommitted: 0.
num_chunks_returned_to_freelist: 0.
num_chunks_taken_from_freelist: 679.
num_chunk_merges: 0.
num_chunk_splits: 463.
num_chunks_enlarged: 349.
num_purges: 0.

CodeHeap 'non-profiled nmethods': size=119168Kb used=951Kb max_used=951Kb free=118216Kb
 bounds [0x00000298cb540000, 0x00000298cb7b0000, 0x00000298d29a0000]
CodeHeap 'profiled nmethods': size=119104Kb used=4651Kb max_used=4651Kb free=114452Kb
 bounds [0x00000298c40f0000, 0x00000298c4580000, 0x00000298cb540000]
CodeHeap 'non-nmethods': size=7488Kb used=1441Kb max_used=3163Kb free=6046Kb
 bounds [0x00000298c39a0000, 0x00000298c3cc0000, 0x00000298c40f0000]
 total_blobs=3345 nmethods=2549 adapters=708
 compilation: enabled
              stopped_count=0, restarted_count=0
 full_count=0

Compilation events (20 events):
Event: 6.146 Thread 0x00000298e0408ca0 2543       3       com.sun.javafx.collections.VetoableListDecorator$ModCountAccessorImpl::<init> (10 bytes)
Event: 6.146 Thread 0x00000298e0408ca0 nmethod 2543 0x00000298c4578c90 code [0x00000298c4578e40, 0x00000298c4579018]
Event: 6.146 Thread 0x00000298e0408ca0 2544       3       com.sun.javafx.collections.VetoableListDecorator$VetoableIteratorDecorator::<init> (36 bytes)
Event: 6.146 Thread 0x00000298e0408ca0 nmethod 2544 0x00000298c4579110 code [0x00000298c45792c0, 0x00000298c4579618]
Event: 6.612 Thread 0x00000298e0408ca0 2545       3       javafx.scene.Parent::computeViewOrderChildren (93 bytes)
Event: 6.612 Thread 0x00000298e0408ca0 nmethod 2545 0x00000298c4579790 code [0x00000298c4579a00, 0x00000298c457a618]
Event: 6.612 Thread 0x00000298e0408ca0 2546       3       javafx.beans.property.ReadOnlyDoubleWrapper$ReadOnlyPropertyImpl::get (8 bytes)
Event: 6.612 Thread 0x00000298e0408ca0 nmethod 2546 0x00000298c457a990 code [0x00000298c457ab60, 0x00000298c457aea8]
Event: 8.204 Thread 0x00000298e04082a0 2547       4       com.sun.javafx.geom.RectBounds::isEmpty (30 bytes)
Event: 8.204 Thread 0x00000298e04082a0 nmethod 2547 0x00000298cb62cd90 code [0x00000298cb62cf20, 0x00000298cb62cff8]
Event: 9.938 Thread 0x00000298e04082a0 2548       4       com.sun.glass.ui.Application::checkEventThread (35 bytes)
Event: 9.938 Thread 0x00000298e04082a0 nmethod 2548 0x00000298cb62d090 code [0x00000298cb62d220, 0x00000298cb62d2b8]
Event: 9.944 Thread 0x00000298e0408ca0 2549       1       com.sun.glass.ui.Application::hasWindowManager (2 bytes)
Event: 9.944 Thread 0x00000298e0408ca0 nmethod 2549 0x00000298cb62d390 code [0x00000298cb62d520, 0x00000298cb62d5f8]
Event: 9.964 Thread 0x00000298e0408ca0 2550       1       com.sun.glass.ui.Screen::getPlatformScaleX (5 bytes)
Event: 9.964 Thread 0x00000298e0408ca0 nmethod 2550 0x00000298cb62d690 code [0x00000298cb62d820, 0x00000298cb62d8f8]
Event: 9.964 Thread 0x00000298e0408ca0 2551       1       com.sun.glass.ui.Screen::getPlatformScaleY (5 bytes)
Event: 9.964 Thread 0x00000298e0408ca0 nmethod 2551 0x00000298cb62d990 code [0x00000298cb62db20, 0x00000298cb62dbf8]
Event: 13.410 Thread 0x00000298e04082a0 2552       4       java.util.concurrent.ConcurrentHashMap::addCount (280 bytes)
Event: 13.410 Thread 0x00000298e0408ca0 2553   !   3       java.util.concurrent.ConcurrentHashMap::replaceNode (437 bytes)

GC Heap History (4 events):
Event: 0.438 GC heap before
{Heap before GC invocations=0 (full 0):
 garbage-first heap   total 262144K, used 20480K [0x0000000701000000, 0x0000000800000000)
  region size 2048K, 11 young (22528K), 0 survivors (0K)
 Metaspace       used 4962K, committed 5120K, reserved 1056768K
  class space    used 569K, committed 640K, reserved 1048576K
}
Event: 0.441 GC heap after
{Heap after GC invocations=1 (full 0):
 garbage-first heap   total 262144K, used 2563K [0x0000000701000000, 0x0000000800000000)
  region size 2048K, 2 young (4096K), 2 survivors (4096K)
 Metaspace       used 4962K, committed 5120K, reserved 1056768K
  class space    used 569K, committed 640K, reserved 1048576K
}
Event: 3.281 GC heap before
{Heap before GC invocations=1 (full 0):
 garbage-first heap   total 262144K, used 43523K [0x0000000701000000, 0x0000000800000000)
  region size 2048K, 21 young (43008K), 2 survivors (4096K)
 Metaspace       used 15019K, committed 15232K, reserved 1064960K
  class space    used 2086K, committed 2176K, reserved 1048576K
}
Event: 3.286 GC heap after
{Heap after GC invocations=2 (full 0):
 garbage-first heap   total 262144K, used 9676K [0x0000000701000000, 0x0000000800000000)
  region size 2048K, 3 young (6144K), 3 survivors (6144K)
 Metaspace       used 15019K, committed 15232K, reserved 1064960K
  class space    used 2086K, committed 2176K, reserved 1048576K
}

Deoptimization events (20 events):
Event: 0.730 Thread 0x00000298e07f7040 Uncommon trap: trap_request=0xffffffde fr.pc=0x00000298cb5cb9b0 relative=0x0000000000000110
Event: 0.730 Thread 0x00000298e07f7040 Uncommon trap: reason=class_check action=maybe_recompile pc=0x00000298cb5cb9b0 method=jdk.internal.misc.Unsafe.allocateUninitializedArray(Ljava/lang/Class;I)Ljava/lang/Object; @ 51 c2
Event: 0.730 Thread 0x00000298e07f7040 DEOPT PACKING pc=0x00000298cb5cb9b0 sp=0x000000ec184fbb10
Event: 0.730 Thread 0x00000298e07f7040 DEOPT UNPACKING pc=0x00000298c39ed72e sp=0x000000ec184fba98 mode 2
Event: 0.730 Thread 0x00000298e07f7040 Uncommon trap: trap_request=0xffffffde fr.pc=0x00000298cb5cb9b0 relative=0x0000000000000110
Event: 0.730 Thread 0x00000298e07f7040 Uncommon trap: reason=class_check action=maybe_recompile pc=0x00000298cb5cb9b0 method=jdk.internal.misc.Unsafe.allocateUninitializedArray(Ljava/lang/Class;I)Ljava/lang/Object; @ 51 c2
Event: 0.730 Thread 0x00000298e07f7040 DEOPT PACKING pc=0x00000298cb5cb9b0 sp=0x000000ec184fa0e0
Event: 0.730 Thread 0x00000298e07f7040 DEOPT UNPACKING pc=0x00000298c39ed72e sp=0x000000ec184fa068 mode 2
Event: 0.730 Thread 0x00000298e07f7040 Uncommon trap: trap_request=0xffffffde fr.pc=0x00000298cb5cb9b0 relative=0x0000000000000110
Event: 0.730 Thread 0x00000298e07f7040 Uncommon trap: reason=class_check action=maybe_recompile pc=0x00000298cb5cb9b0 method=jdk.internal.misc.Unsafe.allocateUninitializedArray(Ljava/lang/Class;I)Ljava/lang/Object; @ 51 c2
Event: 0.730 Thread 0x00000298e07f7040 DEOPT PACKING pc=0x00000298cb5cb9b0 sp=0x000000ec184f8590
Event: 0.730 Thread 0x00000298e07f7040 DEOPT UNPACKING pc=0x00000298c39ed72e sp=0x000000ec184f8518 mode 2
Event: 0.750 Thread 0x00000298e07f7040 Uncommon trap: trap_request=0xffffff45 fr.pc=0x00000298cb5ac4d0 relative=0x00000000000001b0
Event: 0.750 Thread 0x00000298e07f7040 Uncommon trap: reason=unstable_if action=reinterpret pc=0x00000298cb5ac4d0 method=java.io.ByteArrayInputStream.read()I @ 8 c2
Event: 0.750 Thread 0x00000298e07f7040 DEOPT PACKING pc=0x00000298cb5ac4d0 sp=0x000000ec184fc830
Event: 0.750 Thread 0x00000298e07f7040 DEOPT UNPACKING pc=0x00000298c39ed72e sp=0x000000ec184fc7e8 mode 2
Event: 1.068 Thread 0x00000298df968390 Uncommon trap: trap_request=0xffffff45 fr.pc=0x00000298cb59d16c relative=0x0000000000000fcc
Event: 1.068 Thread 0x00000298df968390 Uncommon trap: reason=unstable_if action=reinterpret pc=0x00000298cb59d16c method=java.util.concurrent.ConcurrentHashMap.putVal(Ljava/lang/Object;Ljava/lang/Object;Z)Ljava/lang/Object; @ 148 c2
Event: 1.068 Thread 0x00000298df968390 DEOPT PACKING pc=0x00000298cb59d16c sp=0x000000ec170fe530
Event: 1.068 Thread 0x00000298df968390 DEOPT UNPACKING pc=0x00000298c39ed72e sp=0x000000ec170fe4b0 mode 2

Classes unloaded (0 events):
No events

Classes redefined (0 events):
No events

Internal exceptions (20 events):
Event: 0.496 Thread 0x00000298e07f7040 Exception <a 'sun/nio/fs/WindowsException'{0x00000007108aaa20}> (0x00000007108aaa20) 
thrown [t:\workspace\open\src\hotspot\share\prims\jni.cpp, line 579]
Event: 0.500 Thread 0x00000298e07f7040 Exception <a 'java/lang/ClassNotFoundException'{0x00000007108c3820}: sun/util/logging/resources/spi/loggingProvider> (0x00000007108c3820) 
thrown [t:\workspace\open\src\hotspot\share\classfile\systemDictionary.cpp, line 256]
Event: 0.567 Thread 0x00000298e07f7040 Exception <a 'java/lang/NoSuchMethodError'{0x000000071005c490}: 'void java.lang.invoke.DirectMethodHandle$Holder.invokeStaticInit(java.lang.Object, java.lang.Object)'> (0x000000071005c490) 
thrown [t:\workspace\open\src\hotspot\share\interpreter\linkResolver.cpp, line 790]
Event: 0.602 Thread 0x00000298e07f7040 Implicit null exception at 0x00000298cb5b09ae to 0x00000298cb5b11a0
Event: 0.672 Thread 0x00000298e07f7040 Exception <a 'java/lang/ClassNotFoundException'{0x000000070f4a1770}: com/sun/javafx/scene/control/skin/resources/controls> (0x000000070f4a1770) 
thrown [t:\workspace\open\src\hotspot\share\prims\jni.cpp, line 600]
Event: 0.672 Thread 0x00000298e07f7040 Exception <a 'java/lang/ClassNotFoundException'{0x000000070f4af270}: com/sun/javafx/scene/control/skin/resources/controls_en> (0x000000070f4af270) 
thrown [t:\workspace\open\src\hotspot\share\prims\jni.cpp, line 600]
Event: 0.672 Thread 0x00000298e07f7040 Exception <a 'java/lang/ClassNotFoundException'{0x000000070f4b0208}: com/sun/javafx/scene/control/skin/resources/controls_en_US> (0x000000070f4b0208) 
thrown [t:\workspace\open\src\hotspot\share\prims\jni.cpp, line 600]
Event: 0.696 Thread 0x00000298e07f7040 Implicit null exception at 0x00000298cb5b931e to 0x00000298cb5ba45c
Event: 0.698 Thread 0x00000298e07f7040 Exception <a 'java/lang/NoSuchMethodError'{0x000000070f276d18}: 'void java.lang.invoke.DirectMethodHandle$Holder.invokeSpecial(java.lang.Object, java.lang.Object, java.lang.Object, java.lang.Object, java.lang.Object, java.lang.Object)'> (0x000000070f276d18) 
thrown [t:\workspace\open\src\hotspot\share\interpreter\linkResolver.cpp, line 790]
Event: 0.724 Thread 0x00000298e07f7040 Exception <a 'java/lang/NoSuchMethodError'{0x000000070f1cb1b8}: 'java.lang.Object java.lang.invoke.DirectMethodHandle$Holder.invokeInterface(java.lang.Object, java.lang.Object, java.lang.Object)'> (0x000000070f1cb1b8) 
thrown [t:\workspace\open\src\hotspot\share\interpreter\linkResolver.cpp, line 790]
Event: 0.725 Thread 0x00000298e07f7040 Exception <a 'java/lang/IncompatibleClassChangeError'{0x000000070f1ced38}: Found class java.lang.Object, but interface was expected> (0x000000070f1ced38) 
thrown [t:\workspace\open\src\hotspot\share\interpreter\linkResolver.cpp, line 857]
Event: 0.757 Thread 0x00000298e07f7040 Exception <a 'java/lang/NoSuchMethodError'{0x000000070ef93e10}: 'java.lang.Object java.lang.invoke.DirectMethodHandle$Holder.newInvokeSpecial(java.lang.Object, java.lang.Object, int)'> (0x000000070ef93e10) 
thrown [t:\workspace\open\src\hotspot\share\interpreter\linkResolver.cpp, line 790]
Event: 0.768 Thread 0x00000298e12f5450 Exception <a 'java/lang/NoSuchMethodError'{0x000000070ec88828}: 'int java.lang.invoke.DirectMethodHandle$Holder.invokeStaticInit(java.lang.Object, java.lang.Object)'> (0x000000070ec88828) 
thrown [t:\workspace\open\src\hotspot\share\interpreter\linkResolver.cpp, line 790]
Event: 0.781 Thread 0x00000298e07f7040 Exception <a 'java/lang/NoSuchMethodError'{0x000000070ec42998}: 'long java.lang.invoke.DirectMethodHandle$Holder.invokeStatic(java.lang.Object, java.lang.Object, java.lang.Object)'> (0x000000070ec42998) 
thrown [t:\workspace\open\src\hotspot\share\interpreter\linkResolver.cpp, line 790]
Event: 0.781 Thread 0x00000298e07f7040 Exception <a 'java/lang/NoSuchMethodError'{0x000000070ec46348}: 'long java.lang.invoke.DirectMethodHandle$Holder.invokeStaticInit(java.lang.Object, java.lang.Object, java.lang.Object)'> (0x000000070ec46348) 
thrown [t:\workspace\open\src\hotspot\share\interpreter\linkResolver.cpp, line 790]
Event: 0.782 Thread 0x00000298e07f7040 Exception <a 'java/lang/NoSuchMethodError'{0x000000070ec5e268}: 'java.lang.Object java.lang.invoke.DirectMethodHandle$Holder.newInvokeSpecial(java.lang.Object, java.lang.Object, long)'> (0x000000070ec5e268) 
thrown [t:\workspace\open\src\hotspot\share\interpreter\linkResolver.cpp, line 790]
Event: 0.782 Thread 0x00000298e07f7040 Exception <a 'java/lang/NoSuchMethodError'{0x000000070ec61fd8}: 'java.lang.Object java.lang.invoke.Invokers$Holder.linkToTargetMethod(java.lang.Object, long, java.lang.Object)'> (0x000000070ec61fd8) 
thrown [t:\workspace\open\src\hotspot\share\interpreter\linkResolver.cpp, line 790]
Event: 1.884 Thread 0x00000298e07f7040 Exception <a 'java/lang/NoSuchMethodError'{0x000000070e6e9a50}: 'java.lang.Object java.lang.invoke.DirectMethodHandle$Holder.newInvokeSpecial(java.lang.Object, java.lang.Object, int, int, int, int, int, java.lang.Object)'> (0x000000070e6e9a50) 
thrown [t:\workspace\open\src\hotspot\share\interpreter\linkResolver.cpp, line 790]
Event: 1.885 Thread 0x00000298e07f7040 Exception <a 'java/lang/NoSuchMethodError'{0x000000070e6fd960}: 'java.lang.Object java.lang.invoke.DirectMethodHandle$Holder.newInvokeSpecial(java.lang.Object, java.lang.Object, java.lang.Object, int, int, int, int, int)'> (0x000000070e6fd960) 
thrown [t:\workspace\open\src\hotspot\share\interpreter\linkResolver.cpp, line 790]
Event: 1.886 Thread 0x00000298e07f7040 Exception <a 'java/lang/NoSuchMethodError'{0x000000070e705a20}: 'java.lang.Object java.lang.invoke.Invokers$Holder.linkToTargetMethod(java.lang.Object, java.lang.Object, int, int, int, int, int, java.lang.Object)'> (0x000000070e705a20) 
thrown [t:\workspace\open\src\hotspot\share\interpreter\linkResolver.cpp, line 790]

Events (20 events):
Event: 3.294 Thread 0x00000298e1de3b70 Thread added: 0x00000298e1de3b70
Event: 3.480 Thread 0x00000298e1de3b70 Thread exited: 0x00000298e1de3b70
Event: 4.316 Thread 0x00000298e05e2aa0 Thread exited: 0x00000298e05e2aa0
Event: 4.316 Thread 0x00000298e0587f10 Thread exited: 0x00000298e0587f10
Event: 5.274 Thread 0x00000298e0536f00 Thread exited: 0x00000298e0536f00
Event: 5.286 Executing  VM operation: Cleanup
Event: 5.286 Executing  VM operation: Cleanup done
Event: 6.287 Executing  VM operation: Cleanup
Event: 6.287 Executing  VM operation: Cleanup done
Event: 8.287 Executing  VM operation: Cleanup
Event: 8.287 Executing  VM operation: Cleanup done
Event: 13.410 loading class jdk/internal/misc/Signal$1
Event: 13.410 loading class jdk/internal/misc/Signal$1 done
Event: 13.410 Thread 0x00000298e0f2be10 Thread added: 0x00000298e0f2be10
Event: 13.410 Thread 0x00000298e0f2ae20 Thread added: 0x00000298e0f2ae20
Event: 13.410 Thread 0x00000298e0f2c360 Thread added: 0x00000298e0f2c360
Event: 13.410 Thread 0x00000298e0f2c360 Thread exited: 0x00000298e0f2c360
Event: 13.411 Thread 0x00000298e0f2ae20 Thread exited: 0x00000298e0f2ae20
Event: 13.411 Executing  VM operation: Exit
Event: 13.411 Thread 0x00000298df965780 Thread exited: 0x00000298df965780


Dynamic libraries:
0x00007ff7fa6c0000 - 0x00007ff7fa6ce000 	C:\Users\kiril\.jdks\openjdk-16.0.1\bin\java.exe
0x00007ff997670000 - 0x00007ff997865000 	C:\WINDOWS\SYSTEM32\ntdll.dll
0x00007ff996ff0000 - 0x00007ff9970ae000 	C:\WINDOWS\System32\KERNEL32.DLL
0x00007ff995210000 - 0x00007ff9954d8000 	C:\WINDOWS\System32\KERNELBASE.dll
0x00007ff994f50000 - 0x00007ff995050000 	C:\WINDOWS\System32\ucrtbase.dll
0x00007ff975c00000 - 0x00007ff975c18000 	C:\Users\kiril\.jdks\openjdk-16.0.1\bin\jli.dll
0x00007ff976510000 - 0x00007ff976529000 	C:\Users\kiril\.jdks\openjdk-16.0.1\bin\VCRUNTIME140.dll
0x00007ff997370000 - 0x00007ff997511000 	C:\WINDOWS\System32\USER32.dll
0x00007ff983010000 - 0x00007ff9832aa000 	C:\WINDOWS\WinSxS\amd64_microsoft.windows.common-controls_6595b64144ccf1df_6.0.19041.1110_none_60b5254171f9507e\COMCTL32.dll
0x00007ff995640000 - 0x00007ff995662000 	C:\WINDOWS\System32\win32u.dll
0x00007ff9965c0000 - 0x00007ff99665e000 	C:\WINDOWS\System32\msvcrt.dll
0x00007ff996d00000 - 0x00007ff996d2b000 	C:\WINDOWS\System32\GDI32.dll
0x00007ff994d90000 - 0x00007ff994e9b000 	C:\WINDOWS\System32\gdi32full.dll
0x00007ff9955a0000 - 0x00007ff99563d000 	C:\WINDOWS\System32\msvcp_win.dll
0x00007ff997600000 - 0x00007ff997630000 	C:\WINDOWS\System32\IMM32.DLL
0x00007ff988d10000 - 0x00007ff988d1c000 	C:\Users\kiril\.jdks\openjdk-16.0.1\bin\vcruntime140_1.dll
0x00007ff95a8a0000 - 0x00007ff95a931000 	C:\Users\kiril\.jdks\openjdk-16.0.1\bin\msvcp140.dll
0x00007ff947fd0000 - 0x00007ff948b7b000 	C:\Users\kiril\.jdks\openjdk-16.0.1\bin\server\jvm.dll
0x00007ff996440000 - 0x00007ff9964ec000 	C:\WINDOWS\System32\ADVAPI32.dll
0x00007ff996dc0000 - 0x00007ff996e5b000 	C:\WINDOWS\System32\sechost.dll
0x00007ff997240000 - 0x00007ff99736a000 	C:\WINDOWS\System32\RPCRT4.dll
0x00007ff996660000 - 0x00007ff996668000 	C:\WINDOWS\System32\PSAPI.DLL
0x00007ff9735c0000 - 0x00007ff9735c9000 	C:\WINDOWS\SYSTEM32\WSOCK32.dll
0x00007ff996e60000 - 0x00007ff996ecb000 	C:\WINDOWS\System32\WS2_32.dll
0x00007ff98e470000 - 0x00007ff98e47a000 	C:\WINDOWS\SYSTEM32\VERSION.dll
0x00007ff98b580000 - 0x00007ff98b5a7000 	C:\WINDOWS\SYSTEM32\WINMM.dll
0x00007ff992cb0000 - 0x00007ff992cc2000 	C:\WINDOWS\SYSTEM32\kernel.appcore.dll
0x00007ff981300000 - 0x00007ff98130a000 	C:\Users\kiril\.jdks\openjdk-16.0.1\bin\jimage.dll
0x00007ff989a20000 - 0x00007ff989c04000 	C:\WINDOWS\SYSTEM32\DBGHELP.DLL
0x00007ff972150000 - 0x00007ff97217c000 	C:\WINDOWS\SYSTEM32\dbgcore.DLL
0x00007ff9954e0000 - 0x00007ff995563000 	C:\WINDOWS\System32\bcryptPrimitives.dll
0x00007ff9908b0000 - 0x00007ff9908be000 	C:\Users\kiril\.jdks\openjdk-16.0.1\bin\instrument.dll
0x00007ff95de30000 - 0x00007ff95de55000 	C:\Users\kiril\.jdks\openjdk-16.0.1\bin\java.dll
0x00007ff995d00000 - 0x00007ff99643f000 	C:\WINDOWS\System32\SHELL32.dll
0x00007ff992eb0000 - 0x00007ff993640000 	C:\WINDOWS\SYSTEM32\windows.storage.dll
0x00007ff9957d0000 - 0x00007ff995b25000 	C:\WINDOWS\System32\combase.dll
0x00007ff9947e0000 - 0x00007ff99480e000 	C:\WINDOWS\SYSTEM32\Wldp.dll
0x00007ff995720000 - 0x00007ff9957cd000 	C:\WINDOWS\System32\SHCORE.dll
0x00007ff9970b0000 - 0x00007ff997105000 	C:\WINDOWS\System32\shlwapi.dll
0x00007ff994cd0000 - 0x00007ff994cef000 	C:\WINDOWS\SYSTEM32\profapi.dll
0x00007ff95cc80000 - 0x00007ff95cc99000 	C:\Users\kiril\.jdks\openjdk-16.0.1\bin\net.dll
0x00007ff98c770000 - 0x00007ff98c87c000 	C:\WINDOWS\SYSTEM32\WINHTTP.dll
0x00007ff994540000 - 0x00007ff9945aa000 	C:\WINDOWS\system32\mswsock.dll
0x00007ff95c3a0000 - 0x00007ff95c3b3000 	C:\Users\kiril\.jdks\openjdk-16.0.1\bin\nio.dll
0x00007ff95c380000 - 0x00007ff95c398000 	C:\Users\kiril\.jdks\openjdk-16.0.1\bin\zip.dll
0x00007ff990890000 - 0x00007ff9908aa000 	C:\Programs\JetBrains\IntelliJ IDEA Community Edition 2021.3\bin\breakgen64.dll
0x00000298dfa80000 - 0x00000298dfa83000 	C:\Users\kiril\.openjfx\cache\16\api-ms-win-core-console-l1-1-0.dll
0x00000298dfa90000 - 0x00000298dfa93000 	C:\Users\kiril\.openjfx\cache\16\api-ms-win-core-console-l1-2-0.dll
0x00000298dfaa0000 - 0x00000298dfaa3000 	C:\Users\kiril\.openjfx\cache\16\api-ms-win-core-datetime-l1-1-0.dll
0x00000298dfab0000 - 0x00000298dfab3000 	C:\Users\kiril\.openjfx\cache\16\api-ms-win-core-debug-l1-1-0.dll
0x00000298dfac0000 - 0x00000298dfac3000 	C:\Users\kiril\.openjfx\cache\16\api-ms-win-core-errorhandling-l1-1-0.dll
0x00000298dfad0000 - 0x00000298dfad4000 	C:\Users\kiril\.openjfx\cache\16\api-ms-win-core-file-l1-1-0.dll
0x00000298dfae0000 - 0x00000298dfae3000 	C:\Users\kiril\.openjfx\cache\16\api-ms-win-core-file-l1-2-0.dll
0x00000298dfaf0000 - 0x00000298dfaf3000 	C:\Users\kiril\.openjfx\cache\16\api-ms-win-core-file-l2-1-0.dll
0x00000298dfb00000 - 0x00000298dfb03000 	C:\Users\kiril\.openjfx\cache\16\api-ms-win-core-handle-l1-1-0.dll
0x00000298dfb10000 - 0x00000298dfb13000 	C:\Users\kiril\.openjfx\cache\16\api-ms-win-core-heap-l1-1-0.dll
0x00000298dfb20000 - 0x00000298dfb23000 	C:\Users\kiril\.openjfx\cache\16\api-ms-win-core-interlocked-l1-1-0.dll
0x00000298dfb30000 - 0x00000298dfb33000 	C:\Users\kiril\.openjfx\cache\16\api-ms-win-core-libraryloader-l1-1-0.dll
0x00000298dfb40000 - 0x00000298dfb43000 	C:\Users\kiril\.openjfx\cache\16\api-ms-win-core-localization-l1-2-0.dll
0x00000298dfb50000 - 0x00000298dfb53000 	C:\Users\kiril\.openjfx\cache\16\api-ms-win-core-memory-l1-1-0.dll
0x00000298dfb60000 - 0x00000298dfb63000 	C:\Users\kiril\.openjfx\cache\16\api-ms-win-core-namedpipe-l1-1-0.dll
0x00000298dfb70000 - 0x00000298dfb73000 	C:\Users\kiril\.openjfx\cache\16\api-ms-win-core-processenvironment-l1-1-0.dll
0x00000298dfb80000 - 0x00000298dfb83000 	C:\Users\kiril\.openjfx\cache\16\api-ms-win-core-processthreads-l1-1-0.dll
0x00000298dfb90000 - 0x00000298dfb93000 	C:\Users\kiril\.openjfx\cache\16\api-ms-win-core-processthreads-l1-1-1.dll
0x00000298dfba0000 - 0x00000298dfba3000 	C:\Users\kiril\.openjfx\cache\16\api-ms-win-core-profile-l1-1-0.dll
0x00000298dfbb0000 - 0x00000298dfbb3000 	C:\Users\kiril\.openjfx\cache\16\api-ms-win-core-rtlsupport-l1-1-0.dll
0x00000298dfbc0000 - 0x00000298dfbc3000 	C:\Users\kiril\.openjfx\cache\16\api-ms-win-core-string-l1-1-0.dll
0x00000298dfbd0000 - 0x00000298dfbd3000 	C:\Users\kiril\.openjfx\cache\16\api-ms-win-core-synch-l1-1-0.dll
0x00000298dfbe0000 - 0x00000298dfbe3000 	C:\Users\kiril\.openjfx\cache\16\api-ms-win-core-synch-l1-2-0.dll
0x00000298dfbf0000 - 0x00000298dfbf3000 	C:\Users\kiril\.openjfx\cache\16\api-ms-win-core-sysinfo-l1-1-0.dll
0x00000298e1fd0000 - 0x00000298e1fd3000 	C:\Users\kiril\.openjfx\cache\16\api-ms-win-core-timezone-l1-1-0.dll
0x00000298e1fe0000 - 0x00000298e1fe3000 	C:\Users\kiril\.openjfx\cache\16\api-ms-win-core-util-l1-1-0.dll
0x00000298e1ff0000 - 0x00000298e1ff3000 	C:\Users\kiril\.openjfx\cache\16\api-ms-win-crt-conio-l1-1-0.dll
0x00000298e2000000 - 0x00000298e2004000 	C:\Users\kiril\.openjfx\cache\16\api-ms-win-crt-convert-l1-1-0.dll
0x00000298e2010000 - 0x00000298e2013000 	C:\Users\kiril\.openjfx\cache\16\api-ms-win-crt-environment-l1-1-0.dll
0x00000298e2020000 - 0x00000298e2023000 	C:\Users\kiril\.openjfx\cache\16\api-ms-win-crt-filesystem-l1-1-0.dll
0x00000298e2030000 - 0x00000298e2033000 	C:\Users\kiril\.openjfx\cache\16\api-ms-win-crt-heap-l1-1-0.dll
0x00000298e2040000 - 0x00000298e2043000 	C:\Users\kiril\.openjfx\cache\16\api-ms-win-crt-locale-l1-1-0.dll
0x00000298e2050000 - 0x00000298e2055000 	C:\Users\kiril\.openjfx\cache\16\api-ms-win-crt-math-l1-1-0.dll
0x00000298e22d0000 - 0x00000298e22d5000 	C:\Users\kiril\.openjfx\cache\16\api-ms-win-crt-multibyte-l1-1-0.dll
0x00000298e22e0000 - 0x00000298e22f0000 	C:\Users\kiril\.openjfx\cache\16\api-ms-win-crt-private-l1-1-0.dll
0x00000298e22f0000 - 0x00000298e22f3000 	C:\Users\kiril\.openjfx\cache\16\api-ms-win-crt-process-l1-1-0.dll
0x00000298e2300000 - 0x00000298e2304000 	C:\Users\kiril\.openjfx\cache\16\api-ms-win-crt-runtime-l1-1-0.dll
0x00000298e2310000 - 0x00000298e2314000 	C:\Users\kiril\.openjfx\cache\16\api-ms-win-crt-stdio-l1-1-0.dll
0x00000298e2320000 - 0x00000298e2324000 	C:\Users\kiril\.openjfx\cache\16\api-ms-win-crt-string-l1-1-0.dll
0x00000298e2330000 - 0x00000298e2333000 	C:\Users\kiril\.openjfx\cache\16\api-ms-win-crt-time-l1-1-0.dll
0x00000298e2340000 - 0x00000298e2343000 	C:\Users\kiril\.openjfx\cache\16\api-ms-win-crt-utility-l1-1-0.dll
0x00007ff979a60000 - 0x00007ff979b5c000 	C:\Users\kiril\.openjfx\cache\16\ucrtbase.dll
0x00007ff97c150000 - 0x00007ff97c169000 	C:\Users\kiril\.openjfx\cache\16\vcruntime140.dll
0x00007ff980380000 - 0x00007ff98038c000 	C:\Users\kiril\.openjfx\cache\16\vcruntime140_1.dll
0x00007ff97c0b0000 - 0x00007ff97c141000 	C:\Users\kiril\.openjfx\cache\16\msvcp140.dll
0x00007ff97bee0000 - 0x00007ff97bf07000 	C:\Users\kiril\.openjfx\cache\16\prism_d3d.dll
0x00007ff988a30000 - 0x00007ff988bfe000 	C:\WINDOWS\system32\d3d9.dll
0x00007ff9929c0000 - 0x00007ff9929ef000 	C:\WINDOWS\SYSTEM32\dwmapi.dll
0x00007ff9927d0000 - 0x00007ff99286e000 	C:\WINDOWS\system32\uxtheme.dll
0x00007ff98c1d0000 - 0x00007ff98c2d6000 	C:\WINDOWS\System32\DriverStore\FileRepository\nv_dispi.inf_amd64_44dc4eefedc0d082\nvldumdx.dll
0x00007ff994970000 - 0x00007ff994982000 	C:\WINDOWS\SYSTEM32\msasn1.dll
0x00007ff98e050000 - 0x00007ff98e081000 	C:\WINDOWS\SYSTEM32\cryptnet.dll
0x00007ff995050000 - 0x00007ff9951a6000 	C:\WINDOWS\System32\CRYPT32.dll
0x00007ff98d040000 - 0x00007ff98d18a000 	C:\WINDOWS\SYSTEM32\drvstore.dll
0x00007ff994b30000 - 0x00007ff994b64000 	C:\WINDOWS\SYSTEM32\devobj.dll
0x00007ff995670000 - 0x00007ff9956be000 	C:\WINDOWS\System32\cfgmgr32.dll
0x00007ff994750000 - 0x00007ff99475c000 	C:\WINDOWS\SYSTEM32\cryptbase.dll
0x00007ff9951b0000 - 0x00007ff995210000 	C:\WINDOWS\System32\WINTRUST.DLL
0x00007ff996ed0000 - 0x00007ff996eed000 	C:\WINDOWS\System32\imagehlp.dll
0x00007ff994730000 - 0x00007ff994748000 	C:\WINDOWS\SYSTEM32\CRYPTSP.dll
0x00007ff993e50000 - 0x00007ff993e84000 	C:\WINDOWS\system32\rsaenh.dll
0x00007ff995570000 - 0x00007ff995597000 	C:\WINDOWS\System32\bcrypt.dll
0x00007ff92c4b0000 - 0x00007ff92dc45000 	C:\WINDOWS\System32\DriverStore\FileRepository\nv_dispi.inf_amd64_44dc4eefedc0d082\nvd3dumx.dll
0x00007ff97be90000 - 0x00007ff97bed2000 	C:\Users\kiril\.openjfx\cache\16\glass.dll
0x00007ff997520000 - 0x00007ff9975fa000 	C:\WINDOWS\System32\COMDLG32.dll
0x00007ff997110000 - 0x00007ff99723a000 	C:\WINDOWS\System32\ole32.dll
0x00007ff9964f0000 - 0x00007ff9965bd000 	C:\WINDOWS\System32\OLEAUT32.dll
0x0000000180000000 - 0x00000001803cc000 	C:\Programs\RivaTuner Statistics Server\RTSSHooks64.dll
0x00007ff996820000 - 0x00007ff996c92000 	C:\WINDOWS\System32\SETUPAPI.dll
0x00007ff995b30000 - 0x00007ff995c45000 	C:\WINDOWS\System32\MSCTF.dll
0x00007ff940940000 - 0x00007ff940c03000 	C:\WINDOWS\system32\nvspcap64.dll
0x00007ff993a80000 - 0x00007ff993ab3000 	C:\WINDOWS\SYSTEM32\ntmarta.dll
0x00007ff993650000 - 0x00007ff993673000 	C:\WINDOWS\SYSTEM32\gpapi.dll
0x00007ff990190000 - 0x00007ff9901cb000 	C:\WINDOWS\SYSTEM32\dxcore.dll
0x00007ff97bf30000 - 0x00007ff97bf44000 	C:\Users\kiril\.openjfx\cache\16\javafx_font.dll
0x00007ff989790000 - 0x00007ff989a13000 	C:\WINDOWS\SYSTEM32\dwrite.dll
0x00007ff995c50000 - 0x00007ff995cf9000 	C:\WINDOWS\System32\clbcatq.dll
0x00007ff98e730000 - 0x00007ff98e8e4000 	C:\WINDOWS\SYSTEM32\WindowsCodecs.dll
0x00007ff953a70000 - 0x00007ff953aae000 	C:\WINDOWS\system32\dataexchange.dll
0x00007ff991a00000 - 0x00007ff991be5000 	C:\WINDOWS\system32\dcomp.dll
0x00007ff9911d0000 - 0x00007ff991434000 	C:\WINDOWS\system32\d3d11.dll
0x00007ff993680000 - 0x00007ff993774000 	C:\WINDOWS\system32\dxgi.dll

dbghelp: loaded successfully - version: 4.0.5 - missing functions: none
symbol engine: initialized successfully - sym options: 0x614 - pdb path: .;C:\Users\kiril\.jdks\openjdk-16.0.1\bin;C:\WINDOWS\SYSTEM32;C:\WINDOWS\WinSxS\amd64_microsoft.windows.common-controls_6595b64144ccf1df_6.0.19041.1110_none_60b5254171f9507e;C:\Users\kiril\.jdks\openjdk-16.0.1\bin\server;C:\Programs\JetBrains\IntelliJ IDEA Community Edition 2021.3\bin;C:\Users\kiril\.openjfx\cache\16;C:\WINDOWS\System32\DriverStore\FileRepository\nv_dispi.inf_amd64_44dc4eefedc0d082;C:\Programs\RivaTuner Statistics Server;C:\Program Files\Common Files\Microsoft Shared\Ink

VM Arguments:
jvm_args: -javaagent:C:\Programs\JetBrains\IntelliJ IDEA Community Edition 2021.3\lib\idea_rt.jar=50540:C:\Programs\JetBrains\IntelliJ IDEA Community Edition 2021.3\bin -Dfile.encoding=UTF-8 --module-path=C:\Users\kiril\.m2\repository\org\openjfx\javafx-graphics\16\javafx-graphics-16-win.jar;C:\Users\kiril\.m2\repository\org\openjfx\javafx-fxml\16\javafx-fxml-16-win.jar;C:\Users\kiril\.m2\repository\org\openjfx\javafx-controls\16\javafx-controls-16-win.jar;C:\Users\kiril\.m2\repository\org\openjfx\javafx-base\16\javafx-base-16-win.jar;C:\Users\kiril\Desktop\subd\target\classes -Djdk.module.main=com.example.subd 
java_command: com.example.subd/com.example.subd.MainApplication
java_class_path (initial): C:\Users\kiril\.m2\repository\org\openjfx\javafx-controls\16\javafx-controls-16.jar;C:\Users\kiril\.m2\repository\org\openjfx\javafx-graphics\16\javafx-graphics-16.jar;C:\Users\kiril\.m2\repository\org\openjfx\javafx-base\16\javafx-base-16.jar;C:\Users\kiril\.m2\repository\org\openjfx\javafx-fxml\16\javafx-fxml-16.jar
Launcher Type: SUN_STANDARD

[Global flags]
     intx CICompilerCount                          = 12                                        {product} {ergonomic}
     uint ConcGCThreads                            = 3                                         {product} {ergonomic}
     uint G1ConcRefinementThreads                  = 13                                        {product} {ergonomic}
   size_t G1HeapRegionSize                         = 2097152                                   {product} {ergonomic}
    uintx GCDrainStackTargetSize                   = 64                                        {product} {ergonomic}
   size_t InitialHeapSize                          = 268435456                                 {product} {ergonomic}
   size_t MarkStackSize                            = 4194304                                   {product} {ergonomic}
   size_t MaxHeapSize                              = 4278190080                                {product} {ergonomic}
   size_t MaxNewSize                               = 2566914048                                {product} {ergonomic}
   size_t MinHeapDeltaBytes                        = 2097152                                   {product} {ergonomic}
   size_t MinHeapSize                              = 8388608                                   {product} {ergonomic}
    uintx NonNMethodCodeHeapSize                   = 7602480                                {pd product} {ergonomic}
    uintx NonProfiledCodeHeapSize                  = 122027880                              {pd product} {ergonomic}
    uintx ProfiledCodeHeapSize                     = 122027880                              {pd product} {ergonomic}
    uintx ReservedCodeCacheSize                    = 251658240                              {pd product} {ergonomic}
     bool SegmentedCodeCache                       = true                                      {product} {ergonomic}
   size_t SoftMaxHeapSize                          = 4278190080                             {manageable} {ergonomic}
     bool UseCompressedClassPointers               = true                           {product lp64_product} {ergonomic}
     bool UseCompressedOops                        = true                           {product lp64_product} {ergonomic}
     bool UseG1GC                                  = true                                      {product} {ergonomic}
     bool UseLargePagesIndividualAllocation        = false                                  {pd product} {ergonomic}

Logging:
Log output configuration:
 #0: stdout all=off uptime,level,tags
 #1: stderr all=off uptime,level,tags

Environment Variables:
PATH=C:\Program Files (x86)\Embarcadero\Studio\20.0\bin;C:\Users\Public\Documents\Embarcadero\Studio\20.0\Bpl;C:\Program Files (x86)\Embarcadero\Studio\20.0\bin64;C:\Users\Public\Documents\Embarcadero\Studio\20.0\Bpl\Win64;C:\Program Files (x86)\Common Files\Oracle\Java\javapath;C:\ProgramData\Oracle\Java\javapath;C:\Windows\system32;C:\Windows;C:\Windows\System32\Wbem;C:\Windows\System32\WindowsPowerShell\v1.0\;C:\Windows\System32\OpenSSH\;C:\Program Files\NVIDIA Corporation\NVIDIA NvDLISR;C:\Program Files (x86)\Windows Kits\10\Windows Performance Toolkit\;C:\Program Files\Microsoft SQL Server\130\Tools\Binn\;C:\Program Files (x86)\NVIDIA Corporation\PhysX\Common;C:\Program Files\dotnet\;C:\Program Files\Microsoft SQL Server\Client SDK\ODBC\170\Tools\Binn\;C:\Program Files (x86)\Microsoft SQL Server\150\Tools\Binn\;C:\Program Files\Microsoft SQL Server\150\Tools\Binn\;C:\Program Files\Microsoft SQL Server\150\DTS\Binn\;C:\Program Files (x86)\Microsoft SQL Server\150\DTS\Binn\;C:\Program Files\Azure Data Studio\bin;C:\Program Files\Microsoft SQL Server\Client SDK\ODBC\130\Tools\Binn\;C:\Program Files (x86)\Microsoft SQL Server\140\Tools\Binn\;C:\Program Files\Microsoft SQL Server\140\Tools\Binn\;C:\Program Files\Microsoft SQL Server\140\DTS\Binn\;C:\Programs\Git\cmd;C:\WINDOWS\system32;C:\WINDOWS;C:\WINDOWS\System32\Wbem;C:\WINDOWS\System32\WindowsPowerShell\v1.0\;C:\WINDOWS\System32\OpenSSH\;C:\Program Files\MySQL\MySQL Shell 8.0\bin\;C:\Users\kiril\AppData\Local\Programs\Python\Python38-32\Scripts\;C:\Users\kiril\AppData\Local\Programs\Python\Python38-32\;C:\Users\kiril\AppData\Local\Microsoft\WindowsApps;C:\Users\kiril\.dotnet\tools;C:\Program Files\Azure Data Studio\bin;C:\Programs\JetBrains\IntelliJ IDEA Community Edition 2020.3.2\bin;;C:\Programs\JetBrains\PyCharm Community Edition 2020.3.3\bin;;C:\Users\kiril\AppData\Local\Programs\MiKTeX\miktex\bin\x64\;C:\Users\kiril\AppData\Local\Programs\Microsoft VS Code\bin;C:\Program Files\mingw-w64\x86_64-8.1.0-win32-seh
USERNAME=kiril
OS=Windows_NT
PROCESSOR_IDENTIFIER=AMD64 Family 23 Model 113 Stepping 0, AuthenticAMD



---------------  S Y S T E M  ---------------

OS:
 Windows 10 , 64 bit Build 19041 (10.0.19041.1348)
OS uptime: 0 days 1:55 hours

CPU: total 16 (initial active 16) (16 cores per cpu, 2 threads per core) family 23 model 113 stepping 0 microcode 0x0, cx8, cmov, fxsr, ht, mmx, 3dnowpref, sse, sse2, sse3, ssse3, sse4a, sse4.1, sse4.2, popcnt, lzcnt, tsc, tscinvbit, avx, avx2, aes, clmul, bmi1, bmi2, adx, sha, fma, vzeroupper, clflush, clflushopt

Memory: 4k page, system-wide physical 16315M (8340M free)
TotalPageFile size 21691M (AvailPageFile size 8456M)
current process WorkingSet (physical memory assigned to process): 138M, peak: 162M
current process commit charge ("private bytes"): 434M, peak: 456M

vm_info: OpenJDK 64-Bit Server VM (16.0.1+9-24) for windows-amd64 JRE (16.0.1+9-24), built on Mar 26 2021 19:30:07 by "mach5one" with MS VC++ 16.7 (VS2019)

END.
