#
# A fatal error has been detected by the Java Runtime Environment:
#
#  EXCEPTION_ACCESS_VIOLATION (0xc0000005) at pc=0x00007ff97beb6997, pid=6796, tid=12136
#
# JRE version: OpenJDK Runtime Environment (16.0.1+9) (build 16.0.1+9-24)
# Java VM: OpenJDK 64-Bit Server VM (16.0.1+9-24, mixed mode, sharing, tiered, compressed oops, compressed class ptrs, g1 gc, windows-amd64)
# Problematic frame:
# C  [glass.dll+0x26997]
#
# No core dump will be written. Minidumps are not enabled by default on client versions of Windows
#
# If you would like to submit a bug report, please visit:
#   https://bugreport.java.com/bugreport/crash.jsp
#

---------------  S U M M A R Y ------------

Command Line: -javaagent:C:\Programs\JetBrains\IntelliJ IDEA Community Edition 2021.3\lib\idea_rt.jar=50544:C:\Programs\JetBrains\IntelliJ IDEA Community Edition 2021.3\bin -Dfile.encoding=UTF-8 --module-path=C:\Users\kiril\.m2\repository\org\openjfx\javafx-graphics\16\javafx-graphics-16-win.jar;C:\Users\kiril\.m2\repository\org\openjfx\javafx-fxml\16\javafx-fxml-16-win.jar;C:\Users\kiril\.m2\repository\org\openjfx\javafx-controls\16\javafx-controls-16-win.jar;C:\Users\kiril\.m2\repository\org\openjfx\javafx-base\16\javafx-base-16-win.jar;C:\Users\kiril\Desktop\subd\target\classes -Djdk.module.main=com.example.subd com.example.subd/com.example.subd.MainApplication

Host: AMD Ryzen 7 3700X 8-Core Processor             , 16 cores, 15G,  Windows 10 , 64 bit Build 19041 (10.0.19041.1348)
Time: Sat Dec  4 20:18:44 2021 Russia TZ 2 Standard Time elapsed time: 8.168988 seconds (0d 0h 0m 8s)

---------------  T H R E A D  ---------------

Current thread (0x000001f6393f4c80):  VMThread "VM Thread" [stack: 0x000000b612300000,0x000000b612400000] [id=12136]

Stack: [0x000000b612300000,0x000000b612400000],  sp=0x000000b6123feec0,  free space=1019k
Native frames: (J=compiled Java code, j=interpreted, Vv=VM code, C=native code)
C  [glass.dll+0x26997]


siginfo: EXCEPTION_ACCESS_VIOLATION (0xc0000005), reading address 0x0000000000000000


Register to memory mapping:

RIP=0x00007ff97beb6997 glass.dll
RAX=0x0 is NULL
RBX=0x000001f639405f60 is a global jni handle
RCX=0x000001f6393f4c80 points into unknown readable memory: 0x00007ff94893f638 | 38 f6 93 48 f9 7f 00 00
RDX=0x000000b6123feec0 points into unknown readable memory: 0x0000000000000000 | 00 00 00 00 00 00 00 00
RSP=0x000000b6123feec0 points into unknown readable memory: 0x0000000000000000 | 00 00 00 00 00 00 00 00
RBP=0x000001f63b4dbcd8 points into unknown readable memory: 0x000060732b6be319 | 19 e3 6b 2b 73 60 00 00
RSI=0x000001f63b4dbcb0 points into unknown readable memory: 0xf2f7b609b36be3e6 | e6 e3 6b b3 09 b6 f7 f2
RDI=0x000060732b6be319 is an unknown value
R8 =0x0000000000010002 is an unknown value
R9 =0x000060732b6be319 is an unknown value
R10=0x0000000000008000 is an unknown value
R11=0x000000b6123fee50 points into unknown readable memory: 0x000001f63b4dbcb0 | b0 bc 4d 3b f6 01 00 00
R12=0x00007ff97beb4234 glass.dll
R13=0x000001f6393f53d0 points into unknown readable memory: 0x8000000900000001 | 01 00 00 00 09 00 00 80
R14=0x000000b6123fefb8 points into unknown readable memory: 0x000000b6123fefa0 | a0 ef 3f 12 b6 00 00 00
R15=0x000001f63b4dbcb0 points into unknown readable memory: 0xf2f7b609b36be3e6 | e6 e3 6b b3 09 b6 f7 f2


Registers:
RAX=0x0000000000000000, RBX=0x000001f639405f60, RCX=0x000001f6393f4c80, RDX=0x000000b6123feec0
RSP=0x000000b6123feec0, RBP=0x000001f63b4dbcd8, RSI=0x000001f63b4dbcb0, RDI=0x000060732b6be319
R8 =0x0000000000010002, R9 =0x000060732b6be319, R10=0x0000000000008000, R11=0x000000b6123fee50
R12=0x00007ff97beb4234, R13=0x000001f6393f53d0, R14=0x000000b6123fefb8, R15=0x000001f63b4dbcb0
RIP=0x00007ff97beb6997, EFLAGS=0x0000000000010206

Top of Stack: (sp=0x000000b6123feec0)
0x000000b6123feec0:   0000000000000000 000001f63b4dbcb0
0x000000b6123feed0:   000001f6393f53d0 00007ff97beb4234
0x000000b6123feee0:   000001f63b4dbcb8 00007ff994f642d6
0x000000b6123feef0:   000060732b6be319 000001f600000000
0x000000b6123fef00:   000001f63b4dbcd8 000001f63b4dbcb0
0x000000b6123fef10:   fffffffffffffffe 0000000000000000
0x000000b6123fef20:   0000000000000001 00007ff97be90000
0x000000b6123fef30:   000000b6123fefa8 00007ff994f641fb
0x000000b6123fef40:   0000000000000000 000000b6123fefb8
0x000000b6123fef50:   000000b6123ff280 00007ff995040e40
0x000000b6123fef60:   0000000000000001 00007ff994f641b4
0x000000b6123fef70:   0000000000000000 0000000000000001
0x000000b6123fef80:   000001f63c306978 000000b6123fefa8
0x000000b6123fef90:   000001f63c306980 00007ff97beb40c1
0x000000b6123fefa0:   00007ff97beca128 0000000100000002
0x000000b6123fefb0:   000001f600000002 000000b6123fefa0 

Instructions: (pc=0x00007ff97beb6997)
0x00007ff97beb6897:   8b 4d 58 e8 d1 ce ff ff 48 8b 4d 60 e8 c8 ce ff
0x00007ff97beb68a7:   ff 48 8b 95 80 00 00 00 48 8b 8d 18 01 00 00 e8
0x00007ff97beb68b7:   96 c3 ff ff 33 d2 33 c9 e8 12 e1 ff ff 90 48 89
0x00007ff97beb68c7:   54 24 10 55 48 83 ec 20 48 8b ea 48 b8 00 00 00
0x00007ff97beb68d7:   00 00 00 00 00 48 83 c4 20 5d c3 cc 40 55 48 8b
0x00007ff97beb68e7:   ea 48 8b 01 33 c9 81 38 05 00 00 c0 0f 94 c1 8b
0x00007ff97beb68f7:   c1 5d c3 cc 40 55 48 83 ec 20 48 8b ea 8a 4d 40
0x00007ff97beb6907:   48 83 c4 20 5d e9 c7 d2 ff ff cc 40 55 48 83 ec
0x00007ff97beb6917:   20 48 8b ea 8a 4d 20 e8 b5 d2 ff ff 90 48 83 c4
0x00007ff97beb6927:   20 5d c3 cc 40 55 48 83 ec 20 48 8b ea 48 83 c4
0x00007ff97beb6937:   20 5d e9 16 d1 ff ff cc 40 55 48 83 ec 30 48 8b
0x00007ff97beb6947:   ea 48 8b 01 8b 10 48 89 4c 24 28 89 54 24 20 4c
0x00007ff97beb6957:   8d 0d b7 d5 ff ff 4c 8b 45 70 8b 55 68 48 8b 4d
0x00007ff97beb6967:   60 e8 57 d0 ff ff 90 48 83 c4 30 5d c3 cc cc cc
0x00007ff97beb6977:   cc cc cc cc cc cc cc cc cc 40 53 48 83 ec 20 48
0x00007ff97beb6987:   8b 1d 93 31 01 00 48 85 db 74 16 e8 29 8b ff ff
0x00007ff97beb6997:   4c 8b 00 48 8b d3 48 8b c8 41 ff 90 b0 00 00 00
0x00007ff97beb69a7:   90 48 83 c4 20 5b c3 cc cc 40 53 48 83 ec 20 48
0x00007ff97beb69b7:   8b 1d 0b 33 01 00 48 85 db 74 57 b8 ff ff ff ff
0x00007ff97beb69c7:   f0 0f c1 43 10 83 f8 01 75 3d 48 85 db 74 38 48
0x00007ff97beb69d7:   8b 0b 48 85 c9 74 0d ff 15 c4 08 00 00 48 c7 03
0x00007ff97beb69e7:   00 00 00 00 48 8b 4b 08 48 85 c9 74 0d e8 77 cd
0x00007ff97beb69f7:   ff ff 48 c7 43 08 00 00 00 00 ba 18 00 00 00 48
0x00007ff97beb6a07:   8b cb e8 62 cd ff ff 48 c7 05 af 32 01 00 00 00
0x00007ff97beb6a17:   00 00 48 83 c4 20 5b c3 cc 40 53 48 83 ec 20 48
0x00007ff97beb6a27:   8b 1d 7b 32 01 00 48 85 db 74 57 b8 ff ff ff ff
0x00007ff97beb6a37:   f0 0f c1 43 10 83 f8 01 75 3d 48 85 db 74 38 48
0x00007ff97beb6a47:   8b 0b 48 85 c9 74 0d ff 15 54 08 00 00 48 c7 03
0x00007ff97beb6a57:   00 00 00 00 48 8b 4b 08 48 85 c9 74 0d e8 07 cd
0x00007ff97beb6a67:   ff ff 48 c7 43 08 00 00 00 00 ba 18 00 00 00 48
0x00007ff97beb6a77:   8b cb e8 f2 cc ff ff 48 c7 05 1f 32 01 00 00 00
0x00007ff97beb6a87:   00 00 48 83 c4 20 5b c3 cc 40 53 48 83 ec 20 48 


Stack slot to memory mapping:
stack at sp + 0 slots: 0x0 is NULL
stack at sp + 1 slots: 0x000001f63b4dbcb0 points into unknown readable memory: 0xf2f7b609b36be3e6 | e6 e3 6b b3 09 b6 f7 f2
stack at sp + 2 slots: 0x000001f6393f53d0 points into unknown readable memory: 0x8000000900000001 | 01 00 00 00 09 00 00 80
stack at sp + 3 slots: 0x00007ff97beb4234 glass.dll
stack at sp + 4 slots: 0x000001f63b4dbcb8 points into unknown readable memory: 0x000060732b6be319 | 19 e3 6b 2b 73 60 00 00
stack at sp + 5 slots: 0x00007ff994f642d6 ucrtbase.dll
stack at sp + 6 slots: 0x000060732b6be319 is an unknown value
stack at sp + 7 slots: 0x000001f600000000 is an unknown value

VM_Operation (0x000000b612eff070): Exit, mode: safepoint, requested by thread 0x000001f63b285ce0


---------------  P R O C E S S  ---------------

Threads class SMR info:
_java_thread_list=0x000001f645578cf0, length=21, elements={
0x000001f615ce0f80, 0x000001f6393f80d0, 0x000001f6393f95a0, 0x000001f63940ef40,
0x000001f63940fb40, 0x000001f639413280, 0x000001f6394158a0, 0x000001f639420750,
0x000001f639429dc0, 0x000001f63a010060, 0x000001f6393daa40, 0x000001f63adf0da0,
0x000001f63af67310, 0x000001f63ad526d0, 0x000001f63ab574d0, 0x000001f63ab5a630,
0x000001f63b284cf0, 0x000001f63b285240, 0x000001f63b2827c0, 0x000001f63b285790,
0x000001f63b285ce0
}

Java Threads: ( => current thread )
  0x000001f615ce0f80 JavaThread "main" [_thread_blocked, id=4532, stack(0x000000b611d00000,0x000000b611e00000)]
  0x000001f6393f80d0 JavaThread "Reference Handler" daemon [_thread_blocked, id=2852, stack(0x000000b612400000,0x000000b612500000)]
  0x000001f6393f95a0 JavaThread "Finalizer" daemon [_thread_blocked, id=14284, stack(0x000000b612500000,0x000000b612600000)]
  0x000001f63940ef40 JavaThread "Signal Dispatcher" daemon [_thread_blocked, id=16124, stack(0x000000b612600000,0x000000b612700000)]
  0x000001f63940fb40 JavaThread "Attach Listener" daemon [_thread_blocked, id=1276, stack(0x000000b612700000,0x000000b612800000)]
  0x000001f639413280 JavaThread "Service Thread" daemon [_thread_blocked, id=7736, stack(0x000000b612800000,0x000000b612900000)]
  0x000001f6394158a0 JavaThread "Monitor Deflation Thread" daemon [_thread_blocked, id=10136, stack(0x000000b612900000,0x000000b612a00000)]
  0x000001f639420750 JavaThread "C2 CompilerThread0" daemon [_thread_blocked, id=7644, stack(0x000000b612a00000,0x000000b612b00000)]
  0x000001f639429dc0 JavaThread "C1 CompilerThread0" daemon [_thread_blocked, id=13808, stack(0x000000b612b00000,0x000000b612c00000)]
  0x000001f63a010060 JavaThread "Sweeper thread" daemon [_thread_blocked, id=6184, stack(0x000000b612c00000,0x000000b612d00000)]
  0x000001f6393daa40 JavaThread "Common-Cleaner" daemon [_thread_blocked, id=14364, stack(0x000000b612d00000,0x000000b612e00000)]
  0x000001f63adf0da0 JavaThread "Monitor Ctrl-Break" daemon [_thread_in_native, id=6944, stack(0x000000b613500000,0x000000b613600000)]
  0x000001f63af67310 JavaThread "Notification Thread" daemon [_thread_blocked, id=1668, stack(0x000000b613600000,0x000000b613700000)]
  0x000001f63ad526d0 JavaThread "QuantumRenderer-0" daemon [_thread_blocked, id=7840, stack(0x000000b613800000,0x000000b613900000)]
  0x000001f63ab574d0 JavaThread "InvokeLaterDispatcher" daemon [_thread_blocked, id=14792, stack(0x000000b613a00000,0x000000b613b00000)]
  0x000001f63ab5a630 JavaThread "JavaFX Application Thread" [_thread_in_native, id=2220, stack(0x000000b613b00000,0x000000b613c00000)]
  0x000001f63b284cf0 JavaThread "JavaFX-Launcher" [_thread_blocked, id=15568, stack(0x000000b613200000,0x000000b613300000)]
  0x000001f63b285240 JavaThread "Thread-2" daemon [_thread_in_native, id=9992, stack(0x000000b613100000,0x000000b613200000)]
  0x000001f63b2827c0 JavaThread "Prism Font Disposer" daemon [_thread_blocked, id=11248, stack(0x000000b614580000,0x000000b614680000)]
  0x000001f63b285790 JavaThread "Cleaner-0" daemon [_thread_blocked, id=5320, stack(0x000000b614680000,0x000000b614780000)]
  0x000001f63b285ce0 JavaThread "SIGINT handler" daemon [_thread_blocked, id=2204, stack(0x000000b612e00000,0x000000b612f00000)]

Other Threads:
=>0x000001f6393f4c80 VMThread "VM Thread" [stack: 0x000000b612300000,0x000000b612400000] [id=12136]
  0x000001f615d32fe0 GCTaskThread "GC Thread#0" [stack: 0x000000b611e00000,0x000000b611f00000] [id=9076]
  0x000001f63ba11600 GCTaskThread "GC Thread#1" [stack: 0x000000b613400000,0x000000b613500000] [id=2448]
  0x000001f63ba11910 GCTaskThread "GC Thread#2" [stack: 0x000000b613d80000,0x000000b613e80000] [id=7528]
  0x000001f63ba11c20 GCTaskThread "GC Thread#3" [stack: 0x000000b613e80000,0x000000b613f80000] [id=5292]
  0x000001f63b88c840 GCTaskThread "GC Thread#4" [stack: 0x000000b613f80000,0x000000b614080000] [id=12040]
  0x000001f63b88d360 GCTaskThread "GC Thread#5" [stack: 0x000000b614080000,0x000000b614180000] [id=9240]
  0x000001f63b9e4940 GCTaskThread "GC Thread#6" [stack: 0x000000b614180000,0x000000b614280000] [id=15036]
  0x000001f63b9e4c50 GCTaskThread "GC Thread#7" [stack: 0x000000b614790000,0x000000b614890000] [id=10056]
  0x000001f63b9e5890 GCTaskThread "GC Thread#8" [stack: 0x000000b614890000,0x000000b614990000] [id=13036]
  0x000001f63b9e5580 GCTaskThread "GC Thread#9" [stack: 0x000000b614990000,0x000000b614a90000] [id=15392]
  0x000001f63b9e5ba0 GCTaskThread "GC Thread#10" [stack: 0x000000b614a90000,0x000000b614b90000] [id=7632]
  0x000001f63b9e4f60 GCTaskThread "GC Thread#11" [stack: 0x000000b614b90000,0x000000b614c90000] [id=11076]
  0x000001f63b9e5270 GCTaskThread "GC Thread#12" [stack: 0x000000b614c90000,0x000000b614d90000] [id=13048]
  0x000001f615d43f20 ConcurrentGCThread "G1 Main Marker" terminated
  0x000001f615d45130 ConcurrentGCThread "G1 Conc#0" [stack: 0x000000b612000000,0x000000b612100000] [id=14728]
  0x000001f615db32b0 ConcurrentGCThread "G1 Refine#0" terminated
  0x000001f6392b20d0 ConcurrentGCThread "G1 Service" terminated

Threads with active compile tasks:
C2 CompilerThread0  
[error occurred during error reporting (printing all threads), id 0xc0000005, EXCEPTION_ACCESS_VIOLATION (0xc0000005) at pc=0x00007ff94875bb63]

VM state: at safepoint (shutting down)

VM Mutex/Monitor currently owned by a thread:  ([mutex/lock_event])
[0x000001f615cdbae0] Threads_lock - owner thread: 0x000001f6393f4c80
[0x000001f615cdb5d0] Heap_lock - owner thread: 0x000001f63b285ce0

Heap address: 0x0000000701000000, size: 4080 MB, Compressed Oops mode: Zero based, Oop shift amount: 3

CDS archive(s) mapped at: [0x0000000800000000-0x0000000800bb0000-0x0000000800bb0000), size 12255232, SharedBaseAddress: 0x0000000800000000, ArchiveRelocationMode: 0.
Compressed class space mapped at: 0x0000000800c00000-0x0000000840c00000, reserved size: 1073741824
Narrow klass base: 0x0000000800000000, Narrow klass shift: 3, Narrow klass range: 0x100000000

GC Precious Log:
 CPUs: 16 total, 16 available
 Memory: 16315M
 Large Page Support: Disabled
 NUMA Support: Disabled
 Compressed Oops: Enabled (Zero based)
 Heap Region Size: 2M
 Heap Min Capacity: 8M
 Heap Initial Capacity: 256M
 Heap Max Capacity: 4080M
 Pre-touch: Disabled
 Parallel Workers: 13
 Concurrent Workers: 3
 Concurrent Refinement Workers: 13
 Periodic GC: Disabled

Heap:
 garbage-first heap   total 262144K, used 11528K [0x0000000701000000, 0x0000000800000000)
  region size 2048K, 5 young (10240K), 3 survivors (6144K)
 Metaspace       used 14898K, committed 15104K, reserved 1064960K
  class space    used 2088K, committed 2176K, reserved 1048576K

Heap Regions: E=young(eden), S=young(survivor), O=old, HS=humongous(starts), HC=humongous(continues), CS=collection set, F=free, OA=open archive, CA=closed archive, TAMS=top-at-mark-start (previous, next)
|   0|0x0000000701000000, 0x0000000701200000, 0x0000000701200000|100%|HS|  |TAMS 0x0000000701000000, 0x0000000701000000| Complete 
|   1|0x0000000701200000, 0x0000000701342200, 0x0000000701400000| 62%| O|  |TAMS 0x0000000701200000, 0x0000000701200000| Untracked 
|   2|0x0000000701400000, 0x0000000701400000, 0x0000000701600000|  0%| F|  |TAMS 0x0000000701400000, 0x0000000701400000| Untracked 
|   3|0x0000000701600000, 0x0000000701600000, 0x0000000701800000|  0%| F|  |TAMS 0x0000000701600000, 0x0000000701600000| Untracked 
|   4|0x0000000701800000, 0x0000000701800000, 0x0000000701a00000|  0%| F|  |TAMS 0x0000000701800000, 0x0000000701800000| Untracked 
|   5|0x0000000701a00000, 0x0000000701a00000, 0x0000000701c00000|  0%| F|  |TAMS 0x0000000701a00000, 0x0000000701a00000| Untracked 
|   6|0x0000000701c00000, 0x0000000701c00000, 0x0000000701e00000|  0%| F|  |TAMS 0x0000000701c00000, 0x0000000701c00000| Untracked 
|   7|0x0000000701e00000, 0x0000000701e00000, 0x0000000702000000|  0%| F|  |TAMS 0x0000000701e00000, 0x0000000701e00000| Untracked 
|   8|0x0000000702000000, 0x0000000702000000, 0x0000000702200000|  0%| F|  |TAMS 0x0000000702000000, 0x0000000702000000| Untracked 
|   9|0x0000000702200000, 0x0000000702200000, 0x0000000702400000|  0%| F|  |TAMS 0x0000000702200000, 0x0000000702200000| Untracked 
|  10|0x0000000702400000, 0x0000000702400000, 0x0000000702600000|  0%| F|  |TAMS 0x0000000702400000, 0x0000000702400000| Untracked 
|  11|0x0000000702600000, 0x0000000702600000, 0x0000000702800000|  0%| F|  |TAMS 0x0000000702600000, 0x0000000702600000| Untracked 
|  12|0x0000000702800000, 0x0000000702800000, 0x0000000702a00000|  0%| F|  |TAMS 0x0000000702800000, 0x0000000702800000| Untracked 
|  13|0x0000000702a00000, 0x0000000702a00000, 0x0000000702c00000|  0%| F|  |TAMS 0x0000000702a00000, 0x0000000702a00000| Untracked 
|  14|0x0000000702c00000, 0x0000000702c00000, 0x0000000702e00000|  0%| F|  |TAMS 0x0000000702c00000, 0x0000000702c00000| Untracked 
|  15|0x0000000702e00000, 0x0000000702e00000, 0x0000000703000000|  0%| F|  |TAMS 0x0000000702e00000, 0x0000000702e00000| Untracked 
|  16|0x0000000703000000, 0x0000000703000000, 0x0000000703200000|  0%| F|  |TAMS 0x0000000703000000, 0x0000000703000000| Untracked 
|  17|0x0000000703200000, 0x0000000703200000, 0x0000000703400000|  0%| F|  |TAMS 0x0000000703200000, 0x0000000703200000| Untracked 
|  18|0x0000000703400000, 0x0000000703400000, 0x0000000703600000|  0%| F|  |TAMS 0x0000000703400000, 0x0000000703400000| Untracked 
|  19|0x0000000703600000, 0x0000000703600000, 0x0000000703800000|  0%| F|  |TAMS 0x0000000703600000, 0x0000000703600000| Untracked 
|  20|0x0000000703800000, 0x0000000703800000, 0x0000000703a00000|  0%| F|  |TAMS 0x0000000703800000, 0x0000000703800000| Untracked 
|  21|0x0000000703a00000, 0x0000000703a00000, 0x0000000703c00000|  0%| F|  |TAMS 0x0000000703a00000, 0x0000000703a00000| Untracked 
|  22|0x0000000703c00000, 0x0000000703c00000, 0x0000000703e00000|  0%| F|  |TAMS 0x0000000703c00000, 0x0000000703c00000| Untracked 
|  23|0x0000000703e00000, 0x0000000703e00000, 0x0000000704000000|  0%| F|  |TAMS 0x0000000703e00000, 0x0000000703e00000| Untracked 
|  24|0x0000000704000000, 0x0000000704000000, 0x0000000704200000|  0%| F|  |TAMS 0x0000000704000000, 0x0000000704000000| Untracked 
|  25|0x0000000704200000, 0x0000000704200000, 0x0000000704400000|  0%| F|  |TAMS 0x0000000704200000, 0x0000000704200000| Untracked 
|  26|0x0000000704400000, 0x0000000704400000, 0x0000000704600000|  0%| F|  |TAMS 0x0000000704400000, 0x0000000704400000| Untracked 
|  27|0x0000000704600000, 0x0000000704600000, 0x0000000704800000|  0%| F|  |TAMS 0x0000000704600000, 0x0000000704600000| Untracked 
|  28|0x0000000704800000, 0x0000000704800000, 0x0000000704a00000|  0%| F|  |TAMS 0x0000000704800000, 0x0000000704800000| Untracked 
|  29|0x0000000704a00000, 0x0000000704a00000, 0x0000000704c00000|  0%| F|  |TAMS 0x0000000704a00000, 0x0000000704a00000| Untracked 
|  30|0x0000000704c00000, 0x0000000704c00000, 0x0000000704e00000|  0%| F|  |TAMS 0x0000000704c00000, 0x0000000704c00000| Untracked 
|  31|0x0000000704e00000, 0x0000000704e00000, 0x0000000705000000|  0%| F|  |TAMS 0x0000000704e00000, 0x0000000704e00000| Untracked 
|  32|0x0000000705000000, 0x0000000705000000, 0x0000000705200000|  0%| F|  |TAMS 0x0000000705000000, 0x0000000705000000| Untracked 
|  33|0x0000000705200000, 0x0000000705200000, 0x0000000705400000|  0%| F|  |TAMS 0x0000000705200000, 0x0000000705200000| Untracked 
|  34|0x0000000705400000, 0x0000000705400000, 0x0000000705600000|  0%| F|  |TAMS 0x0000000705400000, 0x0000000705400000| Untracked 
|  35|0x0000000705600000, 0x0000000705600000, 0x0000000705800000|  0%| F|  |TAMS 0x0000000705600000, 0x0000000705600000| Untracked 
|  36|0x0000000705800000, 0x0000000705800000, 0x0000000705a00000|  0%| F|  |TAMS 0x0000000705800000, 0x0000000705800000| Untracked 
|  37|0x0000000705a00000, 0x0000000705a00000, 0x0000000705c00000|  0%| F|  |TAMS 0x0000000705a00000, 0x0000000705a00000| Untracked 
|  38|0x0000000705c00000, 0x0000000705c00000, 0x0000000705e00000|  0%| F|  |TAMS 0x0000000705c00000, 0x0000000705c00000| Untracked 
|  39|0x0000000705e00000, 0x0000000705e00000, 0x0000000706000000|  0%| F|  |TAMS 0x0000000705e00000, 0x0000000705e00000| Untracked 
|  40|0x0000000706000000, 0x0000000706000000, 0x0000000706200000|  0%| F|  |TAMS 0x0000000706000000, 0x0000000706000000| Untracked 
|  41|0x0000000706200000, 0x0000000706200000, 0x0000000706400000|  0%| F|  |TAMS 0x0000000706200000, 0x0000000706200000| Untracked 
|  42|0x0000000706400000, 0x0000000706400000, 0x0000000706600000|  0%| F|  |TAMS 0x0000000706400000, 0x0000000706400000| Untracked 
|  43|0x0000000706600000, 0x0000000706600000, 0x0000000706800000|  0%| F|  |TAMS 0x0000000706600000, 0x0000000706600000| Untracked 
|  44|0x0000000706800000, 0x0000000706800000, 0x0000000706a00000|  0%| F|  |TAMS 0x0000000706800000, 0x0000000706800000| Untracked 
|  45|0x0000000706a00000, 0x0000000706a00000, 0x0000000706c00000|  0%| F|  |TAMS 0x0000000706a00000, 0x0000000706a00000| Untracked 
|  46|0x0000000706c00000, 0x0000000706c00000, 0x0000000706e00000|  0%| F|  |TAMS 0x0000000706c00000, 0x0000000706c00000| Untracked 
|  47|0x0000000706e00000, 0x0000000706e00000, 0x0000000707000000|  0%| F|  |TAMS 0x0000000706e00000, 0x0000000706e00000| Untracked 
|  48|0x0000000707000000, 0x0000000707000000, 0x0000000707200000|  0%| F|  |TAMS 0x0000000707000000, 0x0000000707000000| Untracked 
|  49|0x0000000707200000, 0x0000000707200000, 0x0000000707400000|  0%| F|  |TAMS 0x0000000707200000, 0x0000000707200000| Untracked 
|  50|0x0000000707400000, 0x0000000707400000, 0x0000000707600000|  0%| F|  |TAMS 0x0000000707400000, 0x0000000707400000| Untracked 
|  51|0x0000000707600000, 0x0000000707600000, 0x0000000707800000|  0%| F|  |TAMS 0x0000000707600000, 0x0000000707600000| Untracked 
|  52|0x0000000707800000, 0x0000000707800000, 0x0000000707a00000|  0%| F|  |TAMS 0x0000000707800000, 0x0000000707800000| Untracked 
|  53|0x0000000707a00000, 0x0000000707a00000, 0x0000000707c00000|  0%| F|  |TAMS 0x0000000707a00000, 0x0000000707a00000| Untracked 
|  54|0x0000000707c00000, 0x0000000707c00000, 0x0000000707e00000|  0%| F|  |TAMS 0x0000000707c00000, 0x0000000707c00000| Untracked 
|  55|0x0000000707e00000, 0x0000000707e00000, 0x0000000708000000|  0%| F|  |TAMS 0x0000000707e00000, 0x0000000707e00000| Untracked 
|  56|0x0000000708000000, 0x0000000708000000, 0x0000000708200000|  0%| F|  |TAMS 0x0000000708000000, 0x0000000708000000| Untracked 
|  57|0x0000000708200000, 0x0000000708200000, 0x0000000708400000|  0%| F|  |TAMS 0x0000000708200000, 0x0000000708200000| Untracked 
|  58|0x0000000708400000, 0x0000000708400000, 0x0000000708600000|  0%| F|  |TAMS 0x0000000708400000, 0x0000000708400000| Untracked 
|  59|0x0000000708600000, 0x0000000708600000, 0x0000000708800000|  0%| F|  |TAMS 0x0000000708600000, 0x0000000708600000| Untracked 
|  60|0x0000000708800000, 0x0000000708800000, 0x0000000708a00000|  0%| F|  |TAMS 0x0000000708800000, 0x0000000708800000| Untracked 
|  61|0x0000000708a00000, 0x0000000708a00000, 0x0000000708c00000|  0%| F|  |TAMS 0x0000000708a00000, 0x0000000708a00000| Untracked 
|  62|0x0000000708c00000, 0x0000000708c00000, 0x0000000708e00000|  0%| F|  |TAMS 0x0000000708c00000, 0x0000000708c00000| Untracked 
|  63|0x0000000708e00000, 0x0000000708e00000, 0x0000000709000000|  0%| F|  |TAMS 0x0000000708e00000, 0x0000000708e00000| Untracked 
|  64|0x0000000709000000, 0x0000000709000000, 0x0000000709200000|  0%| F|  |TAMS 0x0000000709000000, 0x0000000709000000| Untracked 
|  65|0x0000000709200000, 0x0000000709200000, 0x0000000709400000|  0%| F|  |TAMS 0x0000000709200000, 0x0000000709200000| Untracked 
|  66|0x0000000709400000, 0x0000000709400000, 0x0000000709600000|  0%| F|  |TAMS 0x0000000709400000, 0x0000000709400000| Untracked 
|  67|0x0000000709600000, 0x0000000709600000, 0x0000000709800000|  0%| F|  |TAMS 0x0000000709600000, 0x0000000709600000| Untracked 
|  68|0x0000000709800000, 0x0000000709800000, 0x0000000709a00000|  0%| F|  |TAMS 0x0000000709800000, 0x0000000709800000| Untracked 
|  69|0x0000000709a00000, 0x0000000709a00000, 0x0000000709c00000|  0%| F|  |TAMS 0x0000000709a00000, 0x0000000709a00000| Untracked 
|  70|0x0000000709c00000, 0x0000000709c00000, 0x0000000709e00000|  0%| F|  |TAMS 0x0000000709c00000, 0x0000000709c00000| Untracked 
|  71|0x0000000709e00000, 0x0000000709e00000, 0x000000070a000000|  0%| F|  |TAMS 0x0000000709e00000, 0x0000000709e00000| Untracked 
|  72|0x000000070a000000, 0x000000070a000000, 0x000000070a200000|  0%| F|  |TAMS 0x000000070a000000, 0x000000070a000000| Untracked 
|  73|0x000000070a200000, 0x000000070a200000, 0x000000070a400000|  0%| F|  |TAMS 0x000000070a200000, 0x000000070a200000| Untracked 
|  74|0x000000070a400000, 0x000000070a400000, 0x000000070a600000|  0%| F|  |TAMS 0x000000070a400000, 0x000000070a400000| Untracked 
|  75|0x000000070a600000, 0x000000070a600000, 0x000000070a800000|  0%| F|  |TAMS 0x000000070a600000, 0x000000070a600000| Untracked 
|  76|0x000000070a800000, 0x000000070a800000, 0x000000070aa00000|  0%| F|  |TAMS 0x000000070a800000, 0x000000070a800000| Untracked 
|  77|0x000000070aa00000, 0x000000070aa00000, 0x000000070ac00000|  0%| F|  |TAMS 0x000000070aa00000, 0x000000070aa00000| Untracked 
|  78|0x000000070ac00000, 0x000000070ac00000, 0x000000070ae00000|  0%| F|  |TAMS 0x000000070ac00000, 0x000000070ac00000| Untracked 
|  79|0x000000070ae00000, 0x000000070ae00000, 0x000000070b000000|  0%| F|  |TAMS 0x000000070ae00000, 0x000000070ae00000| Untracked 
|  80|0x000000070b000000, 0x000000070b000000, 0x000000070b200000|  0%| F|  |TAMS 0x000000070b000000, 0x000000070b000000| Untracked 
|  81|0x000000070b200000, 0x000000070b200000, 0x000000070b400000|  0%| F|  |TAMS 0x000000070b200000, 0x000000070b200000| Untracked 
|  82|0x000000070b400000, 0x000000070b400000, 0x000000070b600000|  0%| F|  |TAMS 0x000000070b400000, 0x000000070b400000| Untracked 
|  83|0x000000070b600000, 0x000000070b600000, 0x000000070b800000|  0%| F|  |TAMS 0x000000070b600000, 0x000000070b600000| Untracked 
|  84|0x000000070b800000, 0x000000070b800000, 0x000000070ba00000|  0%| F|  |TAMS 0x000000070b800000, 0x000000070b800000| Untracked 
|  85|0x000000070ba00000, 0x000000070ba00000, 0x000000070bc00000|  0%| F|  |TAMS 0x000000070ba00000, 0x000000070ba00000| Untracked 
|  86|0x000000070bc00000, 0x000000070bc00000, 0x000000070be00000|  0%| F|  |TAMS 0x000000070bc00000, 0x000000070bc00000| Untracked 
|  87|0x000000070be00000, 0x000000070be00000, 0x000000070c000000|  0%| F|  |TAMS 0x000000070be00000, 0x000000070be00000| Untracked 
|  88|0x000000070c000000, 0x000000070c000000, 0x000000070c200000|  0%| F|  |TAMS 0x000000070c000000, 0x000000070c000000| Untracked 
|  89|0x000000070c200000, 0x000000070c200000, 0x000000070c400000|  0%| F|  |TAMS 0x000000070c200000, 0x000000070c200000| Untracked 
|  90|0x000000070c400000, 0x000000070c400000, 0x000000070c600000|  0%| F|  |TAMS 0x000000070c400000, 0x000000070c400000| Untracked 
|  91|0x000000070c600000, 0x000000070c600000, 0x000000070c800000|  0%| F|  |TAMS 0x000000070c600000, 0x000000070c600000| Untracked 
|  92|0x000000070c800000, 0x000000070c800000, 0x000000070ca00000|  0%| F|  |TAMS 0x000000070c800000, 0x000000070c800000| Untracked 
|  93|0x000000070ca00000, 0x000000070ca00000, 0x000000070cc00000|  0%| F|  |TAMS 0x000000070ca00000, 0x000000070ca00000| Untracked 
|  94|0x000000070cc00000, 0x000000070cc00000, 0x000000070ce00000|  0%| F|  |TAMS 0x000000070cc00000, 0x000000070cc00000| Untracked 
|  95|0x000000070ce00000, 0x000000070ce00000, 0x000000070d000000|  0%| F|  |TAMS 0x000000070ce00000, 0x000000070ce00000| Untracked 
|  96|0x000000070d000000, 0x000000070d000000, 0x000000070d200000|  0%| F|  |TAMS 0x000000070d000000, 0x000000070d000000| Untracked 
|  97|0x000000070d200000, 0x000000070d200000, 0x000000070d400000|  0%| F|  |TAMS 0x000000070d200000, 0x000000070d200000| Untracked 
|  98|0x000000070d400000, 0x000000070d400000, 0x000000070d600000|  0%| F|  |TAMS 0x000000070d400000, 0x000000070d400000| Untracked 
|  99|0x000000070d600000, 0x000000070d600000, 0x000000070d800000|  0%| F|  |TAMS 0x000000070d600000, 0x000000070d600000| Untracked 
| 100|0x000000070d800000, 0x000000070d800000, 0x000000070da00000|  0%| F|  |TAMS 0x000000070d800000, 0x000000070d800000| Untracked 
| 101|0x000000070da00000, 0x000000070da00000, 0x000000070dc00000|  0%| F|  |TAMS 0x000000070da00000, 0x000000070da00000| Untracked 
| 102|0x000000070dc00000, 0x000000070dc00000, 0x000000070de00000|  0%| F|  |TAMS 0x000000070dc00000, 0x000000070dc00000| Untracked 
| 103|0x000000070de00000, 0x000000070de00000, 0x000000070e000000|  0%| F|  |TAMS 0x000000070de00000, 0x000000070de00000| Untracked 
| 104|0x000000070e000000, 0x000000070e200000, 0x000000070e200000|100%| S|CS|TAMS 0x000000070e000000, 0x000000070e000000| Complete 
| 105|0x000000070e200000, 0x000000070e400000, 0x000000070e400000|100%| S|CS|TAMS 0x000000070e200000, 0x000000070e200000| Complete 
| 106|0x000000070e400000, 0x000000070e600000, 0x000000070e600000|100%| S|CS|TAMS 0x000000070e400000, 0x000000070e400000| Complete 
| 107|0x000000070e600000, 0x000000070e600000, 0x000000070e800000|  0%| F|  |TAMS 0x000000070e600000, 0x000000070e600000| Untracked 
| 108|0x000000070e800000, 0x000000070e800000, 0x000000070ea00000|  0%| F|  |TAMS 0x000000070e800000, 0x000000070e800000| Untracked 
| 109|0x000000070ea00000, 0x000000070ea00000, 0x000000070ec00000|  0%| F|  |TAMS 0x000000070ea00000, 0x000000070ea00000| Untracked 
| 110|0x000000070ec00000, 0x000000070ec00000, 0x000000070ee00000|  0%| F|  |TAMS 0x000000070ec00000, 0x000000070ec00000| Untracked 
| 111|0x000000070ee00000, 0x000000070ee00000, 0x000000070f000000|  0%| F|  |TAMS 0x000000070ee00000, 0x000000070ee00000| Untracked 
| 112|0x000000070f000000, 0x000000070f000000, 0x000000070f200000|  0%| F|  |TAMS 0x000000070f000000, 0x000000070f000000| Untracked 
| 113|0x000000070f200000, 0x000000070f200000, 0x000000070f400000|  0%| F|  |TAMS 0x000000070f200000, 0x000000070f200000| Untracked 
| 114|0x000000070f400000, 0x000000070f400000, 0x000000070f600000|  0%| F|  |TAMS 0x000000070f400000, 0x000000070f400000| Untracked 
| 115|0x000000070f600000, 0x000000070f600000, 0x000000070f800000|  0%| F|  |TAMS 0x000000070f600000, 0x000000070f600000| Untracked 
| 116|0x000000070f800000, 0x000000070f800000, 0x000000070fa00000|  0%| F|  |TAMS 0x000000070f800000, 0x000000070f800000| Untracked 
| 117|0x000000070fa00000, 0x000000070fa00000, 0x000000070fc00000|  0%| F|  |TAMS 0x000000070fa00000, 0x000000070fa00000| Untracked 
| 118|0x000000070fc00000, 0x000000070fc00000, 0x000000070fe00000|  0%| F|  |TAMS 0x000000070fc00000, 0x000000070fc00000| Untracked 
| 119|0x000000070fe00000, 0x000000070fe00000, 0x0000000710000000|  0%| F|  |TAMS 0x000000070fe00000, 0x000000070fe00000| Untracked 
| 120|0x0000000710000000, 0x0000000710000000, 0x0000000710200000|  0%| F|  |TAMS 0x0000000710000000, 0x0000000710000000| Untracked 
| 121|0x0000000710200000, 0x0000000710200000, 0x0000000710400000|  0%| F|  |TAMS 0x0000000710200000, 0x0000000710200000| Untracked 
| 122|0x0000000710400000, 0x0000000710400000, 0x0000000710600000|  0%| F|  |TAMS 0x0000000710400000, 0x0000000710400000| Untracked 
| 123|0x0000000710600000, 0x0000000710600000, 0x0000000710800000|  0%| F|  |TAMS 0x0000000710600000, 0x0000000710600000| Untracked 
| 124|0x0000000710800000, 0x0000000710800000, 0x0000000710a00000|  0%| F|  |TAMS 0x0000000710800000, 0x0000000710800000| Untracked 
| 125|0x0000000710a00000, 0x0000000710a00000, 0x0000000710c00000|  0%| F|  |TAMS 0x0000000710a00000, 0x0000000710a00000| Untracked 
| 126|0x0000000710c00000, 0x0000000710e00000, 0x0000000710e00000|100%| E|  |TAMS 0x0000000710c00000, 0x0000000710c00000| Complete 
| 127|0x0000000710e00000, 0x0000000711000000, 0x0000000711000000|100%| E|CS|TAMS 0x0000000710e00000, 0x0000000710e00000| Complete 

Card table byte_map: [0x000001f62d4d0000,0x000001f62dcd0000] _byte_map_base: 0x000001f629cc8000

Marking Bits (Prev, Next): (CMBitMap*) 0x000001f615d33650, (CMBitMap*) 0x000001f615d33690
 Prev Bits: [0x000001f62e4d0000, 0x000001f632490000)
 Next Bits: [0x000001f632490000, 0x000001f636450000)

Polling page: 0x000001f613e70000

Metaspace:

Usage:
  Non-class:     12.51 MB used.
      Class:      2.04 MB used.
       Both:     14.55 MB used.

Virtual space:
  Non-class space:       16.00 MB reserved,      12.62 MB ( 79%) committed,  2 nodes.
      Class space:        1.00 GB reserved,       2.12 MB ( <1%) committed,  1 nodes.
              Both:        1.02 GB reserved,      14.75 MB (  1%) committed. 

Chunk freelists:
   Non-Class:  3.33 MB
       Class:  1.82 MB
        Both:  5.15 MB

MaxMetaspaceSize: 17179869184.00 GB
CompressedClassSpaceSize: 1.00 GB
 - commit_granule_bytes: 65536.
 - commit_granule_words: 8192.
 - virtual_space_node_default_size: 1048576.
 - enlarge_chunks_in_place: 1.
 - new_chunks_are_fully_committed: 0.
 - uncommit_free_chunks: 1.
 - use_allocation_guard: 0.
 - handle_deallocations: 1.


Internal statistics:

num_allocs_failed_limit: 0.
num_arena_births: 200.
num_arena_deaths: 0.
num_vsnodes_births: 3.
num_vsnodes_deaths: 0.
num_space_committed: 236.
num_space_uncommitted: 0.
num_chunks_returned_to_freelist: 0.
num_chunks_taken_from_freelist: 665.
num_chunk_merges: 0.
num_chunk_splits: 450.
num_chunks_enlarged: 344.
num_purges: 0.

CodeHeap 'non-profiled nmethods': size=119168Kb used=896Kb max_used=896Kb free=118271Kb
 bounds [0x000001f624ff0000, 0x000001f625260000, 0x000001f62c450000]
CodeHeap 'profiled nmethods': size=119104Kb used=4206Kb max_used=4206Kb free=114898Kb
 bounds [0x000001f61dba0000, 0x000001f61dfc0000, 0x000001f624ff0000]
CodeHeap 'non-nmethods': size=7488Kb used=1439Kb max_used=3204Kb free=6048Kb
 bounds [0x000001f61d450000, 0x000001f61d780000, 0x000001f61dba0000]
 total_blobs=3152 nmethods=2356 adapters=708
 compilation: enabled
              stopped_count=0, restarted_count=0
 full_count=0

Compilation events (20 events):
Event: 6.831 Thread 0x000001f639429dc0 2351       3       javafx.scene.Parent::pickChildrenNode (53 bytes)
Event: 6.831 Thread 0x000001f639429dc0 nmethod 2351 0x000001f61dfb8710 code [0x000001f61dfb8900, 0x000001f61dfb8e78]
Event: 6.833 Thread 0x000001f639429dc0 2352       3       com.sun.javafx.collections.VetoableListDecorator$VetoableIteratorDecorator::next (31 bytes)
Event: 6.833 Thread 0x000001f639420750 2353       4       javafx.scene.Node::getScene (11 bytes)
Event: 6.833 Thread 0x000001f639429dc0 nmethod 2352 0x000001f61dfb9090 code [0x000001f61dfb9260, 0x000001f61dfb9698]
Event: 6.833 Thread 0x000001f639420750 nmethod 2353 0x000001f6250d0010 code [0x000001f6250d01a0, 0x000001f6250d02b8]
Event: 6.847 Thread 0x000001f639429dc0 2354       3       com.sun.javafx.tk.Toolkit::isFxUserThread (15 bytes)
Event: 6.847 Thread 0x000001f639429dc0 nmethod 2354 0x000001f61dfb9890 code [0x000001f61dfb9a40, 0x000001f61dfb9bd8]
Event: 6.855 Thread 0x000001f639429dc0 2355       3       javafx.scene.input.MouseEvent::copyFor (7 bytes)
Event: 6.855 Thread 0x000001f639429dc0 nmethod 2355 0x000001f61dfb9c90 code [0x000001f61dfb9e40, 0x000001f61dfba008]
Event: 6.857 Thread 0x000001f639429dc0 2357       3       com.sun.javafx.event.EventHandlerManager::dispatchBubblingEvent (23 bytes)
Event: 6.857 Thread 0x000001f639429dc0 nmethod 2357 0x000001f61dfba090 code [0x000001f61dfba260, 0x000001f61dfba578]
Event: 6.857 Thread 0x000001f639429dc0 2356       3       com.sun.javafx.event.CompositeEventDispatcher::dispatchBubblingEvent (35 bytes)
Event: 6.857 Thread 0x000001f639429dc0 nmethod 2356 0x000001f61dfba710 code [0x000001f61dfba8e0, 0x000001f61dfbad58]
Event: 6.873 Thread 0x000001f639429dc0 2358       3       com.sun.javafx.event.EventDispatchChainImpl::insertFirst (42 bytes)
Event: 6.873 Thread 0x000001f639429dc0 nmethod 2358 0x000001f61dfbae90 code [0x000001f61dfbb040, 0x000001f61dfbb338]
Event: 6.883 Thread 0x000001f639429dc0 2359       3       java.util.ArrayDeque::isEmpty (17 bytes)
Event: 6.883 Thread 0x000001f639429dc0 nmethod 2359 0x000001f61dfbb490 code [0x000001f61dfbb620, 0x000001f61dfbb798]
Event: 7.844 Thread 0x000001f639420750 2360       4       java.util.concurrent.ConcurrentHashMap::addCount (280 bytes)
Event: 7.844 Thread 0x000001f639429dc0 2361   !   3       java.util.concurrent.ConcurrentHashMap::replaceNode (437 bytes)

GC Heap History (4 events):
Event: 0.413 GC heap before
{Heap before GC invocations=0 (full 0):
 garbage-first heap   total 262144K, used 20480K [0x0000000701000000, 0x0000000800000000)
  region size 2048K, 11 young (22528K), 0 survivors (0K)
 Metaspace       used 4960K, committed 5120K, reserved 1056768K
  class space    used 569K, committed 640K, reserved 1048576K
}
Event: 0.415 GC heap after
{Heap after GC invocations=1 (full 0):
 garbage-first heap   total 262144K, used 2553K [0x0000000701000000, 0x0000000800000000)
  region size 2048K, 2 young (4096K), 2 survivors (4096K)
 Metaspace       used 4960K, committed 5120K, reserved 1056768K
  class space    used 569K, committed 640K, reserved 1048576K
}
Event: 2.631 GC heap before
{Heap before GC invocations=1 (full 0):
 garbage-first heap   total 262144K, used 43513K [0x0000000701000000, 0x0000000800000000)
  region size 2048K, 21 young (43008K), 2 survivors (4096K)
 Metaspace       used 14832K, committed 15040K, reserved 1064960K
  class space    used 2086K, committed 2176K, reserved 1048576K
}
Event: 2.635 GC heap after
{Heap after GC invocations=2 (full 0):
 garbage-first heap   total 262144K, used 9480K [0x0000000701000000, 0x0000000800000000)
  region size 2048K, 3 young (6144K), 3 survivors (6144K)
 Metaspace       used 14832K, committed 15040K, reserved 1064960K
  class space    used 2086K, committed 2176K, reserved 1048576K
}

Deoptimization events (20 events):
Event: 0.695 Thread 0x000001f63ab5a630 Uncommon trap: trap_request=0xffffffde fr.pc=0x000001f62507a330 relative=0x0000000000000110
Event: 0.695 Thread 0x000001f63ab5a630 Uncommon trap: reason=class_check action=maybe_recompile pc=0x000001f62507a330 method=jdk.internal.misc.Unsafe.allocateUninitializedArray(Ljava/lang/Class;I)Ljava/lang/Object; @ 51 c2
Event: 0.695 Thread 0x000001f63ab5a630 DEOPT PACKING pc=0x000001f62507a330 sp=0x000000b613bfb250
Event: 0.695 Thread 0x000001f63ab5a630 DEOPT UNPACKING pc=0x000001f61d49d72e sp=0x000000b613bfb1d8 mode 2
Event: 0.695 Thread 0x000001f63ab5a630 Uncommon trap: trap_request=0xffffffde fr.pc=0x000001f62507a330 relative=0x0000000000000110
Event: 0.695 Thread 0x000001f63ab5a630 Uncommon trap: reason=class_check action=maybe_recompile pc=0x000001f62507a330 method=jdk.internal.misc.Unsafe.allocateUninitializedArray(Ljava/lang/Class;I)Ljava/lang/Object; @ 51 c2
Event: 0.695 Thread 0x000001f63ab5a630 DEOPT PACKING pc=0x000001f62507a330 sp=0x000000b613bfb920
Event: 0.695 Thread 0x000001f63ab5a630 DEOPT UNPACKING pc=0x000001f61d49d72e sp=0x000000b613bfb8a8 mode 2
Event: 0.695 Thread 0x000001f63ab5a630 Uncommon trap: trap_request=0xffffffde fr.pc=0x000001f62507a330 relative=0x0000000000000110
Event: 0.695 Thread 0x000001f63ab5a630 Uncommon trap: reason=class_check action=maybe_recompile pc=0x000001f62507a330 method=jdk.internal.misc.Unsafe.allocateUninitializedArray(Ljava/lang/Class;I)Ljava/lang/Object; @ 51 c2
Event: 0.695 Thread 0x000001f63ab5a630 DEOPT PACKING pc=0x000001f62507a330 sp=0x000000b613bfb920
Event: 0.695 Thread 0x000001f63ab5a630 DEOPT UNPACKING pc=0x000001f61d49d72e sp=0x000000b613bfb8a8 mode 2
Event: 0.714 Thread 0x000001f63ab5a630 Uncommon trap: trap_request=0xffffff45 fr.pc=0x000001f62505a550 relative=0x00000000000001b0
Event: 0.714 Thread 0x000001f63ab5a630 Uncommon trap: reason=unstable_if action=reinterpret pc=0x000001f62505a550 method=java.io.ByteArrayInputStream.read()I @ 8 c2
Event: 0.714 Thread 0x000001f63ab5a630 DEOPT PACKING pc=0x000001f62505a550 sp=0x000000b613bfc610
Event: 0.714 Thread 0x000001f63ab5a630 DEOPT UNPACKING pc=0x000001f61d49d72e sp=0x000000b613bfc5c8 mode 2
Event: 1.083 Thread 0x000001f63940fb40 Uncommon trap: trap_request=0xffffff45 fr.pc=0x000001f62504c31c relative=0x0000000000000f7c
Event: 1.083 Thread 0x000001f63940fb40 Uncommon trap: reason=unstable_if action=reinterpret pc=0x000001f62504c31c method=java.util.concurrent.ConcurrentHashMap.putVal(Ljava/lang/Object;Ljava/lang/Object;Z)Ljava/lang/Object; @ 148 c2
Event: 1.083 Thread 0x000001f63940fb40 DEOPT PACKING pc=0x000001f62504c31c sp=0x000000b6127fdfa0
Event: 1.083 Thread 0x000001f63940fb40 DEOPT UNPACKING pc=0x000001f61d49d72e sp=0x000000b6127fdf20 mode 2

Classes unloaded (0 events):
No events

Classes redefined (0 events):
No events

Internal exceptions (20 events):
Event: 0.472 Thread 0x000001f63ab5a630 Exception <a 'java/lang/ClassNotFoundException'{0x00000007108c8200}: sun/util/logging/resources/spi/loggingProvider> (0x00000007108c8200) 
thrown [t:\workspace\open\src\hotspot\share\classfile\systemDictionary.cpp, line 256]
Event: 0.536 Thread 0x000001f63ab5a630 Exception <a 'java/lang/NoSuchMethodError'{0x000000071005c7c8}: 'void java.lang.invoke.DirectMethodHandle$Holder.invokeStaticInit(java.lang.Object, java.lang.Object)'> (0x000000071005c7c8) 
thrown [t:\workspace\open\src\hotspot\share\interpreter\linkResolver.cpp, line 790]
Event: 0.571 Thread 0x000001f63ab5a630 Implicit null exception at 0x000001f62505eead to 0x000001f62505f6a8
Event: 0.572 Thread 0x000001f63ab5a630 Implicit null exception at 0x000001f62506044f to 0x000001f625060b0c
Event: 0.573 Thread 0x000001f63ab5a630 Implicit null exception at 0x000001f62500c82f to 0x000001f62500ca5c
Event: 0.638 Thread 0x000001f63ab5a630 Exception <a 'java/lang/ClassNotFoundException'{0x000000070f54a758}: com/sun/javafx/scene/control/skin/resources/controls> (0x000000070f54a758) 
thrown [t:\workspace\open\src\hotspot\share\prims\jni.cpp, line 600]
Event: 0.638 Thread 0x000001f63ab5a630 Exception <a 'java/lang/ClassNotFoundException'{0x000000070f558770}: com/sun/javafx/scene/control/skin/resources/controls_en> (0x000000070f558770) 
thrown [t:\workspace\open\src\hotspot\share\prims\jni.cpp, line 600]
Event: 0.639 Thread 0x000001f63ab5a630 Exception <a 'java/lang/ClassNotFoundException'{0x000000070f559708}: com/sun/javafx/scene/control/skin/resources/controls_en_US> (0x000000070f559708) 
thrown [t:\workspace\open\src\hotspot\share\prims\jni.cpp, line 600]
Event: 0.662 Thread 0x000001f63ab5a630 Exception <a 'java/lang/NoSuchMethodError'{0x000000070f31fef8}: 'void java.lang.invoke.DirectMethodHandle$Holder.invokeSpecial(java.lang.Object, java.lang.Object, java.lang.Object, java.lang.Object, java.lang.Object, java.lang.Object)'> (0x000000070f31fef8) 
thrown [t:\workspace\open\src\hotspot\share\interpreter\linkResolver.cpp, line 790]
Event: 0.688 Thread 0x000001f63ab5a630 Exception <a 'java/lang/NoSuchMethodError'{0x000000070ee75fe0}: 'java.lang.Object java.lang.invoke.DirectMethodHandle$Holder.invokeInterface(java.lang.Object, java.lang.Object, java.lang.Object)'> (0x000000070ee75fe0) 
thrown [t:\workspace\open\src\hotspot\share\interpreter\linkResolver.cpp, line 790]
Event: 0.688 Thread 0x000001f63ab5a630 Exception <a 'java/lang/IncompatibleClassChangeError'{0x000000070ee79b60}: Found class java.lang.Object, but interface was expected> (0x000000070ee79b60) 
thrown [t:\workspace\open\src\hotspot\share\interpreter\linkResolver.cpp, line 857]
Event: 0.720 Thread 0x000001f63ab5a630 Exception <a 'java/lang/NoSuchMethodError'{0x000000070ec3e910}: 'java.lang.Object java.lang.invoke.DirectMethodHandle$Holder.newInvokeSpecial(java.lang.Object, java.lang.Object, int)'> (0x000000070ec3e910) 
thrown [t:\workspace\open\src\hotspot\share\interpreter\linkResolver.cpp, line 790]
Event: 0.730 Thread 0x000001f63ad526d0 Exception <a 'java/lang/NoSuchMethodError'{0x000000070ed518d8}: 'int java.lang.invoke.DirectMethodHandle$Holder.invokeStaticInit(java.lang.Object, java.lang.Object)'> (0x000000070ed518d8) 
thrown [t:\workspace\open\src\hotspot\share\interpreter\linkResolver.cpp, line 790]
Event: 0.739 Thread 0x000001f63ab5a630 Exception <a 'java/lang/NoSuchMethodError'{0x000000070edbfaf0}: 'long java.lang.invoke.DirectMethodHandle$Holder.invokeStatic(java.lang.Object, java.lang.Object, java.lang.Object)'> (0x000000070edbfaf0) 
thrown [t:\workspace\open\src\hotspot\share\interpreter\linkResolver.cpp, line 790]
Event: 0.739 Thread 0x000001f63ab5a630 Exception <a 'java/lang/NoSuchMethodError'{0x000000070edc34a0}: 'long java.lang.invoke.DirectMethodHandle$Holder.invokeStaticInit(java.lang.Object, java.lang.Object, java.lang.Object)'> (0x000000070edc34a0) 
thrown [t:\workspace\open\src\hotspot\share\interpreter\linkResolver.cpp, line 790]
Event: 0.741 Thread 0x000001f63ab5a630 Exception <a 'java/lang/NoSuchMethodError'{0x000000070eddb3c0}: 'java.lang.Object java.lang.invoke.DirectMethodHandle$Holder.newInvokeSpecial(java.lang.Object, java.lang.Object, long)'> (0x000000070eddb3c0) 
thrown [t:\workspace\open\src\hotspot\share\interpreter\linkResolver.cpp, line 790]
Event: 0.741 Thread 0x000001f63ab5a630 Exception <a 'java/lang/NoSuchMethodError'{0x000000070eddf130}: 'java.lang.Object java.lang.invoke.Invokers$Holder.linkToTargetMethod(java.lang.Object, long, java.lang.Object)'> (0x000000070eddf130) 
thrown [t:\workspace\open\src\hotspot\share\interpreter\linkResolver.cpp, line 790]
Event: 1.981 Thread 0x000001f63ab5a630 Exception <a 'java/lang/NoSuchMethodError'{0x000000070e673368}: 'java.lang.Object java.lang.invoke.DirectMethodHandle$Holder.newInvokeSpecial(java.lang.Object, java.lang.Object, int, int, int, int, int, java.lang.Object)'> (0x000000070e673368) 
thrown [t:\workspace\open\src\hotspot\share\interpreter\linkResolver.cpp, line 790]
Event: 1.982 Thread 0x000001f63ab5a630 Exception <a 'java/lang/NoSuchMethodError'{0x000000070e686d28}: 'java.lang.Object java.lang.invoke.DirectMethodHandle$Holder.newInvokeSpecial(java.lang.Object, java.lang.Object, java.lang.Object, int, int, int, int, int)'> (0x000000070e686d28) 
thrown [t:\workspace\open\src\hotspot\share\interpreter\linkResolver.cpp, line 790]
Event: 1.983 Thread 0x000001f63ab5a630 Exception <a 'java/lang/NoSuchMethodError'{0x000000070e68e898}: 'java.lang.Object java.lang.invoke.Invokers$Holder.linkToTargetMethod(java.lang.Object, java.lang.Object, int, int, int, int, int, java.lang.Object)'> (0x000000070e68e898) 
thrown [t:\workspace\open\src\hotspot\share\interpreter\linkResolver.cpp, line 790]

Events (20 events):
Event: 2.630 Executing  VM operation: ICBufferFull done
Event: 2.631 Executing  VM operation: G1CollectForAllocation
Event: 2.635 Executing  VM operation: G1CollectForAllocation done
Event: 3.267 Thread 0x000001f63a1b7ee0 Thread exited: 0x000001f63a1b7ee0
Event: 4.322 Thread 0x000001f63a1b74b0 Thread exited: 0x000001f63a1b74b0
Event: 4.322 Thread 0x000001f63a107000 Thread exited: 0x000001f63a107000
Event: 4.636 Executing  VM operation: Cleanup
Event: 4.636 Executing  VM operation: Cleanup done
Event: 6.636 Executing  VM operation: Cleanup
Event: 6.636 Executing  VM operation: Cleanup done
Event: 7.637 Executing  VM operation: Cleanup
Event: 7.637 Executing  VM operation: Cleanup done
Event: 7.843 loading class jdk/internal/misc/Signal$1
Event: 7.843 loading class jdk/internal/misc/Signal$1 done
Event: 7.843 Thread 0x000001f63b285ce0 Thread added: 0x000001f63b285ce0
Event: 7.843 Thread 0x000001f63b283d00 Thread added: 0x000001f63b283d00
Event: 7.843 Thread 0x000001f63b283260 Thread added: 0x000001f63b283260
Event: 7.844 Thread 0x000001f63b283260 Thread exited: 0x000001f63b283260
Event: 7.844 Thread 0x000001f63b283d00 Thread exited: 0x000001f63b283d00
Event: 7.844 Executing  VM operation: Exit


Dynamic libraries:
0x00007ff7fa6c0000 - 0x00007ff7fa6ce000 	C:\Users\kiril\.jdks\openjdk-16.0.1\bin\java.exe
0x00007ff997670000 - 0x00007ff997865000 	C:\WINDOWS\SYSTEM32\ntdll.dll
0x00007ff996ff0000 - 0x00007ff9970ae000 	C:\WINDOWS\System32\KERNEL32.DLL
0x00007ff995210000 - 0x00007ff9954d8000 	C:\WINDOWS\System32\KERNELBASE.dll
0x00007ff994f50000 - 0x00007ff995050000 	C:\WINDOWS\System32\ucrtbase.dll
0x00007ff975c00000 - 0x00007ff975c18000 	C:\Users\kiril\.jdks\openjdk-16.0.1\bin\jli.dll
0x00007ff976510000 - 0x00007ff976529000 	C:\Users\kiril\.jdks\openjdk-16.0.1\bin\VCRUNTIME140.dll
0x00007ff997370000 - 0x00007ff997511000 	C:\WINDOWS\System32\USER32.dll
0x00007ff983010000 - 0x00007ff9832aa000 	C:\WINDOWS\WinSxS\amd64_microsoft.windows.common-controls_6595b64144ccf1df_6.0.19041.1110_none_60b5254171f9507e\COMCTL32.dll
0x00007ff995640000 - 0x00007ff995662000 	C:\WINDOWS\System32\win32u.dll
0x00007ff996d00000 - 0x00007ff996d2b000 	C:\WINDOWS\System32\GDI32.dll
0x00007ff9965c0000 - 0x00007ff99665e000 	C:\WINDOWS\System32\msvcrt.dll
0x00007ff994d90000 - 0x00007ff994e9b000 	C:\WINDOWS\System32\gdi32full.dll
0x00007ff9955a0000 - 0x00007ff99563d000 	C:\WINDOWS\System32\msvcp_win.dll
0x00007ff997600000 - 0x00007ff997630000 	C:\WINDOWS\System32\IMM32.DLL
0x00007ff988d10000 - 0x00007ff988d1c000 	C:\Users\kiril\.jdks\openjdk-16.0.1\bin\vcruntime140_1.dll
0x00007ff95a8a0000 - 0x00007ff95a931000 	C:\Users\kiril\.jdks\openjdk-16.0.1\bin\msvcp140.dll
0x00007ff947fd0000 - 0x00007ff948b7b000 	C:\Users\kiril\.jdks\openjdk-16.0.1\bin\server\jvm.dll
0x00007ff996440000 - 0x00007ff9964ec000 	C:\WINDOWS\System32\ADVAPI32.dll
0x00007ff996dc0000 - 0x00007ff996e5b000 	C:\WINDOWS\System32\sechost.dll
0x00007ff997240000 - 0x00007ff99736a000 	C:\WINDOWS\System32\RPCRT4.dll
0x00007ff996660000 - 0x00007ff996668000 	C:\WINDOWS\System32\PSAPI.DLL
0x00007ff9735c0000 - 0x00007ff9735c9000 	C:\WINDOWS\SYSTEM32\WSOCK32.dll
0x00007ff98b580000 - 0x00007ff98b5a7000 	C:\WINDOWS\SYSTEM32\WINMM.dll
0x00007ff98e470000 - 0x00007ff98e47a000 	C:\WINDOWS\SYSTEM32\VERSION.dll
0x00007ff996e60000 - 0x00007ff996ecb000 	C:\WINDOWS\System32\WS2_32.dll
0x00007ff992cb0000 - 0x00007ff992cc2000 	C:\WINDOWS\SYSTEM32\kernel.appcore.dll
0x00007ff981300000 - 0x00007ff98130a000 	C:\Users\kiril\.jdks\openjdk-16.0.1\bin\jimage.dll
0x00007ff989a20000 - 0x00007ff989c04000 	C:\WINDOWS\SYSTEM32\DBGHELP.DLL
0x00007ff972150000 - 0x00007ff97217c000 	C:\WINDOWS\SYSTEM32\dbgcore.DLL
0x00007ff9954e0000 - 0x00007ff995563000 	C:\WINDOWS\System32\bcryptPrimitives.dll
0x00007ff9908b0000 - 0x00007ff9908be000 	C:\Users\kiril\.jdks\openjdk-16.0.1\bin\instrument.dll
0x00007ff95de30000 - 0x00007ff95de55000 	C:\Users\kiril\.jdks\openjdk-16.0.1\bin\java.dll
0x00007ff995d00000 - 0x00007ff99643f000 	C:\WINDOWS\System32\SHELL32.dll
0x00007ff992eb0000 - 0x00007ff993640000 	C:\WINDOWS\SYSTEM32\windows.storage.dll
0x00007ff9957d0000 - 0x00007ff995b25000 	C:\WINDOWS\System32\combase.dll
0x00007ff9947e0000 - 0x00007ff99480e000 	C:\WINDOWS\SYSTEM32\Wldp.dll
0x00007ff995720000 - 0x00007ff9957cd000 	C:\WINDOWS\System32\SHCORE.dll
0x00007ff9970b0000 - 0x00007ff997105000 	C:\WINDOWS\System32\shlwapi.dll
0x00007ff994cd0000 - 0x00007ff994cef000 	C:\WINDOWS\SYSTEM32\profapi.dll
0x00007ff95cc80000 - 0x00007ff95cc99000 	C:\Users\kiril\.jdks\openjdk-16.0.1\bin\net.dll
0x00007ff98c770000 - 0x00007ff98c87c000 	C:\WINDOWS\SYSTEM32\WINHTTP.dll
0x00007ff994540000 - 0x00007ff9945aa000 	C:\WINDOWS\system32\mswsock.dll
0x00007ff95c3a0000 - 0x00007ff95c3b3000 	C:\Users\kiril\.jdks\openjdk-16.0.1\bin\nio.dll
0x00007ff95c380000 - 0x00007ff95c398000 	C:\Users\kiril\.jdks\openjdk-16.0.1\bin\zip.dll
0x00007ff990890000 - 0x00007ff9908aa000 	C:\Programs\JetBrains\IntelliJ IDEA Community Edition 2021.3\bin\breakgen64.dll
0x000001f639570000 - 0x000001f639573000 	C:\Users\kiril\.openjfx\cache\16\api-ms-win-core-console-l1-1-0.dll
0x000001f639580000 - 0x000001f639583000 	C:\Users\kiril\.openjfx\cache\16\api-ms-win-core-console-l1-2-0.dll
0x000001f639590000 - 0x000001f639593000 	C:\Users\kiril\.openjfx\cache\16\api-ms-win-core-datetime-l1-1-0.dll
0x000001f6395a0000 - 0x000001f6395a3000 	C:\Users\kiril\.openjfx\cache\16\api-ms-win-core-debug-l1-1-0.dll
0x000001f6395b0000 - 0x000001f6395b3000 	C:\Users\kiril\.openjfx\cache\16\api-ms-win-core-errorhandling-l1-1-0.dll
0x000001f6395c0000 - 0x000001f6395c4000 	C:\Users\kiril\.openjfx\cache\16\api-ms-win-core-file-l1-1-0.dll
0x000001f6395d0000 - 0x000001f6395d3000 	C:\Users\kiril\.openjfx\cache\16\api-ms-win-core-file-l1-2-0.dll
0x000001f639780000 - 0x000001f639783000 	C:\Users\kiril\.openjfx\cache\16\api-ms-win-core-file-l2-1-0.dll
0x000001f639790000 - 0x000001f639793000 	C:\Users\kiril\.openjfx\cache\16\api-ms-win-core-handle-l1-1-0.dll
0x000001f6397a0000 - 0x000001f6397a3000 	C:\Users\kiril\.openjfx\cache\16\api-ms-win-core-heap-l1-1-0.dll
0x000001f6395e0000 - 0x000001f6395e3000 	C:\Users\kiril\.openjfx\cache\16\api-ms-win-core-interlocked-l1-1-0.dll
0x000001f6395f0000 - 0x000001f6395f3000 	C:\Users\kiril\.openjfx\cache\16\api-ms-win-core-libraryloader-l1-1-0.dll
0x000001f639600000 - 0x000001f639603000 	C:\Users\kiril\.openjfx\cache\16\api-ms-win-core-localization-l1-2-0.dll
0x000001f639610000 - 0x000001f639613000 	C:\Users\kiril\.openjfx\cache\16\api-ms-win-core-memory-l1-1-0.dll
0x000001f639620000 - 0x000001f639623000 	C:\Users\kiril\.openjfx\cache\16\api-ms-win-core-namedpipe-l1-1-0.dll
0x000001f639630000 - 0x000001f639633000 	C:\Users\kiril\.openjfx\cache\16\api-ms-win-core-processenvironment-l1-1-0.dll
0x000001f639640000 - 0x000001f639643000 	C:\Users\kiril\.openjfx\cache\16\api-ms-win-core-processthreads-l1-1-0.dll
0x000001f639650000 - 0x000001f639653000 	C:\Users\kiril\.openjfx\cache\16\api-ms-win-core-processthreads-l1-1-1.dll
0x000001f639660000 - 0x000001f639663000 	C:\Users\kiril\.openjfx\cache\16\api-ms-win-core-profile-l1-1-0.dll
0x000001f639670000 - 0x000001f639673000 	C:\Users\kiril\.openjfx\cache\16\api-ms-win-core-rtlsupport-l1-1-0.dll
0x000001f639680000 - 0x000001f639683000 	C:\Users\kiril\.openjfx\cache\16\api-ms-win-core-string-l1-1-0.dll
0x000001f639690000 - 0x000001f639693000 	C:\Users\kiril\.openjfx\cache\16\api-ms-win-core-synch-l1-1-0.dll
0x000001f6396a0000 - 0x000001f6396a3000 	C:\Users\kiril\.openjfx\cache\16\api-ms-win-core-synch-l1-2-0.dll
0x000001f6396b0000 - 0x000001f6396b3000 	C:\Users\kiril\.openjfx\cache\16\api-ms-win-core-sysinfo-l1-1-0.dll
0x000001f6396c0000 - 0x000001f6396c3000 	C:\Users\kiril\.openjfx\cache\16\api-ms-win-core-timezone-l1-1-0.dll
0x000001f6396d0000 - 0x000001f6396d3000 	C:\Users\kiril\.openjfx\cache\16\api-ms-win-core-util-l1-1-0.dll
0x000001f6396e0000 - 0x000001f6396e3000 	C:\Users\kiril\.openjfx\cache\16\api-ms-win-crt-conio-l1-1-0.dll
0x000001f6396f0000 - 0x000001f6396f4000 	C:\Users\kiril\.openjfx\cache\16\api-ms-win-crt-convert-l1-1-0.dll
0x000001f639700000 - 0x000001f639703000 	C:\Users\kiril\.openjfx\cache\16\api-ms-win-crt-environment-l1-1-0.dll
0x000001f639710000 - 0x000001f639713000 	C:\Users\kiril\.openjfx\cache\16\api-ms-win-crt-filesystem-l1-1-0.dll
0x000001f639720000 - 0x000001f639723000 	C:\Users\kiril\.openjfx\cache\16\api-ms-win-crt-heap-l1-1-0.dll
0x000001f639730000 - 0x000001f639733000 	C:\Users\kiril\.openjfx\cache\16\api-ms-win-crt-locale-l1-1-0.dll
0x000001f639740000 - 0x000001f639745000 	C:\Users\kiril\.openjfx\cache\16\api-ms-win-crt-math-l1-1-0.dll
0x000001f639750000 - 0x000001f639755000 	C:\Users\kiril\.openjfx\cache\16\api-ms-win-crt-multibyte-l1-1-0.dll
0x000001f639760000 - 0x000001f639770000 	C:\Users\kiril\.openjfx\cache\16\api-ms-win-crt-private-l1-1-0.dll
0x000001f639770000 - 0x000001f639773000 	C:\Users\kiril\.openjfx\cache\16\api-ms-win-crt-process-l1-1-0.dll
0x000001f6397b0000 - 0x000001f6397b4000 	C:\Users\kiril\.openjfx\cache\16\api-ms-win-crt-runtime-l1-1-0.dll
0x000001f6397c0000 - 0x000001f6397c4000 	C:\Users\kiril\.openjfx\cache\16\api-ms-win-crt-stdio-l1-1-0.dll
0x000001f6397d0000 - 0x000001f6397d4000 	C:\Users\kiril\.openjfx\cache\16\api-ms-win-crt-string-l1-1-0.dll
0x000001f6397e0000 - 0x000001f6397e3000 	C:\Users\kiril\.openjfx\cache\16\api-ms-win-crt-time-l1-1-0.dll
0x000001f6397f0000 - 0x000001f6397f3000 	C:\Users\kiril\.openjfx\cache\16\api-ms-win-crt-utility-l1-1-0.dll
0x00007ff979a60000 - 0x00007ff979b5c000 	C:\Users\kiril\.openjfx\cache\16\ucrtbase.dll
0x00007ff97c150000 - 0x00007ff97c169000 	C:\Users\kiril\.openjfx\cache\16\vcruntime140.dll
0x00007ff980380000 - 0x00007ff98038c000 	C:\Users\kiril\.openjfx\cache\16\vcruntime140_1.dll
0x00007ff97c0b0000 - 0x00007ff97c141000 	C:\Users\kiril\.openjfx\cache\16\msvcp140.dll
0x00007ff97bee0000 - 0x00007ff97bf07000 	C:\Users\kiril\.openjfx\cache\16\prism_d3d.dll
0x00007ff988a30000 - 0x00007ff988bfe000 	C:\WINDOWS\system32\d3d9.dll
0x00007ff9929c0000 - 0x00007ff9929ef000 	C:\WINDOWS\SYSTEM32\dwmapi.dll
0x00007ff9927d0000 - 0x00007ff99286e000 	C:\WINDOWS\system32\uxtheme.dll
0x00007ff98c1d0000 - 0x00007ff98c2d6000 	C:\WINDOWS\System32\DriverStore\FileRepository\nv_dispi.inf_amd64_44dc4eefedc0d082\nvldumdx.dll
0x00007ff994970000 - 0x00007ff994982000 	C:\WINDOWS\SYSTEM32\msasn1.dll
0x00007ff98e050000 - 0x00007ff98e081000 	C:\WINDOWS\SYSTEM32\cryptnet.dll
0x00007ff995050000 - 0x00007ff9951a6000 	C:\WINDOWS\System32\CRYPT32.dll
0x00007ff98d040000 - 0x00007ff98d18a000 	C:\WINDOWS\SYSTEM32\drvstore.dll
0x00007ff994b30000 - 0x00007ff994b64000 	C:\WINDOWS\SYSTEM32\devobj.dll
0x00007ff995670000 - 0x00007ff9956be000 	C:\WINDOWS\System32\cfgmgr32.dll
0x00007ff994750000 - 0x00007ff99475c000 	C:\WINDOWS\SYSTEM32\cryptbase.dll
0x00007ff9951b0000 - 0x00007ff995210000 	C:\WINDOWS\System32\WINTRUST.DLL
0x00007ff996ed0000 - 0x00007ff996eed000 	C:\WINDOWS\System32\imagehlp.dll
0x00007ff994730000 - 0x00007ff994748000 	C:\WINDOWS\SYSTEM32\CRYPTSP.dll
0x00007ff993e50000 - 0x00007ff993e84000 	C:\WINDOWS\system32\rsaenh.dll
0x00007ff995570000 - 0x00007ff995597000 	C:\WINDOWS\System32\bcrypt.dll
0x00007ff92c4b0000 - 0x00007ff92dc45000 	C:\WINDOWS\System32\DriverStore\FileRepository\nv_dispi.inf_amd64_44dc4eefedc0d082\nvd3dumx.dll
0x00007ff97be90000 - 0x00007ff97bed2000 	C:\Users\kiril\.openjfx\cache\16\glass.dll
0x00007ff997520000 - 0x00007ff9975fa000 	C:\WINDOWS\System32\COMDLG32.dll
0x00007ff997110000 - 0x00007ff99723a000 	C:\WINDOWS\System32\ole32.dll
0x00007ff9964f0000 - 0x00007ff9965bd000 	C:\WINDOWS\System32\OLEAUT32.dll
0x0000000180000000 - 0x00000001803cc000 	C:\Programs\RivaTuner Statistics Server\RTSSHooks64.dll
0x00007ff996820000 - 0x00007ff996c92000 	C:\WINDOWS\System32\SETUPAPI.dll
0x00007ff995b30000 - 0x00007ff995c45000 	C:\WINDOWS\System32\MSCTF.dll
0x00007ff940940000 - 0x00007ff940c03000 	C:\WINDOWS\system32\nvspcap64.dll
0x00007ff993a80000 - 0x00007ff993ab3000 	C:\WINDOWS\SYSTEM32\ntmarta.dll
0x00007ff993650000 - 0x00007ff993673000 	C:\WINDOWS\SYSTEM32\gpapi.dll
0x00007ff990190000 - 0x00007ff9901cb000 	C:\WINDOWS\SYSTEM32\dxcore.dll
0x00007ff97bf30000 - 0x00007ff97bf44000 	C:\Users\kiril\.openjfx\cache\16\javafx_font.dll
0x00007ff989790000 - 0x00007ff989a13000 	C:\WINDOWS\SYSTEM32\dwrite.dll
0x00007ff995c50000 - 0x00007ff995cf9000 	C:\WINDOWS\System32\clbcatq.dll
0x00007ff98e730000 - 0x00007ff98e8e4000 	C:\WINDOWS\SYSTEM32\WindowsCodecs.dll
0x00007ff953a70000 - 0x00007ff953aae000 	C:\WINDOWS\system32\dataexchange.dll
0x00007ff991a00000 - 0x00007ff991be5000 	C:\WINDOWS\system32\dcomp.dll
0x00007ff9911d0000 - 0x00007ff991434000 	C:\WINDOWS\system32\d3d11.dll
0x00007ff993680000 - 0x00007ff993774000 	C:\WINDOWS\system32\dxgi.dll

dbghelp: loaded successfully - version: 4.0.5 - missing functions: none
symbol engine: initialized successfully - sym options: 0x614 - pdb path: .;C:\Users\kiril\.jdks\openjdk-16.0.1\bin;C:\WINDOWS\SYSTEM32;C:\WINDOWS\WinSxS\amd64_microsoft.windows.common-controls_6595b64144ccf1df_6.0.19041.1110_none_60b5254171f9507e;C:\Users\kiril\.jdks\openjdk-16.0.1\bin\server;C:\Programs\JetBrains\IntelliJ IDEA Community Edition 2021.3\bin;C:\Users\kiril\.openjfx\cache\16;C:\WINDOWS\System32\DriverStore\FileRepository\nv_dispi.inf_amd64_44dc4eefedc0d082;C:\Programs\RivaTuner Statistics Server;C:\Program Files\Common Files\Microsoft Shared\Ink

VM Arguments:
jvm_args: -javaagent:C:\Programs\JetBrains\IntelliJ IDEA Community Edition 2021.3\lib\idea_rt.jar=50544:C:\Programs\JetBrains\IntelliJ IDEA Community Edition 2021.3\bin -Dfile.encoding=UTF-8 --module-path=C:\Users\kiril\.m2\repository\org\openjfx\javafx-graphics\16\javafx-graphics-16-win.jar;C:\Users\kiril\.m2\repository\org\openjfx\javafx-fxml\16\javafx-fxml-16-win.jar;C:\Users\kiril\.m2\repository\org\openjfx\javafx-controls\16\javafx-controls-16-win.jar;C:\Users\kiril\.m2\repository\org\openjfx\javafx-base\16\javafx-base-16-win.jar;C:\Users\kiril\Desktop\subd\target\classes -Djdk.module.main=com.example.subd 
java_command: com.example.subd/com.example.subd.MainApplication
java_class_path (initial): C:\Users\kiril\.m2\repository\org\openjfx\javafx-controls\16\javafx-controls-16.jar;C:\Users\kiril\.m2\repository\org\openjfx\javafx-graphics\16\javafx-graphics-16.jar;C:\Users\kiril\.m2\repository\org\openjfx\javafx-base\16\javafx-base-16.jar;C:\Users\kiril\.m2\repository\org\openjfx\javafx-fxml\16\javafx-fxml-16.jar
Launcher Type: SUN_STANDARD

[Global flags]
     intx CICompilerCount                          = 12                                        {product} {ergonomic}
     uint ConcGCThreads                            = 3                                         {product} {ergonomic}
     uint G1ConcRefinementThreads                  = 13                                        {product} {ergonomic}
   size_t G1HeapRegionSize                         = 2097152                                   {product} {ergonomic}
    uintx GCDrainStackTargetSize                   = 64                                        {product} {ergonomic}
   size_t InitialHeapSize                          = 268435456                                 {product} {ergonomic}
   size_t MarkStackSize                            = 4194304                                   {product} {ergonomic}
   size_t MaxHeapSize                              = 4278190080                                {product} {ergonomic}
   size_t MaxNewSize                               = 2566914048                                {product} {ergonomic}
   size_t MinHeapDeltaBytes                        = 2097152                                   {product} {ergonomic}
   size_t MinHeapSize                              = 8388608                                   {product} {ergonomic}
    uintx NonNMethodCodeHeapSize                   = 7602480                                {pd product} {ergonomic}
    uintx NonProfiledCodeHeapSize                  = 122027880                              {pd product} {ergonomic}
    uintx ProfiledCodeHeapSize                     = 122027880                              {pd product} {ergonomic}
    uintx ReservedCodeCacheSize                    = 251658240                              {pd product} {ergonomic}
     bool SegmentedCodeCache                       = true                                      {product} {ergonomic}
   size_t SoftMaxHeapSize                          = 4278190080                             {manageable} {ergonomic}
     bool UseCompressedClassPointers               = true                           {product lp64_product} {ergonomic}
     bool UseCompressedOops                        = true                           {product lp64_product} {ergonomic}
     bool UseG1GC                                  = true                                      {product} {ergonomic}
     bool UseLargePagesIndividualAllocation        = false                                  {pd product} {ergonomic}

Logging:
Log output configuration:
 #0: stdout all=off uptime,level,tags
 #1: stderr all=off uptime,level,tags

Environment Variables:
PATH=C:\Program Files (x86)\Embarcadero\Studio\20.0\bin;C:\Users\Public\Documents\Embarcadero\Studio\20.0\Bpl;C:\Program Files (x86)\Embarcadero\Studio\20.0\bin64;C:\Users\Public\Documents\Embarcadero\Studio\20.0\Bpl\Win64;C:\Program Files (x86)\Common Files\Oracle\Java\javapath;C:\ProgramData\Oracle\Java\javapath;C:\Windows\system32;C:\Windows;C:\Windows\System32\Wbem;C:\Windows\System32\WindowsPowerShell\v1.0\;C:\Windows\System32\OpenSSH\;C:\Program Files\NVIDIA Corporation\NVIDIA NvDLISR;C:\Program Files (x86)\Windows Kits\10\Windows Performance Toolkit\;C:\Program Files\Microsoft SQL Server\130\Tools\Binn\;C:\Program Files (x86)\NVIDIA Corporation\PhysX\Common;C:\Program Files\dotnet\;C:\Program Files\Microsoft SQL Server\Client SDK\ODBC\170\Tools\Binn\;C:\Program Files (x86)\Microsoft SQL Server\150\Tools\Binn\;C:\Program Files\Microsoft SQL Server\150\Tools\Binn\;C:\Program Files\Microsoft SQL Server\150\DTS\Binn\;C:\Program Files (x86)\Microsoft SQL Server\150\DTS\Binn\;C:\Program Files\Azure Data Studio\bin;C:\Program Files\Microsoft SQL Server\Client SDK\ODBC\130\Tools\Binn\;C:\Program Files (x86)\Microsoft SQL Server\140\Tools\Binn\;C:\Program Files\Microsoft SQL Server\140\Tools\Binn\;C:\Program Files\Microsoft SQL Server\140\DTS\Binn\;C:\Programs\Git\cmd;C:\WINDOWS\system32;C:\WINDOWS;C:\WINDOWS\System32\Wbem;C:\WINDOWS\System32\WindowsPowerShell\v1.0\;C:\WINDOWS\System32\OpenSSH\;C:\Program Files\MySQL\MySQL Shell 8.0\bin\;C:\Users\kiril\AppData\Local\Programs\Python\Python38-32\Scripts\;C:\Users\kiril\AppData\Local\Programs\Python\Python38-32\;C:\Users\kiril\AppData\Local\Microsoft\WindowsApps;C:\Users\kiril\.dotnet\tools;C:\Program Files\Azure Data Studio\bin;C:\Programs\JetBrains\IntelliJ IDEA Community Edition 2020.3.2\bin;;C:\Programs\JetBrains\PyCharm Community Edition 2020.3.3\bin;;C:\Users\kiril\AppData\Local\Programs\MiKTeX\miktex\bin\x64\;C:\Users\kiril\AppData\Local\Programs\Microsoft VS Code\bin;C:\Program Files\mingw-w64\x86_64-8.1.0-win32-seh
USERNAME=kiril
OS=Windows_NT
PROCESSOR_IDENTIFIER=AMD64 Family 23 Model 113 Stepping 0, AuthenticAMD



---------------  S Y S T E M  ---------------

OS:
 Windows 10 , 64 bit Build 19041 (10.0.19041.1348)
OS uptime: 0 days 1:56 hours

CPU: total 16 (initial active 16) (16 cores per cpu, 2 threads per core) family 23 model 113 stepping 0 microcode 0x0, cx8, cmov, fxsr, ht, mmx, 3dnowpref, sse, sse2, sse3, ssse3, sse4a, sse4.1, sse4.2, popcnt, lzcnt, tsc, tscinvbit, avx, avx2, aes, clmul, bmi1, bmi2, adx, sha, fma, vzeroupper, clflush, clflushopt

Memory: 4k page, system-wide physical 16315M (8330M free)
TotalPageFile size 21691M (AvailPageFile size 8448M)
current process WorkingSet (physical memory assigned to process): 136M, peak: 166M
current process commit charge ("private bytes"): 432M, peak: 462M

vm_info: OpenJDK 64-Bit Server VM (16.0.1+9-24) for windows-amd64 JRE (16.0.1+9-24), built on Mar 26 2021 19:30:07 by "mach5one" with MS VC++ 16.7 (VS2019)

END.
